<?xml version="1.0" encoding="UTF-8"?>
<coverage generated="1645965367549" clover="3.2.0">
  <project timestamp="1645965367549" name="All files">
    <metrics statements="1615" coveredstatements="1073" conditionals="427" coveredconditionals="230" methods="479" coveredmethods="356" elements="2521" coveredelements="1659" complexity="0" loc="1615" ncloc="1615" packages="9" files="37" classes="37"/>
    <package name="src">
      <metrics statements="23" coveredstatements="21" conditionals="5" coveredconditionals="4" methods="6" coveredmethods="5"/>
      <file name="App.vue" path="/home/ubwsx/matpay/src/App.vue">
        <metrics statements="3" coveredstatements="3" conditionals="0" coveredconditionals="0" methods="2" coveredmethods="2"/>
        <line num="8" count="35" type="stmt"/>
        <line num="22" count="9" type="stmt"/>
        <line num="23" count="9" type="stmt"/>
      </file>
      <file name="main.ts" path="/home/ubwsx/matpay/src/main.ts">
        <metrics statements="20" coveredstatements="18" conditionals="5" coveredconditionals="4" methods="4" coveredmethods="3"/>
        <line num="12" count="35" type="stmt"/>
        <line num="13" count="2391" type="cond" truecount="1" falsecount="0"/>
        <line num="14" count="2383" type="cond" truecount="0" falsecount="1"/>
        <line num="15" count="0" type="stmt"/>
        <line num="17" count="2383" type="stmt"/>
        <line num="19" count="2391" type="stmt"/>
        <line num="21" count="0" type="stmt"/>
        <line num="24" count="35" type="stmt"/>
        <line num="25" count="2367" type="stmt"/>
        <line num="27" count="8" type="cond" truecount="3" falsecount="0"/>
        <line num="29" count="2" type="stmt"/>
        <line num="31" count="2" type="stmt"/>
        <line num="38" count="8" type="stmt"/>
        <line num="40" count="35" type="stmt"/>
        <line num="41" count="35" type="stmt"/>
        <line num="42" count="35" type="stmt"/>
        <line num="43" count="35" type="stmt"/>
        <line num="44" count="35" type="stmt"/>
        <line num="45" count="35" type="stmt"/>
        <line num="46" count="35" type="stmt"/>
      </file>
    </package>
    <package name="src.components">
      <metrics statements="151" coveredstatements="86" conditionals="29" coveredconditionals="15" methods="61" coveredmethods="42"/>
      <file name="ChatComponent.vue" path="/home/ubwsx/matpay/src/components/ChatComponent.vue">
        <metrics statements="54" coveredstatements="28" conditionals="9" coveredconditionals="3" methods="19" coveredmethods="13"/>
        <line num="21" count="24" type="stmt"/>
        <line num="41" count="35" type="stmt"/>
        <line num="44" count="144" type="stmt"/>
        <line num="45" count="144" type="stmt"/>
        <line num="64" count="1" type="stmt"/>
        <line num="65" count="1" type="stmt"/>
        <line num="68" count="2" type="stmt"/>
        <line num="76" count="0" type="cond" truecount="0" falsecount="1"/>
        <line num="77" count="0" type="stmt"/>
        <line num="81" count="0" type="stmt"/>
        <line num="82" count="0" type="stmt"/>
        <line num="83" count="0" type="cond" truecount="0" falsecount="1"/>
        <line num="84" count="0" type="stmt"/>
        <line num="86" count="0" type="stmt"/>
        <line num="91" count="1" type="stmt"/>
        <line num="92" count="1" type="cond" truecount="1" falsecount="0"/>
        <line num="94" count="1" type="cond" truecount="1" falsecount="1"/>
        <line num="95" count="1" type="stmt"/>
        <line num="96" count="13" type="stmt"/>
        <line num="99" count="0" type="stmt"/>
        <line num="100" count="0" type="stmt"/>
        <line num="103" count="1" type="stmt"/>
        <line num="104" count="13" type="stmt"/>
        <line num="105" count="1" type="stmt"/>
        <line num="106" count="13" type="stmt"/>
        <line num="108" count="1" type="stmt"/>
        <line num="109" count="2" type="stmt"/>
        <line num="110" count="1" type="stmt"/>
        <line num="111" count="2" type="stmt"/>
        <line num="113" count="1" type="stmt"/>
        <line num="114" count="1" type="cond" truecount="1" falsecount="0"/>
        <line num="115" count="1" type="stmt"/>
        <line num="119" count="1" type="stmt"/>
        <line num="120" count="1" type="stmt"/>
        <line num="121" count="1" type="stmt"/>
        <line num="127" count="0" type="stmt"/>
        <line num="128" count="0" type="cond" truecount="0" falsecount="1"/>
        <line num="129" count="0" type="stmt"/>
        <line num="130" count="0" type="stmt"/>
        <line num="131" count="0" type="stmt"/>
        <line num="135" count="0" type="stmt"/>
        <line num="136" count="0" type="cond" truecount="0" falsecount="1"/>
        <line num="137" count="0" type="stmt"/>
        <line num="140" count="0" type="stmt"/>
        <line num="142" count="0" type="stmt"/>
        <line num="144" count="0" type="stmt"/>
        <line num="149" count="0" type="stmt"/>
        <line num="150" count="0" type="stmt"/>
        <line num="151" count="0" type="cond" truecount="0" falsecount="1"/>
        <line num="152" count="0" type="stmt"/>
        <line num="155" count="0" type="stmt"/>
        <line num="159" count="0" type="stmt"/>
        <line num="165" count="144" type="stmt"/>
        <line num="166" count="144" type="stmt"/>
      </file>
      <file name="ChatMessageBox.vue" path="/home/ubwsx/matpay/src/components/ChatMessageBox.vue">
        <metrics statements="1" coveredstatements="1" conditionals="0" coveredconditionals="0" methods="1" coveredmethods="1"/>
        <line num="11" count="14" type="stmt"/>
      </file>
      <file name="MemberList.vue" path="/home/ubwsx/matpay/src/components/MemberList.vue">
        <metrics statements="46" coveredstatements="34" conditionals="11" coveredconditionals="8" methods="16" coveredmethods="14"/>
        <line num="23" count="24" type="stmt"/>
        <line num="37" count="69" type="stmt"/>
        <line num="38" count="30" type="cond" truecount="2" falsecount="0"/>
        <line num="44" count="71" type="cond" truecount="3" falsecount="0"/>
        <line num="62" count="4" type="stmt"/>
        <line num="65" count="36" type="stmt"/>
        <line num="66" count="36" type="cond" truecount="1" falsecount="0"/>
        <line num="68" count="36" type="stmt"/>
        <line num="69" count="39" type="cond" truecount="1" falsecount="0"/>
        <line num="70" count="30" type="stmt"/>
        <line num="71" count="30" type="stmt"/>
        <line num="75" count="69" type="stmt"/>
        <line num="76" count="36" type="stmt"/>
        <line num="77" count="6" type="stmt"/>
        <line num="78" count="6" type="stmt"/>
        <line num="80" count="36" type="stmt"/>
        <line num="84" count="0" type="stmt"/>
        <line num="88" count="6" type="stmt"/>
        <line num="89" count="6" type="stmt"/>
        <line num="90" count="6" type="cond" truecount="1" falsecount="1"/>
        <line num="91" count="6" type="cond" truecount="0" falsecount="1"/>
        <line num="92" count="0" type="stmt"/>
        <line num="93" count="0" type="stmt"/>
        <line num="95" count="0" type="cond" truecount="0" falsecount="1"/>
        <line num="96" count="0" type="stmt"/>
        <line num="97" count="0" type="stmt"/>
        <line num="99" count="6" type="stmt"/>
        <line num="102" count="1" type="stmt"/>
        <line num="103" count="1" type="stmt"/>
        <line num="104" count="1" type="stmt"/>
        <line num="105" count="1" type="stmt"/>
        <line num="108" count="0" type="stmt"/>
        <line num="109" count="0" type="stmt"/>
        <line num="110" count="0" type="stmt"/>
        <line num="111" count="0" type="stmt"/>
        <line num="114" count="1" type="stmt"/>
        <line num="116" count="1" type="stmt"/>
        <line num="119" count="1" type="stmt"/>
        <line num="120" count="1" type="stmt"/>
        <line num="126" count="0" type="stmt"/>
        <line num="130" count="1" type="stmt"/>
        <line num="131" count="1" type="stmt"/>
        <line num="134" count="1" type="stmt"/>
        <line num="138" count="0" type="stmt"/>
        <line num="145" count="36" type="stmt"/>
        <line num="146" count="36" type="stmt"/>
      </file>
      <file name="TxApprovedMessageBox.vue" path="/home/ubwsx/matpay/src/components/TxApprovedMessageBox.vue">
        <metrics statements="2" coveredstatements="1" conditionals="0" coveredconditionals="0" methods="2" coveredmethods="1"/>
        <line num="20" count="13" type="stmt"/>
        <line num="35" count="0" type="stmt"/>
      </file>
      <file name="TxDetail.vue" path="/home/ubwsx/matpay/src/components/TxDetail.vue">
        <metrics statements="7" coveredstatements="4" conditionals="2" coveredconditionals="1" methods="5" coveredmethods="3"/>
        <line num="19" count="2" type="stmt"/>
        <line num="30" count="2" type="cond" truecount="1" falsecount="1"/>
        <line num="31" count="4" type="stmt"/>
        <line num="32" count="2" type="stmt"/>
        <line num="34" count="0" type="stmt"/>
        <line num="43" count="0" type="stmt"/>
        <line num="46" count="0" type="stmt"/>
      </file>
      <file name="TxList.vue" path="/home/ubwsx/matpay/src/components/TxList.vue">
        <metrics statements="3" coveredstatements="2" conditionals="0" coveredconditionals="0" methods="3" coveredmethods="2"/>
        <line num="9" count="0" type="stmt"/>
        <line num="21" count="2" type="stmt"/>
        <line num="28" count="2" type="stmt"/>
      </file>
      <file name="TxPendingMessageBox.vue" path="/home/ubwsx/matpay/src/components/TxPendingMessageBox.vue">
        <metrics statements="11" coveredstatements="2" conditionals="0" coveredconditionals="0" methods="5" coveredmethods="2"/>
        <line num="24" count="87" type="stmt"/>
        <line num="49" count="0" type="stmt"/>
        <line num="52" count="1" type="stmt"/>
        <line num="55" count="0" type="stmt"/>
        <line num="56" count="0" type="stmt"/>
        <line num="61" count="0" type="stmt"/>
        <line num="63" count="0" type="stmt"/>
        <line num="66" count="0" type="stmt"/>
        <line num="67" count="0" type="stmt"/>
        <line num="72" count="0" type="stmt"/>
        <line num="74" count="0" type="stmt"/>
      </file>
      <file name="UserCard.vue" path="/home/ubwsx/matpay/src/components/UserCard.vue">
        <metrics statements="27" coveredstatements="14" conditionals="7" coveredconditionals="3" methods="10" coveredmethods="6"/>
        <line num="36" count="78" type="stmt"/>
        <line num="39" count="54" type="stmt"/>
        <line num="49" count="51" type="stmt"/>
        <line num="63" count="64" type="cond" truecount="1" falsecount="0"/>
        <line num="64" count="64" type="stmt"/>
        <line num="65" count="64" type="stmt"/>
        <line num="66" count="64" type="stmt"/>
        <line num="67" count="64" type="stmt"/>
        <line num="68" count="64" type="cond" truecount="1" falsecount="1"/>
        <line num="69" count="0" type="stmt"/>
        <line num="71" count="0" type="stmt"/>
        <line num="72" count="0" type="stmt"/>
        <line num="73" count="0" type="stmt"/>
        <line num="75" count="0" type="stmt"/>
        <line num="78" count="64" type="stmt"/>
        <line num="83" count="1" type="stmt"/>
        <line num="84" count="1" type="cond" truecount="1" falsecount="1"/>
        <line num="85" count="1" type="stmt"/>
        <line num="86" count="0" type="cond" truecount="0" falsecount="1"/>
        <line num="87" count="0" type="stmt"/>
        <line num="91" count="1" type="stmt"/>
        <line num="94" count="0" type="cond" truecount="0" falsecount="1"/>
        <line num="95" count="0" type="stmt"/>
        <line num="99" count="0" type="stmt"/>
        <line num="100" count="0" type="stmt"/>
        <line num="104" count="0" type="stmt"/>
        <line num="106" count="0" type="stmt"/>
      </file>
    </package>
    <package name="src.dialogs">
      <metrics statements="249" coveredstatements="127" conditionals="55" coveredconditionals="24" methods="90" coveredmethods="52"/>
      <file name="ApprovalDialog.vue" path="/home/ubwsx/matpay/src/dialogs/ApprovalDialog.vue">
        <metrics statements="11" coveredstatements="5" conditionals="2" coveredconditionals="2" methods="8" coveredmethods="4"/>
        <line num="21" count="87" type="stmt"/>
        <line num="31" count="87" type="cond" truecount="2" falsecount="0"/>
        <line num="32" count="6" type="stmt"/>
        <line num="39" count="0" type="stmt"/>
        <line num="40" count="0" type="stmt"/>
        <line num="43" count="0" type="stmt"/>
        <line num="44" count="0" type="stmt"/>
        <line num="47" count="0" type="stmt"/>
        <line num="50" count="0" type="stmt"/>
        <line num="54" count="87" type="stmt"/>
        <line num="55" count="87" type="stmt"/>
      </file>
      <file name="ConfirmDialog.vue" path="/home/ubwsx/matpay/src/dialogs/ConfirmDialog.vue">
        <metrics statements="15" coveredstatements="12" conditionals="1" coveredconditionals="0" methods="7" coveredmethods="6"/>
        <line num="10" count="24" type="stmt"/>
        <line num="24" count="2" type="stmt"/>
        <line num="25" count="2" type="stmt"/>
        <line num="26" count="2" type="stmt"/>
        <line num="27" count="2" type="stmt"/>
        <line num="29" count="2" type="stmt"/>
        <line num="30" count="0" type="cond" truecount="0" falsecount="1"/>
        <line num="31" count="0" type="stmt"/>
        <line num="33" count="0" type="stmt"/>
        <line num="35" count="2" type="stmt"/>
        <line num="38" count="2" type="stmt"/>
        <line num="39" count="2" type="stmt"/>
        <line num="42" count="2" type="stmt"/>
        <line num="43" count="2" type="stmt"/>
        <line num="47" count="24" type="stmt"/>
      </file>
      <file name="CreateRoomDialog.vue" path="/home/ubwsx/matpay/src/dialogs/CreateRoomDialog.vue">
        <metrics statements="13" coveredstatements="9" conditionals="2" coveredconditionals="1" methods="7" coveredmethods="5"/>
        <line num="10" count="26" type="stmt"/>
        <line num="26" count="2" type="stmt"/>
        <line num="27" count="2" type="stmt"/>
        <line num="30" count="2" type="stmt"/>
        <line num="31" count="2" type="stmt"/>
        <line num="34" count="0" type="stmt"/>
        <line num="38" count="0" type="stmt"/>
        <line num="39" count="0" type="stmt"/>
        <line num="42" count="2" type="cond" truecount="1" falsecount="1"/>
        <line num="43" count="0" type="stmt"/>
        <line num="45" count="2" type="stmt"/>
        <line num="46" count="2" type="stmt"/>
        <line num="51" count="26" type="stmt"/>
      </file>
      <file name="CreateTxDialog.vue" path="/home/ubwsx/matpay/src/dialogs/CreateTxDialog.vue">
        <metrics statements="53" coveredstatements="32" conditionals="17" coveredconditionals="10" methods="16" coveredmethods="11"/>
        <line num="23" count="24" type="stmt"/>
        <line num="43" count="1" type="stmt"/>
        <line num="44" count="1" type="stmt"/>
        <line num="47" count="1" type="stmt"/>
        <line num="48" count="1" type="stmt"/>
        <line num="51" count="1" type="stmt"/>
        <line num="54" count="0" type="cond" truecount="0" falsecount="1"/>
        <line num="55" count="0" type="stmt"/>
        <line num="59" count="0" type="stmt"/>
        <line num="60" count="0" type="stmt"/>
        <line num="62" count="0" type="cond" truecount="0" falsecount="1"/>
        <line num="63" count="0" type="stmt"/>
        <line num="67" count="0" type="stmt"/>
        <line num="68" count="0" type="stmt"/>
        <line num="69" count="0" type="stmt"/>
        <line num="71" count="0" type="cond" truecount="0" falsecount="1"/>
        <line num="72" count="0" type="stmt"/>
        <line num="76" count="0" type="stmt"/>
        <line num="77" count="0" type="stmt"/>
        <line num="79" count="0" type="cond" truecount="0" falsecount="1"/>
        <line num="80" count="0" type="stmt"/>
        <line num="84" count="0" type="stmt"/>
        <line num="85" count="0" type="stmt"/>
        <line num="89" count="1" type="cond" truecount="5" falsecount="1"/>
        <line num="93" count="1" type="stmt"/>
        <line num="95" count="1" type="stmt"/>
        <line num="96" count="2" type="stmt"/>
        <line num="97" count="1" type="stmt"/>
        <line num="100" count="1" type="stmt"/>
        <line num="101" count="1" type="stmt"/>
        <line num="102" count="1" type="stmt"/>
        <line num="103" count="2" type="stmt"/>
        <line num="104" count="4" type="stmt"/>
        <line num="109" count="1" type="stmt"/>
        <line num="118" count="1" type="stmt"/>
        <line num="123" count="1" type="stmt"/>
        <line num="124" count="1" type="stmt"/>
        <line num="125" count="1" type="stmt"/>
        <line num="126" count="1" type="stmt"/>
        <line num="127" count="1" type="stmt"/>
        <line num="128" count="1" type="stmt"/>
        <line num="130" count="0" type="stmt"/>
        <line num="133" count="0" type="stmt"/>
        <line num="140" count="1" type="stmt"/>
        <line num="143" count="1" type="stmt"/>
        <line num="144" count="1" type="cond" truecount="0" falsecount="1"/>
        <line num="145" count="0" type="stmt"/>
        <line num="148" count="1" type="cond" truecount="4" falsecount="1"/>
        <line num="149" count="0" type="stmt"/>
        <line num="151" count="1" type="stmt"/>
        <line num="156" count="24" type="stmt"/>
        <line num="163" count="140" type="cond" truecount="1" falsecount="0"/>
        <line num="164" count="140" type="stmt"/>
      </file>
      <file name="DetailDialog.vue" path="/home/ubwsx/matpay/src/dialogs/DetailDialog.vue">
        <metrics statements="9" coveredstatements="3" conditionals="0" coveredconditionals="0" methods="5" coveredmethods="2"/>
        <line num="19" count="13" type="stmt"/>
        <line num="31" count="0" type="stmt"/>
        <line num="32" count="0" type="stmt"/>
        <line num="35" count="0" type="stmt"/>
        <line num="36" count="0" type="stmt"/>
        <line num="39" count="0" type="stmt"/>
        <line num="46" count="0" type="stmt"/>
        <line num="50" count="13" type="stmt"/>
        <line num="51" count="13" type="stmt"/>
      </file>
      <file name="ModificationDialog.vue" path="/home/ubwsx/matpay/src/dialogs/ModificationDialog.vue">
        <metrics statements="52" coveredstatements="12" conditionals="12" coveredconditionals="1" methods="15" coveredmethods="4"/>
        <line num="28" count="2" type="stmt"/>
        <line num="48" count="0" type="stmt"/>
        <line num="49" count="0" type="stmt"/>
        <line num="52" count="0" type="stmt"/>
        <line num="53" count="0" type="stmt"/>
        <line num="56" count="0" type="cond" truecount="0" falsecount="1"/>
        <line num="57" count="0" type="stmt"/>
        <line num="61" count="0" type="stmt"/>
        <line num="62" count="0" type="stmt"/>
        <line num="66" count="0" type="stmt"/>
        <line num="67" count="0" type="cond" truecount="0" falsecount="1"/>
        <line num="68" count="0" type="stmt"/>
        <line num="73" count="0" type="cond" truecount="0" falsecount="2"/>
        <line num="74" count="0" type="stmt"/>
        <line num="76" count="0" type="cond" truecount="0" falsecount="1"/>
        <line num="77" count="0" type="stmt"/>
        <line num="79" count="0" type="stmt"/>
        <line num="83" count="0" type="cond" truecount="0" falsecount="1"/>
        <line num="84" count="0" type="stmt"/>
        <line num="88" count="0" type="stmt"/>
        <line num="89" count="0" type="stmt"/>
        <line num="93" count="0" type="stmt"/>
        <line num="96" count="0" type="cond" truecount="0" falsecount="4"/>
        <line num="97" count="0" type="stmt"/>
        <line num="99" count="0" type="cond" truecount="0" falsecount="1"/>
        <line num="100" count="0" type="stmt"/>
        <line num="101" count="0" type="stmt"/>
        <line num="104" count="0" type="stmt"/>
        <line num="105" count="0" type="stmt"/>
        <line num="106" count="0" type="stmt"/>
        <line num="107" count="0" type="stmt"/>
        <line num="109" count="0" type="stmt"/>
        <line num="110" count="0" type="stmt"/>
        <line num="115" count="0" type="stmt"/>
        <line num="121" count="0" type="stmt"/>
        <line num="122" count="0" type="stmt"/>
        <line num="123" count="0" type="stmt"/>
        <line num="125" count="0" type="stmt"/>
        <line num="129" count="0" type="stmt"/>
        <line num="130" count="0" type="stmt"/>
        <line num="134" count="0" type="stmt"/>
        <line num="138" count="2" type="stmt"/>
        <line num="145" count="2" type="cond" truecount="1" falsecount="0"/>
        <line num="146" count="2" type="stmt"/>
        <line num="147" count="2" type="stmt"/>
        <line num="148" count="2" type="stmt"/>
        <line num="150" count="2" type="stmt"/>
        <line num="151" count="2" type="stmt"/>
        <line num="152" count="2" type="stmt"/>
        <line num="153" count="2" type="stmt"/>
        <line num="154" count="4" type="stmt"/>
        <line num="156" count="2" type="stmt"/>
      </file>
      <file name="SettlementDialog.vue" path="/home/ubwsx/matpay/src/dialogs/SettlementDialog.vue">
        <metrics statements="9" coveredstatements="4" conditionals="1" coveredconditionals="1" methods="5" coveredmethods="2"/>
        <line num="24" count="51" type="stmt"/>
        <line num="38" count="0" type="stmt"/>
        <line num="39" count="0" type="stmt"/>
        <line num="42" count="0" type="stmt"/>
        <line num="43" count="0" type="stmt"/>
        <line num="46" count="0" type="stmt"/>
        <line num="50" count="51" type="cond" truecount="1" falsecount="0"/>
        <line num="51" count="51" type="stmt"/>
        <line num="52" count="51" type="stmt"/>
      </file>
      <file name="SplitCreateDialog.vue" path="/home/ubwsx/matpay/src/dialogs/SplitCreateDialog.vue">
        <metrics statements="41" coveredstatements="28" conditionals="10" coveredconditionals="3" methods="11" coveredmethods="9"/>
        <line num="29" count="24" type="stmt"/>
        <line num="44" count="1" type="stmt"/>
        <line num="45" count="1" type="stmt"/>
        <line num="48" count="1" type="stmt"/>
        <line num="49" count="1" type="stmt"/>
        <line num="52" count="0" type="cond" truecount="0" falsecount="1"/>
        <line num="53" count="0" type="stmt"/>
        <line num="55" count="0" type="cond" truecount="0" falsecount="2"/>
        <line num="59" count="0" type="stmt"/>
        <line num="60" count="0" type="stmt"/>
        <line num="63" count="1" type="cond" truecount="0" falsecount="1"/>
        <line num="64" count="0" type="stmt"/>
        <line num="65" count="0" type="stmt"/>
        <line num="67" count="1" type="stmt"/>
        <line num="68" count="1" type="stmt"/>
        <line num="69" count="2" type="cond" truecount="0" falsecount="1"/>
        <line num="70" count="0" type="stmt"/>
        <line num="71" count="0" type="stmt"/>
        <line num="73" count="2" type="stmt"/>
        <line num="74" count="2" type="cond" truecount="0" falsecount="1"/>
        <line num="75" count="0" type="stmt"/>
        <line num="76" count="0" type="stmt"/>
        <line num="78" count="2" type="stmt"/>
        <line num="80" count="2" type="cond" truecount="0" falsecount="1"/>
        <line num="81" count="0" type="stmt"/>
        <line num="82" count="0" type="stmt"/>
        <line num="84" count="1" type="stmt"/>
        <line num="85" count="1" type="stmt"/>
        <line num="88" count="1" type="cond" truecount="1" falsecount="0"/>
        <line num="89" count="1" type="stmt"/>
        <line num="90" count="1" type="stmt"/>
        <line num="91" count="1" type="stmt"/>
        <line num="92" count="2" type="stmt"/>
        <line num="93" count="2" type="stmt"/>
        <line num="99" count="24" type="stmt"/>
        <line num="106" count="140" type="cond" truecount="1" falsecount="0"/>
        <line num="107" count="140" type="stmt"/>
        <line num="114" count="26" type="cond" truecount="1" falsecount="0"/>
        <line num="115" count="26" type="stmt"/>
        <line num="116" count="2" type="stmt"/>
        <line num="117" count="2" type="stmt"/>
      </file>
      <file name="SplitModifyDialog.vue" path="/home/ubwsx/matpay/src/dialogs/SplitModifyDialog.vue">
        <metrics statements="27" coveredstatements="5" conditionals="4" coveredconditionals="1" methods="9" coveredmethods="3"/>
        <line num="26" count="2" type="stmt"/>
        <line num="38" count="0" type="stmt"/>
        <line num="39" count="0" type="stmt"/>
        <line num="42" count="0" type="stmt"/>
        <line num="43" count="0" type="stmt"/>
        <line num="46" count="0" type="stmt"/>
        <line num="50" count="0" type="stmt"/>
        <line num="51" count="0" type="stmt"/>
        <line num="54" count="0" type="stmt"/>
        <line num="55" count="0" type="stmt"/>
        <line num="56" count="0" type="cond" truecount="0" falsecount="1"/>
        <line num="57" count="0" type="stmt"/>
        <line num="58" count="0" type="stmt"/>
        <line num="60" count="0" type="stmt"/>
        <line num="61" count="0" type="cond" truecount="0" falsecount="1"/>
        <line num="62" count="0" type="stmt"/>
        <line num="63" count="0" type="stmt"/>
        <line num="65" count="0" type="stmt"/>
        <line num="67" count="0" type="cond" truecount="0" falsecount="1"/>
        <line num="68" count="0" type="stmt"/>
        <line num="69" count="0" type="stmt"/>
        <line num="71" count="0" type="stmt"/>
        <line num="72" count="0" type="stmt"/>
        <line num="76" count="2" type="stmt"/>
        <line num="83" count="2" type="cond" truecount="1" falsecount="0"/>
        <line num="84" count="2" type="stmt"/>
        <line num="85" count="4" type="stmt"/>
      </file>
      <file name="UserInviteDialog.vue" path="/home/ubwsx/matpay/src/dialogs/UserInviteDialog.vue">
        <metrics statements="19" coveredstatements="17" conditionals="6" coveredconditionals="5" methods="7" coveredmethods="6"/>
        <line num="15" count="24" type="stmt"/>
        <line num="35" count="6" type="stmt"/>
        <line num="36" count="6" type="stmt"/>
        <line num="39" count="4" type="stmt"/>
        <line num="40" count="4" type="stmt"/>
        <line num="43" count="2" type="stmt"/>
        <line num="47" count="2" type="stmt"/>
        <line num="48" count="2" type="stmt"/>
        <line num="51" count="6" type="cond" truecount="4" falsecount="0"/>
        <line num="52" count="2" type="stmt"/>
        <line num="53" count="4" type="cond" truecount="1" falsecount="1"/>
        <line num="54" count="0" type="stmt"/>
        <line num="56" count="4" type="stmt"/>
        <line num="57" count="4" type="stmt"/>
        <line num="62" count="4" type="stmt"/>
        <line num="63" count="4" type="stmt"/>
        <line num="64" count="4" type="stmt"/>
        <line num="66" count="0" type="stmt"/>
        <line num="72" count="24" type="stmt"/>
      </file>
    </package>
    <package name="src.interface">
      <metrics statements="2" coveredstatements="2" conditionals="0" coveredconditionals="0" methods="0" coveredmethods="0"/>
      <file name="tx_event.interface.ts" path="/home/ubwsx/matpay/src/interface/tx_event.interface.ts">
        <metrics statements="2" coveredstatements="2" conditionals="0" coveredconditionals="0" methods="0" coveredmethods="0"/>
        <line num="71" count="35" type="stmt"/>
        <line num="79" count="35" type="stmt"/>
      </file>
    </package>
    <package name="src.router">
      <metrics statements="7" coveredstatements="7" conditionals="4" coveredconditionals="4" methods="1" coveredmethods="1"/>
      <file name="index.ts" path="/home/ubwsx/matpay/src/router/index.ts">
        <metrics statements="7" coveredstatements="7" conditionals="4" coveredconditionals="4" methods="1" coveredmethods="1"/>
        <line num="8" count="35" type="stmt"/>
        <line num="42" count="35" type="stmt"/>
        <line num="46" count="35" type="stmt"/>
        <line num="47" count="77" type="cond" truecount="3" falsecount="0"/>
        <line num="48" count="20" type="stmt"/>
        <line num="50" count="57" type="cond" truecount="1" falsecount="0"/>
        <line num="51" count="5" type="stmt"/>
      </file>
    </package>
    <package name="src.store">
      <metrics statements="955" coveredstatements="685" conditionals="285" coveredconditionals="158" methods="252" coveredmethods="208"/>
      <file name="auth.ts" path="/home/ubwsx/matpay/src/store/auth.ts">
        <metrics statements="28" coveredstatements="26" conditionals="14" coveredconditionals="13" methods="11" coveredmethods="10"/>
        <line num="13" count="35" type="stmt"/>
        <line num="16" count="35" type="stmt"/>
        <line num="25" count="2" type="stmt"/>
        <line num="26" count="2" type="stmt"/>
        <line num="27" count="2" type="stmt"/>
        <line num="28" count="2" type="stmt"/>
        <line num="29" count="2" type="stmt"/>
        <line num="30" count="2" type="stmt"/>
        <line num="31" count="2" type="stmt"/>
        <line num="32" count="2" type="stmt"/>
        <line num="35" count="11" type="stmt"/>
        <line num="36" count="11" type="stmt"/>
        <line num="37" count="11" type="stmt"/>
        <line num="49" count="4" type="stmt"/>
        <line num="50" count="12" type="cond" truecount="1" falsecount="1"/>
        <line num="51" count="0" type="stmt"/>
        <line num="53" count="4" type="stmt"/>
        <line num="62" count="4" type="stmt"/>
        <line num="64" count="4" type="cond" truecount="2" falsecount="0"/>
        <line num="65" count="2" type="stmt"/>
        <line num="72" count="2" type="stmt"/>
        <line num="73" count="2" type="stmt"/>
        <line num="81" count="9" type="stmt"/>
        <line num="82" count="9" type="stmt"/>
        <line num="87" count="0" type="stmt"/>
        <line num="90" count="46" type="cond" truecount="2" falsecount="0"/>
        <line num="93" count="22273" type="stmt"/>
        <line num="96" count="157" type="stmt"/>
      </file>
      <file name="chat.ts" path="/home/ubwsx/matpay/src/store/chat.ts">
        <metrics statements="61" coveredstatements="49" conditionals="15" coveredconditionals="12" methods="21" coveredmethods="17"/>
        <line num="17" count="35" type="stmt"/>
        <line num="20" count="35" type="stmt"/>
        <line num="27" count="1085" type="stmt"/>
        <line num="30" count="1085" type="stmt"/>
        <line num="33" count="1" type="stmt"/>
        <line num="34" count="1" type="stmt"/>
        <line num="40" count="68" type="stmt"/>
        <line num="46" count="1997" type="stmt"/>
        <line num="48" count="1997" type="cond" truecount="1" falsecount="0"/>
        <line num="50" count="100" type="cond" truecount="2" falsecount="0"/>
        <line num="52" count="13" type="stmt"/>
        <line num="53" count="79" type="cond" truecount="2" falsecount="0"/>
        <line num="54" count="79" type="cond" truecount="2" falsecount="0"/>
        <line num="55" count="13" type="stmt"/>
        <line num="56" count="13" type="stmt"/>
        <line num="57" count="13" type="stmt"/>
        <line num="61" count="87" type="stmt"/>
        <line num="64" count="1997" type="stmt"/>
        <line num="66" count="1997" type="stmt"/>
        <line num="67" count="16085" type="stmt"/>
        <line num="71" count="11" type="stmt"/>
        <line num="87" count="68" type="stmt"/>
        <line num="88" count="68" type="stmt"/>
        <line num="89" count="68" type="stmt"/>
        <line num="90" count="68" type="stmt"/>
        <line num="104" count="1897" type="stmt"/>
        <line num="105" count="1897" type="stmt"/>
        <line num="106" count="4571" type="stmt"/>
        <line num="107" count="1897" type="stmt"/>
        <line num="112" count="1897" type="stmt"/>
        <line num="126" count="87" type="stmt"/>
        <line num="127" count="87" type="stmt"/>
        <line num="128" count="87" type="cond" truecount="0" falsecount="1"/>
        <line num="129" count="0" type="stmt"/>
        <line num="131" count="87" type="stmt"/>
        <line num="136" count="87" type="stmt"/>
        <line num="150" count="13" type="stmt"/>
        <line num="151" count="13" type="stmt"/>
        <line num="152" count="13" type="stmt"/>
        <line num="157" count="13" type="stmt"/>
        <line num="171" count="0" type="stmt"/>
        <line num="172" count="0" type="stmt"/>
        <line num="173" count="0" type="cond" truecount="0" falsecount="1"/>
        <line num="174" count="0" type="stmt"/>
        <line num="176" count="0" type="stmt"/>
        <line num="177" count="0" type="stmt"/>
        <line num="181" count="0" type="stmt"/>
        <line num="183" count="0" type="cond" truecount="0" falsecount="1"/>
        <line num="184" count="0" type="stmt"/>
        <line num="189" count="24" type="stmt"/>
        <line num="190" count="144" type="cond" truecount="1" falsecount="0"/>
        <line num="191" count="15" type="stmt"/>
        <line num="195" count="129" type="stmt"/>
        <line num="196" count="1126" type="cond" truecount="2" falsecount="0"/>
        <line num="197" count="1008" type="cond" truecount="2" falsecount="0"/>
        <line num="198" count="904" type="stmt"/>
        <line num="200" count="104" type="stmt"/>
        <line num="203" count="118" type="stmt"/>
        <line num="206" count="129" type="stmt"/>
        <line num="210" count="0" type="stmt"/>
        <line num="211" count="0" type="stmt"/>
      </file>
      <file name="index.ts" path="/home/ubwsx/matpay/src/store/index.ts">
        <metrics statements="36" coveredstatements="36" conditionals="15" coveredconditionals="14" methods="4" coveredmethods="4"/>
        <line num="12" count="35" type="stmt"/>
        <line num="14" count="35" type="stmt"/>
        <line num="25" count="35" type="stmt"/>
        <line num="26" count="51246" type="stmt"/>
        <line num="27" count="51246" type="cond" truecount="5" falsecount="0"/>
        <line num="30" count="11" type="stmt"/>
        <line num="32" count="11" type="stmt"/>
        <line num="33" count="55" type="stmt"/>
        <line num="35" count="11" type="stmt"/>
        <line num="38" count="1085" type="stmt"/>
        <line num="39" count="1085" type="stmt"/>
        <line num="40" count="4340" type="stmt"/>
        <line num="42" count="1085" type="stmt"/>
        <line num="45" count="1" type="stmt"/>
        <line num="46" count="1" type="stmt"/>
        <line num="47" count="4" type="stmt"/>
        <line num="49" count="1" type="stmt"/>
        <line num="55" count="14670" type="stmt"/>
        <line num="60" count="14670" type="cond" truecount="1" falsecount="0"/>
        <line num="61" count="68" type="stmt"/>
        <line num="66" count="14670" type="cond" truecount="1" falsecount="0"/>
        <line num="67" count="7868" type="cond" truecount="2" falsecount="0"/>
        <line num="68" count="20" type="stmt"/>
        <line num="73" count="7848" type="stmt"/>
        <line num="79" count="14670" type="cond" truecount="1" falsecount="0"/>
        <line num="80" count="1897" type="cond" truecount="1" falsecount="0"/>
        <line num="81" count="1897" type="stmt"/>
        <line num="87" count="14670" type="cond" truecount="1" falsecount="0"/>
        <line num="88" count="187" type="cond" truecount="1" falsecount="0"/>
        <line num="89" count="2" type="stmt"/>
        <line num="95" count="14670" type="stmt"/>
        <line num="98" count="22" type="stmt"/>
        <line num="99" count="22" type="stmt"/>
        <line num="100" count="199" type="stmt"/>
        <line num="101" count="22" type="stmt"/>
        <line num="105" count="22" type="stmt"/>
      </file>
      <file name="rooms.ts" path="/home/ubwsx/matpay/src/store/rooms.ts">
        <metrics statements="144" coveredstatements="116" conditionals="47" coveredconditionals="31" methods="57" coveredmethods="48"/>
        <line num="16" count="35" type="stmt"/>
        <line num="19" count="35" type="stmt"/>
        <line num="26" count="1085" type="stmt"/>
        <line num="31" count="1085" type="stmt"/>
        <line num="34" count="30" type="stmt"/>
        <line num="35" count="1" type="stmt"/>
        <line num="41" count="5" type="stmt"/>
        <line num="46" count="5" type="stmt"/>
        <line num="50" count="84917" type="stmt"/>
        <line num="51" count="4226" type="stmt"/>
        <line num="52" count="6474" type="cond" truecount="3" falsecount="0"/>
        <line num="56" count="4226" type="cond" truecount="1" falsecount="0"/>
        <line num="57" count="5" type="stmt"/>
        <line num="58" count="5" type="stmt"/>
        <line num="59" count="5" type="stmt"/>
        <line num="62" count="4226" type="stmt"/>
        <line num="65" count="63907" type="stmt"/>
        <line num="66" count="2160" type="stmt"/>
        <line num="69" count="3" type="stmt"/>
        <line num="72" count="11" type="stmt"/>
        <line num="86" count="33" type="stmt"/>
        <line num="87" count="1250" type="stmt"/>
        <line num="88" count="1250" type="cond" truecount="1" falsecount="0"/>
        <line num="89" count="1160" type="stmt"/>
        <line num="94" count="1250" type="stmt"/>
        <line num="98" count="1250" type="stmt"/>
        <line num="114" count="7848" type="stmt"/>
        <line num="115" count="7848" type="stmt"/>
        <line num="117" count="7848" type="stmt"/>
        <line num="118" count="225511" type="stmt"/>
        <line num="119" count="7848" type="stmt"/>
        <line num="120" count="22939" type="cond" truecount="2" falsecount="0"/>
        <line num="123" count="7848" type="cond" truecount="2" falsecount="0"/>
        <line num="125" count="4201" type="stmt"/>
        <line num="127" count="3647" type="cond" truecount="1" falsecount="0"/>
        <line num="129" count="5" type="stmt"/>
        <line num="132" count="7848" type="cond" truecount="1" falsecount="0"/>
        <line num="133" count="4206" type="stmt"/>
        <line num="137" count="4206" type="cond" truecount="2" falsecount="0"/>
        <line num="138" count="1000" type="stmt"/>
        <line num="142" count="3206" type="cond" truecount="2" falsecount="0"/>
        <line num="143" count="1078" type="stmt"/>
        <line num="147" count="2128" type="cond" truecount="1" falsecount="0"/>
        <line num="148" count="2128" type="stmt"/>
        <line num="163" count="5" type="stmt"/>
        <line num="164" count="5" type="stmt"/>
        <line num="165" count="25" type="stmt"/>
        <line num="166" count="5" type="cond" truecount="1" falsecount="0"/>
        <line num="167" count="5" type="stmt"/>
        <line num="169" count="5" type="stmt"/>
        <line num="186" count="2" type="cond" truecount="0" falsecount="1"/>
        <line num="187" count="0" type="stmt"/>
        <line num="189" count="2" type="stmt"/>
        <line num="191" count="2" type="stmt"/>
        <line num="192" count="2" type="stmt"/>
        <line num="204" count="2" type="stmt"/>
        <line num="205" count="2" type="cond" truecount="0" falsecount="1"/>
        <line num="206" count="0" type="stmt"/>
        <line num="209" count="2" type="stmt"/>
        <line num="212" count="2" type="stmt"/>
        <line num="223" count="5" type="stmt"/>
        <line num="225" count="5" type="stmt"/>
        <line num="226" count="5" type="stmt"/>
        <line num="228" count="5" type="stmt"/>
        <line num="229" count="5" type="cond" truecount="0" falsecount="1"/>
        <line num="230" count="0" type="stmt"/>
        <line num="233" count="5" type="stmt"/>
        <line num="237" count="3" type="stmt"/>
        <line num="248" count="0" type="stmt"/>
        <line num="249" count="0" type="stmt"/>
        <line num="251" count="0" type="stmt"/>
        <line num="252" count="0" type="cond" truecount="0" falsecount="1"/>
        <line num="253" count="0" type="stmt"/>
        <line num="256" count="0" type="stmt"/>
        <line num="267" count="1" type="stmt"/>
        <line num="269" count="1" type="stmt"/>
        <line num="270" count="1" type="stmt"/>
        <line num="271" count="1" type="stmt"/>
        <line num="273" count="1" type="stmt"/>
        <line num="274" count="1" type="cond" truecount="0" falsecount="1"/>
        <line num="275" count="0" type="stmt"/>
        <line num="278" count="1" type="stmt"/>
        <line num="289" count="0" type="stmt"/>
        <line num="291" count="0" type="cond" truecount="0" falsecount="4"/>
        <line num="294" count="0" type="stmt"/>
        <line num="302" count="0" type="stmt"/>
        <line num="306" count="0" type="stmt"/>
        <line num="307" count="0" type="stmt"/>
        <line num="309" count="26" type="stmt"/>
        <line num="310" count="930" type="stmt"/>
        <line num="314" count="899" type="stmt"/>
        <line num="315" count="899" type="stmt"/>
        <line num="316" count="899" type="stmt"/>
        <line num="317" count="17397" type="stmt"/>
        <line num="324" count="17397" type="stmt"/>
        <line num="325" count="239093" type="stmt"/>
        <line num="327" count="17397" type="stmt"/>
        <line num="328" count="17397" type="cond" truecount="2" falsecount="0"/>
        <line num="330" count="17397" type="stmt"/>
        <line num="331" count="67837" type="cond" truecount="2" falsecount="0"/>
        <line num="333" count="17397" type="stmt"/>
        <line num="335" count="17397" type="stmt"/>
        <line num="336" count="17397" type="cond" truecount="3" falsecount="1"/>
        <line num="337" count="17397" type="stmt"/>
        <line num="338" count="17397" type="cond" truecount="2" falsecount="0"/>
        <line num="339" count="12961" type="stmt"/>
        <line num="340" count="4436" type="cond" truecount="1" falsecount="1"/>
        <line num="341" count="0" type="stmt"/>
        <line num="343" count="4436" type="stmt"/>
        <line num="346" count="0" type="stmt"/>
        <line num="350" count="899" type="stmt"/>
        <line num="352" count="1250" type="stmt"/>
        <line num="353" count="48166" type="stmt"/>
        <line num="354" count="1250" type="cond" truecount="0" falsecount="1"/>
        <line num="355" count="0" type="stmt"/>
        <line num="357" count="1250" type="stmt"/>
        <line num="358" count="4896" type="stmt"/>
        <line num="360" count="18647" type="stmt"/>
        <line num="361" count="508955" type="stmt"/>
        <line num="362" count="18647" type="cond" truecount="0" falsecount="1"/>
        <line num="363" count="0" type="stmt"/>
        <line num="365" count="18647" type="stmt"/>
        <line num="366" count="72733" type="stmt"/>
        <line num="368" count="18647" type="stmt"/>
        <line num="369" count="508955" type="stmt"/>
        <line num="370" count="18647" type="cond" truecount="0" falsecount="1"/>
        <line num="371" count="0" type="stmt"/>
        <line num="373" count="18647" type="stmt"/>
        <line num="374" count="72733" type="cond" truecount="2" falsecount="0"/>
        <line num="376" count="0" type="stmt"/>
        <line num="377" count="0" type="stmt"/>
        <line num="378" count="0" type="cond" truecount="0" falsecount="1"/>
        <line num="379" count="0" type="stmt"/>
        <line num="381" count="0" type="stmt"/>
        <line num="382" count="0" type="stmt"/>
        <line num="384" count="27" type="stmt"/>
        <line num="385" count="5192" type="stmt"/>
        <line num="386" count="233" type="cond" truecount="1" falsecount="0"/>
        <line num="387" count="135" type="stmt"/>
        <line num="389" count="98" type="cond" truecount="1" falsecount="1"/>
        <line num="390" count="98" type="stmt"/>
        <line num="392" count="0" type="stmt"/>
        <line num="395" count="26" type="stmt"/>
        <line num="396" count="607" type="stmt"/>
      </file>
      <file name="sync.ts" path="/home/ubwsx/matpay/src/store/sync.ts">
        <metrics statements="205" coveredstatements="182" conditionals="63" coveredconditionals="46" methods="40" coveredmethods="36"/>
        <line num="26" count="35" type="stmt"/>
        <line num="29" count="35" type="stmt"/>
        <line num="46" count="59" type="stmt"/>
        <line num="49" count="1085" type="stmt"/>
        <line num="50" count="1085" type="stmt"/>
        <line num="51" count="1085" type="stmt"/>
        <line num="52" count="1085" type="stmt"/>
        <line num="53" count="1085" type="stmt"/>
        <line num="56" count="1" type="cond" truecount="1" falsecount="1"/>
        <line num="57" count="1" type="stmt"/>
        <line num="59" count="2" type="stmt"/>
        <line num="60" count="28" type="stmt"/>
        <line num="61" count="1" type="stmt"/>
        <line num="62" count="2" type="stmt"/>
        <line num="64" count="1" type="stmt"/>
        <line num="65" count="9" type="stmt"/>
        <line num="67" count="1" type="stmt"/>
        <line num="68" count="1" type="stmt"/>
        <line num="69" count="1" type="stmt"/>
        <line num="70" count="1" type="stmt"/>
        <line num="71" count="1" type="stmt"/>
        <line num="72" count="1" type="stmt"/>
        <line num="74" count="0" type="stmt"/>
        <line num="81" count="4068" type="stmt"/>
        <line num="87" count="14670" type="cond" truecount="2" falsecount="0"/>
        <line num="88" count="12284" type="stmt"/>
        <line num="90" count="2386" type="stmt"/>
        <line num="92" count="14670" type="cond" truecount="1" falsecount="0"/>
        <line num="93" count="14368" type="stmt"/>
        <line num="97" count="33" type="stmt"/>
        <line num="98" count="33" type="stmt"/>
        <line num="99" count="33" type="stmt"/>
        <line num="102" count="18" type="stmt"/>
        <line num="103" count="18" type="stmt"/>
        <line num="105" count="18" type="stmt"/>
        <line num="106" count="18" type="stmt"/>
        <line num="112" count="1083" type="stmt"/>
        <line num="118" count="1105" type="stmt"/>
        <line num="121" count="22" type="stmt"/>
        <line num="124" count="28" type="stmt"/>
        <line num="127" count="28" type="stmt"/>
        <line num="130" count="11" type="stmt"/>
        <line num="160" count="52" type="cond" truecount="1" falsecount="0"/>
        <line num="161" count="28" type="stmt"/>
        <line num="162" count="28" type="stmt"/>
        <line num="164" count="28" type="stmt"/>
        <line num="192" count="28" type="stmt"/>
        <line num="193" count="28" type="stmt"/>
        <line num="199" count="28" type="stmt"/>
        <line num="200" count="28" type="cond" truecount="1" falsecount="1"/>
        <line num="203" count="28" type="cond" truecount="1" falsecount="0"/>
        <line num="204" count="5" type="stmt"/>
        <line num="206" count="28" type="cond" truecount="1" falsecount="1"/>
        <line num="208" count="28" type="stmt"/>
        <line num="209" count="28" type="stmt"/>
        <line num="210" count="1106" type="stmt"/>
        <line num="212" count="1106" type="cond" truecount="3" falsecount="0"/>
        <line num="213" count="28" type="stmt"/>
        <line num="218" count="28" type="stmt"/>
        <line num="219" count="28" type="stmt"/>
        <line num="220" count="28" type="stmt"/>
        <line num="221" count="1106" type="stmt"/>
        <line num="222" count="1078" type="stmt"/>
        <line num="225" count="1078" type="stmt"/>
        <line num="228" count="1078" type="stmt"/>
        <line num="229" count="8597" type="cond" truecount="1" falsecount="0"/>
        <line num="230" count="8597" type="stmt"/>
        <line num="239" count="28" type="stmt"/>
        <line num="241" count="28" type="stmt"/>
        <line num="243" count="28" type="stmt"/>
        <line num="247" count="28" type="stmt"/>
        <line num="248" count="1106" type="stmt"/>
        <line num="249" count="1078" type="stmt"/>
        <line num="251" count="1078" type="stmt"/>
        <line num="252" count="1078" type="stmt"/>
        <line num="253" count="1078" type="stmt"/>
        <line num="257" count="1078" type="stmt"/>
        <line num="262" count="1078" type="stmt"/>
        <line num="263" count="302" type="stmt"/>
        <line num="269" count="1078" type="stmt"/>
        <line num="270" count="14982" type="cond" truecount="1" falsecount="0"/>
        <line num="271" count="4068" type="stmt"/>
        <line num="275" count="4068" type="stmt"/>
        <line num="277" count="10914" type="cond" truecount="1" falsecount="0"/>
        <line num="278" count="5510" type="stmt"/>
        <line num="287" count="0" type="stmt"/>
        <line num="290" count="0" type="stmt"/>
        <line num="308" count="26" type="stmt"/>
        <line num="309" count="26" type="cond" truecount="3" falsecount="0"/>
        <line num="310" count="24" type="stmt"/>
        <line num="311" count="24" type="stmt"/>
        <line num="314" count="24" type="stmt"/>
        <line num="315" count="24" type="stmt"/>
        <line num="316" count="24" type="stmt"/>
        <line num="318" count="24" type="stmt"/>
        <line num="319" count="39" type="stmt"/>
        <line num="325" count="37" type="stmt"/>
        <line num="327" count="37" type="cond" truecount="0" falsecount="1"/>
        <line num="328" count="0" type="stmt"/>
        <line num="330" count="37" type="cond" truecount="2" falsecount="0"/>
        <line num="331" count="15" type="stmt"/>
        <line num="332" count="15" type="stmt"/>
        <line num="333" count="15" type="stmt"/>
        <line num="334" count="97" type="stmt"/>
        <line num="337" count="22" type="stmt"/>
        <line num="341" count="22" type="stmt"/>
        <line num="343" count="446" type="stmt"/>
        <line num="344" count="22" type="stmt"/>
        <line num="345" count="22" type="stmt"/>
        <line num="346" count="185" type="stmt"/>
        <line num="347" count="185" type="cond" truecount="1" falsecount="0"/>
        <line num="348" count="185" type="stmt"/>
        <line num="349" count="185" type="stmt"/>
        <line num="350" count="185" type="stmt"/>
        <line num="357" count="22" type="stmt"/>
        <line num="374" count="24" type="stmt"/>
        <line num="375" count="24" type="cond" truecount="1" falsecount="0"/>
        <line num="376" count="24" type="cond" truecount="0" falsecount="1"/>
        <line num="378" count="0" type="stmt"/>
        <line num="380" count="24" type="stmt"/>
        <line num="381" count="24" type="stmt"/>
        <line num="386" count="24" type="stmt"/>
        <line num="388" count="24" type="stmt"/>
        <line num="395" count="22" type="stmt"/>
        <line num="397" count="22" type="cond" truecount="0" falsecount="1"/>
        <line num="398" count="0" type="stmt"/>
        <line num="400" count="22" type="cond" truecount="2" falsecount="0"/>
        <line num="401" count="3" type="stmt"/>
        <line num="405" count="3" type="stmt"/>
        <line num="406" count="5" type="cond" truecount="1" falsecount="0"/>
        <line num="407" count="5" type="stmt"/>
        <line num="415" count="19" type="stmt"/>
        <line num="444" count="51" type="stmt"/>
        <line num="445" count="51" type="cond" truecount="1" falsecount="0"/>
        <line num="446" count="42" type="stmt"/>
        <line num="447" count="42" type="stmt"/>
        <line num="448" count="42" type="stmt"/>
        <line num="449" count="42" type="stmt"/>
        <line num="458" count="24" type="stmt"/>
        <line num="459" count="24" type="cond" truecount="3" falsecount="0"/>
        <line num="461" count="7" type="stmt"/>
        <line num="462" count="7" type="cond" truecount="0" falsecount="1"/>
        <line num="464" count="0" type="stmt"/>
        <line num="465" count="0" type="cond" truecount="0" falsecount="3"/>
        <line num="466" count="0" type="stmt"/>
        <line num="467" count="0" type="stmt"/>
        <line num="470" count="0" type="stmt"/>
        <line num="476" count="7" type="stmt"/>
        <line num="477" count="7" type="stmt"/>
        <line num="478" count="7" type="stmt"/>
        <line num="479" count="7" type="stmt"/>
        <line num="480" count="0" type="stmt"/>
        <line num="486" count="7" type="stmt"/>
        <line num="487" count="7" type="stmt"/>
        <line num="488" count="7" type="cond" truecount="2" falsecount="0"/>
        <line num="491" count="2" type="cond" truecount="1" falsecount="1"/>
        <line num="493" count="2" type="cond" truecount="1" falsecount="0"/>
        <line num="494" count="2" type="stmt"/>
        <line num="502" count="0" type="stmt"/>
        <line num="508" count="5" type="cond" truecount="1" falsecount="0"/>
        <line num="510" count="5" type="stmt"/>
        <line num="521" count="24" type="cond" truecount="2" falsecount="1"/>
        <line num="522" count="0" type="stmt"/>
        <line num="526" count="24" type="cond" truecount="3" falsecount="0"/>
        <line num="527" count="1" type="stmt"/>
        <line num="529" count="1" type="cond" truecount="0" falsecount="1"/>
        <line num="530" count="0" type="stmt"/>
        <line num="537" count="6" type="cond" truecount="1" falsecount="1"/>
        <line num="538" count="6" type="stmt"/>
        <line num="540" count="0" type="stmt"/>
        <line num="544" count="39" type="stmt"/>
        <line num="545" count="23" type="stmt"/>
        <line num="546" count="23" type="stmt"/>
        <line num="550" count="39" type="stmt"/>
        <line num="563" count="7" type="cond" truecount="0" falsecount="1"/>
        <line num="565" count="0" type="stmt"/>
        <line num="567" count="7" type="stmt"/>
        <line num="568" count="7" type="stmt"/>
        <line num="570" count="7" type="stmt"/>
        <line num="602" count="7" type="stmt"/>
        <line num="604" count="7" type="stmt"/>
        <line num="605" count="5" type="stmt"/>
        <line num="606" count="40" type="cond" truecount="1" falsecount="0"/>
        <line num="607" count="40" type="stmt"/>
        <line num="613" count="5" type="stmt"/>
        <line num="614" count="5" type="stmt"/>
        <line num="615" count="5" type="cond" truecount="3" falsecount="0"/>
        <line num="616" count="5" type="stmt"/>
        <line num="617" count="5" type="stmt"/>
        <line num="621" count="5" type="stmt"/>
        <line num="625" count="5" type="stmt"/>
        <line num="626" count="5" type="stmt"/>
        <line num="627" count="0" type="stmt"/>
        <line num="632" count="5" type="stmt"/>
        <line num="633" count="46" type="stmt"/>
        <line num="634" count="46" type="cond" truecount="1" falsecount="1"/>
        <line num="637" count="0" type="stmt"/>
        <line num="642" count="46" type="cond" truecount="1" falsecount="0"/>
        <line num="644" count="24" type="stmt"/>
        <line num="656" count="0" type="stmt"/>
        <line num="659" count="0" type="stmt"/>
        <line num="661" count="0" type="stmt"/>
        <line num="662" count="0" type="stmt"/>
        <line num="665" count="24" type="stmt"/>
        <line num="666" count="289" type="stmt"/>
      </file>
      <file name="tx.ts" path="/home/ubwsx/matpay/src/store/tx.ts">
        <metrics statements="407" coveredstatements="213" conditionals="105" coveredconditionals="24" methods="92" coveredmethods="70"/>
        <line num="28" count="35" type="stmt"/>
        <line num="31" count="35" type="stmt"/>
        <line num="37" count="1085" type="cond" truecount="1" falsecount="0"/>
        <line num="38" count="1085" type="stmt"/>
        <line num="51" count="1" type="stmt"/>
        <line num="57" count="13" type="stmt"/>
        <line num="59" count="13" type="stmt"/>
        <line num="61" count="13" type="stmt"/>
        <line num="67" count="87" type="stmt"/>
        <line num="74" count="873" type="stmt"/>
        <line num="75" count="100" type="cond" truecount="0" falsecount="1"/>
        <line num="76" count="0" type="stmt"/>
        <line num="78" count="100" type="stmt"/>
        <line num="84" count="13" type="stmt"/>
        <line num="85" count="13" type="stmt"/>
        <line num="87" count="13" type="cond" truecount="1" falsecount="1"/>
        <line num="88" count="13" type="stmt"/>
        <line num="89" count="13" type="stmt"/>
        <line num="91" count="13" type="stmt"/>
        <line num="92" count="42" type="stmt"/>
        <line num="93" count="0" type="cond" truecount="0" falsecount="1"/>
        <line num="94" count="0" type="stmt"/>
        <line num="95" count="0" type="stmt"/>
        <line num="100" count="0" type="stmt"/>
        <line num="109" count="0" type="cond" truecount="0" falsecount="3"/>
        <line num="110" count="0" type="stmt"/>
        <line num="112" count="0" type="stmt"/>
        <line num="113" count="0" type="cond" truecount="0" falsecount="1"/>
        <line num="114" count="0" type="stmt"/>
        <line num="116" count="0" type="cond" truecount="0" falsecount="1"/>
        <line num="117" count="0" type="stmt"/>
        <line num="119" count="0" type="cond" truecount="0" falsecount="1"/>
        <line num="120" count="0" type="stmt"/>
        <line num="128" count="0" type="stmt"/>
        <line num="129" count="0" type="cond" truecount="0" falsecount="1"/>
        <line num="130" count="0" type="stmt"/>
        <line num="132" count="0" type="stmt"/>
        <line num="133" count="0" type="cond" truecount="0" falsecount="3"/>
        <line num="135" count="0" type="stmt"/>
        <line num="137" count="0" type="stmt"/>
        <line num="141" count="11" type="stmt"/>
        <line num="170" count="1" type="stmt"/>
        <line num="171" count="1" type="stmt"/>
        <line num="173" count="2" type="cond" truecount="2" falsecount="1"/>
        <line num="174" count="0" type="stmt"/>
        <line num="176" count="1" type="cond" truecount="0" falsecount="1"/>
        <line num="177" count="0" type="stmt"/>
        <line num="179" count="1" type="cond" truecount="0" falsecount="1"/>
        <line num="180" count="0" type="stmt"/>
        <line num="182" count="2" type="stmt"/>
        <line num="183" count="2" type="stmt"/>
        <line num="184" count="1" type="stmt"/>
        <line num="185" count="1" type="stmt"/>
        <line num="186" count="6" type="cond" truecount="0" falsecount="1"/>
        <line num="187" count="0" type="stmt"/>
        <line num="190" count="3" type="stmt"/>
        <line num="191" count="1" type="cond" truecount="0" falsecount="1"/>
        <line num="192" count="0" type="stmt"/>
        <line num="194" count="1" type="cond" truecount="0" falsecount="1"/>
        <line num="195" count="0" type="stmt"/>
        <line num="197" count="2" type="stmt"/>
        <line num="198" count="2" type="cond" truecount="0" falsecount="1"/>
        <line num="199" count="0" type="stmt"/>
        <line num="202" count="1" type="cond" truecount="0" falsecount="1"/>
        <line num="203" count="0" type="stmt"/>
        <line num="206" count="1" type="stmt"/>
        <line num="209" count="2" type="stmt"/>
        <line num="219" count="1" type="stmt"/>
        <line num="220" count="1" type="stmt"/>
        <line num="222" count="1" type="stmt"/>
        <line num="223" count="1" type="stmt"/>
        <line num="224" count="1" type="stmt"/>
        <line num="226" count="1" type="stmt"/>
        <line num="227" count="1" type="stmt"/>
        <line num="228" count="2" type="stmt"/>
        <line num="229" count="2" type="stmt"/>
        <line num="230" count="2" type="stmt"/>
        <line num="232" count="2" type="stmt"/>
        <line num="235" count="1" type="stmt"/>
        <line num="236" count="1" type="stmt"/>
        <line num="237" count="1" type="stmt"/>
        <line num="239" count="1" type="stmt"/>
        <line num="241" count="1" type="stmt"/>
        <line num="242" count="1" type="cond" truecount="0" falsecount="1"/>
        <line num="243" count="0" type="stmt"/>
        <line num="246" count="1" type="stmt"/>
        <line num="249" count="1" type="stmt"/>
        <line num="250" count="1" type="stmt"/>
        <line num="252" count="1" type="stmt"/>
        <line num="254" count="1" type="cond" truecount="0" falsecount="1"/>
        <line num="255" count="0" type="stmt"/>
        <line num="269" count="0" type="stmt"/>
        <line num="270" count="0" type="stmt"/>
        <line num="271" count="0" type="stmt"/>
        <line num="272" count="0" type="stmt"/>
        <line num="273" count="0" type="stmt"/>
        <line num="274" count="0" type="stmt"/>
        <line num="275" count="0" type="stmt"/>
        <line num="277" count="0" type="cond" truecount="0" falsecount="1"/>
        <line num="278" count="0" type="stmt"/>
        <line num="280" count="0" type="cond" truecount="0" falsecount="3"/>
        <line num="281" count="0" type="stmt"/>
        <line num="283" count="0" type="cond" truecount="0" falsecount="1"/>
        <line num="284" count="0" type="stmt"/>
        <line num="286" count="0" type="cond" truecount="0" falsecount="1"/>
        <line num="287" count="0" type="stmt"/>
        <line num="290" count="0" type="stmt"/>
        <line num="291" count="0" type="stmt"/>
        <line num="292" count="0" type="stmt"/>
        <line num="293" count="0" type="cond" truecount="0" falsecount="1"/>
        <line num="294" count="0" type="stmt"/>
        <line num="296" count="0" type="stmt"/>
        <line num="297" count="0" type="stmt"/>
        <line num="298" count="0" type="cond" truecount="0" falsecount="1"/>
        <line num="299" count="0" type="stmt"/>
        <line num="300" count="0" type="stmt"/>
        <line num="302" count="0" type="cond" truecount="0" falsecount="1"/>
        <line num="303" count="0" type="stmt"/>
        <line num="304" count="0" type="stmt"/>
        <line num="306" count="0" type="cond" truecount="0" falsecount="1"/>
        <line num="307" count="0" type="stmt"/>
        <line num="310" count="0" type="cond" truecount="0" falsecount="1"/>
        <line num="311" count="0" type="stmt"/>
        <line num="314" count="0" type="cond" truecount="0" falsecount="3"/>
        <line num="315" count="0" type="stmt"/>
        <line num="317" count="0" type="cond" truecount="0" falsecount="1"/>
        <line num="318" count="0" type="stmt"/>
        <line num="321" count="0" type="stmt"/>
        <line num="323" count="0" type="stmt"/>
        <line num="332" count="0" type="stmt"/>
        <line num="333" count="0" type="stmt"/>
        <line num="335" count="0" type="stmt"/>
        <line num="337" count="0" type="stmt"/>
        <line num="338" count="0" type="cond" truecount="0" falsecount="1"/>
        <line num="339" count="0" type="stmt"/>
        <line num="342" count="0" type="stmt"/>
        <line num="345" count="0" type="stmt"/>
        <line num="347" count="0" type="stmt"/>
        <line num="349" count="0" type="cond" truecount="0" falsecount="1"/>
        <line num="350" count="0" type="stmt"/>
        <line num="363" count="0" type="stmt"/>
        <line num="364" count="0" type="stmt"/>
        <line num="365" count="0" type="stmt"/>
        <line num="366" count="0" type="cond" truecount="0" falsecount="1"/>
        <line num="367" count="0" type="stmt"/>
        <line num="369" count="0" type="cond" truecount="0" falsecount="1"/>
        <line num="370" count="0" type="stmt"/>
        <line num="373" count="0" type="stmt"/>
        <line num="376" count="0" type="stmt"/>
        <line num="377" count="0" type="stmt"/>
        <line num="378" count="0" type="stmt"/>
        <line num="380" count="0" type="stmt"/>
        <line num="382" count="0" type="stmt"/>
        <line num="383" count="0" type="cond" truecount="0" falsecount="1"/>
        <line num="384" count="0" type="stmt"/>
        <line num="397" count="0" type="stmt"/>
        <line num="398" count="0" type="stmt"/>
        <line num="399" count="0" type="stmt"/>
        <line num="400" count="0" type="cond" truecount="0" falsecount="1"/>
        <line num="401" count="0" type="stmt"/>
        <line num="403" count="0" type="cond" truecount="0" falsecount="1"/>
        <line num="404" count="0" type="stmt"/>
        <line num="407" count="0" type="stmt"/>
        <line num="408" count="0" type="cond" truecount="0" falsecount="1"/>
        <line num="409" count="0" type="stmt"/>
        <line num="411" count="0" type="stmt"/>
        <line num="414" count="0" type="stmt"/>
        <line num="415" count="0" type="stmt"/>
        <line num="417" count="0" type="stmt"/>
        <line num="419" count="0" type="stmt"/>
        <line num="420" count="0" type="cond" truecount="0" falsecount="1"/>
        <line num="421" count="0" type="stmt"/>
        <line num="434" count="0" type="stmt"/>
        <line num="435" count="0" type="stmt"/>
        <line num="436" count="0" type="stmt"/>
        <line num="437" count="0" type="stmt"/>
        <line num="438" count="0" type="cond" truecount="0" falsecount="1"/>
        <line num="439" count="0" type="stmt"/>
        <line num="442" count="0" type="stmt"/>
        <line num="443" count="0" type="stmt"/>
        <line num="444" count="0" type="cond" truecount="0" falsecount="1"/>
        <line num="445" count="0" type="stmt"/>
        <line num="448" count="0" type="stmt"/>
        <line num="452" count="0" type="stmt"/>
        <line num="453" count="0" type="stmt"/>
        <line num="455" count="0" type="stmt"/>
        <line num="457" count="0" type="stmt"/>
        <line num="458" count="0" type="cond" truecount="0" falsecount="1"/>
        <line num="459" count="0" type="stmt"/>
        <line num="478" count="1" type="stmt"/>
        <line num="479" count="1" type="stmt"/>
        <line num="480" count="3" type="stmt"/>
        <line num="481" count="1" type="stmt"/>
        <line num="482" count="1" type="stmt"/>
        <line num="483" count="1" type="stmt"/>
        <line num="485" count="3" type="cond" truecount="1" falsecount="0"/>
        <line num="486" count="1" type="stmt"/>
        <line num="488" count="2" type="stmt"/>
        <line num="489" count="2" type="cond" truecount="0" falsecount="1"/>
        <line num="490" count="0" type="stmt"/>
        <line num="496" count="1" type="stmt"/>
        <line num="508" count="22" type="stmt"/>
        <line num="509" count="185" type="stmt"/>
        <line num="525" count="187" type="stmt"/>
        <line num="526" count="187" type="stmt"/>
        <line num="528" count="187" type="cond" truecount="3" falsecount="2"/>
        <line num="530" count="85" type="stmt"/>
        <line num="531" count="85" type="stmt"/>
        <line num="532" count="85" type="stmt"/>
        <line num="534" count="85" type="stmt"/>
        <line num="535" count="85" type="cond" truecount="0" falsecount="1"/>
        <line num="536" count="0" type="stmt"/>
        <line num="539" count="85" type="stmt"/>
        <line num="540" count="85" type="stmt"/>
        <line num="541" count="170" type="stmt"/>
        <line num="543" count="85" type="cond" truecount="0" falsecount="1"/>
        <line num="544" count="0" type="stmt"/>
        <line num="547" count="170" type="cond" truecount="0" falsecount="1"/>
        <line num="548" count="0" type="stmt"/>
        <line num="551" count="85" type="cond" truecount="0" falsecount="1"/>
        <line num="552" count="0" type="stmt"/>
        <line num="555" count="85" type="cond" truecount="0" falsecount="1"/>
        <line num="556" count="0" type="stmt"/>
        <line num="559" count="85" type="stmt"/>
        <line num="560" count="170" type="stmt"/>
        <line num="562" count="85" type="cond" truecount="0" falsecount="1"/>
        <line num="563" count="0" type="stmt"/>
        <line num="565" count="85" type="stmt"/>
        <line num="566" count="220" type="stmt"/>
        <line num="568" count="170" type="stmt"/>
        <line num="569" count="85" type="stmt"/>
        <line num="570" count="85" type="stmt"/>
        <line num="571" count="660" type="cond" truecount="0" falsecount="1"/>
        <line num="572" count="0" type="stmt"/>
        <line num="576" count="85" type="cond" truecount="0" falsecount="1"/>
        <line num="577" count="0" type="stmt"/>
        <line num="580" count="85" type="cond" truecount="0" falsecount="1"/>
        <line num="581" count="0" type="stmt"/>
        <line num="584" count="85" type="stmt"/>
        <line num="585" count="170" type="stmt"/>
        <line num="588" count="440" type="stmt"/>
        <line num="591" count="85" type="stmt"/>
        <line num="592" count="170" type="stmt"/>
        <line num="593" count="170" type="stmt"/>
        <line num="595" count="85" type="stmt"/>
        <line num="596" count="85" type="stmt"/>
        <line num="601" count="220" type="stmt"/>
        <line num="606" count="85" type="stmt"/>
        <line num="610" count="85" type="stmt"/>
        <line num="614" count="85" type="stmt"/>
        <line num="617" count="2" type="stmt"/>
        <line num="619" count="4" type="cond" truecount="0" falsecount="1"/>
        <line num="620" count="0" type="stmt"/>
        <line num="621" count="0" type="stmt"/>
        <line num="624" count="2" type="cond" truecount="0" falsecount="1"/>
        <line num="625" count="0" type="stmt"/>
        <line num="626" count="0" type="stmt"/>
        <line num="629" count="2" type="cond" truecount="0" falsecount="1"/>
        <line num="630" count="0" type="stmt"/>
        <line num="631" count="0" type="stmt"/>
        <line num="634" count="2" type="stmt"/>
        <line num="635" count="4" type="stmt"/>
        <line num="637" count="2" type="cond" truecount="0" falsecount="1"/>
        <line num="638" count="0" type="stmt"/>
        <line num="639" count="0" type="stmt"/>
        <line num="643" count="2" type="stmt"/>
        <line num="644" count="2" type="cond" truecount="0" falsecount="1"/>
        <line num="645" count="0" type="stmt"/>
        <line num="646" count="0" type="stmt"/>
        <line num="649" count="2" type="stmt"/>
        <line num="650" count="2" type="stmt"/>
        <line num="651" count="4" type="stmt"/>
        <line num="653" count="2" type="cond" truecount="0" falsecount="1"/>
        <line num="654" count="0" type="stmt"/>
        <line num="655" count="0" type="stmt"/>
        <line num="658" count="2" type="stmt"/>
        <line num="660" count="2" type="stmt"/>
        <line num="661" count="4" type="cond" truecount="1" falsecount="0"/>
        <line num="662" count="2" type="stmt"/>
        <line num="663" count="2" type="stmt"/>
        <line num="667" count="2" type="stmt"/>
        <line num="668" count="2" type="stmt"/>
        <line num="669" count="2" type="stmt"/>
        <line num="670" count="4" type="cond" truecount="1" falsecount="0"/>
        <line num="671" count="2" type="stmt"/>
        <line num="672" count="2" type="stmt"/>
        <line num="675" count="2" type="cond" truecount="1" falsecount="2"/>
        <line num="676" count="0" type="stmt"/>
        <line num="677" count="0" type="stmt"/>
        <line num="682" count="2" type="stmt"/>
        <line num="683" count="2" type="stmt"/>
        <line num="684" count="2" type="stmt"/>
        <line num="685" count="4" type="cond" truecount="1" falsecount="0"/>
        <line num="686" count="4" type="stmt"/>
        <line num="687" count="8" type="cond" truecount="1" falsecount="0"/>
        <line num="688" count="4" type="cond" truecount="0" falsecount="1"/>
        <line num="689" count="0" type="stmt"/>
        <line num="690" count="0" type="stmt"/>
        <line num="691" count="0" type="stmt"/>
        <line num="693" count="4" type="cond" truecount="0" falsecount="1"/>
        <line num="694" count="0" type="stmt"/>
        <line num="695" count="0" type="stmt"/>
        <line num="700" count="4" type="cond" truecount="2" falsecount="1"/>
        <line num="701" count="0" type="stmt"/>
        <line num="702" count="0" type="stmt"/>
        <line num="705" count="2" type="stmt"/>
        <line num="707" count="2" type="stmt"/>
        <line num="708" count="4" type="stmt"/>
        <line num="709" count="2" type="stmt"/>
        <line num="710" count="4" type="stmt"/>
        <line num="713" count="8" type="stmt"/>
        <line num="716" count="2" type="stmt"/>
        <line num="717" count="4" type="stmt"/>
        <line num="718" count="4" type="stmt"/>
        <line num="720" count="2" type="stmt"/>
        <line num="721" count="2" type="stmt"/>
        <line num="731" count="2" type="stmt"/>
        <line num="735" count="2" type="stmt"/>
        <line num="739" count="2" type="stmt"/>
        <line num="740" count="0" type="stmt"/>
        <line num="743" count="100" type="stmt"/>
        <line num="744" count="100" type="stmt"/>
        <line num="745" count="100" type="stmt"/>
        <line num="746" count="100" type="stmt"/>
        <line num="747" count="100" type="stmt"/>
        <line num="748" count="873" type="stmt"/>
        <line num="751" count="100" type="cond" truecount="0" falsecount="1"/>
        <line num="752" count="0" type="stmt"/>
        <line num="755" count="873" type="stmt"/>
        <line num="756" count="100" type="cond" truecount="0" falsecount="1"/>
        <line num="757" count="0" type="stmt"/>
        <line num="759" count="100" type="stmt"/>
        <line num="761" count="100" type="stmt"/>
        <line num="762" count="100" type="stmt"/>
        <line num="768" count="0" type="stmt"/>
        <line num="771" count="873" type="stmt"/>
        <line num="772" count="192" type="cond" truecount="1" falsecount="0"/>
        <line num="774" count="13" type="cond" truecount="1" falsecount="1"/>
        <line num="775" count="0" type="stmt"/>
        <line num="781" count="0" type="stmt"/>
        <line num="787" count="13" type="stmt"/>
        <line num="796" count="13" type="stmt"/>
        <line num="801" count="13" type="stmt"/>
        <line num="805" count="13" type="stmt"/>
        <line num="807" count="42" type="stmt"/>
        <line num="810" count="100" type="stmt"/>
        <line num="811" count="0" type="stmt"/>
        <line num="814" count="0" type="stmt"/>
        <line num="815" count="0" type="stmt"/>
        <line num="816" count="0" type="stmt"/>
        <line num="818" count="0" type="cond" truecount="0" falsecount="1"/>
        <line num="819" count="0" type="stmt"/>
        <line num="820" count="0" type="stmt"/>
        <line num="823" count="0" type="stmt"/>
        <line num="824" count="0" type="stmt"/>
        <line num="825" count="0" type="cond" truecount="0" falsecount="1"/>
        <line num="826" count="0" type="stmt"/>
        <line num="827" count="0" type="stmt"/>
        <line num="830" count="0" type="stmt"/>
        <line num="831" count="0" type="cond" truecount="0" falsecount="1"/>
        <line num="832" count="0" type="stmt"/>
        <line num="833" count="0" type="stmt"/>
        <line num="836" count="0" type="cond" truecount="0" falsecount="1"/>
        <line num="837" count="0" type="stmt"/>
        <line num="838" count="0" type="stmt"/>
        <line num="840" count="0" type="stmt"/>
        <line num="842" count="0" type="stmt"/>
        <line num="843" count="0" type="stmt"/>
        <line num="844" count="0" type="stmt"/>
        <line num="859" count="0" type="stmt"/>
        <line num="863" count="0" type="stmt"/>
        <line num="867" count="0" type="stmt"/>
        <line num="870" count="0" type="stmt"/>
        <line num="876" count="4" type="stmt"/>
        <line num="877" count="4" type="stmt"/>
        <line num="879" count="100" type="stmt"/>
        <line num="880" count="100" type="stmt"/>
        <line num="882" count="88" type="stmt"/>
        <line num="883" count="88" type="stmt"/>
        <line num="884" count="88" type="stmt"/>
        <line num="885" count="88" type="stmt"/>
        <line num="886" count="60" type="stmt"/>
        <line num="887" count="779" type="stmt"/>
        <line num="890" count="88" type="stmt"/>
        <line num="891" count="88" type="stmt"/>
        <line num="892" count="88" type="stmt"/>
        <line num="893" count="88" type="stmt"/>
        <line num="895" count="120" type="stmt"/>
        <line num="898" count="1558" type="stmt"/>
        <line num="902" count="58" type="stmt"/>
        <line num="903" count="87" type="stmt"/>
        <line num="904" count="87" type="stmt"/>
        <line num="905" count="58" type="stmt"/>
        <line num="906" count="27" type="cond" truecount="3" falsecount="0"/>
        <line num="907" count="10" type="stmt"/>
        <line num="909" count="27" type="cond" truecount="3" falsecount="0"/>
        <line num="910" count="3" type="stmt"/>
        <line num="914" count="87" type="stmt"/>
        <line num="916" count="2" type="stmt"/>
        <line num="917" count="2" type="stmt"/>
        <line num="918" count="2" type="stmt"/>
        <line num="919" count="4" type="stmt"/>
        <line num="920" count="2" type="cond" truecount="1" falsecount="0"/>
        <line num="921" count="2" type="stmt"/>
        <line num="923" count="2" type="cond" truecount="0" falsecount="1"/>
        <line num="924" count="0" type="stmt"/>
        <line num="928" count="2" type="stmt"/>
      </file>
      <file name="user.ts" path="/home/ubwsx/matpay/src/store/user.ts">
        <metrics statements="74" coveredstatements="63" conditionals="26" coveredconditionals="18" methods="27" coveredmethods="23"/>
        <line num="19" count="35" type="stmt"/>
        <line num="22" count="35" type="stmt"/>
        <line num="30" count="2335" type="stmt"/>
        <line num="31" count="2335" type="stmt"/>
        <line num="34" count="1" type="stmt"/>
        <line num="35" count="1" type="stmt"/>
        <line num="36" count="1" type="stmt"/>
        <line num="42" count="0" type="stmt"/>
        <line num="48" count="3974" type="stmt"/>
        <line num="54" count="529" type="stmt"/>
        <line num="60" count="4503" type="stmt"/>
        <line num="61" count="4503" type="stmt"/>
        <line num="63" count="4503" type="stmt"/>
        <line num="64" count="4503" type="cond" truecount="1" falsecount="0"/>
        <line num="65" count="1" type="stmt"/>
        <line num="67" count="4503" type="stmt"/>
        <line num="68" count="4503" type="cond" truecount="0" falsecount="1"/>
        <line num="69" count="0" type="stmt"/>
        <line num="76" count="2328" type="stmt"/>
        <line num="79" count="11" type="stmt"/>
        <line num="88" count="3378" type="stmt"/>
        <line num="89" count="3378" type="stmt"/>
        <line num="90" count="5148" type="cond" truecount="1" falsecount="1"/>
        <line num="91" count="0" type="cond" truecount="0" falsecount="1"/>
        <line num="92" count="0" type="stmt"/>
        <line num="94" count="0" type="stmt"/>
        <line num="96" count="5148" type="cond" truecount="1" falsecount="0"/>
        <line num="97" count="5148" type="stmt"/>
        <line num="99" count="5148" type="stmt"/>
        <line num="103" count="3378" type="stmt"/>
        <line num="104" count="5148" type="cond" truecount="0" falsecount="1"/>
        <line num="105" count="0" type="stmt"/>
        <line num="106" count="0" type="stmt"/>
        <line num="107" count="0" type="stmt"/>
        <line num="124" count="2328" type="stmt"/>
        <line num="128" count="2328" type="stmt"/>
        <line num="140" count="4614" type="stmt"/>
        <line num="141" count="4614" type="stmt"/>
        <line num="142" count="4614" type="stmt"/>
        <line num="143" count="4614" type="stmt"/>
        <line num="144" count="4614" type="stmt"/>
        <line num="146" count="4614" type="cond" truecount="2" falsecount="0"/>
        <line num="147" count="3974" type="stmt"/>
        <line num="148" count="3974" type="stmt"/>
        <line num="163" count="3974" type="stmt"/>
        <line num="167" count="3974" type="stmt"/>
        <line num="171" count="3974" type="stmt"/>
        <line num="172" count="640" type="cond" truecount="1" falsecount="0"/>
        <line num="174" count="529" type="stmt"/>
        <line num="175" count="529" type="stmt"/>
        <line num="186" count="529" type="stmt"/>
        <line num="190" count="529" type="stmt"/>
        <line num="194" count="529" type="stmt"/>
        <line num="196" count="4614" type="cond" truecount="1" falsecount="0"/>
        <line num="197" count="2128" type="stmt"/>
        <line num="199" count="4614" type="stmt"/>
        <line num="213" count="1250" type="stmt"/>
        <line num="214" count="1250" type="stmt"/>
        <line num="215" count="2486" type="stmt"/>
        <line num="221" count="1250" type="stmt"/>
        <line num="222" count="1250" type="stmt"/>
        <line num="228" count="5" type="stmt"/>
        <line num="229" count="5" type="stmt"/>
        <line num="231" count="5" type="stmt"/>
        <line num="232" count="5" type="cond" truecount="0" falsecount="1"/>
        <line num="233" count="0" type="stmt"/>
        <line num="238" count="4" type="stmt"/>
        <line num="239" count="4" type="stmt"/>
        <line num="241" count="0" type="stmt"/>
        <line num="242" count="0" type="stmt"/>
        <line num="244" count="2008" type="stmt"/>
        <line num="245" count="2020" type="stmt"/>
        <line num="247" count="6" type="stmt"/>
        <line num="248" count="6" type="stmt"/>
      </file>
    </package>
    <package name="src.tabs">
      <metrics statements="48" coveredstatements="36" conditionals="11" coveredconditionals="8" methods="15" coveredmethods="13"/>
      <file name="Login.vue" path="/home/ubwsx/matpay/src/tabs/Login.vue">
        <metrics statements="14" coveredstatements="11" conditionals="7" coveredconditionals="5" methods="3" coveredmethods="3"/>
        <line num="8" count="18" type="stmt"/>
        <line num="29" count="4" type="cond" truecount="3" falsecount="1"/>
        <line num="30" count="0" type="stmt"/>
        <line num="31" count="0" type="stmt"/>
        <line num="33" count="4" type="stmt"/>
        <line num="34" count="4" type="stmt"/>
        <line num="35" count="4" type="stmt"/>
        <line num="40" count="2" type="stmt"/>
        <line num="41" count="2" type="stmt"/>
        <line num="42" count="2" type="stmt"/>
        <line num="44" count="2" type="stmt"/>
        <line num="45" count="2" type="stmt"/>
        <line num="50" count="18" type="cond" truecount="0" falsecount="1"/>
        <line num="51" count="0" type="stmt"/>
      </file>
      <file name="Rooms.vue" path="/home/ubwsx/matpay/src/tabs/Rooms.vue">
        <metrics statements="34" coveredstatements="25" conditionals="4" coveredconditionals="3" methods="12" coveredmethods="10"/>
        <line num="11" count="26" type="stmt"/>
        <line num="32" count="26" type="stmt"/>
        <line num="35" count="906" type="cond" truecount="2" falsecount="0"/>
        <line num="36" count="7" type="stmt"/>
        <line num="38" count="899" type="stmt"/>
        <line num="52" count="14" type="stmt"/>
        <line num="58" count="14" type="stmt"/>
        <line num="61" count="0" type="stmt"/>
        <line num="67" count="0" type="stmt"/>
        <line num="70" count="2" type="stmt"/>
        <line num="73" count="2" type="stmt"/>
        <line num="74" count="2" type="stmt"/>
        <line num="75" count="2" type="stmt"/>
        <line num="78" count="2" type="stmt"/>
        <line num="85" count="0" type="stmt"/>
        <line num="89" count="5" type="stmt"/>
        <line num="90" count="5" type="stmt"/>
        <line num="91" count="5" type="stmt"/>
        <line num="94" count="3" type="stmt"/>
        <line num="100" count="3" type="stmt"/>
        <line num="101" count="3" type="stmt"/>
        <line num="103" count="2" type="stmt"/>
        <line num="107" count="0" type="stmt"/>
        <line num="108" count="0" type="stmt"/>
        <line num="111" count="0" type="stmt"/>
        <line num="113" count="0" type="stmt"/>
        <line num="118" count="26" type="stmt"/>
        <line num="119" count="26" type="stmt"/>
        <line num="120" count="26" type="stmt"/>
        <line num="122" count="0" type="stmt"/>
        <line num="126" count="26" type="cond" truecount="0" falsecount="1"/>
        <line num="127" count="0" type="stmt"/>
        <line num="133" count="26" type="cond" truecount="1" falsecount="0"/>
        <line num="134" count="26" type="stmt"/>
      </file>
    </package>
    <package name="src.utils">
      <metrics statements="115" coveredstatements="66" conditionals="22" coveredconditionals="11" methods="26" coveredmethods="17"/>
      <file name="ContentRepository.ts" path="/home/ubwsx/matpay/src/utils/ContentRepository.ts">
        <metrics statements="8" coveredstatements="0" conditionals="1" coveredconditionals="0" methods="3" coveredmethods="0"/>
        <line num="4" count="0" type="stmt"/>
        <line num="5" count="0" type="cond" truecount="0" falsecount="1"/>
        <line num="6" count="0" type="stmt"/>
        <line num="8" count="0" type="stmt"/>
        <line num="9" count="0" type="stmt"/>
        <line num="10" count="0" type="stmt"/>
        <line num="11" count="0" type="stmt"/>
        <line num="15" count="0" type="stmt"/>
      </file>
      <file name="consts.ts" path="/home/ubwsx/matpay/src/utils/consts.ts">
        <metrics statements="1" coveredstatements="1" conditionals="0" coveredconditionals="0" methods="0" coveredmethods="0"/>
        <line num="1" count="35" type="stmt"/>
      </file>
      <file name="utils.ts" path="/home/ubwsx/matpay/src/utils/utils.ts">
        <metrics statements="106" coveredstatements="65" conditionals="21" coveredconditionals="11" methods="23" coveredmethods="17"/>
        <line num="7" count="5" type="stmt"/>
        <line num="10" count="35" type="stmt"/>
        <line num="11" count="292" type="cond" truecount="1" falsecount="1"/>
        <line num="12" count="0" type="stmt"/>
        <line num="14" count="584" type="stmt"/>
        <line num="17" count="35" type="stmt"/>
        <line num="18" count="374" type="stmt"/>
        <line num="19" count="374" type="cond" truecount="2" falsecount="0"/>
        <line num="20" count="4" type="stmt"/>
        <line num="21" count="2" type="stmt"/>
        <line num="22" count="4" type="stmt"/>
        <line num="25" count="744" type="stmt"/>
        <line num="26" count="372" type="stmt"/>
        <line num="27" count="744" type="stmt"/>
        <line num="30" count="374" type="stmt"/>
        <line num="32" count="35" type="stmt"/>
        <line num="33" count="786" type="stmt"/>
        <line num="35" count="35" type="stmt"/>
        <line num="37" count="1211" type="stmt"/>
        <line num="43" count="13" type="stmt"/>
        <line num="46" count="13" type="stmt"/>
        <line num="47" count="42" type="stmt"/>
        <line num="49" count="84" type="cond" truecount="1" falsecount="0"/>
        <line num="50" count="13" type="stmt"/>
        <line num="53" count="84" type="cond" truecount="1" falsecount="0"/>
        <line num="54" count="13" type="stmt"/>
        <line num="56" count="126" type="stmt"/>
        <line num="57" count="84" type="cond" truecount="2" falsecount="0"/>
        <line num="60" count="56" type="stmt"/>
        <line num="63" count="28" type="stmt"/>
        <line num="70" count="13" type="stmt"/>
        <line num="74" count="13" type="stmt"/>
        <line num="76" count="13" type="stmt"/>
        <line num="77" count="26" type="stmt"/>
        <line num="79" count="13" type="stmt"/>
        <line num="83" count="13" type="cond" truecount="1" falsecount="0"/>
        <line num="85" count="13" type="stmt"/>
        <line num="88" count="0" type="stmt"/>
        <line num="89" count="0" type="stmt"/>
        <line num="90" count="0" type="stmt"/>
        <line num="92" count="0" type="stmt"/>
        <line num="93" count="0" type="stmt"/>
        <line num="98" count="0" type="cond" truecount="0" falsecount="1"/>
        <line num="99" count="0" type="stmt"/>
        <line num="101" count="0" type="cond" truecount="0" falsecount="1"/>
        <line num="102" count="0" type="stmt"/>
        <line num="104" count="0" type="stmt"/>
        <line num="105" count="0" type="stmt"/>
        <line num="106" count="0" type="stmt"/>
        <line num="108" count="0" type="stmt"/>
        <line num="109" count="0" type="stmt"/>
        <line num="110" count="0" type="stmt"/>
        <line num="114" count="0" type="stmt"/>
        <line num="115" count="0" type="cond" truecount="0" falsecount="1"/>
        <line num="116" count="0" type="stmt"/>
        <line num="119" count="0" type="stmt"/>
        <line num="121" count="0" type="stmt"/>
        <line num="122" count="0" type="stmt"/>
        <line num="123" count="0" type="stmt"/>
        <line num="125" count="0" type="cond" truecount="0" falsecount="1"/>
        <line num="126" count="0" type="stmt"/>
        <line num="127" count="0" type="stmt"/>
        <line num="128" count="0" type="stmt"/>
        <line num="130" count="0" type="cond" truecount="0" falsecount="1"/>
        <line num="131" count="0" type="stmt"/>
        <line num="133" count="0" type="stmt"/>
        <line num="134" count="0" type="stmt"/>
        <line num="135" count="0" type="stmt"/>
        <line num="137" count="0" type="stmt"/>
        <line num="138" count="0" type="cond" truecount="0" falsecount="2"/>
        <line num="139" count="0" type="stmt"/>
        <line num="141" count="0" type="stmt"/>
        <line num="144" count="0" type="cond" truecount="0" falsecount="1"/>
        <line num="145" count="0" type="stmt"/>
        <line num="149" count="0" type="cond" truecount="0" falsecount="1"/>
        <line num="150" count="0" type="stmt"/>
        <line num="159" count="0" type="stmt"/>
        <line num="163" count="13" type="stmt"/>
        <line num="164" count="13" type="stmt"/>
        <line num="166" count="13" type="stmt"/>
        <line num="167" count="26" type="stmt"/>
        <line num="168" count="16" type="cond" truecount="1" falsecount="0"/>
        <line num="169" count="14" type="stmt"/>
        <line num="173" count="13" type="stmt"/>
        <line num="174" count="13" type="stmt"/>
        <line num="175" count="13" type="stmt"/>
        <line num="176" count="26" type="stmt"/>
        <line num="178" count="13" type="stmt"/>
        <line num="179" count="13" type="stmt"/>
        <line num="180" count="13" type="stmt"/>
        <line num="181" count="2" type="stmt"/>
        <line num="182" count="2" type="stmt"/>
        <line num="183" count="4" type="stmt"/>
        <line num="185" count="2" type="stmt"/>
        <line num="186" count="2" type="stmt"/>
        <line num="187" count="4" type="stmt"/>
        <line num="191" count="13" type="stmt"/>
        <line num="192" count="26" type="stmt"/>
        <line num="194" count="13" type="stmt"/>
        <line num="201" count="42" type="stmt"/>
        <line num="202" count="18" type="cond" truecount="1" falsecount="0"/>
        <line num="204" count="2" type="stmt"/>
        <line num="206" count="18" type="cond" truecount="1" falsecount="0"/>
        <line num="207" count="16" type="stmt"/>
        <line num="208" count="16" type="stmt"/>
        <line num="209" count="16" type="stmt"/>
      </file>
    </package>
    <package name="src.views">
      <metrics statements="65" coveredstatements="43" conditionals="16" coveredconditionals="6" methods="28" coveredmethods="18"/>
      <file name="Register.vue" path="/home/ubwsx/matpay/src/views/Register.vue">
        <metrics statements="1" coveredstatements="0" conditionals="0" coveredconditionals="0" methods="1" coveredmethods="0"/>
        <line num="7" count="0" type="stmt"/>
      </file>
      <file name="RoomDetail.vue" path="/home/ubwsx/matpay/src/views/RoomDetail.vue">
        <metrics statements="23" coveredstatements="16" conditionals="1" coveredconditionals="0" methods="10" coveredmethods="7"/>
        <line num="12" count="24" type="stmt"/>
        <line num="32" count="24" type="stmt"/>
        <line num="35" count="36" type="stmt"/>
        <line num="36" count="36" type="stmt"/>
        <line num="38" count="6" type="stmt"/>
        <line num="42" count="230" type="stmt"/>
        <line num="43" count="230" type="stmt"/>
        <line num="45" count="135" type="stmt"/>
        <line num="60" count="0" type="stmt"/>
        <line num="63" count="4" type="stmt"/>
        <line num="64" count="4" type="stmt"/>
        <line num="65" count="0" type="stmt"/>
        <line num="69" count="0" type="stmt"/>
        <line num="70" count="0" type="stmt"/>
        <line num="74" count="0" type="stmt"/>
        <line num="79" count="24" type="stmt"/>
        <line num="80" count="24" type="stmt"/>
        <line num="81" count="24" type="cond" truecount="0" falsecount="1"/>
        <line num="82" count="0" type="stmt"/>
        <line num="89" count="24" type="stmt"/>
        <line num="92" count="24" type="stmt"/>
        <line num="95" count="22" type="stmt"/>
        <line num="98" count="0" type="stmt"/>
      </file>
      <file name="RoomTxHistory.vue" path="/home/ubwsx/matpay/src/views/RoomTxHistory.vue">
        <metrics statements="41" coveredstatements="27" conditionals="15" coveredconditionals="6" methods="17" coveredmethods="11"/>
        <line num="14" count="2" type="stmt"/>
        <line num="34" count="2" type="stmt"/>
        <line num="37" count="2" type="stmt"/>
        <line num="40" count="2" type="stmt"/>
        <line num="43" count="4" type="cond" truecount="4" falsecount="0"/>
        <line num="44" count="2" type="stmt"/>
        <line num="45" count="2" type="cond" truecount="0" falsecount="1"/>
        <line num="46" count="0" type="stmt"/>
        <line num="47" count="0" type="cond" truecount="0" falsecount="2"/>
        <line num="48" count="0" type="stmt"/>
        <line num="51" count="2" type="cond" truecount="0" falsecount="1"/>
        <line num="53" count="0" type="stmt"/>
        <line num="55" count="2" type="stmt"/>
        <line num="57" count="2" type="stmt"/>
        <line num="72" count="2" type="cond" truecount="2" falsecount="2"/>
        <line num="73" count="0" type="stmt"/>
        <line num="74" count="0" type="stmt"/>
        <line num="76" count="2" type="stmt"/>
        <line num="77" count="2" type="stmt"/>
        <line num="81" count="0" type="stmt"/>
        <line num="85" count="2" type="stmt"/>
        <line num="86" count="2" type="stmt"/>
        <line num="87" count="2" type="cond" truecount="0" falsecount="1"/>
        <line num="88" count="0" type="stmt"/>
        <line num="95" count="2" type="stmt"/>
        <line num="96" count="2" type="stmt"/>
        <line num="99" count="2" type="stmt"/>
        <line num="100" count="2" type="stmt"/>
        <line num="101" count="2" type="stmt"/>
        <line num="102" count="2" type="stmt"/>
        <line num="103" count="0" type="stmt"/>
        <line num="107" count="0" type="stmt"/>
        <line num="113" count="4" type="cond" truecount="0" falsecount="1"/>
        <line num="114" count="0" type="stmt"/>
        <line num="115" count="0" type="cond" truecount="0" falsecount="1"/>
        <line num="116" count="0" type="stmt"/>
        <line num="117" count="0" type="stmt"/>
        <line num="125" count="2" type="stmt"/>
        <line num="126" count="2" type="stmt"/>
        <line num="132" count="2" type="stmt"/>
        <line num="133" count="2" type="stmt"/>
      </file>
    </package>
  </project>
</coverage>
