{"/home/ubwsx/matpay/src/App.vue": {"path":"/home/ubwsx/matpay/src/App.vue","statementMap":{"0":{"start":{"line":8,"column":4},"end":{"line":8,"column":null}},"1":{"start":{"line":22,"column":6},"end":{"line":22,"column":null}},"2":{"start":{"line":23,"column":6},"end":{"line":23,"column":null}}},"fnMap":{"0":{"name":"(anonymous_0)","decl":{"start":{"line":7,"column":2},"end":{"line":7,"column":6}},"loc":{"start":{"line":7,"column":6},"end":{"line":9,"column":3}}},"1":{"name":"(anonymous_1)","decl":{"start":{"line":21,"column":4},"end":{"line":21,"column":10}},"loc":{"start":{"line":21,"column":10},"end":{"line":24,"column":5}}}},"branchMap":{},"s":{"0":35,"1":9,"2":9},"f":{"0":35,"1":9},"b":{}}
,"/home/ubwsx/matpay/src/main.ts": {"path":"/home/ubwsx/matpay/src/main.ts","statementMap":{"0":{"start":{"line":12,"column":0},"end":{"line":22,"column":null}},"1":{"start":{"line":13,"column":2},"end":{"line":18,"column":null}},"2":{"start":{"line":14,"column":4},"end":{"line":16,"column":null}},"3":{"start":{"line":15,"column":6},"end":{"line":15,"column":null}},"4":{"start":{"line":17,"column":4},"end":{"line":17,"column":null}},"5":{"start":{"line":19,"column":2},"end":{"line":19,"column":null}},"6":{"start":{"line":21,"column":2},"end":{"line":21,"column":null}},"7":{"start":{"line":24,"column":0},"end":{"line":39,"column":null}},"8":{"start":{"line":25,"column":2},"end":{"line":25,"column":null}},"9":{"start":{"line":27,"column":2},"end":{"line":37,"column":null}},"10":{"start":{"line":29,"column":4},"end":{"line":29,"column":null}},"11":{"start":{"line":31,"column":4},"end":{"line":36,"column":null}},"12":{"start":{"line":38,"column":2},"end":{"line":38,"column":null}},"13":{"start":{"line":40,"column":12},"end":{"line":40,"column":26}},"14":{"start":{"line":41,"column":0},"end":{"line":41,"column":null}},"15":{"start":{"line":42,"column":0},"end":{"line":42,"column":null}},"16":{"start":{"line":43,"column":0},"end":{"line":43,"column":null}},"17":{"start":{"line":44,"column":0},"end":{"line":44,"column":null}},"18":{"start":{"line":45,"column":0},"end":{"line":45,"column":null}},"19":{"start":{"line":46,"column":0},"end":{"line":46,"column":null}}},"fnMap":{"0":{"name":"(anonymous_0)","decl":{"start":{"line":12,"column":31},"end":{"line":12,"column":41}},"loc":{"start":{"line":12,"column":47},"end":{"line":20,"column":1}}},"1":{"name":"(anonymous_1)","decl":{"start":{"line":20,"column":3},"end":{"line":20,"column":13}},"loc":{"start":{"line":20,"column":18},"end":{"line":22,"column":1}}},"2":{"name":"(anonymous_2)","decl":{"start":{"line":24,"column":32},"end":{"line":24,"column":42}},"loc":{"start":{"line":24,"column":50},"end":{"line":26,"column":1}}},"3":{"name":"(anonymous_3)","decl":{"start":{"line":26,"column":3},"end":{"line":26,"column":13}},"loc":{"start":{"line":26,"column":18},"end":{"line":39,"column":1}}}},"branchMap":{"0":{"loc":{"start":{"line":13,"column":2},"end":{"line":18,"column":null}},"type":"if","locations":[{"start":{"line":13,"column":2},"end":{"line":18,"column":null}}]},"1":{"loc":{"start":{"line":14,"column":4},"end":{"line":16,"column":null}},"type":"if","locations":[{"start":{"line":14,"column":4},"end":{"line":16,"column":null}}]},"2":{"loc":{"start":{"line":27,"column":2},"end":{"line":37,"column":null}},"type":"if","locations":[{"start":{"line":27,"column":2},"end":{"line":37,"column":null}}]},"3":{"loc":{"start":{"line":27,"column":6},"end":{"line":27,"column":53}},"type":"binary-expr","locations":[{"start":{"line":27,"column":6},"end":{"line":27,"column":20}},{"start":{"line":27,"column":24},"end":{"line":27,"column":53}}]}},"s":{"0":35,"1":2391,"2":2383,"3":0,"4":2383,"5":2391,"6":0,"7":35,"8":2367,"9":8,"10":2,"11":2,"12":8,"13":35,"14":35,"15":35,"16":35,"17":35,"18":35,"19":35},"f":{"0":2391,"1":0,"2":2367,"3":8},"b":{"0":[2383],"1":[0],"2":[2],"3":[8,2]}}
,"/home/ubwsx/matpay/src/components/ChatComponent.vue": {"path":"/home/ubwsx/matpay/src/components/ChatComponent.vue","statementMap":{"0":{"start":{"line":21,"column":4},"end":{"line":30,"column":null}},"1":{"start":{"line":41,"column":6},"end":{"line":41,"column":null}},"2":{"start":{"line":44,"column":24},"end":{"line":44,"column":85}},"3":{"start":{"line":45,"column":6},"end":{"line":47,"column":null}},"4":{"start":{"line":64,"column":6},"end":{"line":64,"column":null}},"5":{"start":{"line":65,"column":6},"end":{"line":65,"column":null}},"6":{"start":{"line":68,"column":6},"end":{"line":73,"column":null}},"7":{"start":{"line":76,"column":6},"end":{"line":88,"column":null}},"8":{"start":{"line":77,"column":8},"end":{"line":80,"column":null}},"9":{"start":{"line":81,"column":8},"end":{"line":81,"column":null}},"10":{"start":{"line":82,"column":8},"end":{"line":87,"column":null}},"11":{"start":{"line":83,"column":10},"end":{"line":85,"column":null}},"12":{"start":{"line":84,"column":12},"end":{"line":84,"column":null}},"13":{"start":{"line":86,"column":10},"end":{"line":86,"column":null}},"14":{"start":{"line":91,"column":6},"end":{"line":91,"column":null}},"15":{"start":{"line":92,"column":6},"end":{"line":124,"column":null}},"16":{"start":{"line":94,"column":8},"end":{"line":101,"column":null}},"17":{"start":{"line":95,"column":10},"end":{"line":96,"column":null}},"18":{"start":{"line":96,"column":22},"end":{"line":96,"column":59}},"19":{"start":{"line":99,"column":10},"end":{"line":100,"column":null}},"20":{"start":{"line":100,"column":22},"end":{"line":100,"column":59}},"21":{"start":{"line":103,"column":31},"end":{"line":104,"column":56}},"22":{"start":{"line":104,"column":23},"end":{"line":104,"column":55}},"23":{"start":{"line":105,"column":30},"end":{"line":106,"column":55}},"24":{"start":{"line":106,"column":23},"end":{"line":106,"column":54}},"25":{"start":{"line":108,"column":39},"end":{"line":109,"column":79}},"26":{"start":{"line":109,"column":23},"end":{"line":109,"column":75}},"27":{"start":{"line":110,"column":38},"end":{"line":111,"column":91}},"28":{"start":{"line":111,"column":23},"end":{"line":111,"column":87}},"29":{"start":{"line":113,"column":8},"end":{"line":113,"column":null}},"30":{"start":{"line":114,"column":8},"end":{"line":123,"column":null}},"31":{"start":{"line":115,"column":10},"end":{"line":118,"column":null}},"32":{"start":{"line":119,"column":10},"end":{"line":119,"column":null}},"33":{"start":{"line":120,"column":10},"end":{"line":122,"column":null}},"34":{"start":{"line":121,"column":12},"end":{"line":121,"column":null}},"35":{"start":{"line":127,"column":6},"end":{"line":127,"column":null}},"36":{"start":{"line":128,"column":6},"end":{"line":146,"column":null}},"37":{"start":{"line":129,"column":8},"end":{"line":145,"column":null}},"38":{"start":{"line":130,"column":10},"end":{"line":130,"column":null}},"39":{"start":{"line":131,"column":10},"end":{"line":134,"column":null}},"40":{"start":{"line":135,"column":25},"end":{"line":135,"column":68}},"41":{"start":{"line":136,"column":10},"end":{"line":141,"column":null}},"42":{"start":{"line":137,"column":12},"end":{"line":139,"column":null}},"43":{"start":{"line":140,"column":12},"end":{"line":140,"column":null}},"44":{"start":{"line":142,"column":10},"end":{"line":142,"column":null}},"45":{"start":{"line":144,"column":10},"end":{"line":144,"column":null}},"46":{"start":{"line":149,"column":6},"end":{"line":149,"column":null}},"47":{"start":{"line":150,"column":21},"end":{"line":150,"column":64}},"48":{"start":{"line":151,"column":6},"end":{"line":156,"column":null}},"49":{"start":{"line":152,"column":8},"end":{"line":154,"column":null}},"50":{"start":{"line":155,"column":8},"end":{"line":155,"column":null}},"51":{"start":{"line":159,"column":6},"end":{"line":159,"column":null}},"52":{"start":{"line":165,"column":8},"end":{"line":165,"column":null}},"53":{"start":{"line":166,"column":8},"end":{"line":166,"column":null}}},"fnMap":{"0":{"name":"(anonymous_0)","decl":{"start":{"line":20,"column":2},"end":{"line":20,"column":6}},"loc":{"start":{"line":20,"column":6},"end":{"line":31,"column":3}}},"1":{"name":"(anonymous_1)","decl":{"start":{"line":40,"column":4},"end":{"line":40,"column":11}},"loc":{"start":{"line":40,"column":11},"end":{"line":42,"column":5}}},"2":{"name":"(anonymous_2)","decl":{"start":{"line":43,"column":4},"end":{"line":43,"column":12}},"loc":{"start":{"line":43,"column":12},"end":{"line":48,"column":5}}},"3":{"name":"(anonymous_3)","decl":{"start":{"line":63,"column":4},"end":{"line":63,"column":17}},"loc":{"start":{"line":63,"column":17},"end":{"line":66,"column":5}}},"4":{"name":"(anonymous_4)","decl":{"start":{"line":67,"column":4},"end":{"line":67,"column":20}},"loc":{"start":{"line":67,"column":20},"end":{"line":74,"column":5}}},"5":{"name":"(anonymous_5)","decl":{"start":{"line":75,"column":4},"end":{"line":75,"column":21}},"loc":{"start":{"line":75,"column":21},"end":{"line":89,"column":5}}},"6":{"name":"(anonymous_6)","decl":{"start":{"line":82,"column":19},"end":{"line":82,"column":22}},"loc":{"start":{"line":82,"column":24},"end":{"line":87,"column":9}}},"7":{"name":"(anonymous_7)","decl":{"start":{"line":90,"column":4},"end":{"line":90,"column":15}},"loc":{"start":{"line":90,"column":42},"end":{"line":125,"column":5}}},"8":{"name":"(anonymous_8)","decl":{"start":{"line":96,"column":17},"end":{"line":96,"column":18}},"loc":{"start":{"line":96,"column":22},"end":{"line":96,"column":59}}},"9":{"name":"(anonymous_9)","decl":{"start":{"line":100,"column":17},"end":{"line":100,"column":18}},"loc":{"start":{"line":100,"column":22},"end":{"line":100,"column":59}}},"10":{"name":"(anonymous_10)","decl":{"start":{"line":104,"column":18},"end":{"line":104,"column":19}},"loc":{"start":{"line":104,"column":23},"end":{"line":104,"column":55}}},"11":{"name":"(anonymous_11)","decl":{"start":{"line":106,"column":18},"end":{"line":106,"column":19}},"loc":{"start":{"line":106,"column":23},"end":{"line":106,"column":54}}},"12":{"name":"(anonymous_12)","decl":{"start":{"line":109,"column":18},"end":{"line":109,"column":19}},"loc":{"start":{"line":109,"column":23},"end":{"line":109,"column":75}}},"13":{"name":"(anonymous_13)","decl":{"start":{"line":111,"column":18},"end":{"line":111,"column":19}},"loc":{"start":{"line":111,"column":23},"end":{"line":111,"column":87}}},"14":{"name":"(anonymous_14)","decl":{"start":{"line":120,"column":21},"end":{"line":120,"column":24}},"loc":{"start":{"line":120,"column":26},"end":{"line":122,"column":11}}},"15":{"name":"(anonymous_15)","decl":{"start":{"line":126,"column":4},"end":{"line":126,"column":9}},"loc":{"start":{"line":126,"column":23},"end":{"line":147,"column":5}}},"16":{"name":"(anonymous_16)","decl":{"start":{"line":148,"column":4},"end":{"line":148,"column":21}},"loc":{"start":{"line":148,"column":21},"end":{"line":157,"column":5}}},"17":{"name":"(anonymous_17)","decl":{"start":{"line":158,"column":4},"end":{"line":158,"column":12}},"loc":{"start":{"line":158,"column":23},"end":{"line":160,"column":5}}},"18":{"name":"(anonymous_18)","decl":{"start":{"line":164,"column":6},"end":{"line":164,"column":13}},"loc":{"start":{"line":164,"column":13},"end":{"line":167,"column":7}}}},"branchMap":{"0":{"loc":{"start":{"line":76,"column":6},"end":{"line":88,"column":null}},"type":"if","locations":[{"start":{"line":76,"column":6},"end":{"line":88,"column":null}}]},"1":{"loc":{"start":{"line":83,"column":10},"end":{"line":85,"column":null}},"type":"if","locations":[{"start":{"line":83,"column":10},"end":{"line":85,"column":null}}]},"2":{"loc":{"start":{"line":92,"column":6},"end":{"line":124,"column":null}},"type":"if","locations":[{"start":{"line":92,"column":6},"end":{"line":124,"column":null}}]},"3":{"loc":{"start":{"line":94,"column":8},"end":{"line":101,"column":null}},"type":"if","locations":[{"start":{"line":94,"column":8},"end":{"line":101,"column":null}},{"start":{"line":97,"column":15},"end":{"line":101,"column":null}}]},"4":{"loc":{"start":{"line":114,"column":8},"end":{"line":123,"column":null}},"type":"if","locations":[{"start":{"line":114,"column":8},"end":{"line":123,"column":null}}]},"5":{"loc":{"start":{"line":128,"column":6},"end":{"line":146,"column":null}},"type":"if","locations":[{"start":{"line":128,"column":6},"end":{"line":146,"column":null}}]},"6":{"loc":{"start":{"line":136,"column":10},"end":{"line":141,"column":null}},"type":"if","locations":[{"start":{"line":136,"column":10},"end":{"line":141,"column":null}}]},"7":{"loc":{"start":{"line":151,"column":6},"end":{"line":156,"column":null}},"type":"if","locations":[{"start":{"line":151,"column":6},"end":{"line":156,"column":null}}]}},"s":{"0":24,"1":35,"2":144,"3":144,"4":1,"5":1,"6":2,"7":0,"8":0,"9":0,"10":0,"11":0,"12":0,"13":0,"14":1,"15":1,"16":1,"17":1,"18":13,"19":0,"20":0,"21":1,"22":13,"23":1,"24":13,"25":1,"26":2,"27":1,"28":2,"29":1,"30":1,"31":1,"32":1,"33":1,"34":1,"35":0,"36":0,"37":0,"38":0,"39":0,"40":0,"41":0,"42":0,"43":0,"44":0,"45":0,"46":0,"47":0,"48":0,"49":0,"50":0,"51":0,"52":144,"53":144},"f":{"0":24,"1":35,"2":144,"3":1,"4":2,"5":0,"6":0,"7":1,"8":13,"9":0,"10":13,"11":13,"12":2,"13":2,"14":1,"15":0,"16":0,"17":0,"18":144},"b":{"0":[0],"1":[0],"2":[1],"3":[1,0],"4":[1],"5":[0],"6":[0],"7":[0]}}
,"/home/ubwsx/matpay/src/components/ChatMessageBox.vue": {"path":"/home/ubwsx/matpay/src/components/ChatMessageBox.vue","statementMap":{"0":{"start":{"line":11,"column":4},"end":{"line":13,"column":null}}},"fnMap":{"0":{"name":"(anonymous_0)","decl":{"start":{"line":10,"column":2},"end":{"line":10,"column":6}},"loc":{"start":{"line":10,"column":6},"end":{"line":14,"column":3}}}},"branchMap":{},"s":{"0":14},"f":{"0":14},"b":{}}
,"/home/ubwsx/matpay/src/components/MemberList.vue": {"path":"/home/ubwsx/matpay/src/components/MemberList.vue","statementMap":{"0":{"start":{"line":23,"column":4},"end":{"line":27,"column":null}},"1":{"start":{"line":37,"column":27},"end":{"line":37,"column":105}},"2":{"start":{"line":37,"column":55},"end":{"line":37,"column":91}},"3":{"start":{"line":38,"column":6},"end":{"line":38,"column":null}},"4":{"start":{"line":44,"column":6},"end":{"line":46,"column":null}},"5":{"start":{"line":44,"column":39},"end":{"line":46,"column":107}},"6":{"start":{"line":62,"column":6},"end":{"line":62,"column":null}},"7":{"start":{"line":65,"column":24},"end":{"line":65,"column":50}},"8":{"start":{"line":66,"column":6},"end":{"line":81,"column":null}},"9":{"start":{"line":68,"column":8},"end":{"line":73,"column":null}},"10":{"start":{"line":68,"column":21},"end":{"line":68,"column":22}},"11":{"start":{"line":69,"column":10},"end":{"line":72,"column":null}},"12":{"start":{"line":70,"column":12},"end":{"line":70,"column":null}},"13":{"start":{"line":71,"column":12},"end":{"line":71,"column":17}},"14":{"start":{"line":75,"column":32},"end":{"line":75,"column":77}},"15":{"start":{"line":75,"column":54},"end":{"line":75,"column":76}},"16":{"start":{"line":76,"column":8},"end":{"line":79,"column":null}},"17":{"start":{"line":77,"column":10},"end":{"line":77,"column":null}},"18":{"start":{"line":78,"column":10},"end":{"line":78,"column":null}},"19":{"start":{"line":80,"column":8},"end":{"line":80,"column":null}},"20":{"start":{"line":84,"column":6},"end":{"line":84,"column":null}},"21":{"start":{"line":88,"column":25},"end":{"line":88,"column":68}},"22":{"start":{"line":89,"column":31},"end":{"line":89,"column":61}},"23":{"start":{"line":90,"column":6},"end":{"line":98,"column":null}},"24":{"start":{"line":91,"column":8},"end":{"line":94,"column":null}},"25":{"start":{"line":92,"column":10},"end":{"line":92,"column":null}},"26":{"start":{"line":93,"column":10},"end":{"line":93,"column":16}},"27":{"start":{"line":95,"column":13},"end":{"line":98,"column":null}},"28":{"start":{"line":96,"column":8},"end":{"line":96,"column":null}},"29":{"start":{"line":97,"column":8},"end":{"line":97,"column":14}},"30":{"start":{"line":99,"column":6},"end":{"line":99,"column":null}},"31":{"start":{"line":102,"column":6},"end":{"line":102,"column":null}},"32":{"start":{"line":103,"column":6},"end":{"line":103,"column":null}},"33":{"start":{"line":104,"column":21},"end":{"line":104,"column":58}},"34":{"start":{"line":105,"column":6},"end":{"line":105,"column":null}},"35":{"start":{"line":108,"column":6},"end":{"line":108,"column":null}},"36":{"start":{"line":109,"column":6},"end":{"line":109,"column":null}},"37":{"start":{"line":110,"column":21},"end":{"line":110,"column":57}},"38":{"start":{"line":111,"column":6},"end":{"line":111,"column":null}},"39":{"start":{"line":114,"column":21},"end":{"line":115,"column":null}},"40":{"start":{"line":116,"column":6},"end":{"line":116,"column":null}},"41":{"start":{"line":119,"column":6},"end":{"line":127,"column":null}},"42":{"start":{"line":120,"column":8},"end":{"line":124,"column":null}},"43":{"start":{"line":126,"column":8},"end":{"line":126,"column":null}},"44":{"start":{"line":130,"column":6},"end":{"line":139,"column":null}},"45":{"start":{"line":131,"column":8},"end":{"line":133,"column":null}},"46":{"start":{"line":134,"column":8},"end":{"line":136,"column":null}},"47":{"start":{"line":138,"column":8},"end":{"line":138,"column":null}},"48":{"start":{"line":145,"column":8},"end":{"line":145,"column":null}},"49":{"start":{"line":146,"column":8},"end":{"line":146,"column":null}}},"fnMap":{"0":{"name":"(anonymous_0)","decl":{"start":{"line":22,"column":2},"end":{"line":22,"column":6}},"loc":{"start":{"line":22,"column":6},"end":{"line":28,"column":3}}},"1":{"name":"(anonymous_1)","decl":{"start":{"line":36,"column":4},"end":{"line":36,"column":19}},"loc":{"start":{"line":36,"column":19},"end":{"line":39,"column":5}}},"2":{"name":"(anonymous_2)","decl":{"start":{"line":37,"column":45},"end":{"line":37,"column":51}},"loc":{"start":{"line":37,"column":55},"end":{"line":37,"column":91}}},"3":{"name":"(anonymous_3)","decl":{"start":{"line":43,"column":4},"end":{"line":43,"column":19}},"loc":{"start":{"line":43,"column":19},"end":{"line":47,"column":5}}},"4":{"name":"(anonymous_4)","decl":{"start":{"line":44,"column":31},"end":{"line":44,"column":35}},"loc":{"start":{"line":44,"column":39},"end":{"line":46,"column":107}}},"5":{"name":"(anonymous_5)","decl":{"start":{"line":61,"column":4},"end":{"line":61,"column":14}},"loc":{"start":{"line":61,"column":31},"end":{"line":63,"column":5}}},"6":{"name":"(anonymous_6)","decl":{"start":{"line":64,"column":4},"end":{"line":64,"column":22}},"loc":{"start":{"line":64,"column":22},"end":{"line":82,"column":5}}},"7":{"name":"(anonymous_7)","decl":{"start":{"line":75,"column":49},"end":{"line":75,"column":50}},"loc":{"start":{"line":75,"column":54},"end":{"line":75,"column":76}}},"8":{"name":"(anonymous_8)","decl":{"start":{"line":83,"column":4},"end":{"line":83,"column":12}},"loc":{"start":{"line":83,"column":27},"end":{"line":85,"column":5}}},"9":{"name":"(anonymous_9)","decl":{"start":{"line":86,"column":4},"end":{"line":86,"column":26}},"loc":{"start":{"line":86,"column":26},"end":{"line":100,"column":5}}},"10":{"name":"(anonymous_10)","decl":{"start":{"line":101,"column":4},"end":{"line":101,"column":11}},"loc":{"start":{"line":101,"column":28},"end":{"line":106,"column":5}}},"11":{"name":"(anonymous_11)","decl":{"start":{"line":107,"column":4},"end":{"line":107,"column":10}},"loc":{"start":{"line":107,"column":27},"end":{"line":112,"column":5}}},"12":{"name":"(anonymous_12)","decl":{"start":{"line":113,"column":4},"end":{"line":113,"column":12}},"loc":{"start":{"line":113,"column":12},"end":{"line":117,"column":5}}},"13":{"name":"(anonymous_13)","decl":{"start":{"line":118,"column":4},"end":{"line":118,"column":9}},"loc":{"start":{"line":118,"column":20},"end":{"line":128,"column":5}}},"14":{"name":"(anonymous_14)","decl":{"start":{"line":129,"column":4},"end":{"line":129,"column":9}},"loc":{"start":{"line":129,"column":26},"end":{"line":140,"column":5}}},"15":{"name":"(anonymous_15)","decl":{"start":{"line":144,"column":6},"end":{"line":144,"column":13}},"loc":{"start":{"line":144,"column":13},"end":{"line":147,"column":7}}}},"branchMap":{"0":{"loc":{"start":{"line":38,"column":13},"end":{"line":38,"column":69}},"type":"binary-expr","locations":[{"start":{"line":38,"column":13},"end":{"line":38,"column":37}},{"start":{"line":38,"column":41},"end":{"line":38,"column":69}}]},"1":{"loc":{"start":{"line":44,"column":39},"end":{"line":46,"column":107}},"type":"binary-expr","locations":[{"start":{"line":44,"column":39},"end":{"line":44,"column":64}},{"start":{"line":45,"column":9},"end":{"line":45,"column":34}},{"start":{"line":46,"column":10},"end":{"line":46,"column":106}}]},"2":{"loc":{"start":{"line":66,"column":6},"end":{"line":81,"column":null}},"type":"if","locations":[{"start":{"line":66,"column":6},"end":{"line":81,"column":null}}]},"3":{"loc":{"start":{"line":69,"column":10},"end":{"line":72,"column":null}},"type":"if","locations":[{"start":{"line":69,"column":10},"end":{"line":72,"column":null}}]},"4":{"loc":{"start":{"line":90,"column":6},"end":{"line":98,"column":null}},"type":"if","locations":[{"start":{"line":90,"column":6},"end":{"line":98,"column":null}},{"start":{"line":95,"column":13},"end":{"line":98,"column":null}}]},"5":{"loc":{"start":{"line":91,"column":8},"end":{"line":94,"column":null}},"type":"if","locations":[{"start":{"line":91,"column":8},"end":{"line":94,"column":null}}]},"6":{"loc":{"start":{"line":95,"column":13},"end":{"line":98,"column":null}},"type":"if","locations":[{"start":{"line":95,"column":13},"end":{"line":98,"column":null}}]}},"s":{"0":24,"1":30,"2":69,"3":30,"4":37,"5":71,"6":4,"7":36,"8":36,"9":36,"10":36,"11":39,"12":30,"13":30,"14":36,"15":69,"16":36,"17":6,"18":6,"19":36,"20":0,"21":6,"22":6,"23":6,"24":6,"25":0,"26":0,"27":0,"28":0,"29":0,"30":6,"31":1,"32":1,"33":1,"34":1,"35":0,"36":0,"37":0,"38":0,"39":1,"40":1,"41":1,"42":1,"43":0,"44":1,"45":1,"46":1,"47":0,"48":36,"49":36},"f":{"0":24,"1":30,"2":69,"3":37,"4":71,"5":4,"6":36,"7":69,"8":0,"9":6,"10":1,"11":0,"12":1,"13":1,"14":1,"15":36},"b":{"0":[30,14],"1":[71,7,7],"2":[36],"3":[30],"4":[6,0],"5":[0],"6":[0]}}
,"/home/ubwsx/matpay/src/components/TxApprovedMessageBox.vue": {"path":"/home/ubwsx/matpay/src/components/TxApprovedMessageBox.vue","statementMap":{"0":{"start":{"line":20,"column":4},"end":{"line":25,"column":null}},"1":{"start":{"line":35,"column":6},"end":{"line":35,"column":null}}},"fnMap":{"0":{"name":"(anonymous_0)","decl":{"start":{"line":19,"column":2},"end":{"line":19,"column":6}},"loc":{"start":{"line":19,"column":6},"end":{"line":26,"column":3}}},"1":{"name":"(anonymous_1)","decl":{"start":{"line":34,"column":4},"end":{"line":34,"column":19}},"loc":{"start":{"line":34,"column":19},"end":{"line":36,"column":5}}}},"branchMap":{},"s":{"0":13,"1":0},"f":{"0":13,"1":0},"b":{}}
,"/home/ubwsx/matpay/src/components/TxDetail.vue": {"path":"/home/ubwsx/matpay/src/components/TxDetail.vue","statementMap":{"0":{"start":{"line":19,"column":4},"end":{"line":20,"column":null}},"1":{"start":{"line":30,"column":6},"end":{"line":35,"column":null}},"2":{"start":{"line":31,"column":33},"end":{"line":31,"column":96}},"3":{"start":{"line":31,"column":54},"end":{"line":31,"column":66}},"4":{"start":{"line":32,"column":8},"end":{"line":32,"column":null}},"5":{"start":{"line":34,"column":8},"end":{"line":34,"column":21}},"6":{"start":{"line":43,"column":6},"end":{"line":43,"column":null}},"7":{"start":{"line":46,"column":6},"end":{"line":46,"column":null}}},"fnMap":{"0":{"name":"(anonymous_0)","decl":{"start":{"line":18,"column":2},"end":{"line":18,"column":6}},"loc":{"start":{"line":18,"column":6},"end":{"line":21,"column":3}}},"1":{"name":"(anonymous_1)","decl":{"start":{"line":29,"column":4},"end":{"line":29,"column":14}},"loc":{"start":{"line":29,"column":14},"end":{"line":36,"column":5}}},"2":{"name":"(anonymous_2)","decl":{"start":{"line":31,"column":49},"end":{"line":31,"column":50}},"loc":{"start":{"line":31,"column":54},"end":{"line":31,"column":66}}},"3":{"name":"(anonymous_3)","decl":{"start":{"line":42,"column":4},"end":{"line":42,"column":22}},"loc":{"start":{"line":42,"column":22},"end":{"line":44,"column":5}}},"4":{"name":"(anonymous_4)","decl":{"start":{"line":45,"column":4},"end":{"line":45,"column":12}},"loc":{"start":{"line":45,"column":23},"end":{"line":47,"column":5}}}},"branchMap":{"0":{"loc":{"start":{"line":30,"column":6},"end":{"line":35,"column":null}},"type":"if","locations":[{"start":{"line":30,"column":6},"end":{"line":35,"column":null}},{"start":{"line":33,"column":13},"end":{"line":35,"column":null}}]}},"s":{"0":2,"1":2,"2":2,"3":4,"4":2,"5":0,"6":0,"7":0},"f":{"0":2,"1":2,"2":4,"3":0,"4":0},"b":{"0":[2,0]}}
,"/home/ubwsx/matpay/src/components/TxList.vue": {"path":"/home/ubwsx/matpay/src/components/TxList.vue","statementMap":{"0":{"start":{"line":9,"column":6},"end":{"line":9,"column":null}},"1":{"start":{"line":21,"column":4},"end":{"line":22,"column":null}},"2":{"start":{"line":28,"column":6},"end":{"line":28,"column":null}}},"fnMap":{"0":{"name":"(anonymous_0)","decl":{"start":{"line":8,"column":16},"end":{"line":8,"column":17}},"loc":{"start":{"line":8,"column":43},"end":{"line":10,"column":5}}},"1":{"name":"(anonymous_1)","decl":{"start":{"line":20,"column":2},"end":{"line":20,"column":6}},"loc":{"start":{"line":20,"column":6},"end":{"line":23,"column":3}}},"2":{"name":"(anonymous_2)","decl":{"start":{"line":27,"column":4},"end":{"line":27,"column":18}},"loc":{"start":{"line":27,"column":42},"end":{"line":29,"column":5}}}},"branchMap":{},"s":{"0":0,"1":2,"2":2},"f":{"0":0,"1":2,"2":2},"b":{}}
,"/home/ubwsx/matpay/src/components/TxPendingMessageBox.vue": {"path":"/home/ubwsx/matpay/src/components/TxPendingMessageBox.vue","statementMap":{"0":{"start":{"line":24,"column":4},"end":{"line":29,"column":null}},"1":{"start":{"line":49,"column":6},"end":{"line":49,"column":null}},"2":{"start":{"line":52,"column":6},"end":{"line":52,"column":null}},"3":{"start":{"line":55,"column":6},"end":{"line":62,"column":null}},"4":{"start":{"line":56,"column":8},"end":{"line":59,"column":null}},"5":{"start":{"line":61,"column":8},"end":{"line":61,"column":null}},"6":{"start":{"line":63,"column":6},"end":{"line":63,"column":null}},"7":{"start":{"line":66,"column":6},"end":{"line":73,"column":null}},"8":{"start":{"line":67,"column":8},"end":{"line":70,"column":null}},"9":{"start":{"line":72,"column":8},"end":{"line":72,"column":null}},"10":{"start":{"line":74,"column":6},"end":{"line":74,"column":null}}},"fnMap":{"0":{"name":"(anonymous_0)","decl":{"start":{"line":23,"column":2},"end":{"line":23,"column":6}},"loc":{"start":{"line":23,"column":6},"end":{"line":30,"column":3}}},"1":{"name":"(anonymous_1)","decl":{"start":{"line":48,"column":4},"end":{"line":48,"column":18}},"loc":{"start":{"line":48,"column":18},"end":{"line":50,"column":5}}},"2":{"name":"(anonymous_2)","decl":{"start":{"line":51,"column":4},"end":{"line":51,"column":18}},"loc":{"start":{"line":51,"column":18},"end":{"line":53,"column":5}}},"3":{"name":"(anonymous_3)","decl":{"start":{"line":54,"column":4},"end":{"line":54,"column":9}},"loc":{"start":{"line":54,"column":48},"end":{"line":64,"column":5}}},"4":{"name":"(anonymous_4)","decl":{"start":{"line":65,"column":4},"end":{"line":65,"column":9}},"loc":{"start":{"line":65,"column":46},"end":{"line":75,"column":5}}}},"branchMap":{},"s":{"0":87,"1":0,"2":1,"3":0,"4":0,"5":0,"6":0,"7":0,"8":0,"9":0,"10":0},"f":{"0":87,"1":0,"2":1,"3":0,"4":0},"b":{}}
,"/home/ubwsx/matpay/src/components/UserCard.vue": {"path":"/home/ubwsx/matpay/src/components/UserCard.vue","statementMap":{"0":{"start":{"line":36,"column":6},"end":{"line":36,"column":null}},"1":{"start":{"line":39,"column":6},"end":{"line":39,"column":null}},"2":{"start":{"line":49,"column":4},"end":{"line":56,"column":null}},"3":{"start":{"line":63,"column":6},"end":{"line":80,"column":null}},"4":{"start":{"line":64,"column":8},"end":{"line":64,"column":null}},"5":{"start":{"line":65,"column":8},"end":{"line":65,"column":null}},"6":{"start":{"line":66,"column":8},"end":{"line":66,"column":null}},"7":{"start":{"line":67,"column":8},"end":{"line":67,"column":null}},"8":{"start":{"line":68,"column":8},"end":{"line":79,"column":null}},"9":{"start":{"line":69,"column":10},"end":{"line":76,"column":null}},"10":{"start":{"line":71,"column":25},"end":{"line":71,"column":41}},"11":{"start":{"line":72,"column":14},"end":{"line":74,"column":null}},"12":{"start":{"line":73,"column":16},"end":{"line":73,"column":null}},"13":{"start":{"line":75,"column":14},"end":{"line":75,"column":null}},"14":{"start":{"line":78,"column":10},"end":{"line":78,"column":null}},"15":{"start":{"line":83,"column":6},"end":{"line":83,"column":null}},"16":{"start":{"line":84,"column":6},"end":{"line":88,"column":null}},"17":{"start":{"line":85,"column":8},"end":{"line":85,"column":null}},"18":{"start":{"line":86,"column":13},"end":{"line":88,"column":null}},"19":{"start":{"line":87,"column":8},"end":{"line":87,"column":null}},"20":{"start":{"line":91,"column":6},"end":{"line":91,"column":null}},"21":{"start":{"line":94,"column":6},"end":{"line":96,"column":null}},"22":{"start":{"line":95,"column":8},"end":{"line":95,"column":null}},"23":{"start":{"line":99,"column":6},"end":{"line":107,"column":null}},"24":{"start":{"line":100,"column":8},"end":{"line":103,"column":null}},"25":{"start":{"line":104,"column":8},"end":{"line":104,"column":null}},"26":{"start":{"line":106,"column":8},"end":{"line":106,"column":null}}},"fnMap":{"0":{"name":"(anonymous_0)","decl":{"start":{"line":35,"column":4},"end":{"line":35,"column":16}},"loc":{"start":{"line":35,"column":16},"end":{"line":37,"column":5}}},"1":{"name":"(anonymous_1)","decl":{"start":{"line":38,"column":4},"end":{"line":38,"column":12}},"loc":{"start":{"line":38,"column":12},"end":{"line":40,"column":5}}},"2":{"name":"(anonymous_2)","decl":{"start":{"line":48,"column":2},"end":{"line":48,"column":6}},"loc":{"start":{"line":48,"column":6},"end":{"line":57,"column":3}}},"3":{"name":"(anonymous_3)","decl":{"start":{"line":62,"column":4},"end":{"line":62,"column":20}},"loc":{"start":{"line":62,"column":20},"end":{"line":81,"column":5}}},"4":{"name":"(anonymous_4)","decl":{"start":{"line":70,"column":18},"end":{"line":70,"column":26}},"loc":{"start":{"line":70,"column":29},"end":{"line":76,"column":13}}},"5":{"name":"(anonymous_5)","decl":{"start":{"line":72,"column":29},"end":{"line":72,"column":32}},"loc":{"start":{"line":72,"column":34},"end":{"line":74,"column":15}}},"6":{"name":"(anonymous_6)","decl":{"start":{"line":82,"column":4},"end":{"line":82,"column":23}},"loc":{"start":{"line":82,"column":50},"end":{"line":89,"column":5}}},"7":{"name":"(anonymous_7)","decl":{"start":{"line":90,"column":4},"end":{"line":90,"column":18}},"loc":{"start":{"line":90,"column":18},"end":{"line":92,"column":5}}},"8":{"name":"(anonymous_8)","decl":{"start":{"line":93,"column":4},"end":{"line":93,"column":19}},"loc":{"start":{"line":93,"column":19},"end":{"line":97,"column":5}}},"9":{"name":"(anonymous_9)","decl":{"start":{"line":98,"column":4},"end":{"line":98,"column":9}},"loc":{"start":{"line":98,"column":19},"end":{"line":108,"column":5}}}},"branchMap":{"0":{"loc":{"start":{"line":63,"column":6},"end":{"line":80,"column":null}},"type":"if","locations":[{"start":{"line":63,"column":6},"end":{"line":80,"column":null}}]},"1":{"loc":{"start":{"line":68,"column":8},"end":{"line":79,"column":null}},"type":"if","locations":[{"start":{"line":68,"column":8},"end":{"line":79,"column":null}},{"start":{"line":77,"column":15},"end":{"line":79,"column":null}}]},"2":{"loc":{"start":{"line":84,"column":6},"end":{"line":88,"column":null}},"type":"if","locations":[{"start":{"line":84,"column":6},"end":{"line":88,"column":null}},{"start":{"line":86,"column":13},"end":{"line":88,"column":null}}]},"3":{"loc":{"start":{"line":86,"column":13},"end":{"line":88,"column":null}},"type":"if","locations":[{"start":{"line":86,"column":13},"end":{"line":88,"column":null}}]},"4":{"loc":{"start":{"line":94,"column":6},"end":{"line":96,"column":null}},"type":"if","locations":[{"start":{"line":94,"column":6},"end":{"line":96,"column":null}}]}},"s":{"0":78,"1":54,"2":51,"3":64,"4":64,"5":64,"6":64,"7":64,"8":64,"9":0,"10":0,"11":0,"12":0,"13":0,"14":64,"15":1,"16":1,"17":1,"18":0,"19":0,"20":1,"21":0,"22":0,"23":0,"24":0,"25":0,"26":0},"f":{"0":78,"1":54,"2":51,"3":64,"4":0,"5":0,"6":1,"7":1,"8":0,"9":0},"b":{"0":[64],"1":[0,64],"2":[1,0],"3":[0],"4":[0]}}
,"/home/ubwsx/matpay/src/dialogs/ApprovalDialog.vue": {"path":"/home/ubwsx/matpay/src/dialogs/ApprovalDialog.vue","statementMap":{"0":{"start":{"line":21,"column":4},"end":{"line":24,"column":null}},"1":{"start":{"line":31,"column":6},"end":{"line":32,"column":null}},"2":{"start":{"line":32,"column":47},"end":{"line":32,"column":59}},"3":{"start":{"line":39,"column":6},"end":{"line":39,"column":null}},"4":{"start":{"line":40,"column":6},"end":{"line":40,"column":null}},"5":{"start":{"line":43,"column":6},"end":{"line":43,"column":null}},"6":{"start":{"line":44,"column":6},"end":{"line":44,"column":null}},"7":{"start":{"line":47,"column":6},"end":{"line":47,"column":null}},"8":{"start":{"line":50,"column":6},"end":{"line":50,"column":null}},"9":{"start":{"line":54,"column":15},"end":{"line":54,"column":74}},"10":{"start":{"line":55,"column":4},"end":{"line":57,"column":null}}},"fnMap":{"0":{"name":"(anonymous_0)","decl":{"start":{"line":20,"column":2},"end":{"line":20,"column":6}},"loc":{"start":{"line":20,"column":6},"end":{"line":25,"column":3}}},"1":{"name":"(anonymous_1)","decl":{"start":{"line":30,"column":4},"end":{"line":30,"column":31}},"loc":{"start":{"line":30,"column":31},"end":{"line":33,"column":5}}},"2":{"name":"(anonymous_2)","decl":{"start":{"line":32,"column":42},"end":{"line":32,"column":43}},"loc":{"start":{"line":32,"column":47},"end":{"line":32,"column":59}}},"3":{"name":"(anonymous_3)","decl":{"start":{"line":38,"column":4},"end":{"line":38,"column":8}},"loc":{"start":{"line":38,"column":8},"end":{"line":41,"column":5}}},"4":{"name":"(anonymous_4)","decl":{"start":{"line":42,"column":4},"end":{"line":42,"column":8}},"loc":{"start":{"line":42,"column":8},"end":{"line":45,"column":5}}},"5":{"name":"(anonymous_5)","decl":{"start":{"line":46,"column":4},"end":{"line":46,"column":20}},"loc":{"start":{"line":46,"column":20},"end":{"line":48,"column":5}}},"6":{"name":"(anonymous_6)","decl":{"start":{"line":49,"column":4},"end":{"line":49,"column":19}},"loc":{"start":{"line":49,"column":19},"end":{"line":51,"column":5}}},"7":{"name":"(anonymous_7)","decl":{"start":{"line":53,"column":2},"end":{"line":53,"column":9}},"loc":{"start":{"line":53,"column":9},"end":{"line":58,"column":3}}}},"branchMap":{"0":{"loc":{"start":{"line":31,"column":13},"end":{"line":32,"column":84}},"type":"binary-expr","locations":[{"start":{"line":31,"column":13},"end":{"line":31,"column":67}},{"start":{"line":32,"column":9},"end":{"line":32,"column":83}}]}},"s":{"0":87,"1":87,"2":6,"3":0,"4":0,"5":0,"6":0,"7":0,"8":0,"9":87,"10":87},"f":{"0":87,"1":87,"2":6,"3":0,"4":0,"5":0,"6":0,"7":87},"b":{"0":[87,3]}}
,"/home/ubwsx/matpay/src/dialogs/ConfirmDialog.vue": {"path":"/home/ubwsx/matpay/src/dialogs/ConfirmDialog.vue","statementMap":{"0":{"start":{"line":10,"column":4},"end":{"line":16,"column":null}},"1":{"start":{"line":24,"column":6},"end":{"line":24,"column":null}},"2":{"start":{"line":25,"column":6},"end":{"line":28,"column":null}},"3":{"start":{"line":26,"column":8},"end":{"line":26,"column":null}},"4":{"start":{"line":27,"column":8},"end":{"line":27,"column":null}},"5":{"start":{"line":29,"column":6},"end":{"line":34,"column":null}},"6":{"start":{"line":30,"column":8},"end":{"line":32,"column":null}},"7":{"start":{"line":31,"column":10},"end":{"line":31,"column":null}},"8":{"start":{"line":33,"column":8},"end":{"line":33,"column":null}},"9":{"start":{"line":35,"column":6},"end":{"line":35,"column":null}},"10":{"start":{"line":38,"column":6},"end":{"line":38,"column":null}},"11":{"start":{"line":39,"column":6},"end":{"line":39,"column":null}},"12":{"start":{"line":42,"column":6},"end":{"line":42,"column":null}},"13":{"start":{"line":43,"column":6},"end":{"line":43,"column":null}},"14":{"start":{"line":47,"column":4},"end":{"line":49,"column":null}}},"fnMap":{"0":{"name":"(anonymous_0)","decl":{"start":{"line":9,"column":2},"end":{"line":9,"column":6}},"loc":{"start":{"line":9,"column":6},"end":{"line":17,"column":3}}},"1":{"name":"(anonymous_1)","decl":{"start":{"line":23,"column":4},"end":{"line":23,"column":18}},"loc":{"start":{"line":23,"column":95},"end":{"line":36,"column":5}}},"2":{"name":"(anonymous_2)","decl":{"start":{"line":25,"column":24},"end":{"line":25,"column":34}},"loc":{"start":{"line":25,"column":36},"end":{"line":28,"column":7}}},"3":{"name":"(anonymous_3)","decl":{"start":{"line":29,"column":23},"end":{"line":29,"column":33}},"loc":{"start":{"line":29,"column":35},"end":{"line":34,"column":7}}},"4":{"name":"(anonymous_4)","decl":{"start":{"line":37,"column":4},"end":{"line":37,"column":8}},"loc":{"start":{"line":37,"column":8},"end":{"line":40,"column":5}}},"5":{"name":"(anonymous_5)","decl":{"start":{"line":41,"column":4},"end":{"line":41,"column":8}},"loc":{"start":{"line":41,"column":8},"end":{"line":44,"column":5}}},"6":{"name":"(anonymous_6)","decl":{"start":{"line":46,"column":2},"end":{"line":46,"column":9}},"loc":{"start":{"line":46,"column":9},"end":{"line":50,"column":3}}}},"branchMap":{"0":{"loc":{"start":{"line":30,"column":8},"end":{"line":32,"column":null}},"type":"if","locations":[{"start":{"line":30,"column":8},"end":{"line":32,"column":null}}]}},"s":{"0":24,"1":2,"2":2,"3":2,"4":2,"5":2,"6":0,"7":0,"8":0,"9":2,"10":2,"11":2,"12":2,"13":2,"14":24},"f":{"0":24,"1":2,"2":2,"3":0,"4":2,"5":2,"6":24},"b":{"0":[0]}}
,"/home/ubwsx/matpay/src/dialogs/CreateRoomDialog.vue": {"path":"/home/ubwsx/matpay/src/dialogs/CreateRoomDialog.vue","statementMap":{"0":{"start":{"line":10,"column":4},"end":{"line":15,"column":null}},"1":{"start":{"line":26,"column":6},"end":{"line":26,"column":null}},"2":{"start":{"line":27,"column":6},"end":{"line":27,"column":null}},"3":{"start":{"line":30,"column":6},"end":{"line":30,"column":null}},"4":{"start":{"line":31,"column":6},"end":{"line":31,"column":null}},"5":{"start":{"line":34,"column":22},"end":{"line":37,"column":8}},"6":{"start":{"line":38,"column":6},"end":{"line":38,"column":null}},"7":{"start":{"line":39,"column":6},"end":{"line":39,"column":null}},"8":{"start":{"line":39,"column":23},"end":{"line":39,"column":37}},"9":{"start":{"line":42,"column":6},"end":{"line":47,"column":null}},"10":{"start":{"line":43,"column":8},"end":{"line":43,"column":null}},"11":{"start":{"line":45,"column":8},"end":{"line":45,"column":null}},"12":{"start":{"line":46,"column":8},"end":{"line":46,"column":null}},"13":{"start":{"line":51,"column":4},"end":{"line":53,"column":null}}},"fnMap":{"0":{"name":"(anonymous_0)","decl":{"start":{"line":9,"column":2},"end":{"line":9,"column":6}},"loc":{"start":{"line":9,"column":6},"end":{"line":16,"column":3}}},"1":{"name":"(anonymous_1)","decl":{"start":{"line":25,"column":4},"end":{"line":25,"column":8}},"loc":{"start":{"line":25,"column":8},"end":{"line":28,"column":5}}},"2":{"name":"(anonymous_2)","decl":{"start":{"line":29,"column":4},"end":{"line":29,"column":8}},"loc":{"start":{"line":29,"column":8},"end":{"line":32,"column":5}}},"3":{"name":"(anonymous_3)","decl":{"start":{"line":33,"column":4},"end":{"line":33,"column":16}},"loc":{"start":{"line":33,"column":33},"end":{"line":40,"column":5}}},"4":{"name":"(anonymous_4)","decl":{"start":{"line":39,"column":17},"end":{"line":39,"column":20}},"loc":{"start":{"line":39,"column":23},"end":{"line":39,"column":37}}},"5":{"name":"(anonymous_5)","decl":{"start":{"line":41,"column":4},"end":{"line":41,"column":13}},"loc":{"start":{"line":41,"column":13},"end":{"line":48,"column":5}}},"6":{"name":"(anonymous_6)","decl":{"start":{"line":50,"column":2},"end":{"line":50,"column":9}},"loc":{"start":{"line":50,"column":9},"end":{"line":54,"column":3}}}},"branchMap":{"0":{"loc":{"start":{"line":42,"column":6},"end":{"line":47,"column":null}},"type":"if","locations":[{"start":{"line":42,"column":6},"end":{"line":47,"column":null}},{"start":{"line":44,"column":13},"end":{"line":47,"column":null}}]}},"s":{"0":26,"1":2,"2":2,"3":2,"4":2,"5":0,"6":0,"7":0,"8":0,"9":2,"10":0,"11":2,"12":2,"13":26},"f":{"0":26,"1":2,"2":2,"3":0,"4":0,"5":2,"6":26},"b":{"0":[0,2]}}
,"/home/ubwsx/matpay/src/dialogs/CreateTxDialog.vue": {"path":"/home/ubwsx/matpay/src/dialogs/CreateTxDialog.vue","statementMap":{"0":{"start":{"line":23,"column":4},"end":{"line":32,"column":null}},"1":{"start":{"line":43,"column":6},"end":{"line":43,"column":null}},"2":{"start":{"line":44,"column":6},"end":{"line":44,"column":null}},"3":{"start":{"line":47,"column":6},"end":{"line":47,"column":null}},"4":{"start":{"line":48,"column":6},"end":{"line":48,"column":null}},"5":{"start":{"line":51,"column":6},"end":{"line":51,"column":null}},"6":{"start":{"line":54,"column":6},"end":{"line":61,"column":null}},"7":{"start":{"line":55,"column":24},"end":{"line":58,"column":10}},"8":{"start":{"line":59,"column":8},"end":{"line":59,"column":null}},"9":{"start":{"line":60,"column":8},"end":{"line":60,"column":null}},"10":{"start":{"line":60,"column":25},"end":{"line":60,"column":39}},"11":{"start":{"line":62,"column":6},"end":{"line":70,"column":null}},"12":{"start":{"line":63,"column":24},"end":{"line":66,"column":10}},"13":{"start":{"line":67,"column":8},"end":{"line":67,"column":null}},"14":{"start":{"line":68,"column":8},"end":{"line":68,"column":null}},"15":{"start":{"line":69,"column":8},"end":{"line":69,"column":null}},"16":{"start":{"line":69,"column":25},"end":{"line":69,"column":39}},"17":{"start":{"line":71,"column":6},"end":{"line":78,"column":null}},"18":{"start":{"line":72,"column":24},"end":{"line":75,"column":10}},"19":{"start":{"line":76,"column":8},"end":{"line":76,"column":null}},"20":{"start":{"line":77,"column":8},"end":{"line":77,"column":null}},"21":{"start":{"line":77,"column":25},"end":{"line":77,"column":39}},"22":{"start":{"line":79,"column":6},"end":{"line":86,"column":null}},"23":{"start":{"line":80,"column":24},"end":{"line":83,"column":10}},"24":{"start":{"line":84,"column":8},"end":{"line":84,"column":null}},"25":{"start":{"line":85,"column":8},"end":{"line":85,"column":null}},"26":{"start":{"line":85,"column":25},"end":{"line":85,"column":39}},"27":{"start":{"line":89,"column":6},"end":{"line":137,"column":null}},"28":{"start":{"line":93,"column":23},"end":{"line":93,"column":54}},"29":{"start":{"line":95,"column":8},"end":{"line":131,"column":null}},"30":{"start":{"line":96,"column":28},"end":{"line":96,"column":104}},"31":{"start":{"line":96,"column":58},"end":{"line":96,"column":95}},"32":{"start":{"line":97,"column":44},"end":{"line":97,"column":46}},"33":{"start":{"line":100,"column":31},"end":{"line":100,"column":56}},"34":{"start":{"line":101,"column":31},"end":{"line":101,"column":80}},"35":{"start":{"line":102,"column":10},"end":{"line":108,"column":null}},"36":{"start":{"line":103,"column":12},"end":{"line":107,"column":null}},"37":{"start":{"line":104,"column":48},"end":{"line":104,"column":77}},"38":{"start":{"line":109,"column":45},"end":{"line":117,"column":null}},"39":{"start":{"line":118,"column":10},"end":{"line":121,"column":null}},"40":{"start":{"line":123,"column":10},"end":{"line":123,"column":null}},"41":{"start":{"line":124,"column":10},"end":{"line":124,"column":null}},"42":{"start":{"line":125,"column":10},"end":{"line":125,"column":null}},"43":{"start":{"line":126,"column":10},"end":{"line":126,"column":null}},"44":{"start":{"line":127,"column":10},"end":{"line":127,"column":null}},"45":{"start":{"line":128,"column":10},"end":{"line":128,"column":null}},"46":{"start":{"line":130,"column":10},"end":{"line":130,"column":null}},"47":{"start":{"line":133,"column":8},"end":{"line":136,"column":null}},"48":{"start":{"line":140,"column":6},"end":{"line":140,"column":null}},"49":{"start":{"line":143,"column":25},"end":{"line":143,"column":42}},"50":{"start":{"line":144,"column":6},"end":{"line":146,"column":null}},"51":{"start":{"line":145,"column":8},"end":{"line":145,"column":null}},"52":{"start":{"line":148,"column":6},"end":{"line":152,"column":null}},"53":{"start":{"line":149,"column":8},"end":{"line":149,"column":null}},"54":{"start":{"line":151,"column":8},"end":{"line":151,"column":null}},"55":{"start":{"line":156,"column":4},"end":{"line":158,"column":null}},"56":{"start":{"line":163,"column":8},"end":{"line":165,"column":null}},"57":{"start":{"line":164,"column":10},"end":{"line":164,"column":null}}},"fnMap":{"0":{"name":"(anonymous_0)","decl":{"start":{"line":22,"column":2},"end":{"line":22,"column":6}},"loc":{"start":{"line":22,"column":6},"end":{"line":33,"column":3}}},"1":{"name":"(anonymous_1)","decl":{"start":{"line":42,"column":4},"end":{"line":42,"column":8}},"loc":{"start":{"line":42,"column":8},"end":{"line":45,"column":5}}},"2":{"name":"(anonymous_2)","decl":{"start":{"line":46,"column":4},"end":{"line":46,"column":8}},"loc":{"start":{"line":46,"column":8},"end":{"line":49,"column":5}}},"3":{"name":"(anonymous_3)","decl":{"start":{"line":50,"column":4},"end":{"line":50,"column":34}},"loc":{"start":{"line":50,"column":34},"end":{"line":52,"column":5}}},"4":{"name":"(anonymous_4)","decl":{"start":{"line":53,"column":4},"end":{"line":53,"column":16}},"loc":{"start":{"line":53,"column":90},"end":{"line":87,"column":5}}},"5":{"name":"(anonymous_5)","decl":{"start":{"line":60,"column":19},"end":{"line":60,"column":22}},"loc":{"start":{"line":60,"column":25},"end":{"line":60,"column":39}}},"6":{"name":"(anonymous_6)","decl":{"start":{"line":69,"column":19},"end":{"line":69,"column":22}},"loc":{"start":{"line":69,"column":25},"end":{"line":69,"column":39}}},"7":{"name":"(anonymous_7)","decl":{"start":{"line":77,"column":19},"end":{"line":77,"column":22}},"loc":{"start":{"line":77,"column":25},"end":{"line":77,"column":39}}},"8":{"name":"(anonymous_8)","decl":{"start":{"line":85,"column":19},"end":{"line":85,"column":22}},"loc":{"start":{"line":85,"column":25},"end":{"line":85,"column":39}}},"9":{"name":"(anonymous_9)","decl":{"start":{"line":88,"column":4},"end":{"line":88,"column":9}},"loc":{"start":{"line":88,"column":20},"end":{"line":138,"column":5}}},"10":{"name":"(anonymous_10)","decl":{"start":{"line":96,"column":53},"end":{"line":96,"column":54}},"loc":{"start":{"line":96,"column":58},"end":{"line":96,"column":95}}},"11":{"name":"(anonymous_11)","decl":{"start":{"line":104,"column":43},"end":{"line":104,"column":44}},"loc":{"start":{"line":104,"column":48},"end":{"line":104,"column":77}}},"12":{"name":"(anonymous_12)","decl":{"start":{"line":139,"column":4},"end":{"line":139,"column":17}},"loc":{"start":{"line":139,"column":54},"end":{"line":141,"column":5}}},"13":{"name":"(anonymous_13)","decl":{"start":{"line":142,"column":4},"end":{"line":142,"column":13}},"loc":{"start":{"line":142,"column":13},"end":{"line":153,"column":5}}},"14":{"name":"(anonymous_14)","decl":{"start":{"line":155,"column":2},"end":{"line":155,"column":9}},"loc":{"start":{"line":155,"column":9},"end":{"line":159,"column":3}}},"15":{"name":"(anonymous_15)","decl":{"start":{"line":162,"column":6},"end":{"line":162,"column":13}},"loc":{"start":{"line":162,"column":13},"end":{"line":166,"column":7}}}},"branchMap":{"0":{"loc":{"start":{"line":54,"column":6},"end":{"line":61,"column":null}},"type":"if","locations":[{"start":{"line":54,"column":6},"end":{"line":61,"column":null}}]},"1":{"loc":{"start":{"line":62,"column":6},"end":{"line":70,"column":null}},"type":"if","locations":[{"start":{"line":62,"column":6},"end":{"line":70,"column":null}}]},"2":{"loc":{"start":{"line":71,"column":6},"end":{"line":78,"column":null}},"type":"if","locations":[{"start":{"line":71,"column":6},"end":{"line":78,"column":null}}]},"3":{"loc":{"start":{"line":79,"column":6},"end":{"line":86,"column":null}},"type":"if","locations":[{"start":{"line":79,"column":6},"end":{"line":86,"column":null}}]},"4":{"loc":{"start":{"line":89,"column":6},"end":{"line":137,"column":null}},"type":"if","locations":[{"start":{"line":89,"column":6},"end":{"line":137,"column":null}},{"start":{"line":132,"column":13},"end":{"line":137,"column":null}}]},"5":{"loc":{"start":{"line":89,"column":10},"end":{"line":92,"column":42}},"type":"binary-expr","locations":[{"start":{"line":89,"column":10},"end":{"line":89,"column":38}},{"start":{"line":90,"column":8},"end":{"line":90,"column":24}},{"start":{"line":91,"column":8},"end":{"line":91,"column":33}},{"start":{"line":92,"column":8},"end":{"line":92,"column":42}}]},"6":{"loc":{"start":{"line":144,"column":6},"end":{"line":146,"column":null}},"type":"if","locations":[{"start":{"line":144,"column":6},"end":{"line":146,"column":null}}]},"7":{"loc":{"start":{"line":148,"column":6},"end":{"line":152,"column":null}},"type":"if","locations":[{"start":{"line":148,"column":6},"end":{"line":152,"column":null}},{"start":{"line":150,"column":13},"end":{"line":152,"column":null}}]},"8":{"loc":{"start":{"line":148,"column":10},"end":{"line":148,"column":99}},"type":"binary-expr","locations":[{"start":{"line":148,"column":10},"end":{"line":148,"column":44}},{"start":{"line":148,"column":48},"end":{"line":148,"column":67}},{"start":{"line":148,"column":71},"end":{"line":148,"column":99}}]},"9":{"loc":{"start":{"line":163,"column":8},"end":{"line":165,"column":null}},"type":"if","locations":[{"start":{"line":163,"column":8},"end":{"line":165,"column":null}}]}},"s":{"0":24,"1":1,"2":1,"3":1,"4":1,"5":1,"6":0,"7":0,"8":0,"9":0,"10":0,"11":0,"12":0,"13":0,"14":0,"15":0,"16":0,"17":0,"18":0,"19":0,"20":0,"21":0,"22":0,"23":0,"24":0,"25":0,"26":0,"27":1,"28":1,"29":1,"30":1,"31":2,"32":1,"33":1,"34":1,"35":1,"36":2,"37":4,"38":1,"39":1,"40":1,"41":1,"42":1,"43":1,"44":1,"45":1,"46":0,"47":0,"48":1,"49":1,"50":1,"51":0,"52":1,"53":0,"54":1,"55":24,"56":140,"57":140},"f":{"0":24,"1":1,"2":1,"3":1,"4":0,"5":0,"6":0,"7":0,"8":0,"9":1,"10":2,"11":4,"12":1,"13":1,"14":24,"15":140},"b":{"0":[0],"1":[0],"2":[0],"3":[0],"4":[1,0],"5":[1,1,1,1],"6":[0],"7":[0,1],"8":[1,1,1],"9":[140]}}
,"/home/ubwsx/matpay/src/dialogs/DetailDialog.vue": {"path":"/home/ubwsx/matpay/src/dialogs/DetailDialog.vue","statementMap":{"0":{"start":{"line":19,"column":4},"end":{"line":22,"column":null}},"1":{"start":{"line":31,"column":6},"end":{"line":31,"column":null}},"2":{"start":{"line":32,"column":6},"end":{"line":32,"column":null}},"3":{"start":{"line":35,"column":6},"end":{"line":35,"column":null}},"4":{"start":{"line":36,"column":6},"end":{"line":36,"column":null}},"5":{"start":{"line":39,"column":6},"end":{"line":45,"column":null}},"6":{"start":{"line":46,"column":6},"end":{"line":46,"column":null}},"7":{"start":{"line":50,"column":15},"end":{"line":50,"column":74}},"8":{"start":{"line":51,"column":4},"end":{"line":53,"column":null}}},"fnMap":{"0":{"name":"(anonymous_0)","decl":{"start":{"line":18,"column":2},"end":{"line":18,"column":6}},"loc":{"start":{"line":18,"column":6},"end":{"line":23,"column":3}}},"1":{"name":"(anonymous_1)","decl":{"start":{"line":30,"column":4},"end":{"line":30,"column":8}},"loc":{"start":{"line":30,"column":8},"end":{"line":33,"column":5}}},"2":{"name":"(anonymous_2)","decl":{"start":{"line":34,"column":4},"end":{"line":34,"column":8}},"loc":{"start":{"line":34,"column":8},"end":{"line":37,"column":5}}},"3":{"name":"(anonymous_3)","decl":{"start":{"line":38,"column":4},"end":{"line":38,"column":20}},"loc":{"start":{"line":38,"column":20},"end":{"line":47,"column":5}}},"4":{"name":"(anonymous_4)","decl":{"start":{"line":49,"column":2},"end":{"line":49,"column":9}},"loc":{"start":{"line":49,"column":9},"end":{"line":54,"column":3}}}},"branchMap":{},"s":{"0":13,"1":0,"2":0,"3":0,"4":0,"5":0,"6":0,"7":13,"8":13},"f":{"0":13,"1":0,"2":0,"3":0,"4":13},"b":{}}
,"/home/ubwsx/matpay/src/dialogs/ModificationDialog.vue": {"path":"/home/ubwsx/matpay/src/dialogs/ModificationDialog.vue","statementMap":{"0":{"start":{"line":28,"column":4},"end":{"line":35,"column":null}},"1":{"start":{"line":48,"column":6},"end":{"line":48,"column":null}},"2":{"start":{"line":49,"column":6},"end":{"line":49,"column":null}},"3":{"start":{"line":52,"column":6},"end":{"line":52,"column":null}},"4":{"start":{"line":53,"column":6},"end":{"line":53,"column":null}},"5":{"start":{"line":56,"column":6},"end":{"line":63,"column":null}},"6":{"start":{"line":57,"column":24},"end":{"line":60,"column":10}},"7":{"start":{"line":61,"column":8},"end":{"line":61,"column":null}},"8":{"start":{"line":62,"column":8},"end":{"line":62,"column":null}},"9":{"start":{"line":62,"column":25},"end":{"line":62,"column":39}},"10":{"start":{"line":66,"column":25},"end":{"line":66,"column":42}},"11":{"start":{"line":67,"column":6},"end":{"line":69,"column":null}},"12":{"start":{"line":68,"column":8},"end":{"line":68,"column":null}},"13":{"start":{"line":73,"column":6},"end":{"line":80,"column":null}},"14":{"start":{"line":74,"column":8},"end":{"line":74,"column":null}},"15":{"start":{"line":76,"column":8},"end":{"line":78,"column":null}},"16":{"start":{"line":77,"column":10},"end":{"line":77,"column":null}},"17":{"start":{"line":79,"column":8},"end":{"line":79,"column":null}},"18":{"start":{"line":83,"column":6},"end":{"line":90,"column":null}},"19":{"start":{"line":84,"column":24},"end":{"line":87,"column":10}},"20":{"start":{"line":88,"column":8},"end":{"line":88,"column":null}},"21":{"start":{"line":89,"column":8},"end":{"line":89,"column":null}},"22":{"start":{"line":89,"column":25},"end":{"line":89,"column":39}},"23":{"start":{"line":93,"column":6},"end":{"line":93,"column":null}},"24":{"start":{"line":96,"column":6},"end":{"line":131,"column":null}},"25":{"start":{"line":97,"column":8},"end":{"line":97,"column":54}},"26":{"start":{"line":99,"column":8},"end":{"line":127,"column":null}},"27":{"start":{"line":100,"column":25},"end":{"line":100,"column":43}},"28":{"start":{"line":101,"column":10},"end":{"line":101,"column":null}},"29":{"start":{"line":104,"column":31},"end":{"line":104,"column":56}},"30":{"start":{"line":105,"column":31},"end":{"line":105,"column":85}},"31":{"start":{"line":106,"column":10},"end":{"line":108,"column":null}},"32":{"start":{"line":107,"column":12},"end":{"line":107,"column":null}},"33":{"start":{"line":107,"column":35},"end":{"line":107,"column":52}},"34":{"start":{"line":109,"column":10},"end":{"line":126,"column":null}},"35":{"start":{"line":110,"column":12},"end":{"line":114,"column":null}},"36":{"start":{"line":115,"column":12},"end":{"line":120,"column":null}},"37":{"start":{"line":121,"column":12},"end":{"line":121,"column":null}},"38":{"start":{"line":122,"column":12},"end":{"line":122,"column":null}},"39":{"start":{"line":123,"column":12},"end":{"line":123,"column":null}},"40":{"start":{"line":125,"column":12},"end":{"line":125,"column":null}},"41":{"start":{"line":129,"column":8},"end":{"line":129,"column":null}},"42":{"start":{"line":130,"column":8},"end":{"line":130,"column":null}},"43":{"start":{"line":134,"column":6},"end":{"line":134,"column":null}},"44":{"start":{"line":138,"column":4},"end":{"line":140,"column":null}},"45":{"start":{"line":145,"column":8},"end":{"line":158,"column":null}},"46":{"start":{"line":146,"column":10},"end":{"line":146,"column":null}},"47":{"start":{"line":147,"column":10},"end":{"line":147,"column":null}},"48":{"start":{"line":148,"column":10},"end":{"line":148,"column":null}},"49":{"start":{"line":150,"column":24},"end":{"line":150,"column":58}},"50":{"start":{"line":151,"column":10},"end":{"line":157,"column":null}},"51":{"start":{"line":152,"column":56},"end":{"line":152,"column":58}},"52":{"start":{"line":153,"column":12},"end":{"line":155,"column":null}},"53":{"start":{"line":154,"column":14},"end":{"line":154,"column":null}},"54":{"start":{"line":156,"column":12},"end":{"line":156,"column":null}}},"fnMap":{"0":{"name":"(anonymous_0)","decl":{"start":{"line":27,"column":2},"end":{"line":27,"column":6}},"loc":{"start":{"line":27,"column":6},"end":{"line":36,"column":3}}},"1":{"name":"(anonymous_1)","decl":{"start":{"line":47,"column":4},"end":{"line":47,"column":8}},"loc":{"start":{"line":47,"column":8},"end":{"line":50,"column":5}}},"2":{"name":"(anonymous_2)","decl":{"start":{"line":51,"column":4},"end":{"line":51,"column":8}},"loc":{"start":{"line":51,"column":8},"end":{"line":54,"column":5}}},"3":{"name":"(anonymous_3)","decl":{"start":{"line":55,"column":4},"end":{"line":55,"column":16}},"loc":{"start":{"line":55,"column":39},"end":{"line":64,"column":5}}},"4":{"name":"(anonymous_4)","decl":{"start":{"line":62,"column":19},"end":{"line":62,"column":22}},"loc":{"start":{"line":62,"column":25},"end":{"line":62,"column":39}}},"5":{"name":"(anonymous_5)","decl":{"start":{"line":65,"column":4},"end":{"line":65,"column":13}},"loc":{"start":{"line":65,"column":13},"end":{"line":81,"column":5}}},"6":{"name":"(anonymous_6)","decl":{"start":{"line":82,"column":4},"end":{"line":82,"column":21}},"loc":{"start":{"line":82,"column":38},"end":{"line":91,"column":5}}},"7":{"name":"(anonymous_7)","decl":{"start":{"line":89,"column":19},"end":{"line":89,"column":22}},"loc":{"start":{"line":89,"column":25},"end":{"line":89,"column":39}}},"8":{"name":"(anonymous_8)","decl":{"start":{"line":92,"column":4},"end":{"line":92,"column":17}},"loc":{"start":{"line":92,"column":46},"end":{"line":94,"column":5}}},"9":{"name":"(anonymous_9)","decl":{"start":{"line":95,"column":4},"end":{"line":95,"column":9}},"loc":{"start":{"line":95,"column":20},"end":{"line":132,"column":5}}},"10":{"name":"(anonymous_10)","decl":{"start":{"line":107,"column":30},"end":{"line":107,"column":31}},"loc":{"start":{"line":107,"column":35},"end":{"line":107,"column":52}}},"11":{"name":"(anonymous_11)","decl":{"start":{"line":133,"column":4},"end":{"line":133,"column":34}},"loc":{"start":{"line":133,"column":34},"end":{"line":135,"column":5}}},"12":{"name":"(anonymous_12)","decl":{"start":{"line":137,"column":2},"end":{"line":137,"column":9}},"loc":{"start":{"line":137,"column":9},"end":{"line":141,"column":3}}},"13":{"name":"(anonymous_13)","decl":{"start":{"line":144,"column":6},"end":{"line":144,"column":13}},"loc":{"start":{"line":144,"column":13},"end":{"line":159,"column":7}}},"14":{"name":"(anonymous_14)","decl":{"start":{"line":151,"column":24},"end":{"line":151,"column":null}},"loc":{"start":{"line":151,"column":24},"end":{"line":157,"column":11}}}},"branchMap":{"0":{"loc":{"start":{"line":56,"column":6},"end":{"line":63,"column":null}},"type":"if","locations":[{"start":{"line":56,"column":6},"end":{"line":63,"column":null}}]},"1":{"loc":{"start":{"line":67,"column":6},"end":{"line":69,"column":null}},"type":"if","locations":[{"start":{"line":67,"column":6},"end":{"line":69,"column":null}}]},"2":{"loc":{"start":{"line":73,"column":6},"end":{"line":80,"column":null}},"type":"if","locations":[{"start":{"line":73,"column":6},"end":{"line":80,"column":null}},{"start":{"line":75,"column":13},"end":{"line":80,"column":null}}]},"3":{"loc":{"start":{"line":76,"column":8},"end":{"line":78,"column":null}},"type":"if","locations":[{"start":{"line":76,"column":8},"end":{"line":78,"column":null}}]},"4":{"loc":{"start":{"line":83,"column":6},"end":{"line":90,"column":null}},"type":"if","locations":[{"start":{"line":83,"column":6},"end":{"line":90,"column":null}}]},"5":{"loc":{"start":{"line":96,"column":6},"end":{"line":131,"column":null}},"type":"if","locations":[{"start":{"line":96,"column":6},"end":{"line":131,"column":null}},{"start":{"line":128,"column":13},"end":{"line":131,"column":null}}]},"6":{"loc":{"start":{"line":96,"column":10},"end":{"line":96,"column":58}},"type":"binary-expr","locations":[{"start":{"line":96,"column":10},"end":{"line":96,"column":38}},{"start":{"line":96,"column":42},"end":{"line":96,"column":58}}]},"7":{"loc":{"start":{"line":99,"column":8},"end":{"line":127,"column":null}},"type":"if","locations":[{"start":{"line":99,"column":8},"end":{"line":127,"column":null}}]},"8":{"loc":{"start":{"line":145,"column":8},"end":{"line":158,"column":null}},"type":"if","locations":[{"start":{"line":145,"column":8},"end":{"line":158,"column":null}}]}},"s":{"0":2,"1":0,"2":0,"3":0,"4":0,"5":0,"6":0,"7":0,"8":0,"9":0,"10":0,"11":0,"12":0,"13":0,"14":0,"15":0,"16":0,"17":0,"18":0,"19":0,"20":0,"21":0,"22":0,"23":0,"24":0,"25":0,"26":0,"27":0,"28":0,"29":0,"30":0,"31":0,"32":0,"33":0,"34":0,"35":0,"36":0,"37":0,"38":0,"39":0,"40":0,"41":0,"42":0,"43":0,"44":2,"45":2,"46":2,"47":2,"48":2,"49":2,"50":2,"51":2,"52":2,"53":4,"54":2},"f":{"0":2,"1":0,"2":0,"3":0,"4":0,"5":0,"6":0,"7":0,"8":0,"9":0,"10":0,"11":0,"12":2,"13":2,"14":2},"b":{"0":[0],"1":[0],"2":[0,0],"3":[0],"4":[0],"5":[0,0],"6":[0,0],"7":[0],"8":[2]}}
,"/home/ubwsx/matpay/src/dialogs/SettlementDialog.vue": {"path":"/home/ubwsx/matpay/src/dialogs/SettlementDialog.vue","statementMap":{"0":{"start":{"line":24,"column":4},"end":{"line":27,"column":null}},"1":{"start":{"line":38,"column":6},"end":{"line":38,"column":null}},"2":{"start":{"line":39,"column":6},"end":{"line":39,"column":null}},"3":{"start":{"line":42,"column":6},"end":{"line":42,"column":null}},"4":{"start":{"line":43,"column":6},"end":{"line":43,"column":null}},"5":{"start":{"line":46,"column":6},"end":{"line":46,"column":null}},"6":{"start":{"line":50,"column":4},"end":{"line":55,"column":null}},"7":{"start":{"line":51,"column":17},"end":{"line":51,"column":82}},"8":{"start":{"line":52,"column":6},"end":{"line":54,"column":null}}},"fnMap":{"0":{"name":"(anonymous_0)","decl":{"start":{"line":23,"column":2},"end":{"line":23,"column":6}},"loc":{"start":{"line":23,"column":6},"end":{"line":28,"column":3}}},"1":{"name":"(anonymous_1)","decl":{"start":{"line":37,"column":4},"end":{"line":37,"column":8}},"loc":{"start":{"line":37,"column":8},"end":{"line":40,"column":5}}},"2":{"name":"(anonymous_2)","decl":{"start":{"line":41,"column":4},"end":{"line":41,"column":8}},"loc":{"start":{"line":41,"column":8},"end":{"line":44,"column":5}}},"3":{"name":"(anonymous_3)","decl":{"start":{"line":45,"column":4},"end":{"line":45,"column":19}},"loc":{"start":{"line":45,"column":19},"end":{"line":47,"column":5}}},"4":{"name":"(anonymous_4)","decl":{"start":{"line":49,"column":2},"end":{"line":49,"column":9}},"loc":{"start":{"line":49,"column":9},"end":{"line":56,"column":3}}}},"branchMap":{"0":{"loc":{"start":{"line":50,"column":4},"end":{"line":55,"column":null}},"type":"if","locations":[{"start":{"line":50,"column":4},"end":{"line":55,"column":null}}]}},"s":{"0":51,"1":0,"2":0,"3":0,"4":0,"5":0,"6":51,"7":51,"8":51},"f":{"0":51,"1":0,"2":0,"3":0,"4":51},"b":{"0":[51]}}
,"/home/ubwsx/matpay/src/dialogs/SplitCreateDialog.vue": {"path":"/home/ubwsx/matpay/src/dialogs/SplitCreateDialog.vue","statementMap":{"0":{"start":{"line":29,"column":4},"end":{"line":35,"column":null}},"1":{"start":{"line":44,"column":6},"end":{"line":44,"column":null}},"2":{"start":{"line":45,"column":6},"end":{"line":45,"column":null}},"3":{"start":{"line":48,"column":6},"end":{"line":48,"column":null}},"4":{"start":{"line":49,"column":6},"end":{"line":49,"column":null}},"5":{"start":{"line":52,"column":6},"end":{"line":54,"column":null}},"6":{"start":{"line":53,"column":8},"end":{"line":53,"column":null}},"7":{"start":{"line":55,"column":22},"end":{"line":58,"column":8}},"8":{"start":{"line":59,"column":6},"end":{"line":59,"column":null}},"9":{"start":{"line":60,"column":6},"end":{"line":60,"column":null}},"10":{"start":{"line":60,"column":23},"end":{"line":60,"column":37}},"11":{"start":{"line":63,"column":6},"end":{"line":66,"column":null}},"12":{"start":{"line":64,"column":8},"end":{"line":64,"column":null}},"13":{"start":{"line":65,"column":8},"end":{"line":65,"column":14}},"14":{"start":{"line":67,"column":51},"end":{"line":67,"column":53}},"15":{"start":{"line":68,"column":6},"end":{"line":79,"column":null}},"16":{"start":{"line":69,"column":8},"end":{"line":72,"column":null}},"17":{"start":{"line":70,"column":10},"end":{"line":70,"column":null}},"18":{"start":{"line":71,"column":10},"end":{"line":71,"column":16}},"19":{"start":{"line":73,"column":20},"end":{"line":73,"column":65}},"20":{"start":{"line":74,"column":8},"end":{"line":77,"column":null}},"21":{"start":{"line":75,"column":10},"end":{"line":75,"column":null}},"22":{"start":{"line":76,"column":10},"end":{"line":76,"column":16}},"23":{"start":{"line":78,"column":8},"end":{"line":78,"column":null}},"24":{"start":{"line":80,"column":6},"end":{"line":83,"column":null}},"25":{"start":{"line":80,"column":50},"end":{"line":80,"column":57}},"26":{"start":{"line":81,"column":8},"end":{"line":81,"column":null}},"27":{"start":{"line":82,"column":8},"end":{"line":82,"column":14}},"28":{"start":{"line":84,"column":6},"end":{"line":84,"column":null}},"29":{"start":{"line":85,"column":6},"end":{"line":85,"column":null}},"30":{"start":{"line":88,"column":6},"end":{"line":95,"column":null}},"31":{"start":{"line":89,"column":21},"end":{"line":89,"column":68}},"32":{"start":{"line":90,"column":32},"end":{"line":90,"column":70}},"33":{"start":{"line":91,"column":8},"end":{"line":94,"column":null}},"34":{"start":{"line":91,"column":25},"end":{"line":91,"column":26}},"35":{"start":{"line":92,"column":27},"end":{"line":92,"column":55}},"36":{"start":{"line":93,"column":10},"end":{"line":93,"column":null}},"37":{"start":{"line":99,"column":4},"end":{"line":101,"column":null}},"38":{"start":{"line":106,"column":8},"end":{"line":108,"column":null}},"39":{"start":{"line":107,"column":10},"end":{"line":107,"column":null}},"40":{"start":{"line":114,"column":8},"end":{"line":119,"column":null}},"41":{"start":{"line":115,"column":10},"end":{"line":118,"column":null}},"42":{"start":{"line":116,"column":12},"end":{"line":116,"column":null}},"43":{"start":{"line":117,"column":12},"end":{"line":117,"column":null}}},"fnMap":{"0":{"name":"(anonymous_0)","decl":{"start":{"line":28,"column":2},"end":{"line":28,"column":6}},"loc":{"start":{"line":28,"column":6},"end":{"line":36,"column":3}}},"1":{"name":"(anonymous_1)","decl":{"start":{"line":43,"column":4},"end":{"line":43,"column":8}},"loc":{"start":{"line":43,"column":8},"end":{"line":46,"column":5}}},"2":{"name":"(anonymous_2)","decl":{"start":{"line":47,"column":4},"end":{"line":47,"column":8}},"loc":{"start":{"line":47,"column":8},"end":{"line":50,"column":5}}},"3":{"name":"(anonymous_3)","decl":{"start":{"line":51,"column":4},"end":{"line":51,"column":16}},"loc":{"start":{"line":51,"column":59},"end":{"line":61,"column":5}}},"4":{"name":"(anonymous_4)","decl":{"start":{"line":60,"column":17},"end":{"line":60,"column":20}},"loc":{"start":{"line":60,"column":23},"end":{"line":60,"column":37}}},"5":{"name":"(anonymous_5)","decl":{"start":{"line":62,"column":4},"end":{"line":62,"column":17}},"loc":{"start":{"line":62,"column":17},"end":{"line":86,"column":5}}},"6":{"name":"(anonymous_6)","decl":{"start":{"line":80,"column":38},"end":{"line":80,"column":39}},"loc":{"start":{"line":80,"column":50},"end":{"line":80,"column":57}}},"7":{"name":"(anonymous_7)","decl":{"start":{"line":87,"column":4},"end":{"line":87,"column":20}},"loc":{"start":{"line":87,"column":20},"end":{"line":96,"column":5}}},"8":{"name":"(anonymous_8)","decl":{"start":{"line":98,"column":2},"end":{"line":98,"column":9}},"loc":{"start":{"line":98,"column":9},"end":{"line":102,"column":3}}},"9":{"name":"(anonymous_9)","decl":{"start":{"line":105,"column":6},"end":{"line":105,"column":13}},"loc":{"start":{"line":105,"column":13},"end":{"line":109,"column":7}}},"10":{"name":"(anonymous_10)","decl":{"start":{"line":113,"column":6},"end":{"line":113,"column":13}},"loc":{"start":{"line":113,"column":13},"end":{"line":120,"column":7}}}},"branchMap":{"0":{"loc":{"start":{"line":52,"column":6},"end":{"line":54,"column":null}},"type":"if","locations":[{"start":{"line":52,"column":6},"end":{"line":54,"column":null}}]},"1":{"loc":{"start":{"line":55,"column":34},"end":{"line":55,"column":103}},"type":"cond-expr","locations":[{"start":{"line":55,"column":44},"end":{"line":55,"column":85}},{"start":{"line":55,"column":88},"end":{"line":55,"column":103}}]},"2":{"loc":{"start":{"line":63,"column":6},"end":{"line":66,"column":null}},"type":"if","locations":[{"start":{"line":63,"column":6},"end":{"line":66,"column":null}}]},"3":{"loc":{"start":{"line":69,"column":8},"end":{"line":72,"column":null}},"type":"if","locations":[{"start":{"line":69,"column":8},"end":{"line":72,"column":null}}]},"4":{"loc":{"start":{"line":74,"column":8},"end":{"line":77,"column":null}},"type":"if","locations":[{"start":{"line":74,"column":8},"end":{"line":77,"column":null}}]},"5":{"loc":{"start":{"line":80,"column":6},"end":{"line":83,"column":null}},"type":"if","locations":[{"start":{"line":80,"column":6},"end":{"line":83,"column":null}}]},"6":{"loc":{"start":{"line":88,"column":6},"end":{"line":95,"column":null}},"type":"if","locations":[{"start":{"line":88,"column":6},"end":{"line":95,"column":null}}]},"7":{"loc":{"start":{"line":106,"column":8},"end":{"line":108,"column":null}},"type":"if","locations":[{"start":{"line":106,"column":8},"end":{"line":108,"column":null}}]},"8":{"loc":{"start":{"line":114,"column":8},"end":{"line":119,"column":null}},"type":"if","locations":[{"start":{"line":114,"column":8},"end":{"line":119,"column":null}}]}},"s":{"0":24,"1":1,"2":1,"3":1,"4":1,"5":0,"6":0,"7":0,"8":0,"9":0,"10":0,"11":1,"12":0,"13":0,"14":1,"15":1,"16":2,"17":0,"18":0,"19":2,"20":2,"21":0,"22":0,"23":2,"24":1,"25":2,"26":0,"27":0,"28":1,"29":1,"30":1,"31":1,"32":1,"33":1,"34":1,"35":2,"36":2,"37":24,"38":140,"39":140,"40":26,"41":26,"42":2,"43":2},"f":{"0":24,"1":1,"2":1,"3":0,"4":0,"5":1,"6":2,"7":1,"8":24,"9":140,"10":26},"b":{"0":[0],"1":[0,0],"2":[0],"3":[0],"4":[0],"5":[0],"6":[1],"7":[140],"8":[26]}}
,"/home/ubwsx/matpay/src/dialogs/SplitModifyDialog.vue": {"path":"/home/ubwsx/matpay/src/dialogs/SplitModifyDialog.vue","statementMap":{"0":{"start":{"line":26,"column":4},"end":{"line":31,"column":null}},"1":{"start":{"line":38,"column":6},"end":{"line":38,"column":null}},"2":{"start":{"line":39,"column":6},"end":{"line":39,"column":null}},"3":{"start":{"line":42,"column":6},"end":{"line":42,"column":null}},"4":{"start":{"line":43,"column":6},"end":{"line":43,"column":null}},"5":{"start":{"line":46,"column":22},"end":{"line":49,"column":8}},"6":{"start":{"line":50,"column":6},"end":{"line":50,"column":null}},"7":{"start":{"line":51,"column":6},"end":{"line":51,"column":null}},"8":{"start":{"line":51,"column":23},"end":{"line":51,"column":37}},"9":{"start":{"line":54,"column":51},"end":{"line":54,"column":53}},"10":{"start":{"line":55,"column":6},"end":{"line":66,"column":null}},"11":{"start":{"line":56,"column":8},"end":{"line":59,"column":null}},"12":{"start":{"line":57,"column":10},"end":{"line":57,"column":null}},"13":{"start":{"line":58,"column":10},"end":{"line":58,"column":16}},"14":{"start":{"line":60,"column":20},"end":{"line":60,"column":40}},"15":{"start":{"line":61,"column":8},"end":{"line":64,"column":null}},"16":{"start":{"line":62,"column":10},"end":{"line":62,"column":null}},"17":{"start":{"line":63,"column":10},"end":{"line":63,"column":16}},"18":{"start":{"line":65,"column":8},"end":{"line":65,"column":null}},"19":{"start":{"line":67,"column":6},"end":{"line":70,"column":null}},"20":{"start":{"line":67,"column":50},"end":{"line":67,"column":57}},"21":{"start":{"line":68,"column":8},"end":{"line":68,"column":null}},"22":{"start":{"line":69,"column":8},"end":{"line":69,"column":14}},"23":{"start":{"line":71,"column":6},"end":{"line":71,"column":null}},"24":{"start":{"line":72,"column":6},"end":{"line":72,"column":null}},"25":{"start":{"line":76,"column":4},"end":{"line":78,"column":null}},"26":{"start":{"line":83,"column":8},"end":{"line":87,"column":null}},"27":{"start":{"line":84,"column":10},"end":{"line":86,"column":null}},"28":{"start":{"line":85,"column":12},"end":{"line":85,"column":null}}},"fnMap":{"0":{"name":"(anonymous_0)","decl":{"start":{"line":25,"column":2},"end":{"line":25,"column":6}},"loc":{"start":{"line":25,"column":6},"end":{"line":32,"column":3}}},"1":{"name":"(anonymous_1)","decl":{"start":{"line":37,"column":4},"end":{"line":37,"column":8}},"loc":{"start":{"line":37,"column":8},"end":{"line":40,"column":5}}},"2":{"name":"(anonymous_2)","decl":{"start":{"line":41,"column":4},"end":{"line":41,"column":8}},"loc":{"start":{"line":41,"column":8},"end":{"line":44,"column":5}}},"3":{"name":"(anonymous_3)","decl":{"start":{"line":45,"column":4},"end":{"line":45,"column":16}},"loc":{"start":{"line":45,"column":48},"end":{"line":52,"column":5}}},"4":{"name":"(anonymous_4)","decl":{"start":{"line":51,"column":17},"end":{"line":51,"column":20}},"loc":{"start":{"line":51,"column":23},"end":{"line":51,"column":37}}},"5":{"name":"(anonymous_5)","decl":{"start":{"line":53,"column":4},"end":{"line":53,"column":17}},"loc":{"start":{"line":53,"column":17},"end":{"line":73,"column":5}}},"6":{"name":"(anonymous_6)","decl":{"start":{"line":67,"column":38},"end":{"line":67,"column":39}},"loc":{"start":{"line":67,"column":50},"end":{"line":67,"column":57}}},"7":{"name":"(anonymous_7)","decl":{"start":{"line":75,"column":2},"end":{"line":75,"column":9}},"loc":{"start":{"line":75,"column":9},"end":{"line":79,"column":3}}},"8":{"name":"(anonymous_8)","decl":{"start":{"line":82,"column":6},"end":{"line":82,"column":13}},"loc":{"start":{"line":82,"column":13},"end":{"line":88,"column":7}}}},"branchMap":{"0":{"loc":{"start":{"line":56,"column":8},"end":{"line":59,"column":null}},"type":"if","locations":[{"start":{"line":56,"column":8},"end":{"line":59,"column":null}}]},"1":{"loc":{"start":{"line":61,"column":8},"end":{"line":64,"column":null}},"type":"if","locations":[{"start":{"line":61,"column":8},"end":{"line":64,"column":null}}]},"2":{"loc":{"start":{"line":67,"column":6},"end":{"line":70,"column":null}},"type":"if","locations":[{"start":{"line":67,"column":6},"end":{"line":70,"column":null}}]},"3":{"loc":{"start":{"line":83,"column":8},"end":{"line":87,"column":null}},"type":"if","locations":[{"start":{"line":83,"column":8},"end":{"line":87,"column":null}}]}},"s":{"0":2,"1":0,"2":0,"3":0,"4":0,"5":0,"6":0,"7":0,"8":0,"9":0,"10":0,"11":0,"12":0,"13":0,"14":0,"15":0,"16":0,"17":0,"18":0,"19":0,"20":0,"21":0,"22":0,"23":0,"24":0,"25":2,"26":2,"27":2,"28":4},"f":{"0":2,"1":0,"2":0,"3":0,"4":0,"5":0,"6":0,"7":2,"8":2},"b":{"0":[0],"1":[0],"2":[0],"3":[2]}}
,"/home/ubwsx/matpay/src/dialogs/UserInviteDialog.vue": {"path":"/home/ubwsx/matpay/src/dialogs/UserInviteDialog.vue","statementMap":{"0":{"start":{"line":15,"column":4},"end":{"line":19,"column":null}},"1":{"start":{"line":35,"column":6},"end":{"line":35,"column":null}},"2":{"start":{"line":36,"column":6},"end":{"line":36,"column":null}},"3":{"start":{"line":39,"column":6},"end":{"line":39,"column":null}},"4":{"start":{"line":40,"column":6},"end":{"line":40,"column":null}},"5":{"start":{"line":43,"column":22},"end":{"line":46,"column":8}},"6":{"start":{"line":47,"column":6},"end":{"line":47,"column":null}},"7":{"start":{"line":48,"column":6},"end":{"line":48,"column":null}},"8":{"start":{"line":48,"column":23},"end":{"line":48,"column":37}},"9":{"start":{"line":51,"column":6},"end":{"line":68,"column":null}},"10":{"start":{"line":52,"column":8},"end":{"line":52,"column":null}},"11":{"start":{"line":53,"column":13},"end":{"line":68,"column":null}},"12":{"start":{"line":54,"column":8},"end":{"line":54,"column":null}},"13":{"start":{"line":56,"column":8},"end":{"line":67,"column":null}},"14":{"start":{"line":57,"column":10},"end":{"line":61,"column":null}},"15":{"start":{"line":62,"column":10},"end":{"line":62,"column":null}},"16":{"start":{"line":63,"column":10},"end":{"line":63,"column":null}},"17":{"start":{"line":64,"column":10},"end":{"line":64,"column":null}},"18":{"start":{"line":66,"column":10},"end":{"line":66,"column":null}},"19":{"start":{"line":72,"column":4},"end":{"line":74,"column":null}}},"fnMap":{"0":{"name":"(anonymous_0)","decl":{"start":{"line":14,"column":2},"end":{"line":14,"column":6}},"loc":{"start":{"line":14,"column":6},"end":{"line":20,"column":3}}},"1":{"name":"(anonymous_1)","decl":{"start":{"line":34,"column":4},"end":{"line":34,"column":8}},"loc":{"start":{"line":34,"column":8},"end":{"line":37,"column":5}}},"2":{"name":"(anonymous_2)","decl":{"start":{"line":38,"column":4},"end":{"line":38,"column":8}},"loc":{"start":{"line":38,"column":8},"end":{"line":41,"column":5}}},"3":{"name":"(anonymous_3)","decl":{"start":{"line":42,"column":4},"end":{"line":42,"column":16}},"loc":{"start":{"line":42,"column":33},"end":{"line":49,"column":5}}},"4":{"name":"(anonymous_4)","decl":{"start":{"line":48,"column":17},"end":{"line":48,"column":20}},"loc":{"start":{"line":48,"column":23},"end":{"line":48,"column":37}}},"5":{"name":"(anonymous_5)","decl":{"start":{"line":50,"column":4},"end":{"line":50,"column":9}},"loc":{"start":{"line":50,"column":19},"end":{"line":69,"column":5}}},"6":{"name":"(anonymous_6)","decl":{"start":{"line":71,"column":2},"end":{"line":71,"column":9}},"loc":{"start":{"line":71,"column":9},"end":{"line":75,"column":3}}}},"branchMap":{"0":{"loc":{"start":{"line":51,"column":6},"end":{"line":68,"column":null}},"type":"if","locations":[{"start":{"line":51,"column":6},"end":{"line":68,"column":null}},{"start":{"line":53,"column":13},"end":{"line":68,"column":null}}]},"1":{"loc":{"start":{"line":51,"column":10},"end":{"line":51,"column":60}},"type":"binary-expr","locations":[{"start":{"line":51,"column":10},"end":{"line":51,"column":30}},{"start":{"line":51,"column":34},"end":{"line":51,"column":60}}]},"2":{"loc":{"start":{"line":53,"column":13},"end":{"line":68,"column":null}},"type":"if","locations":[{"start":{"line":53,"column":13},"end":{"line":68,"column":null}},{"start":{"line":55,"column":13},"end":{"line":68,"column":null}}]}},"s":{"0":24,"1":6,"2":6,"3":4,"4":4,"5":2,"6":2,"7":2,"8":0,"9":6,"10":2,"11":4,"12":0,"13":4,"14":4,"15":4,"16":4,"17":4,"18":0,"19":24},"f":{"0":24,"1":6,"2":4,"3":2,"4":0,"5":6,"6":24},"b":{"0":[2,4],"1":[6,4],"2":[0,4]}}
,"/home/ubwsx/matpay/src/interface/tx_event.interface.ts": {"path":"/home/ubwsx/matpay/src/interface/tx_event.interface.ts","statementMap":{"0":{"start":{"line":71,"column":30},"end":{"line":77,"column":null}},"1":{"start":{"line":79,"column":38},"end":{"line":84,"column":null}}},"fnMap":{},"branchMap":{},"s":{"0":35,"1":35},"f":{},"b":{}}
,"/home/ubwsx/matpay/src/router/index.ts": {"path":"/home/ubwsx/matpay/src/router/index.ts","statementMap":{"0":{"start":{"line":8,"column":45},"end":{"line":40,"column":null}},"1":{"start":{"line":42,"column":15},"end":{"line":45,"column":2}},"2":{"start":{"line":46,"column":0},"end":{"line":53,"column":null}},"3":{"start":{"line":47,"column":2},"end":{"line":49,"column":null}},"4":{"start":{"line":48,"column":4},"end":{"line":48,"column":10}},"5":{"start":{"line":50,"column":2},"end":{"line":52,"column":null}},"6":{"start":{"line":51,"column":4},"end":{"line":51,"column":null}}},"fnMap":{"0":{"name":"(anonymous_0)","decl":{"start":{"line":46,"column":18},"end":{"line":46,"column":19}},"loc":{"start":{"line":46,"column":31},"end":{"line":53,"column":1}}}},"branchMap":{"0":{"loc":{"start":{"line":47,"column":2},"end":{"line":49,"column":null}},"type":"if","locations":[{"start":{"line":47,"column":2},"end":{"line":49,"column":null}}]},"1":{"loc":{"start":{"line":47,"column":6},"end":{"line":47,"column":51}},"type":"binary-expr","locations":[{"start":{"line":47,"column":6},"end":{"line":47,"column":25}},{"start":{"line":47,"column":29},"end":{"line":47,"column":51}}]},"2":{"loc":{"start":{"line":50,"column":2},"end":{"line":52,"column":null}},"type":"if","locations":[{"start":{"line":50,"column":2},"end":{"line":52,"column":null}}]}},"s":{"0":35,"1":35,"2":35,"3":77,"4":20,"5":57,"6":5},"f":{"0":77},"b":{"0":[20],"1":[77,57],"2":[5]}}
[...]
mn":59},"end":{"line":34,"column":1}}},"8":{"name":"(anonymous_8)","decl":{"start":{"line":35,"column":27},"end":{"line":35,"column":28}},"loc":{"start":{"line":35,"column":61},"end":{"line":40,"column":1}}},"9":{"name":"build_graph","decl":{"start":{"line":42,"column":16},"end":{"line":42,"column":27}},"loc":{"start":{"line":42,"column":62},"end":{"line":71,"column":1}}},"10":{"name":"(anonymous_10)","decl":{"start":{"line":56,"column":73},"end":{"line":56,"column":74}},"loc":{"start":{"line":56,"column":78},"end":{"line":56,"column":107}}},"11":{"name":"optimize_graph","decl":{"start":{"line":73,"column":16},"end":{"line":73,"column":30}},"loc":{"start":{"line":73,"column":46},"end":{"line":80,"column":1}}},"12":{"name":"(anonymous_12)","decl":{"start":{"line":77,"column":32},"end":{"line":77,"column":33}},"loc":{"start":{"line":77,"column":42},"end":{"line":77,"column":66}}},"13":{"name":"transform_path","decl":{"start":{"line":82,"column":9},"end":{"line":82,"column":23}},"loc":{"start":{"line":82,"column":39},"end":{"line":160,"column":1}}},"14":{"name":"dfs_visit","decl":{"start":{"line":97,"column":11},"end":{"line":97,"column":20}},"loc":{"start":{"line":97,"column":40},"end":{"line":111,"column":3}}},"15":{"name":"(anonymous_15)","decl":{"start":{"line":123,"column":80},"end":{"line":123,"column":81}},"loc":{"start":{"line":123,"column":85},"end":{"line":123,"column":117}}},"16":{"name":"(anonymous_16)","decl":{"start":{"line":128,"column":84},"end":{"line":128,"column":85}},"loc":{"start":{"line":128,"column":89},"end":{"line":128,"column":121}}},"17":{"name":"(anonymous_17)","decl":{"start":{"line":137,"column":86},"end":{"line":137,"column":87}},"loc":{"start":{"line":137,"column":91},"end":{"line":137,"column":123}}},"18":{"name":"transform_to_dag","decl":{"start":{"line":162,"column":9},"end":{"line":162,"column":25}},"loc":{"start":{"line":162,"column":41},"end":{"line":195,"column":1}}},"19":{"name":"(anonymous_19)","decl":{"start":{"line":183,"column":54},"end":{"line":183,"column":55}},"loc":{"start":{"line":183,"column":59},"end":{"line":183,"column":80}}},"20":{"name":"(anonymous_20)","decl":{"start":{"line":187,"column":41},"end":{"line":187,"column":42}},"loc":{"start":{"line":187,"column":46},"end":{"line":187,"column":67}}},"21":{"name":"(anonymous_21)","decl":{"start":{"line":192,"column":65},"end":{"line":192,"column":66}},"loc":{"start":{"line":192,"column":70},"end":{"line":192,"column":80}}},"22":{"name":"dfs","decl":{"start":{"line":197,"column":9},"end":{"line":197,"column":12}},"loc":{"start":{"line":200,"column":36},"end":{"line":212,"column":1}}}},"branchMap":{"0":{"loc":{"start":{"line":11,"column":2},"end":{"line":15,"column":null}},"type":"if","locations":[{"start":{"line":11,"column":2},"end":{"line":15,"column":null}},{"start":{"line":13,"column":9},"end":{"line":15,"column":null}}]},"1":{"loc":{"start":{"line":19,"column":2},"end":{"line":29,"column":null}},"type":"if","locations":[{"start":{"line":19,"column":2},"end":{"line":29,"column":null}},{"start":{"line":24,"column":9},"end":{"line":29,"column":null}}]},"2":{"loc":{"start":{"line":49,"column":6},"end":{"line":51,"column":null}},"type":"if","locations":[{"start":{"line":49,"column":6},"end":{"line":51,"column":null}}]},"3":{"loc":{"start":{"line":53,"column":6},"end":{"line":55,"column":null}},"type":"if","locations":[{"start":{"line":53,"column":6},"end":{"line":55,"column":null}}]},"4":{"loc":{"start":{"line":57,"column":6},"end":{"line":67,"column":null}},"type":"if","locations":[{"start":{"line":57,"column":6},"end":{"line":67,"column":null}},{"start":{"line":61,"column":13},"end":{"line":67,"column":null}}]},"5":{"loc":{"start":{"line":83,"column":2},"end":{"line":86,"column":null}},"type":"if","locations":[{"start":{"line":83,"column":2},"end":{"line":86,"column":null}}]},"6":{"loc":{"start":{"line":98,"column":4},"end":{"line":100,"column":null}},"type":"if","locations":[{"start":{"line":98,"column":4},"end":{"line":100,"column":null}}]},"7":{"loc":{"start":{"line":101,"column":4},"end":{"line":103,"column":null}},"type":"if","locations":[{"start":{"line":101,"column":4},"end":{"line":103,"column":null}}]},"8":{"loc":{"start":{"line":115,"column":4},"end":{"line":117,"column":null}},"type":"if","locations":[{"start":{"line":115,"column":4},"end":{"line":117,"column":null}}]},"9":{"loc":{"start":{"line":125,"column":6},"end":{"line":156,"column":null}},"type":"if","locations":[{"start":{"line":125,"column":6},"end":{"line":156,"column":null}}]},"10":{"loc":{"start":{"line":130,"column":10},"end":{"line":154,"column":null}},"type":"if","locations":[{"start":{"line":130,"column":10},"end":{"line":154,"column":null}}]},"11":{"loc":{"start":{"line":138,"column":12},"end":{"line":142,"column":null}},"type":"if","locations":[{"start":{"line":138,"column":12},"end":{"line":142,"column":null}},{"start":{"line":140,"column":19},"end":{"line":142,"column":null}}]},"12":{"loc":{"start":{"line":144,"column":12},"end":{"line":148,"column":null}},"type":"if","locations":[{"start":{"line":144,"column":12},"end":{"line":148,"column":null}}]},"13":{"loc":{"start":{"line":149,"column":12},"end":{"line":153,"column":null}},"type":"if","locations":[{"start":{"line":149,"column":12},"end":{"line":153,"column":null}}]},"14":{"loc":{"start":{"line":168,"column":6},"end":{"line":170,"column":null}},"type":"if","locations":[{"start":{"line":168,"column":6},"end":{"line":170,"column":null}}]},"15":{"loc":{"start":{"line":202,"column":4},"end":{"line":205,"column":null}},"type":"if","locations":[{"start":{"line":202,"column":4},"end":{"line":205,"column":null}}]},"16":{"loc":{"start":{"line":206,"column":4},"end":{"line":210,"column":null}},"type":"if","locations":[{"start":{"line":206,"column":4},"end":{"line":210,"column":null}}]}},"s":{"0":5,"1":35,"2":292,"3":0,"4":0,"5":292,"6":584,"7":35,"8":374,"9":374,"10":2,"11":4,"12":2,"13":4,"14":372,"15":744,"16":372,"17":744,"18":374,"19":35,"20":786,"21":35,"22":1211,"23":13,"24":13,"25":42,"26":84,"27":13,"28":84,"29":13,"30":84,"31":126,"32":84,"33":56,"34":28,"35":13,"36":13,"37":13,"38":26,"39":0,"40":13,"41":13,"42":13,"43":0,"44":0,"45":0,"46":0,"47":0,"48":0,"49":0,"50":0,"51":0,"52":0,"53":0,"54":0,"55":0,"56":0,"57":0,"58":0,"59":0,"60":0,"61":0,"62":0,"63":0,"64":0,"65":0,"66":0,"67":0,"68":0,"69":0,"70":0,"71":0,"72":0,"73":0,"74":0,"75":0,"76":0,"77":0,"78":0,"79":0,"80":0,"81":0,"82":0,"83":0,"84":0,"85":0,"86":0,"87":0,"88":0,"89":13,"90":13,"91":13,"92":26,"93":16,"94":14,"95":13,"96":13,"97":13,"98":26,"99":13,"100":13,"101":13,"102":2,"103":2,"104":2,"105":4,"106":4,"107":2,"108":2,"109":2,"110":4,"111":4,"112":13,"113":26,"114":14,"115":13,"116":42,"117":18,"118":2,"119":18,"120":16,"121":16,"122":16},"f":{"0":5,"1":292,"2":0,"3":584,"4":374,"5":4,"6":744,"7":786,"8":1211,"9":13,"10":126,"11":13,"12":0,"13":13,"14":0,"15":0,"16":0,"17":0,"18":13,"19":4,"20":4,"21":14,"22":42},"b":{"0":[0,292],"1":[2,372],"2":[13],"3":[13],"4":[56,28],"5":[13],"6":[0],"7":[0],"8":[0],"9":[0],"10":[0],"11":[0,0],"12":[0],"13":[0],"14":[14],"15":[2],"16":[16]}}
,"/home/ubwsx/matpay/src/views/Register.vue": {"path":"/home/ubwsx/matpay/src/views/Register.vue","statementMap":{"0":{"start":{"line":7,"column":4},"end":{"line":8,"column":null}}},"fnMap":{"0":{"name":"(anonymous_0)","decl":{"start":{"line":6,"column":2},"end":{"line":6,"column":6}},"loc":{"start":{"line":6,"column":6},"end":{"line":9,"column":3}}}},"branchMap":{},"s":{"0":0},"f":{"0":0},"b":{}}
,"/home/ubwsx/matpay/src/views/RoomDetail.vue": {"path":"/home/ubwsx/matpay/src/views/RoomDetail.vue","statementMap":{"0":{"start":{"line":12,"column":4},"end":{"line":16,"column":null}},"1":{"start":{"line":32,"column":6},"end":{"line":32,"column":null}},"2":{"start":{"line":35,"column":6},"end":{"line":39,"column":null}},"3":{"start":{"line":36,"column":8},"end":{"line":36,"column":null}},"4":{"start":{"line":38,"column":8},"end":{"line":38,"column":null}},"5":{"start":{"line":42,"column":6},"end":{"line":46,"column":null}},"6":{"start":{"line":43,"column":8},"end":{"line":43,"column":null}},"7":{"start":{"line":45,"column":8},"end":{"line":45,"column":null}},"8":{"start":{"line":60,"column":6},"end":{"line":60,"column":null}},"9":{"start":{"line":63,"column":6},"end":{"line":63,"column":null}},"10":{"start":{"line":64,"column":6},"end":{"line":66,"column":null}},"11":{"start":{"line":65,"column":8},"end":{"line":65,"column":null}},"12":{"start":{"line":69,"column":6},"end":{"line":75,"column":null}},"13":{"start":{"line":70,"column":8},"end":{"line":72,"column":null}},"14":{"start":{"line":74,"column":8},"end":{"line":74,"column":null}},"15":{"start":{"line":79,"column":4},"end":{"line":99,"column":null}},"16":{"start":{"line":80,"column":6},"end":{"line":80,"column":null}},"17":{"start":{"line":81,"column":6},"end":{"line":88,"column":null}},"18":{"start":{"line":82,"column":8},"end":{"line":87,"column":null}},"19":{"start":{"line":89,"column":6},"end":{"line":91,"column":null}},"20":{"start":{"line":92,"column":6},"end":{"line":96,"column":null}},"21":{"start":{"line":95,"column":8},"end":{"line":95,"column":null}},"22":{"start":{"line":98,"column":6},"end":{"line":98,"column":null}}},"fnMap":{"0":{"name":"(anonymous_0)","decl":{"start":{"line":11,"column":2},"end":{"line":11,"column":6}},"loc":{"start":{"line":11,"column":6},"end":{"line":17,"column":3}}},"1":{"name":"(anonymous_1)","decl":{"start":{"line":31,"column":4},"end":{"line":31,"column":11}},"loc":{"start":{"line":31,"column":11},"end":{"line":33,"column":5}}},"2":{"name":"(anonymous_2)","decl":{"start":{"line":34,"column":4},"end":{"line":34,"column":14}},"loc":{"start":{"line":34,"column":14},"end":{"line":40,"column":5}}},"3":{"name":"(anonymous_3)","decl":{"start":{"line":41,"column":4},"end":{"line":41,"column":13}},"loc":{"start":{"line":41,"column":13},"end":{"line":47,"column":5}}},"4":{"name":"(anonymous_4)","decl":{"start":{"line":59,"column":4},"end":{"line":59,"column":12}},"loc":{"start":{"line":59,"column":27},"end":{"line":61,"column":5}}},"5":{"name":"(anonymous_5)","decl":{"start":{"line":62,"column":4},"end":{"line":62,"column":14}},"loc":{"start":{"line":62,"column":31},"end":{"line":67,"column":5}}},"6":{"name":"(anonymous_6)","decl":{"start":{"line":64,"column":17},"end":{"line":64,"column":20}},"loc":{"start":{"line":64,"column":22},"end":{"line":66,"column":7}}},"7":{"name":"(anonymous_7)","decl":{"start":{"line":68,"column":4},"end":{"line":68,"column":16}},"loc":{"start":{"line":68,"column":16},"end":{"line":76,"column":5}}},"8":{"name":"(anonymous_8)","decl":{"start":{"line":78,"column":2},"end":{"line":78,"column":7}},"loc":{"start":{"line":78,"column":15},"end":{"line":100,"column":3}}},"9":{"name":"(anonymous_9)","decl":{"start":{"line":94,"column":14},"end":{"line":94,"column":17}},"loc":{"start":{"line":94,"column":19},"end":{"line":96,"column":7}}}},"branchMap":{"0":{"loc":{"start":{"line":81,"column":6},"end":{"line":88,"column":null}},"type":"if","locations":[{"start":{"line":81,"column":6},"end":{"line":88,"column":null}}]}},"s":{"0":24,"1":24,"2":36,"3":36,"4":6,"5":230,"6":230,"7":135,"8":0,"9":4,"10":4,"11":0,"12":0,"13":0,"14":0,"15":24,"16":24,"17":24,"18":0,"19":24,"20":24,"21":22,"22":0},"f":{"0":24,"1":24,"2":36,"3":230,"4":0,"5":4,"6":0,"7":0,"8":24,"9":22},"b":{"0":[0]}}
,"/home/ubwsx/matpay/src/views/RoomTxHistory.vue": {"path":"/home/ubwsx/matpay/src/views/RoomTxHistory.vue","statementMap":{"0":{"start":{"line":14,"column":4},"end":{"line":23,"column":null}},"1":{"start":{"line":34,"column":6},"end":{"line":34,"column":null}},"2":{"start":{"line":37,"column":6},"end":{"line":37,"column":null}},"3":{"start":{"line":40,"column":6},"end":{"line":40,"column":null}},"4":{"start":{"line":43,"column":6},"end":{"line":58,"column":null}},"5":{"start":{"line":44,"column":49},"end":{"line":44,"column":101}},"6":{"start":{"line":45,"column":8},"end":{"line":50,"column":null}},"7":{"start":{"line":46,"column":10},"end":{"line":49,"column":null}},"8":{"start":{"line":47,"column":17},"end":{"line":48,"column":69}},"9":{"start":{"line":48,"column":31},"end":{"line":48,"column":45}},"10":{"start":{"line":51,"column":8},"end":{"line":54,"column":null}},"11":{"start":{"line":53,"column":10},"end":{"line":53,"column":null}},"12":{"start":{"line":53,"column":38},"end":{"line":53,"column":108}},"13":{"start":{"line":55,"column":8},"end":{"line":55,"column":null}},"14":{"start":{"line":57,"column":8},"end":{"line":57,"column":null}},"15":{"start":{"line":72,"column":6},"end":{"line":78,"column":null}},"16":{"start":{"line":73,"column":8},"end":{"line":73,"column":null}},"17":{"start":{"line":74,"column":8},"end":{"line":74,"column":null}},"18":{"start":{"line":76,"column":8},"end":{"line":76,"column":null}},"19":{"start":{"line":77,"column":8},"end":{"line":77,"column":null}},"20":{"start":{"line":81,"column":6},"end":{"line":81,"column":null}},"21":{"start":{"line":85,"column":4},"end":{"line":108,"column":null}},"22":{"start":{"line":86,"column":6},"end":{"line":86,"column":null}},"23":{"start":{"line":87,"column":6},"end":{"line":94,"column":null}},"24":{"start":{"line":88,"column":8},"end":{"line":93,"column":null}},"25":{"start":{"line":95,"column":6},"end":{"line":95,"column":null}},"26":{"start":{"line":96,"column":6},"end":{"line":105,"column":null}},"27":{"start":{"line":99,"column":8},"end":{"line":99,"column":null}},"28":{"start":{"line":100,"column":8},"end":{"line":100,"column":null}},"29":{"start":{"line":101,"column":8},"end":{"line":101,"column":null}},"30":{"start":{"line":102,"column":8},"end":{"line":104,"column":null}},"31":{"start":{"line":103,"column":10},"end":{"line":103,"column":null}},"32":{"start":{"line":107,"column":6},"end":{"line":107,"column":null}},"33":{"start":{"line":113,"column":8},"end":{"line":119,"column":null}},"34":{"start":{"line":114,"column":29},"end":{"line":114,"column":91}},"35":{"start":{"line":114,"column":54},"end":{"line":114,"column":90}},"36":{"start":{"line":115,"column":10},"end":{"line":118,"column":null}},"37":{"start":{"line":116,"column":12},"end":{"line":116,"column":null}},"38":{"start":{"line":117,"column":12},"end":{"line":117,"column":null}},"39":{"start":{"line":125,"column":8},"end":{"line":125,"column":null}},"40":{"start":{"line":126,"column":8},"end":{"line":126,"column":null}},"41":{"start":{"line":132,"column":8},"end":{"line":132,"column":null}},"42":{"start":{"line":133,"column":8},"end":{"line":133,"column":null}}},"fnMap":{"0":{"name":"(anonymous_0)","decl":{"start":{"line":13,"column":2},"end":{"line":13,"column":6}},"loc":{"start":{"line":13,"column":6},"end":{"line":24,"column":3}}},"1":{"name":"(anonymous_1)","decl":{"start":{"line":33,"column":4},"end":{"line":33,"column":11}},"loc":{"start":{"line":33,"column":11},"end":{"line":35,"column":5}}},"2":{"name":"(anonymous_2)","decl":{"start":{"line":36,"column":4},"end":{"line":36,"column":20}},"loc":{"start":{"line":36,"column":20},"end":{"line":38,"column":5}}},"3":{"name":"(anonymous_3)","decl":{"start":{"line":39,"column":4},"end":{"line":39,"column":11}},"loc":{"start":{"line":39,"column":11},"end":{"line":41,"column":5}}},"4":{"name":"(anonymous_4)","decl":{"start":{"line":42,"column":4},"end":{"line":42,"column":11}},"loc":{"start":{"line":42,"column":11},"end":{"line":59,"column":5}}},"5":{"name":"(anonymous_5)","decl":{"start":{"line":47,"column":12},"end":{"line":47,"column":13}},"loc":{"start":{"line":47,"column":17},"end":{"line":48,"column":69}}},"6":{"name":"(anonymous_6)","decl":{"start":{"line":48,"column":24},"end":{"line":48,"column":27}},"loc":{"start":{"line":48,"column":31},"end":{"line":48,"column":45}}},"7":{"name":"(anonymous_7)","decl":{"start":{"line":53,"column":33},"end":{"line":53,"column":34}},"loc":{"start":{"line":53,"column":38},"end":{"line":53,"column":108}}},"8":{"name":"(anonymous_8)","decl":{"start":{"line":71,"column":4},"end":{"line":71,"column":12}},"loc":{"start":{"line":71,"column":36},"end":{"line":79,"column":5}}},"9":{"name":"(anonymous_9)","decl":{"start":{"line":80,"column":4},"end":{"line":80,"column":12}},"loc":{"start":{"line":80,"column":23},"end":{"line":82,"column":5}}},"10":{"name":"(anonymous_10)","decl":{"start":{"line":84,"column":2},"end":{"line":84,"column":7}},"loc":{"start":{"line":84,"column":15},"end":{"line":109,"column":3}}},"11":{"name":"(anonymous_11)","decl":{"start":{"line":98,"column":14},"end":{"line":98,"column":17}},"loc":{"start":{"line":98,"column":19},"end":{"line":105,"column":7}}},"12":{"name":"(anonymous_12)","decl":{"start":{"line":102,"column":42},"end":{"line":102,"column":45}},"loc":{"start":{"line":102,"column":47},"end":{"line":104,"column":9}}},"13":{"name":"(anonymous_13)","decl":{"start":{"line":112,"column":6},"end":{"line":112,"column":13}},"loc":{"start":{"line":112,"column":13},"end":{"line":120,"column":7}}},"14":{"name":"(anonymous_14)","decl":{"start":{"line":114,"column":49},"end":{"line":114,"column":50}},"loc":{"start":{"line":114,"column":54},"end":{"line":114,"column":90}}},"15":{"name":"(anonymous_15)","decl":{"start":{"line":124,"column":6},"end":{"line":124,"column":13}},"loc":{"start":{"line":124,"column":13},"end":{"line":127,"column":7}}},"16":{"name":"(anonymous_16)","decl":{"start":{"line":131,"column":6},"end":{"line":131,"column":13}},"loc":{"start":{"line":131,"column":13},"end":{"line":134,"column":7}}}},"branchMap":{"0":{"loc":{"start":{"line":43,"column":6},"end":{"line":58,"column":null}},"type":"if","locations":[{"start":{"line":43,"column":6},"end":{"line":58,"column":null}},{"start":{"line":56,"column":13},"end":{"line":58,"column":null}}]},"1":{"loc":{"start":{"line":43,"column":10},"end":{"line":43,"column":49}},"type":"binary-expr","locations":[{"start":{"line":43,"column":10},"end":{"line":43,"column":22}},{"start":{"line":43,"column":26},"end":{"line":43,"column":49}}]},"2":{"loc":{"start":{"line":45,"column":8},"end":{"line":50,"column":null}},"type":"if","locations":[{"start":{"line":45,"column":8},"end":{"line":50,"column":null}}]},"3":{"loc":{"start":{"line":47,"column":17},"end":{"line":48,"column":69}},"type":"binary-expr","locations":[{"start":{"line":47,"column":17},"end":{"line":47,"column":48}},{"start":{"line":48,"column":14},"end":{"line":48,"column":69}}]},"4":{"loc":{"start":{"line":51,"column":8},"end":{"line":54,"column":null}},"type":"if","locations":[{"start":{"line":51,"column":8},"end":{"line":54,"column":null}}]},"5":{"loc":{"start":{"line":72,"column":6},"end":{"line":78,"column":null}},"type":"if","locations":[{"start":{"line":72,"column":6},"end":{"line":78,"column":null}},{"start":{"line":75,"column":13},"end":{"line":78,"column":null}}]},"6":{"loc":{"start":{"line":72,"column":10},"end":{"line":72,"column":63}},"type":"binary-expr","locations":[{"start":{"line":72,"column":10},"end":{"line":72,"column":43}},{"start":{"line":72,"column":47},"end":{"line":72,"column":63}}]},"7":{"loc":{"start":{"line":87,"column":6},"end":{"line":94,"column":null}},"type":"if","locations":[{"start":{"line":87,"column":6},"end":{"line":94,"column":null}}]},"8":{"loc":{"start":{"line":113,"column":8},"end":{"line":119,"column":null}},"type":"if","locations":[{"start":{"line":113,"column":8},"end":{"line":119,"column":null}}]},"9":{"loc":{"start":{"line":115,"column":10},"end":{"line":118,"column":null}},"type":"if","locations":[{"start":{"line":115,"column":10},"end":{"line":118,"column":null}}]}},"s":{"0":2,"1":2,"2":2,"3":2,"4":4,"5":2,"6":2,"7":0,"8":0,"9":0,"10":2,"11":0,"12":0,"13":2,"14":2,"15":2,"16":0,"17":0,"18":2,"19":2,"20":0,"21":2,"22":2,"23":2,"24":0,"25":2,"26":2,"27":2,"28":2,"29":2,"30":2,"31":0,"32":0,"33":4,"34":0,"35":0,"36":0,"37":0,"38":0,"39":2,"40":2,"41":2,"42":2},"f":{"0":2,"1":2,"2":2,"3":2,"4":4,"5":0,"6":0,"7":0,"8":2,"9":0,"10":2,"11":2,"12":0,"13":4,"14":0,"15":2,"16":2},"b":{"0":[2,2],"1":[4,4],"2":[0],"3":[0,0],"4":[0],"5":[0,2],"6":[2,0],"7":[0],"8":[0],"9":[0]}}
}
