{"total": {"lines":{"total":1615,"covered":1073,"skipped":0,"pct":66.43},"statements":{"total":1717,"covered":1143,"skipped":0,"pct":66.56},"functions":{"total":479,"covered":356,"skipped":0,"pct":74.32},"branches":{"total":427,"covered":230,"skipped":0,"pct":53.86},"branchesTrue":{"total":0,"covered":0,"skipped":0,"pct":100}}
,"/home/ubwsx/matpay/src/App.vue": {"lines":{"total":3,"covered":3,"skipped":0,"pct":100},"functions":{"total":2,"covered":2,"skipped":0,"pct":100},"statements":{"total":3,"covered":3,"skipped":0,"pct":100},"branches":{"total":0,"covered":0,"skipped":0,"pct":100}}
,"/home/ubwsx/matpay/src/main.ts": {"lines":{"total":20,"covered":18,"skipped":0,"pct":90},"functions":{"total":4,"covered":3,"skipped":0,"pct":75},"statements":{"total":20,"covered":18,"skipped":0,"pct":90},"branches":{"total":5,"covered":4,"skipped":0,"pct":80}}
,"/home/ubwsx/matpay/src/components/ChatComponent.vue": {"lines":{"total":54,"covered":28,"skipped":0,"pct":51.85},"functions":{"total":19,"covered":13,"skipped":0,"pct":68.42},"statements":{"total":54,"covered":28,"skipped":0,"pct":51.85},"branches":{"total":9,"covered":3,"skipped":0,"pct":33.33}}
,"/home/ubwsx/matpay/src/components/ChatMessageBox.vue": {"lines":{"total":1,"covered":1,"skipped":0,"pct":100},"functions":{"total":1,"covered":1,"skipped":0,"pct":100},"statements":{"total":1,"covered":1,"skipped":0,"pct":100},"branches":{"total":0,"covered":0,"skipped":0,"pct":100}}
,"/home/ubwsx/matpay/src/components/MemberList.vue": {"lines":{"total":46,"covered":34,"skipped":0,"pct":73.91},"functions":{"total":16,"covered":14,"skipped":0,"pct":87.5},"statements":{"total":50,"covered":38,"skipped":0,"pct":76},"branches":{"total":11,"covered":8,"skipped":0,"pct":72.72}}
,"/home/ubwsx/matpay/src/components/TxApprovedMessageBox.vue": {"lines":{"total":2,"covered":1,"skipped":0,"pct":50},"functions":{"total":2,"covered":1,"skipped":0,"pct":50},"statements":{"total":2,"covered":1,"skipped":0,"pct":50},"branches":{"total":0,"covered":0,"skipped":0,"pct":100}}
,"/home/ubwsx/matpay/src/components/TxDetail.vue": {"lines":{"total":7,"covered":4,"skipped":0,"pct":57.14},"functions":{"total":5,"covered":3,"skipped":0,"pct":60},"statements":{"total":8,"covered":5,"skipped":0,"pct":62.5},"branches":{"total":2,"covered":1,"skipped":0,"pct":50}}
,"/home/ubwsx/matpay/src/components/TxList.vue": {"lines":{"total":3,"covered":2,"skipped":0,"pct":66.66},"functions":{"total":3,"covered":2,"skipped":0,"pct":66.66},"statements":{"total":3,"covered":2,"skipped":0,"pct":66.66},"branches":{"total":0,"covered":0,"skipped":0,"pct":100}}
,"/home/ubwsx/matpay/src/components/TxPendingMessageBox.vue": {"lines":{"total":11,"covered":2,"skipped":0,"pct":18.18},"functions":{"total":5,"covered":2,"skipped":0,"pct":40},"statements":{"total":11,"covered":2,"skipped":0,"pct":18.18},"branches":{"total":0,"covered":0,"skipped":0,"pct":100}}
,"/home/ubwsx/matpay/src/components/UserCard.vue": {"lines":{"total":27,"covered":14,"skipped":0,"pct":51.85},"functions":{"total":10,"covered":6,"skipped":0,"pct":60},"statements":{"total":27,"covered":14,"skipped":0,"pct":51.85},"branches":{"total":7,"covered":3,"skipped":0,"pct":42.85}}
,"/home/ubwsx/matpay/src/dialogs/ApprovalDialog.vue": {"lines":{"total":11,"covered":5,"skipped":0,"pct":45.45},"functions":{"total":8,"covered":4,"skipped":0,"pct":50},"statements":{"total":11,"covered":5,"skipped":0,"pct":45.45},"branches":{"total":2,"covered":2,"skipped":0,"pct":100}}
,"/home/ubwsx/matpay/src/dialogs/ConfirmDialog.vue": {"lines":{"total":15,"covered":12,"skipped":0,"pct":80},"functions":{"total":7,"covered":6,"skipped":0,"pct":85.71},"statements":{"total":15,"covered":12,"skipped":0,"pct":80},"branches":{"total":1,"covered":0,"skipped":0,"pct":0}}
,"/home/ubwsx/matpay/src/dialogs/CreateRoomDialog.vue": {"lines":{"total":13,"covered":9,"skipped":0,"pct":69.23},"functions":{"total":7,"covered":5,"skipped":0,"pct":71.42},"statements":{"total":14,"covered":9,"skipped":0,"pct":64.28},"branches":{"total":2,"covered":1,"skipped":0,"pct":50}}
,"/home/ubwsx/matpay/src/dialogs/CreateTxDialog.vue": {"lines":{"total":53,"covered":32,"skipped":0,"pct":60.37},"functions":{"total":16,"covered":11,"skipped":0,"pct":68.75},"statements":{"total":58,"covered":33,"skipped":0,"pct":56.89},"branches":{"total":17,"covered":10,"skipped":0,"pct":58.82}}
,"/home/ubwsx/matpay/src/dialogs/DetailDialog.vue": {"lines":{"total":9,"covered":3,"skipped":0,"pct":33.33},"functions":{"total":5,"covered":2,"skipped":0,"pct":40},"statements":{"total":9,"covered":3,"skipped":0,"pct":33.33},"branches":{"total":0,"covered":0,"skipped":0,"pct":100}}
,"/home/ubwsx/matpay/src/dialogs/ModificationDialog.vue": {"lines":{"total":52,"covered":12,"skipped":0,"pct":23.07},"functions":{"total":15,"covered":4,"skipped":0,"pct":26.66},"statements":{"total":55,"covered":12,"skipped":0,"pct":21.81},"branches":{"total":12,"covered":1,"skipped":0,"pct":8.33}}
,"/home/ubwsx/matpay/src/dialogs/SettlementDialog.vue": {"lines":{"total":9,"covered":4,"skipped":0,"pct":44.44},"functions":{"total":5,"covered":2,"skipped":0,"pct":40},"statements":{"total":9,"covered":4,"skipped":0,"pct":44.44},"branches":{"total":1,"covered":1,"skipped":0,"pct":100}}
,"/home/ubwsx/matpay/src/dialogs/SplitCreateDialog.vue": {"lines":{"total":41,"covered":28,"skipped":0,"pct":68.29},"functions":{"total":11,"covered":9,"skipped":0,"pct":81.81},"statements":{"total":44,"covered":30,"skipped":0,"pct":68.18},"branches":{"total":10,"covered":3,"skipped":0,"pct":30}}
,"/home/ubwsx/matpay/src/dialogs/SplitModifyDialog.vue": {"lines":{"total":27,"covered":5,"skipped":0,"pct":18.51},"functions":{"total":9,"covered":3,"skipped":0,"pct":33.33},"statements":{"total":29,"covered":5,"skipped":0,"pct":17.24},"branches":{"total":4,"covered":1,"skipped":0,"pct":25}}
,"/home/ubwsx/matpay/src/dialogs/UserInviteDialog.vue": {"lines":{"total":19,"covered":17,"skipped":0,"pct":89.47},"functions":{"total":7,"covered":6,"skipped":0,"pct":85.71},"statements":{"total":20,"covered":17,"skipped":0,"pct":85},"branches":{"total":6,"covered":5,"skipped":0,"pct":83.33}}
,"/home/ubwsx/matpay/src/interface/tx_event.interface.ts": {"lines":{"total":2,"covered":2,"skipped":0,"pct":100},"functions":{"total":0,"covered":0,"skipped":0,"pct":100},"statements":{"total":2,"covered":2,"skipped":0,"pct":100},"branches":{"total":0,"covered":0,"skipped":0,"pct":100}}
,"/home/ubwsx/matpay/src/router/index.ts": {"lines":{"total":7,"covered":7,"skipped":0,"pct":100},"functions":{"total":1,"covered":1,"skipped":0,"pct":100},"statements":{"total":7,"covered":7,"skipped":0,"pct":100},"branches":{"total":4,"covered":4,"skipped":0,"pct":100}}
,"/home/ubwsx/matpay/src/store/auth.ts": {"lines":{"total":28,"covered":26,"skipped":0,"pct":92.85},"functions":{"total":11,"covered":10,"skipped":0,"pct":90.9},"statements":{"total":29,"covered":27,"skipped":0,"pct":93.1},"branches":{"total":14,"covered":13,"skipped":0,"pct":92.85}}
,"/home/ubwsx/matpay/src/store/chat.ts": {"lines":{"total":61,"covered":49,"skipped":0,"pct":80.32},"functions":{"total":21,"covered":17,"skipped":0,"pct":80.95},"statements":{"total":64,"covered":52,"skipped":0,"pct":81.25},"branches":{"total":15,"covered":12,"skipped":0,"pct":80}}
,"/home/ubwsx/matpay/src/store/index.ts": {"lines":{"total":36,"covered":36,"skipped":0,"pct":100},"functions":{"total":4,"covered":4,"skipped":0,"pct":100},"statements":{"total":36,"covered":36,"skipped":0,"pct":100},"branches":{"total":15,"covered":14,"skipped":0,"pct":93.33}}
,"/home/ubwsx/matpay/src/store/rooms.ts": {"lines":{"total":144,"covered":116,"skipped":0,"pct":80.55},"functions":{"total":57,"covered":48,"skipped":0,"pct":84.21},"statements":{"total":161,"covered":131,"skipped":0,"pct":81.36},"branches":{"total":47,"covered":31,"skipped":0,"pct":65.95}}
,"/home/ubwsx/matpay/src/store/sync.ts": {"lines":{"total":205,"covered":182,"skipped":0,"pct":88.78},"functions":{"total":40,"covered":36,"skipped":0,"pct":90},"statements":{"total":214,"covered":191,"skipped":0,"pct":89.25},"branches":{"total":63,"covered":46,"skipped":0,"pct":73.01}}
,"/home/ubwsx/matpay/src/store/tx.ts": {"lines":{"total":407,"covered":213,"skipped":0,"pct":52.33},"functions":{"total":92,"covered":70,"skipped":0,"pct":76.08},"statements":{"total":438,"covered":236,"skipped":0,"pct":53.88},"branches":{"total":105,"covered":24,"skipped":0,"pct":22.85}}
,"/home/ubwsx/matpay/src/store/user.ts": {"lines":{"total":74,"covered":63,"skipped":0,"pct":85.13},"functions":{"total":27,"covered":23,"skipped":0,"pct":85.18},"statements":{"total":76,"covered":65,"skipped":0,"pct":85.52},"branches":{"total":26,"covered":18,"skipped":0,"pct":69.23}}
,"/home/ubwsx/matpay/src/tabs/Login.vue": {"lines":{"total":14,"covered":11,"skipped":0,"pct":78.57},"functions":{"total":3,"covered":3,"skipped":0,"pct":100},"statements":{"total":14,"covered":11,"skipped":0,"pct":78.57},"branches":{"total":7,"covered":5,"skipped":0,"pct":71.42}}
,"/home/ubwsx/matpay/src/tabs/Rooms.vue": {"lines":{"total":34,"covered":25,"skipped":0,"pct":73.52},"functions":{"total":12,"covered":10,"skipped":0,"pct":83.33},"statements":{"total":34,"covered":25,"skipped":0,"pct":73.52},"branches":{"total":4,"covered":3,"skipped":0,"pct":75}}
,"/home/ubwsx/matpay/src/utils/ContentRepository.ts": {"lines":{"total":8,"covered":0,"skipped":0,"pct":0},"functions":{"total":3,"covered":0,"skipped":0,"pct":0},"statements":{"total":8,"covered":0,"skipped":0,"pct":0},"branches":{"total":1,"covered":0,"skipped":0,"pct":0}}
,"/home/ubwsx/matpay/src/utils/consts.ts": {"lines":{"total":1,"covered":1,"skipped":0,"pct":100},"functions":{"total":0,"covered":0,"skipped":0,"pct":100},"statements":{"total":1,"covered":1,"skipped":0,"pct":100},"branches":{"total":0,"covered":0,"skipped":0,"pct":100}}
,"/home/ubwsx/matpay/src/utils/utils.ts": {"lines":{"total":106,"covered":65,"skipped":0,"pct":61.32},"functions":{"total":23,"covered":17,"skipped":0,"pct":73.91},"statements":{"total":123,"covered":74,"skipped":0,"pct":60.16},"branches":{"total":21,"covered":11,"skipped":0,"pct":52.38}}
,"/home/ubwsx/matpay/src/views/Register.vue": {"lines":{"total":1,"covered":0,"skipped":0,"pct":0},"functions":{"total":1,"covered":0,"skipped":0,"pct":0},"statements":{"total":1,"covered":0,"skipped":0,"pct":0},"branches":{"total":0,"covered":0,"skipped":0,"pct":100}}
,"/home/ubwsx/matpay/src/views/RoomDetail.vue": {"lines":{"total":23,"covered":16,"skipped":0,"pct":69.56},"functions":{"total":10,"covered":7,"skipped":0,"pct":70},"statements":{"total":23,"covered":16,"skipped":0,"pct":69.56},"branches":{"total":1,"covered":0,"skipped":0,"pct":0}}
,"/home/ubwsx/matpay/src/views/RoomTxHistory.vue": {"lines":{"total":41,"covered":27,"skipped":0,"pct":65.85},"functions":{"total":17,"covered":11,"skipped":0,"pct":64.7},"statements":{"total":43,"covered":27,"skipped":0,"pct":62.79},"branches":{"total":15,"covered":6,"skipped":0,"pct":40}}
}
