TN:
SF:src/App.vue
FN:7,(anonymous_0)
FN:21,(anonymous_1)
FNF:2
FNH:2
FNDA:35,(anonymous_0)
FNDA:9,(anonymous_1)
DA:8,35
DA:22,9
DA:23,9
LF:3
LH:3
BRF:0
BRH:0
end_of_record
TN:
SF:src/main.ts
FN:12,(anonymous_0)
FN:20,(anonymous_1)
FN:24,(anonymous_2)
FN:26,(anonymous_3)
FNF:4
FNH:3
FNDA:2391,(anonymous_0)
FNDA:0,(anonymous_1)
FNDA:2367,(anonymous_2)
FNDA:8,(anonymous_3)
DA:12,35
DA:13,2391
DA:14,2383
DA:15,0
DA:17,2383
DA:19,2391
DA:21,0
DA:24,35
DA:25,2367
DA:27,8
DA:29,2
DA:31,2
DA:38,8
DA:40,35
DA:41,35
DA:42,35
DA:43,35
DA:44,35
DA:45,35
DA:46,35
LF:20
LH:18
BRDA:13,0,0,2383
BRDA:14,1,0,0
BRDA:27,2,0,2
BRDA:27,3,0,8
BRDA:27,3,1,2
BRF:5
BRH:4
end_of_record
TN:
SF:src/components/ChatComponent.vue
FN:20,(anonymous_0)
FN:40,(anonymous_1)
FN:43,(anonymous_2)
FN:63,(anonymous_3)
FN:67,(anonymous_4)
FN:75,(anonymous_5)
FN:82,(anonymous_6)
FN:90,(anonymous_7)
FN:96,(anonymous_8)
FN:100,(anonymous_9)
FN:104,(anonymous_10)
FN:106,(anonymous_11)
FN:109,(anonymous_12)
FN:111,(anonymous_13)
FN:120,(anonymous_14)
FN:126,(anonymous_15)
FN:148,(anonymous_16)
FN:158,(anonymous_17)
FN:164,(anonymous_18)
FNF:19
FNH:13
FNDA:24,(anonymous_0)
FNDA:35,(anonymous_1)
FNDA:144,(anonymous_2)
FNDA:1,(anonymous_3)
FNDA:2,(anonymous_4)
FNDA:0,(anonymous_5)
FNDA:0,(anonymous_6)
FNDA:1,(anonymous_7)
FNDA:13,(anonymous_8)
FNDA:0,(anonymous_9)
FNDA:13,(anonymous_10)
FNDA:13,(anonymous_11)
FNDA:2,(anonymous_12)
FNDA:2,(anonymous_13)
FNDA:1,(anonymous_14)
FNDA:0,(anonymous_15)
FNDA:0,(anonymous_16)
FNDA:0,(anonymous_17)
FNDA:144,(anonymous_18)
DA:21,24
DA:41,35
DA:44,144
DA:45,144
DA:64,1
DA:65,1
DA:68,2
DA:76,0
DA:77,0
DA:81,0
DA:82,0
DA:83,0
DA:84,0
DA:86,0
DA:91,1
DA:92,1
DA:94,1
DA:95,1
DA:96,13
DA:99,0
DA:100,0
DA:103,1
DA:104,13
DA:105,1
DA:106,13
DA:108,1
DA:109,2
DA:110,1
DA:111,2
DA:113,1
DA:114,1
DA:115,1
DA:119,1
DA:120,1
DA:121,1
DA:127,0
DA:128,0
DA:129,0
DA:130,0
DA:131,0
DA:135,0
DA:136,0
DA:137,0
DA:140,0
DA:142,0
DA:144,0
DA:149,0
DA:150,0
DA:151,0
DA:152,0
DA:155,0
DA:159,0
DA:165,144
DA:166,144
LF:54
LH:28
BRDA:76,0,0,0
BRDA:83,1,0,0
BRDA:92,2,0,1
BRDA:94,3,0,1
BRDA:94,3,1,0
BRDA:114,4,0,1
BRDA:128,5,0,0
BRDA:136,6,0,0
BRDA:151,7,0,0
BRF:9
BRH:3
end_of_record
TN:
SF:src/components/ChatMessageBox.vue
FN:10,(anonymous_0)
FNF:1
FNH:1
FNDA:14,(anonymous_0)
DA:11,14
LF:1
LH:1
BRF:0
BRH:0
end_of_record
TN:
SF:src/components/MemberList.vue
FN:22,(anonymous_0)
FN:36,(anonymous_1)
FN:37,(anonymous_2)
FN:43,(anonymous_3)
FN:44,(anonymous_4)
FN:61,(anonymous_5)
FN:64,(anonymous_6)
FN:75,(anonymous_7)
FN:83,(anonymous_8)
FN:86,(anonymous_9)
FN:101,(anonymous_10)
FN:107,(anonymous_11)
FN:113,(anonymous_12)
FN:118,(anonymous_13)
FN:129,(anonymous_14)
FN:144,(anonymous_15)
FNF:16
FNH:14
FNDA:24,(anonymous_0)
FNDA:30,(anonymous_1)
FNDA:69,(anonymous_2)
FNDA:37,(anonymous_3)
FNDA:71,(anonymous_4)
FNDA:4,(anonymous_5)
FNDA:36,(anonymous_6)
FNDA:69,(anonymous_7)
FNDA:0,(anonymous_8)
FNDA:6,(anonymous_9)
FNDA:1,(anonymous_10)
FNDA:0,(anonymous_11)
FNDA:1,(anonymous_12)
FNDA:1,(anonymous_13)
FNDA:1,(anonymous_14)
FNDA:36,(anonymous_15)
DA:23,24
DA:37,69
DA:38,30
DA:44,71
DA:62,4
DA:65,36
DA:66,36
DA:68,36
DA:69,39
DA:70,30
DA:71,30
DA:75,69
DA:76,36
DA:77,6
DA:78,6
DA:80,36
DA:84,0
DA:88,6
DA:89,6
DA:90,6
DA:91,6
DA:92,0
DA:93,0
DA:95,0
DA:96,0
DA:97,0
DA:99,6
DA:102,1
DA:103,1
DA:104,1
DA:105,1
DA:108,0
DA:109,0
DA:110,0
DA:111,0
DA:114,1
DA:116,1
DA:119,1
DA:120,1
DA:126,0
DA:130,1
DA:131,1
DA:134,1
DA:138,0
DA:145,36
DA:146,36
LF:46
LH:34
BRDA:38,0,0,30
BRDA:38,0,1,14
BRDA:44,1,0,71
BRDA:44,1,1,7
BRDA:44,1,2,7
BRDA:66,2,0,36
BRDA:69,3,0,30
BRDA:90,4,0,6
BRDA:90,4,1,0
BRDA:91,5,0,0
BRDA:95,6,0,0
BRF:11
BRH:8
end_of_record
TN:
SF:src/components/TxApprovedMessageBox.vue
FN:19,(anonymous_0)
FN:34,(anonymous_1)
FNF:2
FNH:1
FNDA:13,(anonymous_0)
FNDA:0,(anonymous_1)
DA:20,13
DA:35,0
LF:2
LH:1
BRF:0
BRH:0
end_of_record
TN:
SF:src/components/TxDetail.vue
FN:18,(anonymous_0)
FN:29,(anonymous_1)
FN:31,(anonymous_2)
FN:42,(anonymous_3)
FN:45,(anonymous_4)
FNF:5
FNH:3
FNDA:2,(anonymous_0)
FNDA:2,(anonymous_1)
FNDA:4,(anonymous_2)
FNDA:0,(anonymous_3)
FNDA:0,(anonymous_4)
DA:19,2
DA:30,2
DA:31,4
DA:32,2
DA:34,0
DA:43,0
DA:46,0
LF:7
LH:4
BRDA:30,0,0,2
BRDA:30,0,1,0
BRF:2
BRH:1
end_of_record
TN:
SF:src/components/TxList.vue
FN:8,(anonymous_0)
FN:20,(anonymous_1)
FN:27,(anonymous_2)
FNF:3
FNH:2
FNDA:0,(anonymous_0)
FNDA:2,(anonymous_1)
FNDA:2,(anonymous_2)
DA:9,0
DA:21,2
DA:28,2
LF:3
LH:2
BRF:0
BRH:0
end_of_record
TN:
SF:src/components/TxPendingMessageBox.vue
FN:23,(anonymous_0)
FN:48,(anonymous_1)
FN:51,(anonymous_2)
FN:54,(anonymous_3)
FN:65,(anonymous_4)
FNF:5
FNH:2
FNDA:87,(anonymous_0)
FNDA:0,(anonymous_1)
FNDA:1,(anonymous_2)
FNDA:0,(anonymous_3)
FNDA:0,(anonymous_4)
DA:24,87
DA:49,0
DA:52,1
DA:55,0
DA:56,0
DA:61,0
DA:63,0
DA:66,0
DA:67,0
DA:72,0
DA:74,0
LF:11
LH:2
BRF:0
BRH:0
end_of_record
TN:
SF:src/components/UserCard.vue
FN:35,(anonymous_0)
FN:38,(anonymous_1)
FN:48,(anonymous_2)
FN:62,(anonymous_3)
FN:70,(anonymous_4)
FN:72,(anonymous_5)
FN:82,(anonymous_6)
FN:90,(anonymous_7)
FN:93,(anonymous_8)
FN:98,(anonymous_9)
FNF:10
FNH:6
FNDA:78,(anonymous_0)
FNDA:54,(anonymous_1)
FNDA:51,(anonymous_2)
FNDA:64,(anonymous_3)
FNDA:0,(anonymous_4)
FNDA:0,(anonymous_5)
FNDA:1,(anonymous_6)
FNDA:1,(anonymous_7)
FNDA:0,(anonymous_8)
FNDA:0,(anonymous_9)
DA:36,78
DA:39,54
DA:49,51
DA:63,64
DA:64,64
DA:65,64
DA:66,64
DA:67,64
DA:68,64
DA:69,0
DA:71,0
DA:72,0
DA:73,0
DA:75,0
DA:78,64
DA:83,1
DA:84,1
DA:85,1
DA:86,0
DA:87,0
DA:91,1
DA:94,0
DA:95,0
DA:99,0
DA:100,0
DA:104,0
DA:106,0
LF:27
LH:14
BRDA:63,0,0,64
BRDA:68,1,0,0
BRDA:68,1,1,64
BRDA:84,2,0,1
BRDA:84,2,1,0
BRDA:86,3,0,0
BRDA:94,4,0,0
BRF:7
BRH:3
end_of_record
TN:
SF:src/dialogs/ApprovalDialog.vue
FN:20,(anonymous_0)
FN:30,(anonymous_1)
FN:32,(anonymous_2)
FN:38,(anonymous_3)
FN:42,(anonymous_4)
FN:46,(anonymous_5)
FN:49,(anonymous_6)
FN:53,(anonymous_7)
FNF:8
FNH:4
FNDA:87,(anonymous_0)
FNDA:87,(anonymous_1)
FNDA:6,(anonymous_2)
FNDA:0,(anonymous_3)
FNDA:0,(anonymous_4)
FNDA:0,(anonymous_5)
FNDA:0,(anonymous_6)
FNDA:87,(anonymous_7)
DA:21,87
DA:31,87
DA:32,6
DA:39,0
DA:40,0
DA:43,0
DA:44,0
DA:47,0
DA:50,0
DA:54,87
DA:55,87
LF:11
LH:5
BRDA:31,0,0,87
BRDA:31,0,1,3
BRF:2
BRH:2
end_of_record
TN:
SF:src/dialogs/ConfirmDialog.vue
FN:9,(anonymous_0)
FN:23,(anonymous_1)
FN:25,(anonymous_2)
FN:29,(anonymous_3)
FN:37,(anonymous_4)
FN:41,(anonymous_5)
FN:46,(anonymous_6)
FNF:7
FNH:6
FNDA:24,(anonymous_0)
FNDA:2,(anonymous_1)
FNDA:2,(anonymous_2)
FNDA:0,(anonymous_3)
FNDA:2,(anonymous_4)
FNDA:2,(anonymous_5)
FNDA:24,(anonymous_6)
DA:10,24
DA:24,2
DA:25,2
DA:26,2
DA:27,2
DA:29,2
DA:30,0
DA:31,0
DA:33,0
DA:35,2
DA:38,2
DA:39,2
DA:42,2
DA:43,2
DA:47,24
LF:15
LH:12
BRDA:30,0,0,0
BRF:1
BRH:0
end_of_record
TN:
SF:src/dialogs/CreateRoomDialog.vue
FN:9,(anonymous_0)
FN:25,(anonymous_1)
FN:29,(anonymous_2)
FN:33,(anonymous_3)
FN:39,(anonymous_4)
FN:41,(anonymous_5)
FN:50,(anonymous_6)
FNF:7
FNH:5
FNDA:26,(anonymous_0)
FNDA:2,(anonymous_1)
FNDA:2,(anonymous_2)
FNDA:0,(anonymous_3)
FNDA:0,(anonymous_4)
FNDA:2,(anonymous_5)
FNDA:26,(anonymous_6)
DA:10,26
DA:26,2
DA:27,2
DA:30,2
DA:31,2
DA:34,0
DA:38,0
DA:39,0
DA:42,2
DA:43,0
DA:45,2
DA:46,2
DA:51,26
LF:13
LH:9
BRDA:42,0,0,0
BRDA:42,0,1,2
BRF:2
BRH:1
end_of_record
TN:
SF:src/dialogs/CreateTxDialog.vue
FN:22,(anonymous_0)
FN:42,(anonymous_1)
FN:46,(anonymous_2)
FN:50,(anonymous_3)
FN:53,(anonymous_4)
FN:60,(anonymous_5)
FN:69,(anonymous_6)
FN:77,(anonymous_7)
FN:85,(anonymous_8)
FN:88,(anonymous_9)
FN:96,(anonymous_10)
FN:104,(anonymous_11)
FN:139,(anonymous_12)
FN:142,(anonymous_13)
FN:155,(anonymous_14)
FN:162,(anonymous_15)
FNF:16
FNH:11
FNDA:24,(anonymous_0)
FNDA:1,(anonymous_1)
FNDA:1,(anonymous_2)
FNDA:1,(anonymous_3)
FNDA:0,(anonymous_4)
FNDA:0,(anonymous_5)
FNDA:0,(anonymous_6)
FNDA:0,(anonymous_7)
FNDA:0,(anonymous_8)
FNDA:1,(anonymous_9)
FNDA:2,(anonymous_10)
FNDA:4,(anonymous_11)
FNDA:1,(anonymous_12)
FNDA:1,(anonymous_13)
FNDA:24,(anonymous_14)
FNDA:140,(anonymous_15)
DA:23,24
DA:43,1
DA:44,1
DA:47,1
DA:48,1
DA:51,1
DA:54,0
DA:55,0
DA:59,0
DA:60,0
DA:62,0
DA:63,0
DA:67,0
DA:68,0
DA:69,0
DA:71,0
DA:72,0
DA:76,0
DA:77,0
DA:79,0
DA:80,0
DA:84,0
DA:85,0
DA:89,1
DA:93,1
DA:95,1
DA:96,2
DA:97,1
DA:100,1
DA:101,1
DA:102,1
DA:103,2
DA:104,4
DA:109,1
DA:118,1
DA:123,1
DA:124,1
DA:125,1
DA:126,1
DA:127,1
DA:128,1
DA:130,0
DA:133,0
DA:140,1
DA:143,1
DA:144,1
DA:145,0
DA:148,1
DA:149,0
DA:151,1
DA:156,24
DA:163,140
DA:164,140
LF:53
LH:32
BRDA:54,0,0,0
BRDA:62,1,0,0
BRDA:71,2,0,0
BRDA:79,3,0,0
BRDA:89,4,0,1
BRDA:89,4,1,0
BRDA:89,5,0,1
BRDA:89,5,1,1
BRDA:89,5,2,1
BRDA:89,5,3,1
BRDA:144,6,0,0
BRDA:148,7,0,0
BRDA:148,7,1,1
BRDA:148,8,0,1
BRDA:148,8,1,1
BRDA:148,8,2,1
BRDA:163,9,0,140
BRF:17
BRH:10
end_of_record
TN:
SF:src/dialogs/DetailDialog.vue
FN:18,(anonymous_0)
FN:30,(anonymous_1)
FN:34,(anonymous_2)
FN:38,(anonymous_3)
FN:49,(anonymous_4)
FNF:5
FNH:2
FNDA:13,(anonymous_0)
FNDA:0,(anonymous_1)
FNDA:0,(anonymous_2)
FNDA:0,(anonymous_3)
FNDA:13,(anonymous_4)
DA:19,13
DA:31,0
DA:32,0
DA:35,0
DA:36,0
DA:39,0
DA:46,0
DA:50,13
DA:51,13
LF:9
LH:3
BRF:0
BRH:0
end_of_record
TN:
SF:src/dialogs/ModificationDialog.vue
FN:27,(anonymous_0)
FN:47,(anonymous_1)
FN:51,(anonymous_2)
FN:55,(anonymous_3)
FN:62,(anonymous_4)
FN:65,(anonymous_5)
FN:82,(anonymous_6)
FN:89,(anonymous_7)
FN:92,(anonymous_8)
FN:95,(anonymous_9)
FN:107,(anonymous_10)
FN:133,(anonymous_11)
FN:137,(anonymous_12)
FN:144,(anonymous_13)
FN:151,(anonymous_14)
FNF:15
FNH:4
FNDA:2,(anonymous_0)
FNDA:0,(anonymous_1)
FNDA:0,(anonymous_2)
FNDA:0,(anonymous_3)
FNDA:0,(anonymous_4)
FNDA:0,(anonymous_5)
FNDA:0,(anonymous_6)
FNDA:0,(anonymous_7)
FNDA:0,(anonymous_8)
FNDA:0,(anonymous_9)
FNDA:0,(anonymous_10)
FNDA:0,(anonymous_11)
FNDA:2,(anonymous_12)
FNDA:2,(anonymous_13)
FNDA:2,(anonymous_14)
DA:28,2
DA:48,0
DA:49,0
DA:52,0
DA:53,0
DA:56,0
DA:57,0
DA:61,0
DA:62,0
DA:66,0
DA:67,0
DA:68,0
DA:73,0
DA:74,0
DA:76,0
DA:77,0
DA:79,0
DA:83,0
DA:84,0
DA:88,0
DA:89,0
DA:93,0
DA:96,0
DA:97,0
DA:99,0
DA:100,0
DA:101,0
DA:104,0
DA:105,0
DA:106,0
DA:107,0
DA:109,0
DA:110,0
DA:115,0
DA:121,0
DA:122,0
DA:123,0
DA:125,0
DA:129,0
DA:130,0
DA:134,0
DA:138,2
DA:145,2
DA:146,2
DA:147,2
DA:148,2
DA:150,2
DA:151,2
DA:152,2
DA:153,2
DA:154,4
DA:156,2
LF:52
LH:12
BRDA:56,0,0,0
BRDA:67,1,0,0
BRDA:73,2,0,0
BRDA:73,2,1,0
BRDA:76,3,0,0
BRDA:83,4,0,0
BRDA:96,5,0,0
BRDA:96,5,1,0
BRDA:96,6,0,0
BRDA:96,6,1,0
BRDA:99,7,0,0
BRDA:145,8,0,2
BRF:12
BRH:1
end_of_record
TN:
SF:src/dialogs/SettlementDialog.vue
FN:23,(anonymous_0)
FN:37,(anonymous_1)
FN:41,(anonymous_2)
FN:45,(anonymous_3)
FN:49,(anonymous_4)
FNF:5
FNH:2
FNDA:51,(anonymous_0)
FNDA:0,(anonymous_1)
FNDA:0,(anonymous_2)
FNDA:0,(anonymous_3)
FNDA:51,(anonymous_4)
DA:24,51
DA:38,0
DA:39,0
DA:42,0
DA:43,0
DA:46,0
DA:50,51
DA:51,51
DA:52,51
LF:9
LH:4
BRDA:50,0,0,51
BRF:1
BRH:1
end_of_record
TN:
SF:src/dialogs/SplitCreateDialog.vue
FN:28,(anonymous_0)
FN:43,(anonymous_1)
FN:47,(anonymous_2)
FN:51,(anonymous_3)
FN:60,(anonymous_4)
FN:62,(anonymous_5)
FN:80,(anonymous_6)
FN:87,(anonymous_7)
FN:98,(anonymous_8)
FN:105,(anonymous_9)
FN:113,(anonymous_10)
FNF:11
FNH:9
FNDA:24,(anonymous_0)
FNDA:1,(anonymous_1)
FNDA:1,(anonymous_2)
FNDA:0,(anonymous_3)
FNDA:0,(anonymous_4)
FNDA:1,(anonymous_5)
FNDA:2,(anonymous_6)
FNDA:1,(anonymous_7)
FNDA:24,(anonymous_8)
FNDA:140,(anonymous_9)
FNDA:26,(anonymous_10)
DA:29,24
DA:44,1
DA:45,1
DA:48,1
DA:49,1
DA:52,0
DA:53,0
DA:55,0
DA:59,0
DA:60,0
DA:63,1
DA:64,0
DA:65,0
DA:67,1
DA:68,1
DA:69,2
DA:70,0
DA:71,0
DA:73,2
DA:74,2
DA:75,0
DA:76,0
DA:78,2
DA:80,2
DA:81,0
DA:82,0
DA:84,1
DA:85,1
DA:88,1
DA:89,1
DA:90,1
DA:91,1
DA:92,2
DA:93,2
DA:99,24
DA:106,140
DA:107,140
DA:114,26
DA:115,26
DA:116,2
DA:117,2
LF:41
LH:28
BRDA:52,0,0,0
BRDA:55,1,0,0
BRDA:55,1,1,0
BRDA:63,2,0,0
BRDA:69,3,0,0
BRDA:74,4,0,0
BRDA:80,5,0,0
BRDA:88,6,0,1
BRDA:106,7,0,140
BRDA:114,8,0,26
BRF:10
BRH:3
end_of_record
TN:
SF:src/dialogs/SplitModifyDialog.vue
FN:25,(anonymous_0)
FN:37,(anonymous_1)
FN:41,(anonymous_2)
FN:45,(anonymous_3)
FN:51,(anonymous_4)
FN:53,(anonymous_5)
FN:67,(anonymous_6)
FN:75,(anonymous_7)
FN:82,(anonymous_8)
FNF:9
FNH:3
FNDA:2,(anonymous_0)
FNDA:0,(anonymous_1)
FNDA:0,(anonymous_2)
FNDA:0,(anonymous_3)
FNDA:0,(anonymous_4)
FNDA:0,(anonymous_5)
FNDA:0,(anonymous_6)
FNDA:2,(anonymous_7)
FNDA:2,(anonymous_8)
DA:26,2
DA:38,0
DA:39,0
DA:42,0
DA:43,0
DA:46,0
DA:50,0
DA:51,0
DA:54,0
DA:55,0
DA:56,0
DA:57,0
DA:58,0
DA:60,0
DA:61,0
DA:62,0
DA:63,0
DA:65,0
DA:67,0
DA:68,0
DA:69,0
DA:71,0
DA:72,0
DA:76,2
DA:83,2
DA:84,2
DA:85,4
LF:27
LH:5
BRDA:56,0,0,0
BRDA:61,1,0,0
BRDA:67,2,0,0
BRDA:83,3,0,2
BRF:4
BRH:1
end_of_record
TN:
SF:src/dialogs/UserInviteDialog.vue
FN:14,(anonymous_0)
FN:34,(anonymous_1)
FN:38,(anonymous_2)
FN:42,(anonymous_3)
FN:48,(anonymous_4)
FN:50,(anonymous_5)
FN:71,(anonymous_6)
FNF:7
FNH:6
FNDA:24,(anonymous_0)
FNDA:6,(anonymous_1)
FNDA:4,(anonymous_2)
FNDA:2,(anonymous_3)
FNDA:0,(anonymous_4)
FNDA:6,(anonymous_5)
FNDA:24,(anonymous_6)
DA:15,24
DA:35,6
DA:36,6
DA:39,4
DA:40,4
DA:43,2
DA:47,2
DA:48,2
DA:51,6
DA:52,2
DA:53,4
DA:54,0
DA:56,4
DA:57,4
DA:62,4
DA:63,4
DA:64,4
DA:66,0
DA:72,24
LF:19
LH:17
BRDA:51,0,0,2
BRDA:51,0,1,4
BRDA:51,1,0,6
BRDA:51,1,1,4
BRDA:53,2,0,0
BRDA:53,2,1,4
BRF:6
BRH:5
end_of_record
TN:
SF:src/interface/tx_event.interface.ts
FNF:0
FNH:0
DA:71,35
DA:79,35
LF:2
LH:2
BRF:0
BRH:0
end_of_record
TN:
SF:src/router/index.ts
FN:46,(anonymous_0)
FNF:1
FNH:1
FNDA:77,(anonymous_0)
DA:8,35
DA:42,35
DA:46,35
DA:47,77
DA:48,20
DA:50,57
DA:51,5
LF:7
LH:7
BRDA:47,0,0,20
BRDA:47,1,0,77
BRDA:47,1,1,57
BRDA:50,2,0,5
BRF:4
BRH:4
end_of_record
TN:
SF:src/store/auth.ts
FN:15,(anonymous_0)
FN:24,(anonymous_1)
FN:34,(anonymous_2)
FN:41,(anonymous_3)
FN:50,(anonymous_4)
FN:62,(anonymous_5)
FN:77,(anonymous_6)
FN:86,(anonymous_7)
FN:89,(anonymous_8)
FN:92,(anonymous_9)
FN:95,(anonymous_10)
FNF:11
FNH:10
FNDA:35,(anonymous_0)
FNDA:2,(anonymous_1)
FNDA:11,(anonymous_2)
FNDA:4,(anonymous_3)
FNDA:12,(anonymous_4)
FNDA:4,(anonymous_5)
FNDA:9,(anonymous_6)
FNDA:0,(anonymous_7)
FNDA:46,(anonymous_8)
FNDA:22273,(anonymous_9)
FNDA:157,(anonymous_10)
DA:13,35
DA:16,35
DA:25,2
DA:26,2
DA:27,2
DA:28,2
DA:29,2
DA:30,2
DA:31,2
DA:32,2
DA:35,11
DA:36,11
DA:37,11
DA:49,4
DA:50,12
DA:51,0
DA:53,4
DA:62,4
DA:64,4
DA:65,2
DA:72,2
DA:73,2
DA:81,9
DA:82,9
DA:87,0
DA:90,46
DA:93,22273
DA:96,157
LF:28
LH:26
BRDA:17,0,0,35
BRDA:17,0,1,9
BRDA:18,1,0,35
BRDA:18,1,1,4
BRDA:19,2,0,35
BRDA:19,2,1,9
BRDA:20,3,0,35
BRDA:20,3,1,4
BRDA:50,4,0,0
BRDA:50,4,1,4
BRDA:64,5,0,2
BRDA:64,5,1,2
BRDA:90,6,0,46
BRDA:90,6,1,28
BRF:14
BRH:13
end_of_record
TN:
SF:src/store/chat.ts
FN:19,(anonymous_0)
FN:26,(anonymous_1)
FN:32,(anonymous_2)
FN:36,(anonymous_3)
FN:42,(anonymous_4)
FN:53,(anonymous_5)
FN:54,(anonymous_6)
FN:67,(anonymous_7)
FN:70,(anonymous_8)
FN:78,(anonymous_9)
FN:95,(anonymous_10)
FN:106,(anonymous_11)
FN:117,(anonymous_12)
FN:141,(anonymous_13)
FN:162,(anonymous_14)
FN:181,(anonymous_15)
FN:189,(anonymous_16)
FN:189,(anonymous_17)
FN:195,(anonymous_18)
FN:210,(anonymous_19)
FN:210,(anonymous_20)
FNF:21
FNH:17
FNDA:35,(anonymous_0)
FNDA:1085,(anonymous_1)
FNDA:1,(anonymous_2)
FNDA:68,(anonymous_3)
FNDA:1997,(anonymous_4)
FNDA:79,(anonymous_5)
FNDA:79,(anonymous_6)
FNDA:16085,(anonymous_7)
FNDA:11,(anonymous_8)
FNDA:68,(anonymous_9)
FNDA:1897,(anonymous_10)
FNDA:4571,(anonymous_11)
FNDA:87,(anonymous_12)
FNDA:13,(anonymous_13)
FNDA:0,(anonymous_14)
FNDA:0,(anonymous_15)
FNDA:24,(anonymous_16)
FNDA:144,(anonymous_17)
FNDA:1126,(anonymous_18)
FNDA:0,(anonymous_19)
FNDA:0,(anonymous_20)
DA:17,35
DA:20,35
DA:27,1085
DA:30,1085
DA:33,1
DA:34,1
DA:40,68
DA:46,1997
DA:48,1997
DA:50,100
DA:52,13
DA:53,79
DA:54,79
DA:55,13
DA:56,13
DA:57,13
DA:61,87
DA:64,1997
DA:66,1997
DA:67,16085
DA:71,11
DA:87,68
DA:88,68
DA:89,68
DA:90,68
DA:104,1897
DA:105,1897
DA:106,4571
DA:107,1897
DA:112,1897
DA:126,87
DA:127,87
DA:128,87
DA:129,0
DA:131,87
DA:136,87
DA:150,13
DA:151,13
DA:152,13
DA:157,13
DA:171,0
DA:172,0
DA:173,0
DA:174,0
DA:176,0
DA:177,0
DA:181,0
DA:183,0
DA:184,0
DA:189,24
DA:190,144
DA:191,15
DA:195,129
DA:196,1126
DA:197,1008
DA:198,904
DA:200,104
DA:203,118
DA:206,129
DA:210,0
DA:211,0
LF:61
LH:49
BRDA:48,0,0,100
BRDA:50,1,0,13
BRDA:50,1,1,87
BRDA:53,2,0,79
BRDA:53,2,1,29
BRDA:54,3,0,79
BRDA:54,3,1,30
BRDA:128,4,0,0
BRDA:173,5,0,0
BRDA:183,6,0,0
BRDA:190,7,0,15
BRDA:196,8,0,1008
BRDA:196,8,1,118
BRDA:197,9,0,904
BRDA:197,9,1,104
BRF:15
BRH:12
end_of_record
TN:
SF:src/store/index.ts
FN:13,newStore
FN:24,(anonymous_1)
FN:25,(anonymous_2)
FN:100,(anonymous_3)
FNF:4
FNH:4
FNDA:35,newStore
FNDA:35,(anonymous_1)
FNDA:51246,(anonymous_2)
FNDA:199,(anonymous_3)
DA:12,35
DA:14,35
DA:25,35
DA:26,51246
DA:27,51246
DA:30,11
DA:32,11
DA:33,55
DA:35,11
DA:38,1085
DA:39,1085
DA:40,4340
DA:42,1085
DA:45,1
DA:46,1
DA:47,4
DA:49,1
DA:55,14670
DA:60,14670
DA:61,68
DA:66,14670
DA:67,7868
DA:68,20
DA:73,7848
DA:79,14670
DA:80,1897
DA:81,1897
DA:87,14670
DA:88,187
DA:89,2
DA:95,14670
DA:98,22
DA:99,22
DA:100,199
DA:101,22
DA:105,22
LF:36
LH:36
BRDA:27,0,0,11
BRDA:27,0,1,1085
BRDA:27,0,2,1
BRDA:27,0,3,14670
BRDA:27,0,4,22
BRDA:60,1,0,68
BRDA:66,2,0,7868
BRDA:67,3,0,20
BRDA:67,3,1,7848
BRDA:79,4,0,1897
BRDA:80,5,0,1897
BRDA:87,6,0,187
BRDA:88,7,0,2
BRDA:111,8,0,35
BRDA:111,8,1,0
BRF:15
BRH:14
end_of_record
TN:
SF:src/store/rooms.ts
FN:18,(anonymous_0)
FN:25,(anonymous_1)
FN:33,(anonymous_2)
FN:34,(anonymous_3)
FN:37,(anonymous_4)
FN:48,(anonymous_5)
FN:50,(anonymous_6)
FN:52,(anonymous_7)
FN:64,(anonymous_8)
FN:65,(anonymous_9)
FN:68,(anonymous_10)
FN:69,(anonymous_11)
FN:71,(anonymous_12)
FN:79,(anonymous_13)
FN:104,(anonymous_14)
FN:118,(anonymous_15)
FN:120,(anonymous_16)
FN:156,(anonymous_17)
FN:165,(anonymous_18)
FN:177,(anonymous_19)
FN:204,(anonymous_20)
FN:214,(anonymous_21)
FN:228,(anonymous_22)
FN:239,(anonymous_23)
FN:251,(anonymous_24)
FN:258,(anonymous_25)
FN:273,(anonymous_26)
FN:280,(anonymous_27)
FN:306,(anonymous_28)
FN:306,(anonymous_29)
FN:309,(anonymous_30)
FN:309,(anonymous_31)
FN:312,(anonymous_32)
FN:325,(anonymous_33)
FN:331,(anonymous_34)
FN:352,(anonymous_35)
FN:352,(anonymous_36)
FN:353,(anonymous_37)
FN:358,(anonymous_38)
FN:360,(anonymous_39)
FN:360,(anonymous_40)
FN:361,(anonymous_41)
FN:366,(anonymous_42)
FN:368,(anonymous_43)
FN:368,(anonymous_44)
FN:369,(anonymous_45)
FN:374,(anonymous_46)
FN:376,(anonymous_47)
FN:376,(anonymous_48)
FN:377,(anonymous_49)
FN:382,(anonymous_50)
FN:384,(anonymous_51)
FN:384,(anonymous_52)
FN:385,(anonymous_53)
FN:395,(anonymous_54)
FN:395,(anonymous_55)
FN:396,(anonymous_56)
FNF:57
FNH:48
FNDA:35,(anonymous_0)
FNDA:1085,(anonymous_1)
FNDA:1,(anonymous_2)
FNDA:30,(anonymous_3)
FNDA:5,(anonymous_4)
FNDA:4226,(anonymous_5)
FNDA:84917,(anonymous_6)
FNDA:6474,(anonymous_7)
FNDA:2160,(anonymous_8)
FNDA:63907,(anonymous_9)
FNDA:3,(anonymous_10)
FNDA:3,(anonymous_11)
FNDA:11,(anonymous_12)
FNDA:33,(anonymous_13)
FNDA:7848,(anonymous_14)
FNDA:225511,(anonymous_15)
FNDA:22939,(anonymous_16)
FNDA:5,(anonymous_17)
FNDA:25,(anonymous_18)
FNDA:2,(anonymous_19)
FNDA:2,(anonymous_20)
FNDA:5,(anonymous_21)
FNDA:5,(anonymous_22)
FNDA:0,(anonymous_23)
FNDA:0,(anonymous_24)
FNDA:1,(anonymous_25)
FNDA:1,(anonymous_26)
FNDA:0,(anonymous_27)
FNDA:0,(anonymous_28)
FNDA:0,(anonymous_29)
FNDA:26,(anonymous_30)
FNDA:930,(anonymous_31)
FNDA:899,(anonymous_32)
FNDA:239093,(anonymous_33)
FNDA:67837,(anonymous_34)
FNDA:1250,(anonymous_35)
FNDA:1250,(anonymous_36)
FNDA:48166,(anonymous_37)
FNDA:4896,(anonymous_38)
FNDA:18647,(anonymous_39)
FNDA:18647,(anonymous_40)
FNDA:508955,(anonymous_41)
FNDA:72733,(anonymous_42)
FNDA:18647,(anonymous_43)
FNDA:18647,(anonymous_44)
FNDA:508955,(anonymous_45)
FNDA:72733,(anonymous_46)
FNDA:0,(anonymous_47)
FNDA:0,(anonymous_48)
FNDA:0,(anonymous_49)
FNDA:0,(anonymous_50)
FNDA:27,(anonymous_51)
FNDA:233,(anonymous_52)
FNDA:5192,(anonymous_53)
FNDA:26,(anonymous_54)
FNDA:26,(anonymous_55)
FNDA:607,(anonymous_56)
DA:16,35
DA:19,35
DA:26,1085
DA:31,1085
DA:34,30
DA:35,1
DA:41,5
DA:46,5
DA:50,84917
DA:51,4226
DA:52,6474
DA:56,4226
DA:57,5
DA:58,5
DA:59,5
DA:62,4226
DA:65,63907
DA:66,2160
DA:69,3
DA:72,11
DA:86,33
DA:87,1250
DA:88,1250
DA:89,1160
DA:94,1250
DA:98,1250
DA:114,7848
DA:115,7848
DA:117,7848
DA:118,225511
DA:119,7848
DA:120,22939
DA:123,7848
DA:125,4201
DA:127,3647
DA:129,5
DA:132,7848
DA:133,4206
DA:137,4206
DA:138,1000
DA:142,3206
DA:143,1078
DA:147,2128
DA:148,2128
DA:163,5
DA:164,5
DA:165,25
DA:166,5
DA:167,5
DA:169,5
DA:186,2
DA:187,0
DA:189,2
DA:191,2
DA:192,2
DA:204,2
DA:205,2
DA:206,0
DA:209,2
DA:212,2
DA:223,5
DA:225,5
DA:226,5
DA:228,5
DA:229,5
DA:230,0
DA:233,5
DA:237,3
DA:248,0
DA:249,0
DA:251,0
DA:252,0
DA:253,0
DA:256,0
DA:267,1
DA:269,1
DA:270,1
DA:271,1
DA:273,1
DA:274,1
DA:275,0
DA:278,1
DA:289,0
DA:291,0
DA:294,0
DA:302,0
DA:306,0
DA:307,0
DA:309,26
DA:310,930
DA:314,899
DA:315,899
DA:316,899
DA:317,17397
DA:324,17397
DA:325,239093
DA:327,17397
DA:328,17397
DA:330,17397
DA:331,67837
DA:333,17397
DA:335,17397
DA:336,17397
DA:337,17397
DA:338,17397
DA:339,12961
DA:340,4436
DA:341,0
DA:343,4436
DA:346,0
DA:350,899
DA:352,1250
DA:353,48166
DA:354,1250
DA:355,0
DA:357,1250
DA:358,4896
DA:360,18647
DA:361,508955
DA:362,18647
DA:363,0
DA:365,18647
DA:366,72733
DA:368,18647
DA:369,508955
DA:370,18647
DA:371,0
DA:373,18647
DA:374,72733
DA:376,0
DA:377,0
DA:378,0
DA:379,0
DA:381,0
DA:382,0
DA:384,27
DA:385,5192
DA:386,233
DA:387,135
DA:389,98
DA:390,98
DA:392,0
DA:395,26
DA:396,607
LF:144
LH:116
BRDA:52,0,0,6474
BRDA:52,0,1,1010
BRDA:52,0,2,5
BRDA:56,1,0,5
BRDA:88,2,0,1160
BRDA:120,3,0,22939
BRDA:120,3,1,4647
BRDA:123,4,0,4201
BRDA:123,4,1,3647
BRDA:127,5,0,5
BRDA:132,6,0,4206
BRDA:137,7,0,1000
BRDA:137,7,1,3206
BRDA:142,8,0,1078
BRDA:142,8,1,2128
BRDA:147,9,0,2128
BRDA:166,10,0,5
BRDA:186,11,0,0
BRDA:205,12,0,0
BRDA:229,13,0,0
BRDA:252,14,0,0
BRDA:274,15,0,0
BRDA:291,16,0,0
BRDA:291,17,0,0
BRDA:291,17,1,0
BRDA:291,17,2,0
BRDA:328,18,0,16749
BRDA:328,18,1,648
BRDA:331,19,0,67837
BRDA:331,19,1,33691
BRDA:336,20,0,17397
BRDA:336,20,1,0
BRDA:336,21,0,17397
BRDA:336,21,1,17397
BRDA:338,22,0,12961
BRDA:338,22,1,4436
BRDA:340,23,0,0
BRDA:340,23,1,4436
BRDA:354,24,0,0
BRDA:362,25,0,0
BRDA:370,26,0,0
BRDA:374,27,0,18647
BRDA:374,27,1,738
BRDA:378,28,0,0
BRDA:386,29,0,135
BRDA:389,30,0,98
BRDA:389,30,1,0
BRF:47
BRH:31
end_of_record
TN:
SF:src/store/sync.ts
FN:28,(anonymous_0)
FN:45,(anonymous_1)
FN:48,(anonymous_2)
FN:55,(anonymous_3)
FN:59,(anonymous_4)
FN:59,(anonymous_5)
FN:60,(anonymous_6)
FN:60,(anonymous_7)
FN:77,(anonymous_8)
FN:83,(anonymous_9)
FN:96,(anonymous_10)
FN:101,(anonymous_11)
FN:108,(anonymous_12)
FN:114,(anonymous_13)
FN:120,(anonymous_14)
FN:123,(anonymous_15)
FN:126,(anonymous_16)
FN:129,(anonymous_17)
FN:154,(anonymous_18)
FN:211,(anonymous_19)
FN:221,(anonymous_20)
FN:223,(anonymous_21)
FN:248,(anonymous_22)
FN:249,(anonymous_23)
FN:300,(anonymous_24)
FN:325,(anonymous_25)
FN:343,(anonymous_26)
FN:366,(anonymous_27)
FN:395,(anonymous_28)
FN:436,(anonymous_29)
FN:461,(anonymous_30)
FN:476,(anonymous_31)
FN:544,(anonymous_32)
FN:552,(anonymous_33)
FN:655,(anonymous_34)
FN:658,(anonymous_35)
FN:661,(anonymous_36)
FN:661,(anonymous_37)
FN:665,(anonymous_38)
FN:665,(anonymous_39)
FNF:40
FNH:36
FNDA:35,(anonymous_0)
FNDA:59,(anonymous_1)
FNDA:1085,(anonymous_2)
FNDA:1,(anonymous_3)
FNDA:2,(anonymous_4)
FNDA:2,(anonymous_5)
FNDA:28,(anonymous_6)
FNDA:9,(anonymous_7)
FNDA:4068,(anonymous_8)
FNDA:14670,(anonymous_9)
FNDA:33,(anonymous_10)
FNDA:18,(anonymous_11)
FNDA:1083,(anonymous_12)
FNDA:1105,(anonymous_13)
FNDA:22,(anonymous_14)
FNDA:28,(anonymous_15)
FNDA:28,(anonymous_16)
FNDA:11,(anonymous_17)
FNDA:52,(anonymous_18)
FNDA:1106,(anonymous_19)
FNDA:1106,(anonymous_20)
FNDA:1078,(anonymous_21)
FNDA:1106,(anonymous_22)
FNDA:1078,(anonymous_23)
FNDA:26,(anonymous_24)
FNDA:37,(anonymous_25)
FNDA:446,(anonymous_26)
FNDA:24,(anonymous_27)
FNDA:22,(anonymous_28)
FNDA:51,(anonymous_29)
FNDA:7,(anonymous_30)
FNDA:7,(anonymous_31)
FNDA:23,(anonymous_32)
FNDA:7,(anonymous_33)
FNDA:0,(anonymous_34)
FNDA:0,(anonymous_35)
FNDA:0,(anonymous_36)
FNDA:0,(anonymous_37)
FNDA:24,(anonymous_38)
FNDA:289,(anonymous_39)
DA:26,35
DA:29,35
DA:46,59
DA:49,1085
DA:50,1085
DA:51,1085
DA:52,1085
DA:53,1085
DA:56,1
DA:57,1
DA:59,2
DA:60,28
DA:61,1
DA:62,2
DA:64,1
DA:65,9
DA:67,1
DA:68,1
DA:69,1
DA:70,1
DA:71,1
DA:72,1
DA:74,0
DA:81,4068
DA:87,14670
DA:88,12284
DA:90,2386
DA:92,14670
DA:93,14368
DA:97,33
DA:98,33
DA:99,33
DA:102,18
DA:103,18
DA:105,18
DA:106,18
DA:112,1083
DA:118,1105
DA:121,22
DA:124,28
DA:127,28
DA:130,11
DA:160,52
DA:161,28
DA:162,28
DA:164,28
DA:192,28
DA:193,28
DA:199,28
DA:200,28
DA:203,28
DA:204,5
DA:206,28
DA:208,28
DA:209,28
DA:210,1106
DA:212,1106
DA:213,28
DA:218,28
DA:219,28
DA:220,28
DA:221,1106
DA:222,1078
DA:225,1078
DA:228,1078
DA:229,8597
DA:230,8597
DA:239,28
DA:241,28
DA:243,28
DA:247,28
DA:248,1106
DA:249,1078
DA:251,1078
DA:252,1078
DA:253,1078
DA:257,1078
DA:262,1078
DA:263,302
DA:269,1078
DA:270,14982
DA:271,4068
DA:275,4068
DA:277,10914
DA:278,5510
DA:287,0
DA:290,0
DA:308,26
DA:309,26
DA:310,24
DA:311,24
DA:314,24
DA:315,24
DA:316,24
DA:318,24
DA:319,39
DA:325,37
DA:327,37
DA:328,0
DA:330,37
DA:331,15
DA:332,15
DA:333,15
DA:334,97
DA:337,22
DA:341,22
DA:343,446
DA:344,22
DA:345,22
DA:346,185
DA:347,185
DA:348,185
DA:349,185
DA:350,185
DA:357,22
DA:374,24
DA:375,24
DA:376,24
DA:378,0
DA:380,24
DA:381,24
DA:386,24
DA:388,24
DA:395,22
DA:397,22
DA:398,0
DA:400,22
DA:401,3
DA:405,3
DA:406,5
DA:407,5
DA:415,19
DA:444,51
DA:445,51
DA:446,42
DA:447,42
DA:448,42
DA:449,42
DA:458,24
DA:459,24
DA:461,7
DA:462,7
DA:464,0
DA:465,0
DA:466,0
DA:467,0
DA:470,0
DA:476,7
DA:477,7
DA:478,7
DA:479,7
DA:480,0
DA:486,7
DA:487,7
DA:488,7
DA:491,2
DA:493,2
DA:494,2
DA:502,0
DA:508,5
DA:510,5
DA:521,24
DA:522,0
DA:526,24
DA:527,1
DA:529,1
DA:530,0
DA:537,6
DA:538,6
DA:540,0
DA:544,39
DA:545,23
DA:546,23
DA:550,39
DA:563,7
DA:565,0
DA:567,7
DA:568,7
DA:570,7
DA:602,7
DA:604,7
DA:605,5
DA:606,40
DA:607,40
DA:613,5
DA:614,5
DA:615,5
DA:616,5
DA:617,5
DA:621,5
DA:625,5
DA:626,5
DA:627,0
DA:632,5
DA:633,46
DA:634,46
DA:637,0
DA:642,46
DA:644,24
DA:656,0
DA:659,0
DA:661,0
DA:662,0
DA:665,24
DA:666,289
LF:205
LH:182
BRDA:56,0,0,1
BRDA:56,0,1,0
BRDA:87,1,0,12284
BRDA:87,1,1,2386
BRDA:92,2,0,14368
BRDA:160,3,0,28
BRDA:200,4,0,28
BRDA:200,4,1,0
BRDA:203,5,0,5
BRDA:206,6,0,28
BRDA:206,6,1,0
BRDA:212,7,0,28
BRDA:212,8,0,1106
BRDA:212,8,1,1106
BRDA:229,9,0,8597
BRDA:270,10,0,4068
BRDA:277,11,0,5510
BRDA:309,12,0,24
BRDA:309,13,0,26
BRDA:309,13,1,26
BRDA:327,14,0,0
BRDA:330,15,0,15
BRDA:330,15,1,22
BRDA:347,16,0,185
BRDA:375,17,0,24
BRDA:376,18,0,0
BRDA:397,19,0,0
BRDA:400,20,0,3
BRDA:400,20,1,19
BRDA:406,21,0,5
BRDA:445,22,0,42
BRDA:452,23,0,42
BRDA:452,23,1,0
BRDA:459,24,0,7
BRDA:459,25,0,24
BRDA:459,25,1,8
BRDA:462,26,0,0
BRDA:465,27,0,0
BRDA:465,28,0,0
BRDA:465,28,1,0
BRDA:488,29,0,2
BRDA:488,29,1,5
BRDA:491,30,0,2
BRDA:491,30,1,0
BRDA:493,31,0,2
BRDA:508,32,0,5
BRDA:521,33,0,0
BRDA:521,34,0,24
BRDA:521,34,1,8
BRDA:526,35,0,1
BRDA:526,36,0,24
BRDA:526,36,1,8
BRDA:529,37,0,0
BRDA:537,38,0,6
BRDA:537,38,1,0
BRDA:563,39,0,0
BRDA:606,40,0,40
BRDA:615,41,0,5
BRDA:615,42,0,5
BRDA:615,42,1,5
BRDA:634,43,0,0
BRDA:634,43,1,46
BRDA:642,44,0,24
BRF:63
BRH:46
end_of_record
TN:
SF:src/store/tx.ts
FN:30,(anonymous_0)
FN:36,(anonymous_1)
FN:50,(anonymous_2)
FN:53,(anonymous_3)
FN:63,(anonymous_4)
FN:69,(anonymous_5)
FN:74,(anonymous_6)
FN:80,(anonymous_7)
FN:85,(anonymous_8)
FN:103,(anonymous_9)
FN:112,(anonymous_10)
FN:123,(anonymous_11)
FN:128,(anonymous_12)
FN:140,(anonymous_13)
FN:160,(anonymous_14)
FN:173,(anonymous_15)
FN:182,(anonymous_16)
FN:183,(anonymous_17)
FN:186,(anonymous_18)
FN:190,(anonymous_19)
FN:197,(anonymous_20)
FN:208,(anonymous_21)
FN:239,(anonymous_22)
FN:252,(anonymous_23)
FN:258,(anonymous_24)
FN:272,(anonymous_25)
FN:275,(anonymous_26)
FN:275,(anonymous_27)
FN:297,(anonymous_28)
FN:322,(anonymous_29)
FN:335,(anonymous_30)
FN:347,(anonymous_31)
FN:353,(anonymous_32)
FN:380,(anonymous_33)
FN:387,(anonymous_34)
FN:417,(anonymous_35)
FN:424,(anonymous_36)
FN:437,(anonymous_37)
FN:438,(anonymous_38)
FN:455,(anonymous_39)
FN:469,(anonymous_40)
FN:480,(anonymous_41)
FN:498,(anonymous_42)
FN:515,(anonymous_43)
FN:541,(anonymous_44)
FN:541,(anonymous_45)
FN:547,(anonymous_46)
FN:547,(anonymous_47)
FN:560,(anonymous_48)
FN:560,(anonymous_49)
FN:566,(anonymous_50)
FN:568,(anonymous_51)
FN:571,(anonymous_52)
FN:584,(anonymous_53)
FN:588,(anonymous_54)
FN:591,(anonymous_55)
FN:601,(anonymous_56)
FN:619,(anonymous_57)
FN:619,(anonymous_58)
FN:635,(anonymous_59)
FN:635,(anonymous_60)
FN:651,(anonymous_61)
FN:651,(anonymous_62)
FN:708,(anonymous_63)
FN:709,(anonymous_64)
FN:713,(anonymous_65)
FN:716,(anonymous_66)
FN:748,(anonymous_67)
FN:755,(anonymous_68)
FN:771,(anonymous_69)
FN:772,(anonymous_70)
FN:807,(anonymous_71)
FN:824,(anonymous_72)
FN:843,(anonymous_73)
FN:876,(anonymous_74)
FN:876,(anonymous_75)
FN:879,(anonymous_76)
FN:879,(anonymous_77)
FN:882,(anonymous_78)
FN:882,(anonymous_79)
FN:886,(anonymous_80)
FN:887,(anonymous_81)
FN:890,(anonymous_82)
FN:890,(anonymous_83)
FN:894,(anonymous_84)
FN:895,(anonymous_85)
FN:897,(anonymous_86)
FN:898,(anonymous_87)
FN:902,(anonymous_88)
FN:902,(anonymous_89)
FN:916,(anonymous_90)
FN:916,(anonymous_91)
FNF:92
FNH:70
FNDA:35,(anonymous_0)
FNDA:1085,(anonymous_1)
FNDA:1,(anonymous_2)
FNDA:13,(anonymous_3)
FNDA:87,(anonymous_4)
FNDA:100,(anonymous_5)
FNDA:873,(anonymous_6)
FNDA:13,(anonymous_7)
FNDA:13,(anonymous_8)
FNDA:0,(anonymous_9)
FNDA:0,(anonymous_10)
FNDA:0,(anonymous_11)
FNDA:0,(anonymous_12)
FNDA:11,(anonymous_13)
FNDA:1,(anonymous_14)
FNDA:2,(anonymous_15)
FNDA:2,(anonymous_16)
FNDA:2,(anonymous_17)
FNDA:6,(anonymous_18)
FNDA:3,(anonymous_19)
FNDA:2,(anonymous_20)
FNDA:2,(anonymous_21)
FNDA:1,(anonymous_22)
FNDA:1,(anonymous_23)
FNDA:0,(anonymous_24)
FNDA:0,(anonymous_25)
FNDA:0,(anonymous_26)
FNDA:0,(anonymous_27)
FNDA:0,(anonymous_28)
FNDA:0,(anonymous_29)
FNDA:0,(anonymous_30)
FNDA:0,(anonymous_31)
FNDA:0,(anonymous_32)
FNDA:0,(anonymous_33)
FNDA:0,(anonymous_34)
FNDA:0,(anonymous_35)
FNDA:0,(anonymous_36)
FNDA:0,(anonymous_37)
FNDA:0,(anonymous_38)
FNDA:0,(anonymous_39)
FNDA:1,(anonymous_40)
FNDA:3,(anonymous_41)
FNDA:22,(anonymous_42)
FNDA:187,(anonymous_43)
FNDA:170,(anonymous_44)
FNDA:170,(anonymous_45)
FNDA:170,(anonymous_46)
FNDA:170,(anonymous_47)
FNDA:170,(anonymous_48)
FNDA:170,(anonymous_49)
FNDA:220,(anonymous_50)
FNDA:170,(anonymous_51)
FNDA:660,(anonymous_52)
FNDA:170,(anonymous_53)
FNDA:440,(anonymous_54)
FNDA:170,(anonymous_55)
FNDA:220,(anonymous_56)
FNDA:4,(anonymous_57)
FNDA:4,(anonymous_58)
FNDA:4,(anonymous_59)
FNDA:4,(anonymous_60)
FNDA:4,(anonymous_61)
FNDA:4,(anonymous_62)
FNDA:4,(anonymous_63)
FNDA:4,(anonymous_64)
FNDA:8,(anonymous_65)
FNDA:4,(anonymous_66)
FNDA:873,(anonymous_67)
FNDA:873,(anonymous_68)
FNDA:873,(anonymous_69)
FNDA:192,(anonymous_70)
FNDA:42,(anonymous_71)
FNDA:0,(anonymous_72)
FNDA:0,(anonymous_73)
FNDA:4,(anonymous_74)
FNDA:4,(anonymous_75)
FNDA:100,(anonymous_76)
FNDA:100,(anonymous_77)
FNDA:88,(anonymous_78)
FNDA:88,(anonymous_79)
FNDA:60,(anonymous_80)
FNDA:779,(anonymous_81)
FNDA:88,(anonymous_82)
FNDA:88,(anonymous_83)
FNDA:60,(anonymous_84)
FNDA:120,(anonymous_85)
FNDA:779,(anonymous_86)
FNDA:1558,(anonymous_87)
FNDA:58,(anonymous_88)
FNDA:87,(anonymous_89)
FNDA:2,(anonymous_90)
FNDA:2,(anonymous_91)
DA:28,35
DA:31,35
DA:37,1085
DA:38,1085
DA:51,1
DA:57,13
DA:59,13
DA:61,13
DA:67,87
DA:74,873
DA:75,100
DA:76,0
DA:78,100
DA:84,13
DA:85,13
DA:87,13
DA:88,13
DA:89,13
DA:91,13
DA:92,42
DA:93,0
DA:94,0
DA:95,0
DA:100,0
DA:109,0
DA:110,0
DA:112,0
DA:113,0
DA:114,0
DA:116,0
DA:117,0
DA:119,0
DA:120,0
DA:128,0
DA:129,0
DA:130,0
DA:132,0
DA:133,0
DA:135,0
DA:137,0
DA:141,11
DA:170,1
DA:171,1
DA:173,2
DA:174,0
DA:176,1
DA:177,0
DA:179,1
DA:180,0
DA:182,2
DA:183,2
DA:184,1
DA:185,1
DA:186,6
DA:187,0
DA:190,3
DA:191,1
DA:192,0
DA:194,1
DA:195,0
DA:197,2
DA:198,2
DA:199,0
DA:202,1
DA:203,0
DA:206,1
DA:209,2
DA:219,1
DA:220,1
DA:222,1
DA:223,1
DA:224,1
DA:226,1
DA:227,1
DA:228,2
DA:229,2
DA:230,2
DA:232,2
DA:235,1
DA:236,1
DA:237,1
DA:239,1
DA:241,1
DA:242,1
DA:243,0
DA:246,1
DA:249,1
DA:250,1
DA:252,1
DA:254,1
DA:255,0
DA:269,0
DA:270,0
DA:271,0
DA:272,0
DA:273,0
DA:274,0
DA:275,0
DA:277,0
DA:278,0
DA:280,0
DA:281,0
DA:283,0
DA:284,0
DA:286,0
DA:287,0
DA:290,0
DA:291,0
DA:292,0
DA:293,0
DA:294,0
DA:296,0
DA:297,0
DA:298,0
DA:299,0
DA:300,0
DA:302,0
DA:303,0
DA:304,0
DA:306,0
DA:307,0
DA:310,0
DA:311,0
DA:314,0
DA:315,0
DA:317,0
DA:318,0
DA:321,0
DA:323,0
DA:332,0
DA:333,0
DA:335,0
DA:337,0
DA:338,0
DA:339,0
DA:342,0
DA:345,0
DA:347,0
DA:349,0
DA:350,0
DA:363,0
DA:364,0
DA:365,0
DA:366,0
DA:367,0
DA:369,0
DA:370,0
DA:373,0
DA:376,0
DA:377,0
DA:378,0
DA:380,0
DA:382,0
DA:383,0
DA:384,0
DA:397,0
DA:398,0
DA:399,0
DA:400,0
DA:401,0
DA:403,0
DA:404,0
DA:407,0
DA:408,0
DA:409,0
DA:411,0
DA:414,0
DA:415,0
DA:417,0
DA:419,0
DA:420,0
DA:421,0
DA:434,0
DA:435,0
DA:436,0
DA:437,0
DA:438,0
DA:439,0
DA:442,0
DA:443,0
DA:444,0
DA:445,0
DA:448,0
DA:452,0
DA:453,0
DA:455,0
DA:457,0
DA:458,0
DA:459,0
DA:478,1
DA:479,1
DA:480,3
DA:481,1
DA:482,1
DA:483,1
DA:485,3
DA:486,1
DA:488,2
DA:489,2
DA:490,0
DA:496,1
DA:508,22
DA:509,185
DA:525,187
DA:526,187
DA:528,187
DA:530,85
DA:531,85
DA:532,85
DA:534,85
DA:535,85
DA:536,0
DA:539,85
DA:540,85
DA:541,170
DA:543,85
DA:544,0
DA:547,170
DA:548,0
DA:551,85
DA:552,0
DA:555,85
DA:556,0
DA:559,85
DA:560,170
DA:562,85
DA:563,0
DA:565,85
DA:566,220
DA:568,170
DA:569,85
DA:570,85
DA:571,660
DA:572,0
DA:576,85
DA:577,0
DA:580,85
DA:581,0
DA:584,85
DA:585,170
DA:588,440
DA:591,85
DA:592,170
DA:593,170
DA:595,85
DA:596,85
DA:601,220
DA:606,85
DA:610,85
DA:614,85
DA:617,2
DA:619,4
DA:620,0
DA:621,0
DA:624,2
DA:625,0
DA:626,0
DA:629,2
DA:630,0
DA:631,0
DA:634,2
DA:635,4
DA:637,2
DA:638,0
DA:639,0
DA:643,2
DA:644,2
DA:645,0
DA:646,0
DA:649,2
DA:650,2
DA:651,4
DA:653,2
DA:654,0
DA:655,0
DA:658,2
DA:660,2
DA:661,4
DA:662,2
DA:663,2
DA:667,2
DA:668,2
DA:669,2
DA:670,4
DA:671,2
DA:672,2
DA:675,2
DA:676,0
DA:677,0
DA:682,2
DA:683,2
DA:684,2
DA:685,4
DA:686,4
DA:687,8
DA:688,4
DA:689,0
DA:690,0
DA:691,0
DA:693,4
DA:694,0
DA:695,0
DA:700,4
DA:701,0
DA:702,0
DA:705,2
DA:707,2
DA:708,4
DA:709,2
DA:710,4
DA:713,8
DA:716,2
DA:717,4
DA:718,4
DA:720,2
DA:721,2
DA:731,2
DA:735,2
DA:739,2
DA:740,0
DA:743,100
DA:744,100
DA:745,100
DA:746,100
DA:747,100
DA:748,873
DA:751,100
DA:752,0
DA:755,873
DA:756,100
DA:757,0
DA:759,100
DA:761,100
DA:762,100
DA:768,0
DA:771,873
DA:772,192
DA:774,13
DA:775,0
DA:781,0
DA:787,13
DA:796,13
DA:801,13
DA:805,13
DA:807,42
DA:810,100
DA:811,0
DA:814,0
DA:815,0
DA:816,0
DA:818,0
DA:819,0
DA:820,0
DA:823,0
DA:824,0
DA:825,0
DA:826,0
DA:827,0
DA:830,0
DA:831,0
DA:832,0
DA:833,0
DA:836,0
DA:837,0
DA:838,0
DA:840,0
DA:842,0
DA:843,0
DA:844,0
DA:859,0
DA:863,0
DA:867,0
DA:870,0
DA:876,4
DA:877,4
DA:879,100
DA:880,100
DA:882,88
DA:883,88
DA:884,88
DA:885,88
DA:886,60
DA:887,779
DA:890,88
DA:891,88
DA:892,88
DA:893,88
DA:895,120
DA:898,1558
DA:902,58
DA:903,87
DA:904,87
DA:905,58
DA:906,27
DA:907,10
DA:909,27
DA:910,3
DA:914,87
DA:916,2
DA:917,2
DA:918,2
DA:919,4
DA:920,2
DA:921,2
DA:923,2
DA:924,0
DA:928,2
LF:407
LH:213
BRDA:37,0,0,1085
BRDA:75,1,0,0
BRDA:87,2,0,13
BRDA:87,2,1,0
BRDA:93,3,0,0
BRDA:109,4,0,0
BRDA:109,5,0,0
BRDA:109,5,1,0
BRDA:113,6,0,0
BRDA:116,7,0,0
BRDA:119,8,0,0
BRDA:129,9,0,0
BRDA:133,10,0,0
BRDA:133,11,0,0
BRDA:133,11,1,0
BRDA:173,12,0,0
BRDA:173,13,0,1
BRDA:173,13,1,1
BRDA:176,14,0,0
BRDA:179,15,0,0
BRDA:186,16,0,0
BRDA:191,17,0,0
BRDA:194,18,0,0
BRDA:198,19,0,0
BRDA:202,20,0,0
BRDA:242,21,0,0
BRDA:254,22,0,0
BRDA:277,23,0,0
BRDA:280,24,0,0
BRDA:280,25,0,0
BRDA:280,25,1,0
BRDA:283,26,0,0
BRDA:286,27,0,0
BRDA:293,28,0,0
BRDA:298,29,0,0
BRDA:302,30,0,0
BRDA:306,31,0,0
BRDA:310,32,0,0
BRDA:314,33,0,0
BRDA:314,34,0,0
BRDA:314,34,1,0
BRDA:317,35,0,0
BRDA:338,36,0,0
BRDA:349,37,0,0
BRDA:366,38,0,0
BRDA:369,39,0,0
BRDA:383,40,0,0
BRDA:400,41,0,0
BRDA:403,42,0,0
BRDA:408,43,0,0
BRDA:420,44,0,0
BRDA:438,45,0,0
BRDA:444,46,0,0
BRDA:458,47,0,0
BRDA:485,48,0,1
BRDA:489,49,0,0
BRDA:528,50,0,85
BRDA:528,50,1,2
BRDA:528,50,2,100
BRDA:528,50,3,0
BRDA:528,50,4,0
BRDA:535,51,0,0
BRDA:543,52,0,0
BRDA:547,53,0,0
BRDA:551,54,0,0
BRDA:555,55,0,0
BRDA:562,56,0,0
BRDA:571,57,0,0
BRDA:576,58,0,0
BRDA:580,59,0,0
BRDA:619,60,0,0
BRDA:624,61,0,0
BRDA:629,62,0,0
BRDA:637,63,0,0
BRDA:644,64,0,0
BRDA:653,65,0,0
BRDA:661,66,0,2
BRDA:670,67,0,2
BRDA:675,68,0,0
BRDA:675,69,0,2
BRDA:675,69,1,0
BRDA:685,70,0,4
BRDA:687,71,0,4
BRDA:688,72,0,0
BRDA:693,73,0,0
BRDA:700,74,0,0
BRDA:700,75,0,4
BRDA:700,75,1,4
BRDA:751,76,0,0
BRDA:756,77,0,0
BRDA:772,78,0,13
BRDA:774,79,0,0
BRDA:774,79,1,13
BRDA:818,80,0,0
BRDA:825,81,0,0
BRDA:831,82,0,0
BRDA:836,83,0,0
BRDA:906,84,0,10
BRDA:906,85,0,27
BRDA:906,85,1,22
BRDA:909,86,0,3
BRDA:909,87,0,27
BRDA:909,87,1,5
BRDA:920,88,0,2
BRDA:923,89,0,0
BRF:105
BRH:24
end_of_record
TN:
SF:src/store/user.ts
FN:21,(anonymous_0)
FN:29,(anonymous_1)
FN:33,(anonymous_2)
FN:38,(anonymous_3)
FN:44,(anonymous_4)
FN:50,(anonymous_5)
FN:56,(anonymous_6)
FN:63,(anonymous_7)
FN:67,(anonymous_8)
FN:72,(anonymous_9)
FN:78,(anonymous_10)
FN:85,(anonymous_11)
FN:107,(anonymous_12)
FN:115,(anonymous_13)
FN:131,(anonymous_14)
FN:203,(anonymous_15)
FN:214,(anonymous_16)
FN:224,(anonymous_17)
FN:231,(anonymous_18)
FN:238,(anonymous_19)
FN:238,(anonymous_20)
FN:241,(anonymous_21)
FN:241,(anonymous_22)
FN:244,(anonymous_23)
FN:244,(anonymous_24)
FN:247,(anonymous_25)
FN:247,(anonymous_26)
FNF:27
FNH:23
FNDA:35,(anonymous_0)
FNDA:2335,(anonymous_1)
FNDA:1,(anonymous_2)
FNDA:0,(anonymous_3)
FNDA:3974,(anonymous_4)
FNDA:529,(anonymous_5)
FNDA:4503,(anonymous_6)
FNDA:2491,(anonymous_7)
FNDA:385,(anonymous_8)
FNDA:2328,(anonymous_9)
FNDA:11,(anonymous_10)
FNDA:3378,(anonymous_11)
FNDA:0,(anonymous_12)
FNDA:2328,(anonymous_13)
FNDA:4614,(anonymous_14)
FNDA:1250,(anonymous_15)
FNDA:2486,(anonymous_16)
FNDA:5,(anonymous_17)
FNDA:5,(anonymous_18)
FNDA:4,(anonymous_19)
FNDA:4,(anonymous_20)
FNDA:0,(anonymous_21)
FNDA:0,(anonymous_22)
FNDA:2008,(anonymous_23)
FNDA:2020,(anonymous_24)
FNDA:6,(anonymous_25)
FNDA:6,(anonymous_26)
DA:19,35
DA:22,35
DA:30,2335
DA:31,2335
DA:34,1
DA:35,1
DA:36,1
DA:42,0
DA:48,3974
DA:54,529
DA:60,4503
DA:61,4503
DA:63,4503
DA:64,4503
DA:65,1
DA:67,4503
DA:68,4503
DA:69,0
DA:76,2328
DA:79,11
DA:88,3378
DA:89,3378
DA:90,5148
DA:91,0
DA:92,0
DA:94,0
DA:96,5148
DA:97,5148
DA:99,5148
DA:103,3378
DA:104,5148
DA:105,0
DA:106,0
DA:107,0
DA:124,2328
DA:128,2328
DA:140,4614
DA:141,4614
DA:142,4614
DA:143,4614
DA:144,4614
DA:146,4614
DA:147,3974
DA:148,3974
DA:163,3974
DA:167,3974
DA:171,3974
DA:172,640
DA:174,529
DA:175,529
DA:186,529
DA:190,529
DA:194,529
DA:196,4614
DA:197,2128
DA:199,4614
DA:213,1250
DA:214,1250
DA:215,2486
DA:221,1250
DA:222,1250
DA:228,5
DA:229,5
DA:231,5
DA:232,5
DA:233,0
DA:238,4
DA:239,4
DA:241,0
DA:242,0
DA:244,2008
DA:245,2020
DA:247,6
DA:248,6
LF:74
LH:63
BRDA:64,0,0,1
BRDA:68,1,0,0
BRDA:90,2,0,0
BRDA:90,2,1,5148
BRDA:91,3,0,0
BRDA:96,4,0,5148
BRDA:104,5,0,0
BRDA:146,6,0,3974
BRDA:146,6,1,640
BRDA:151,7,0,3974
BRDA:151,7,1,0
BRDA:153,8,0,3974
BRDA:153,8,1,0
BRDA:155,9,0,3301
BRDA:155,9,1,673
BRDA:156,10,0,1882
BRDA:156,10,1,1419
BRDA:158,11,0,0
BRDA:158,11,1,1419
BRDA:172,12,0,529
BRDA:178,13,0,529
BRDA:178,13,1,529
BRDA:180,14,0,529
BRDA:180,14,1,529
BRDA:196,15,0,2128
BRDA:232,16,0,0
BRF:26
BRH:18
end_of_record
TN:
SF:src/tabs/Login.vue
FN:7,(anonymous_0)
FN:28,(anonymous_1)
FN:49,(anonymous_2)
FNF:3
FNH:3
FNDA:18,(anonymous_0)
FNDA:4,(anonymous_1)
FNDA:18,(anonymous_2)
DA:8,18
DA:29,4
DA:30,0
DA:31,0
DA:33,4
DA:34,4
DA:35,4
DA:40,2
DA:41,2
DA:42,2
DA:44,2
DA:45,2
DA:50,18
DA:51,0
LF:14
LH:11
BRDA:10,0,0,18
BRDA:10,0,1,4
BRDA:29,1,0,0
BRDA:29,2,0,4
BRDA:29,2,1,4
BRDA:29,2,2,4
BRDA:50,3,0,0
BRF:7
BRH:5
end_of_record
TN:
SF:src/tabs/Rooms.vue
FN:10,(anonymous_0)
FN:31,(anonymous_1)
FN:34,(anonymous_2)
FN:51,(anonymous_3)
FN:60,(anonymous_4)
FN:69,(anonymous_5)
FN:72,(anonymous_6)
FN:88,(anonymous_7)
FN:106,(anonymous_8)
FN:117,(anonymous_9)
FN:125,(anonymous_10)
FN:132,(anonymous_11)
FNF:12
FNH:10
FNDA:26,(anonymous_0)
FNDA:26,(anonymous_1)
FNDA:906,(anonymous_2)
FNDA:14,(anonymous_3)
FNDA:0,(anonymous_4)
FNDA:2,(anonymous_5)
FNDA:2,(anonymous_6)
FNDA:5,(anonymous_7)
FNDA:0,(anonymous_8)
FNDA:26,(anonymous_9)
FNDA:26,(anonymous_10)
FNDA:26,(anonymous_11)
DA:11,26
DA:32,26
DA:35,906
DA:36,7
DA:38,899
DA:52,14
DA:58,14
DA:61,0
DA:67,0
DA:70,2
DA:73,2
DA:74,2
DA:75,2
DA:78,2
DA:85,0
DA:89,5
DA:90,5
DA:91,5
DA:94,3
DA:100,3
DA:101,3
DA:103,2
DA:107,0
DA:108,0
DA:111,0
DA:113,0
DA:118,26
DA:119,26
DA:120,26
DA:122,0
DA:126,26
DA:127,0
DA:133,26
DA:134,26
LF:34
LH:25
BRDA:35,0,0,7
BRDA:35,0,1,899
BRDA:126,1,0,0
BRDA:133,2,0,26
BRF:4
BRH:3
end_of_record
TN:
SF:src/utils/ContentRepository.ts
FN:3,get_file_from_content_repository
FN:4,(anonymous_1)
FN:14,(anonymous_2)
FNF:3
FNH:0
FNDA:0,get_file_from_content_repository
FNDA:0,(anonymous_1)
FNDA:0,(anonymous_2)
DA:4,0
DA:5,0
DA:6,0
DA:8,0
DA:9,0
DA:10,0
DA:11,0
DA:15,0
LF:8
LH:0
BRDA:5,0,0,0
BRF:1
BRH:0
end_of_record
TN:
SF:src/utils/consts.ts
FNF:0
FNH:0
DA:1,35
LF:1
LH:1
BRF:0
BRH:0
end_of_record
TN:
SF:src/utils/utils.ts
FN:6,uuidgen
FN:10,(anonymous_1)
FN:12,(anonymous_2)
FN:14,(anonymous_3)
FN:17,(anonymous_4)
FN:20,(anonymous_5)
FN:25,(anonymous_6)
FN:32,(anonymous_7)
FN:35,(anonymous_8)
FN:42,build_graph
FN:56,(anonymous_10)
FN:73,optimize_graph
FN:77,(anonymous_12)
FN:82,transform_path
FN:97,dfs_visit
FN:123,(anonymous_15)
FN:128,(anonymous_16)
FN:137,(anonymous_17)
FN:162,transform_to_dag
FN:183,(anonymous_19)
FN:187,(anonymous_20)
FN:192,(anonymous_21)
FN:197,dfs
FNF:23
FNH:17
FNDA:5,uuidgen
FNDA:292,(anonymous_1)
FNDA:0,(anonymous_2)
FNDA:584,(anonymous_3)
FNDA:374,(anonymous_4)
FNDA:4,(anonymous_5)
FNDA:744,(anonymous_6)
FNDA:786,(anonymous_7)
FNDA:1211,(anonymous_8)
FNDA:13,build_graph
FNDA:126,(anonymous_10)
FNDA:13,optimize_graph
FNDA:0,(anonymous_12)
FNDA:13,transform_path
FNDA:0,dfs_visit
FNDA:0,(anonymous_15)
FNDA:0,(anonymous_16)
FNDA:0,(anonymous_17)
FNDA:13,transform_to_dag
FNDA:4,(anonymous_19)
FNDA:4,(anonymous_20)
FNDA:14,(anonymous_21)
FNDA:42,dfs
DA:7,5
DA:10,35
DA:11,292
DA:12,0
DA:14,584
DA:17,35
DA:18,374
DA:19,374
DA:20,4
DA:21,2
DA:22,4
DA:25,744
DA:26,372
DA:27,744
DA:30,374
DA:32,35
DA:33,786
DA:35,35
DA:37,1211
DA:43,13
DA:46,13
DA:47,42
DA:49,84
DA:50,13
DA:53,84
DA:54,13
DA:56,126
DA:57,84
DA:60,56
DA:63,28
DA:70,13
DA:74,13
DA:76,13
DA:77,26
DA:79,13
DA:83,13
DA:85,13
DA:88,0
DA:89,0
DA:90,0
DA:92,0
DA:93,0
DA:98,0
DA:99,0
DA:101,0
DA:102,0
DA:104,0
DA:105,0
DA:106,0
DA:108,0
DA:109,0
DA:110,0
DA:114,0
DA:115,0
DA:116,0
DA:119,0
DA:121,0
DA:122,0
DA:123,0
DA:125,0
DA:126,0
DA:127,0
DA:128,0
DA:130,0
DA:131,0
DA:133,0
DA:134,0
DA:135,0
DA:137,0
DA:138,0
DA:139,0
DA:141,0
DA:144,0
DA:145,0
DA:149,0
DA:150,0
DA:159,0
DA:163,13
DA:164,13
DA:166,13
DA:167,26
DA:168,16
DA:169,14
DA:173,13
DA:174,13
DA:175,13
DA:176,26
DA:178,13
DA:179,13
DA:180,13
DA:181,2
DA:182,2
DA:183,4
DA:185,2
DA:186,2
DA:187,4
DA:191,13
DA:192,26
DA:194,13
DA:201,42
DA:202,18
DA:204,2
DA:206,18
DA:207,16
DA:208,16
DA:209,16
LF:106
LH:65
BRDA:11,0,0,0
BRDA:11,0,1,292
BRDA:19,1,0,2
BRDA:19,1,1,372
BRDA:49,2,0,13
BRDA:53,3,0,13
BRDA:57,4,0,56
BRDA:57,4,1,28
BRDA:83,5,0,13
BRDA:98,6,0,0
BRDA:101,7,0,0
BRDA:115,8,0,0
BRDA:125,9,0,0
BRDA:130,10,0,0
BRDA:138,11,0,0
BRDA:138,11,1,0
BRDA:144,12,0,0
BRDA:149,13,0,0
BRDA:168,14,0,14
BRDA:202,15,0,2
BRDA:206,16,0,16
BRF:21
BRH:11
end_of_record
TN:
SF:src/views/Register.vue
FN:6,(anonymous_0)
FNF:1
FNH:0
FNDA:0,(anonymous_0)
DA:7,0
LF:1
LH:0
BRF:0
BRH:0
end_of_record
TN:
SF:src/views/RoomDetail.vue
FN:11,(anonymous_0)
FN:31,(anonymous_1)
FN:34,(anonymous_2)
FN:41,(anonymous_3)
FN:59,(anonymous_4)
FN:62,(anonymous_5)
FN:64,(anonymous_6)
FN:68,(anonymous_7)
FN:78,(anonymous_8)
FN:94,(anonymous_9)
FNF:10
FNH:7
FNDA:24,(anonymous_0)
FNDA:24,(anonymous_1)
FNDA:36,(anonymous_2)
FNDA:230,(anonymous_3)
FNDA:0,(anonymous_4)
FNDA:4,(anonymous_5)
FNDA:0,(anonymous_6)
FNDA:0,(anonymous_7)
FNDA:24,(anonymous_8)
FNDA:22,(anonymous_9)
DA:12,24
DA:32,24
DA:35,36
DA:36,36
DA:38,6
DA:42,230
DA:43,230
DA:45,135
DA:60,0
DA:63,4
DA:64,4
DA:65,0
DA:69,0
DA:70,0
DA:74,0
DA:79,24
DA:80,24
DA:81,24
DA:82,0
DA:89,24
DA:92,24
DA:95,22
DA:98,0
LF:23
LH:16
BRDA:81,0,0,0
BRF:1
BRH:0
end_of_record
TN:
SF:src/views/RoomTxHistory.vue
FN:13,(anonymous_0)
FN:33,(anonymous_1)
FN:36,(anonymous_2)
FN:39,(anonymous_3)
FN:42,(anonymous_4)
FN:47,(anonymous_5)
FN:48,(anonymous_6)
FN:53,(anonymous_7)
FN:71,(anonymous_8)
FN:80,(anonymous_9)
FN:84,(anonymous_10)
FN:98,(anonymous_11)
FN:102,(anonymous_12)
FN:112,(anonymous_13)
FN:114,(anonymous_14)
FN:124,(anonymous_15)
FN:131,(anonymous_16)
FNF:17
FNH:11
FNDA:2,(anonymous_0)
FNDA:2,(anonymous_1)
FNDA:2,(anonymous_2)
FNDA:2,(anonymous_3)
FNDA:4,(anonymous_4)
FNDA:0,(anonymous_5)
FNDA:0,(anonymous_6)
FNDA:0,(anonymous_7)
FNDA:2,(anonymous_8)
FNDA:0,(anonymous_9)
FNDA:2,(anonymous_10)
FNDA:2,(anonymous_11)
FNDA:0,(anonymous_12)
FNDA:4,(anonymous_13)
FNDA:0,(anonymous_14)
FNDA:2,(anonymous_15)
FNDA:2,(anonymous_16)
DA:14,2
DA:34,2
DA:37,2
DA:40,2
DA:43,4
DA:44,2
DA:45,2
DA:46,0
DA:47,0
DA:48,0
DA:51,2
DA:53,0
DA:55,2
DA:57,2
DA:72,2
DA:73,0
DA:74,0
DA:76,2
DA:77,2
DA:81,0
DA:85,2
DA:86,2
DA:87,2
DA:88,0
DA:95,2
DA:96,2
DA:99,2
DA:100,2
DA:101,2
DA:102,2
DA:103,0
DA:107,0
DA:113,4
DA:114,0
DA:115,0
DA:116,0
DA:117,0
DA:125,2
DA:126,2
DA:132,2
DA:133,2
LF:41
LH:27
BRDA:43,0,0,2
BRDA:43,0,1,2
BRDA:43,1,0,4
BRDA:43,1,1,4
BRDA:45,2,0,0
BRDA:47,3,0,0
BRDA:47,3,1,0
BRDA:51,4,0,0
BRDA:72,5,0,0
BRDA:72,5,1,2
BRDA:72,6,0,2
BRDA:72,6,1,0
BRDA:87,7,0,0
BRDA:113,8,0,0
BRDA:115,9,0,0
BRF:15
BRH:6
end_of_record
