<?xml version="1.0" encoding="UTF-8"?>
<coverage generated="1682600673149" clover="3.2.0">
  <project timestamp="1682600673149" name="All files">
    <metrics statements="1861" coveredstatements="1683" conditionals="559" coveredconditionals="450" methods="496" coveredmethods="418" elements="2916" coveredelements="2551" complexity="0" loc="1861" ncloc="1861" packages="12" files="46" classes="46"/>
    <package name="src">
      <metrics statements="6" coveredstatements="4" conditionals="0" coveredconditionals="0" methods="2" coveredmethods="1"/>
      <file name="App.vue" path="\\wsl$\Ubuntu-20.04\home\ubwsx\matpay\src\App.vue">
        <metrics statements="6" coveredstatements="4" conditionals="0" coveredconditionals="0" methods="2" coveredmethods="1"/>
        <line num="37" count="1" type="stmt"/>
        <line num="38" count="1" type="stmt"/>
        <line num="40" count="1" type="stmt"/>
        <line num="43" count="3" type="stmt"/>
        <line num="57" count="0" type="stmt"/>
        <line num="58" count="0" type="stmt"/>
      </file>
    </package>
    <package name="src.assets">
      <metrics statements="2" coveredstatements="2" conditionals="0" coveredconditionals="0" methods="0" coveredmethods="0"/>
      <file name="CreateAccountTchncs.jpg" path="\\wsl$\Ubuntu-20.04\home\ubwsx\matpay\src\assets\CreateAccountTchncs.jpg">
        <metrics statements="1" coveredstatements="1" conditionals="0" coveredconditionals="0" methods="0" coveredmethods="0"/>
        <line num="1" count="13" type="stmt"/>
      </file>
      <file name="RegisterPageElement.jpg" path="\\wsl$\Ubuntu-20.04\home\ubwsx\matpay\src\assets\RegisterPageElement.jpg">
        <metrics statements="1" coveredstatements="1" conditionals="0" coveredconditionals="0" methods="0" coveredmethods="0"/>
        <line num="1" count="13" type="stmt"/>
      </file>
    </package>
    <package name="src.components">
      <metrics statements="188" coveredstatements="168" conditionals="37" coveredconditionals="30" methods="61" coveredmethods="52"/>
      <file name="ChatComponent.vue" path="\\wsl$\Ubuntu-20.04\home\ubwsx\matpay\src\components\ChatComponent.vue">
        <metrics statements="63" coveredstatements="54" conditionals="9" coveredconditionals="6" methods="19" coveredmethods="15"/>
        <line num="75" count="14" type="stmt"/>
        <line num="76" count="14" type="stmt"/>
        <line num="78" count="14" type="stmt"/>
        <line num="79" count="14" type="stmt"/>
        <line num="80" count="14" type="stmt"/>
        <line num="81" count="14" type="stmt"/>
        <line num="83" count="14" type="stmt"/>
        <line num="85" count="14" type="stmt"/>
        <line num="93" count="9" type="stmt"/>
        <line num="113" count="10" type="stmt"/>
        <line num="116" count="10" type="stmt"/>
        <line num="117" count="10" type="stmt"/>
        <line num="136" count="1" type="stmt"/>
        <line num="137" count="1" type="stmt"/>
        <line num="140" count="0" type="stmt"/>
        <line num="147" count="1" type="stmt"/>
        <line num="148" count="1" type="cond" truecount="1" falsecount="0"/>
        <line num="149" count="1" type="stmt"/>
        <line num="153" count="1" type="stmt"/>
        <line num="154" count="1" type="stmt"/>
        <line num="155" count="1" type="cond" truecount="1" falsecount="0"/>
        <line num="156" count="1" type="stmt"/>
        <line num="158" count="1" type="stmt"/>
        <line num="163" count="1" type="stmt"/>
        <line num="164" count="1" type="cond" truecount="1" falsecount="0"/>
        <line num="165" count="1" type="stmt"/>
        <line num="166" count="1" type="cond" truecount="1" falsecount="1"/>
        <line num="167" count="0" type="stmt"/>
        <line num="168" count="0" type="stmt"/>
        <line num="171" count="1" type="stmt"/>
        <line num="172" count="2" type="stmt"/>
        <line num="175" count="1" type="stmt"/>
        <line num="176" count="2" type="stmt"/>
        <line num="177" count="1" type="stmt"/>
        <line num="178" count="2" type="stmt"/>
        <line num="180" count="1" type="stmt"/>
        <line num="181" count="1" type="stmt"/>
        <line num="182" count="1" type="stmt"/>
        <line num="183" count="1" type="stmt"/>
        <line num="185" count="1" type="stmt"/>
        <line num="186" count="1" type="cond" truecount="1" falsecount="0"/>
        <line num="187" count="1" type="stmt"/>
        <line num="191" count="1" type="stmt"/>
        <line num="192" count="1" type="stmt"/>
        <line num="193" count="1" type="stmt"/>
        <line num="199" count="3" type="stmt"/>
        <line num="200" count="3" type="cond" truecount="0" falsecount="1"/>
        <line num="202" count="3" type="stmt"/>
        <line num="203" count="4" type="stmt"/>
        <line num="207" count="1" type="stmt"/>
        <line num="208" count="1" type="cond" truecount="1" falsecount="0"/>
        <line num="209" count="1" type="stmt"/>
        <line num="212" count="1" type="stmt"/>
        <line num="214" count="1" type="stmt"/>
        <line num="216" count="2" type="stmt"/>
        <line num="221" count="0" type="stmt"/>
        <line num="222" count="0" type="stmt"/>
        <line num="223" count="0" type="cond" truecount="0" falsecount="1"/>
        <line num="224" count="0" type="stmt"/>
        <line num="227" count="0" type="stmt"/>
        <line num="231" count="0" type="stmt"/>
        <line num="237" count="10" type="stmt"/>
        <line num="238" count="10" type="stmt"/>
      </file>
      <file name="ChatMessageBox.vue" path="\\wsl$\Ubuntu-20.04\home\ubwsx\matpay\src\components\ChatMessageBox.vue">
        <metrics statements="4" coveredstatements="4" conditionals="0" coveredconditionals="0" methods="1" coveredmethods="1"/>
        <line num="13" count="14" type="stmt"/>
        <line num="14" count="14" type="stmt"/>
        <line num="18" count="14" type="stmt"/>
        <line num="21" count="6" type="stmt"/>
      </file>
      <file name="MemberList.vue" path="\\wsl$\Ubuntu-20.04\home\ubwsx\matpay\src\components\MemberList.vue">
        <metrics statements="53" coveredstatements="48" conditionals="11" coveredconditionals="11" methods="16" coveredmethods="13"/>
        <line num="23" count="14" type="stmt"/>
        <line num="24" count="14" type="stmt"/>
        <line num="25" count="14" type="stmt"/>
        <line num="27" count="14" type="stmt"/>
        <line num="28" count="14" type="stmt"/>
        <line num="29" count="14" type="stmt"/>
        <line num="31" count="14" type="stmt"/>
        <line num="43" count="8" type="stmt"/>
        <line num="56" count="8" type="stmt"/>
        <line num="57" count="20" type="stmt"/>
        <line num="58" count="8" type="cond" truecount="2" falsecount="0"/>
        <line num="63" count="8" type="stmt"/>
        <line num="64" count="20" type="cond" truecount="3" falsecount="0"/>
        <line num="82" count="0" type="stmt"/>
        <line num="85" count="8" type="stmt"/>
        <line num="86" count="8" type="cond" truecount="1" falsecount="0"/>
        <line num="88" count="8" type="stmt"/>
        <line num="89" count="8" type="cond" truecount="1" falsecount="0"/>
        <line num="90" count="8" type="stmt"/>
        <line num="91" count="8" type="stmt"/>
        <line num="95" count="20" type="stmt"/>
        <line num="96" count="16" type="stmt"/>
        <line num="97" count="1" type="stmt"/>
        <line num="98" count="1" type="stmt"/>
        <line num="100" count="8" type="stmt"/>
        <line num="104" count="0" type="stmt"/>
        <line num="108" count="3" type="stmt"/>
        <line num="109" count="3" type="stmt"/>
        <line num="110" count="3" type="cond" truecount="2" falsecount="0"/>
        <line num="111" count="2" type="cond" truecount="1" falsecount="0"/>
        <line num="112" count="1" type="stmt"/>
        <line num="113" count="1" type="stmt"/>
        <line num="115" count="1" type="cond" truecount="1" falsecount="0"/>
        <line num="116" count="1" type="stmt"/>
        <line num="117" count="1" type="stmt"/>
        <line num="119" count="1" type="stmt"/>
        <line num="122" count="1" type="stmt"/>
        <line num="123" count="1" type="stmt"/>
        <line num="124" count="1" type="stmt"/>
        <line num="125" count="1" type="stmt"/>
        <line num="128" count="1" type="stmt"/>
        <line num="129" count="1" type="stmt"/>
        <line num="130" count="1" type="stmt"/>
        <line num="131" count="1" type="stmt"/>
        <line num="134" count="2" type="stmt"/>
        <line num="136" count="2" type="stmt"/>
        <line num="140" count="0" type="stmt"/>
        <line num="146" count="0" type="stmt"/>
        <line num="151" count="1" type="stmt"/>
        <line num="154" count="0" type="stmt"/>
        <line num="158" count="1" type="stmt"/>
        <line num="165" count="8" type="stmt"/>
        <line num="166" count="8" type="stmt"/>
      </file>
      <file name="TxApprovedMessageBox.vue" path="\\wsl$\Ubuntu-20.04\home\ubwsx\matpay\src\components\TxApprovedMessageBox.vue">
        <metrics statements="6" coveredstatements="6" conditionals="0" coveredconditionals="0" methods="2" coveredmethods="2"/>
        <line num="31" count="15" type="stmt"/>
        <line num="32" count="15" type="stmt"/>
        <line num="36" count="15" type="stmt"/>
        <line num="38" count="15" type="stmt"/>
        <line num="49" count="4" type="stmt"/>
        <line num="64" count="1" type="stmt"/>
      </file>
      <file name="TxDetail.vue" path="\\wsl$\Ubuntu-20.04\home\ubwsx\matpay\src\components\TxDetail.vue">
        <metrics statements="11" coveredstatements="10" conditionals="2" coveredconditionals="1" methods="5" coveredmethods="5"/>
        <line num="25" count="13" type="stmt"/>
        <line num="26" count="13" type="stmt"/>
        <line num="27" count="13" type="stmt"/>
        <line num="29" count="13" type="stmt"/>
        <line num="41" count="8" type="stmt"/>
        <line num="52" count="7" type="cond" truecount="1" falsecount="1"/>
        <line num="53" count="7" type="stmt"/>
        <line num="54" count="7" type="stmt"/>
        <line num="56" count="0" type="stmt"/>
        <line num="65" count="1" type="stmt"/>
        <line num="68" count="2" type="stmt"/>
      </file>
      <file name="TxList.vue" path="\\wsl$\Ubuntu-20.04\home\ubwsx\matpay\src\components\TxList.vue">
        <metrics statements="5" coveredstatements="5" conditionals="0" coveredconditionals="0" methods="3" coveredmethods="3"/>
        <line num="11" count="13" type="stmt"/>
        <line num="14" count="13" type="stmt"/>
        <line num="18" count="4" type="stmt"/>
        <line num="30" count="7" type="stmt"/>
        <line num="37" count="4" type="stmt"/>
      </file>
      <file name="TxPendingMessageBox.vue" path="\\wsl$\Ubuntu-20.04\home\ubwsx\matpay\src\components\TxPendingMessageBox.vue">
        <metrics statements="13" coveredstatements="13" conditionals="4" coveredconditionals="3" methods="5" coveredmethods="5"/>
        <line num="26" count="15" type="stmt"/>
        <line num="27" count="15" type="stmt"/>
        <line num="32" count="15" type="stmt"/>
        <line num="34" count="15" type="stmt"/>
        <line num="45" count="7" type="stmt"/>
        <line num="70" count="4" type="stmt"/>
        <line num="73" count="2" type="cond" truecount="3" falsecount="1"/>
        <line num="77" count="3" type="stmt"/>
        <line num="82" count="1" type="stmt"/>
        <line num="84" count="2" type="stmt"/>
        <line num="88" count="3" type="stmt"/>
        <line num="93" count="1" type="stmt"/>
        <line num="95" count="2" type="stmt"/>
      </file>
      <file name="UserCard.vue" path="\\wsl$\Ubuntu-20.04\home\ubwsx\matpay\src\components\UserCard.vue">
        <metrics statements="33" coveredstatements="28" conditionals="11" coveredconditionals="9" methods="10" coveredmethods="8"/>
        <line num="34" count="14" type="stmt"/>
        <line num="35" count="14" type="stmt"/>
        <line num="36" count="14" type="stmt"/>
        <line num="37" count="14" type="stmt"/>
        <line num="38" count="14" type="stmt"/>
        <line num="41" count="14" type="stmt"/>
        <line num="65" count="21" type="stmt"/>
        <line num="68" count="21" type="stmt"/>
        <line num="78" count="21" type="stmt"/>
        <line num="91" count="21" type="stmt"/>
        <line num="92" count="21" type="cond" truecount="1" falsecount="0"/>
        <line num="93" count="21" type="stmt"/>
        <line num="94" count="21" type="stmt"/>
        <line num="95" count="21" type="stmt"/>
        <line num="96" count="21" type="stmt"/>
        <line num="97" count="21" type="cond" truecount="1" falsecount="1"/>
        <line num="98" count="0" type="stmt"/>
        <line num="100" count="0" type="stmt"/>
        <line num="101" count="0" type="stmt"/>
        <line num="102" count="0" type="stmt"/>
        <line num="104" count="0" type="stmt"/>
        <line num="107" count="21" type="stmt"/>
        <line num="112" count="2" type="stmt"/>
        <line num="113" count="2" type="cond" truecount="2" falsecount="0"/>
        <line num="114" count="1" type="stmt"/>
        <line num="115" count="1" type="cond" truecount="1" falsecount="0"/>
        <line num="116" count="1" type="stmt"/>
        <line num="120" count="2" type="stmt"/>
        <line num="123" count="3" type="cond" truecount="1" falsecount="0"/>
        <line num="124" count="3" type="stmt"/>
        <line num="129" count="3" type="stmt"/>
        <line num="133" count="1" type="stmt"/>
        <line num="135" count="1" type="stmt"/>
      </file>
    </package>
    <package name="src.dialogs">
      <metrics statements="312" coveredstatements="258" conditionals="163" coveredconditionals="112" methods="100" coveredmethods="70"/>
      <file name="ApprovalDialog.vue" path="\\wsl$\Ubuntu-20.04\home\ubwsx\matpay\src\dialogs\ApprovalDialog.vue">
        <metrics statements="16" coveredstatements="15" conditionals="30" coveredconditionals="23" methods="9" coveredmethods="8"/>
        <line num="70" count="15" type="stmt"/>
        <line num="71" count="15" type="stmt"/>
        <line num="72" count="15" type="stmt"/>
        <line num="75" count="15" type="stmt"/>
        <line num="87" count="7" type="stmt"/>
        <line num="97" count="7" type="cond" truecount="5" falsecount="1"/>
        <line num="98" count="12" type="cond" truecount="3" falsecount="1"/>
        <line num="105" count="4" type="cond" truecount="3" falsecount="1"/>
        <line num="106" count="4" type="stmt"/>
        <line num="109" count="4" type="cond" truecount="3" falsecount="1"/>
        <line num="110" count="4" type="stmt"/>
        <line num="113" count="2" type="cond" truecount="3" falsecount="1"/>
        <line num="116" count="2" type="cond" truecount="3" falsecount="1"/>
        <line num="120" count="7" type="cond" truecount="3" falsecount="1"/>
        <line num="121" count="7" type="stmt"/>
        <line num="126" count="0" type="stmt"/>
      </file>
      <file name="ConfirmDialog.vue" path="\\wsl$\Ubuntu-20.04\home\ubwsx\matpay\src\dialogs\ConfirmDialog.vue">
        <metrics statements="20" coveredstatements="16" conditionals="9" coveredconditionals="6" methods="8" coveredmethods="6"/>
        <line num="23" count="14" type="stmt"/>
        <line num="24" count="14" type="stmt"/>
        <line num="26" count="14" type="stmt"/>
        <line num="29" count="4" type="stmt"/>
        <line num="42" count="4" type="stmt"/>
        <line num="43" count="4" type="stmt"/>
        <line num="44" count="4" type="stmt"/>
        <line num="45" count="1" type="stmt"/>
        <line num="46" count="1" type="stmt"/>
        <line num="48" count="4" type="stmt"/>
        <line num="49" count="0" type="cond" truecount="0" falsecount="1"/>
        <line num="50" count="0" type="stmt"/>
        <line num="52" count="0" type="stmt"/>
        <line num="54" count="4" type="stmt"/>
        <line num="57" count="4" type="cond" truecount="3" falsecount="1"/>
        <line num="58" count="4" type="stmt"/>
        <line num="61" count="1" type="cond" truecount="3" falsecount="1"/>
        <line num="62" count="1" type="stmt"/>
        <line num="66" count="4" type="stmt"/>
        <line num="71" count="0" type="stmt"/>
      </file>
      <file name="CreateRoomDialog.vue" path="\\wsl$\Ubuntu-20.04\home\ubwsx\matpay\src\dialogs\CreateRoomDialog.vue">
        <metrics statements="17" coveredstatements="14" conditionals="10" coveredconditionals="5" methods="8" coveredmethods="5"/>
        <line num="25" count="14" type="stmt"/>
        <line num="26" count="14" type="stmt"/>
        <line num="28" count="14" type="stmt"/>
        <line num="31" count="4" type="stmt"/>
        <line num="47" count="0" type="cond" truecount="0" falsecount="4"/>
        <line num="48" count="0" type="stmt"/>
        <line num="51" count="3" type="cond" truecount="3" falsecount="1"/>
        <line num="52" count="3" type="stmt"/>
        <line num="55" count="1" type="stmt"/>
        <line num="59" count="1" type="stmt"/>
        <line num="60" count="1" type="stmt"/>
        <line num="63" count="4" type="cond" truecount="2" falsecount="0"/>
        <line num="64" count="1" type="stmt"/>
        <line num="66" count="3" type="stmt"/>
        <line num="67" count="3" type="stmt"/>
        <line num="72" count="4" type="stmt"/>
        <line num="77" count="0" type="stmt"/>
      </file>
      <file name="CreateTxDialog.vue" path="\\wsl$\Ubuntu-20.04\home\ubwsx\matpay\src\dialogs\CreateTxDialog.vue">
        <metrics statements="63" coveredstatements="37" conditionals="24" coveredconditionals="15" methods="17" coveredmethods="8"/>
        <line num="51" count="14" type="stmt"/>
        <line num="53" count="14" type="stmt"/>
        <line num="54" count="14" type="stmt"/>
        <line num="57" count="14" type="stmt"/>
        <line num="58" count="14" type="stmt"/>
        <line num="60" count="14" type="stmt"/>
        <line num="71" count="6" type="stmt"/>
        <line num="92" count="1" type="cond" truecount="3" falsecount="1"/>
        <line num="93" count="1" type="stmt"/>
        <line num="96" count="0" type="cond" truecount="0" falsecount="4"/>
        <line num="97" count="0" type="stmt"/>
        <line num="100" count="1" type="stmt"/>
        <line num="103" count="3" type="cond" truecount="1" falsecount="0"/>
        <line num="104" count="1" type="stmt"/>
        <line num="108" count="1" type="stmt"/>
        <line num="109" count="1" type="stmt"/>
        <line num="111" count="3" type="cond" truecount="1" falsecount="0"/>
        <line num="112" count="3" type="stmt"/>
        <line num="116" count="3" type="stmt"/>
        <line num="117" count="3" type="stmt"/>
        <line num="118" count="3" type="stmt"/>
        <line num="120" count="3" type="cond" truecount="1" falsecount="0"/>
        <line num="121" count="3" type="stmt"/>
        <line num="125" count="3" type="stmt"/>
        <line num="126" count="3" type="stmt"/>
        <line num="128" count="3" type="cond" truecount="1" falsecount="0"/>
        <line num="129" count="3" type="stmt"/>
        <line num="133" count="3" type="stmt"/>
        <line num="134" count="3" type="stmt"/>
        <line num="138" count="6" type="cond" truecount="3" falsecount="2"/>
        <line num="142" count="0" type="stmt"/>
        <line num="145" count="0" type="stmt"/>
        <line num="146" count="0" type="stmt"/>
        <line num="149" count="0" type="stmt"/>
        <line num="150" count="0" type="stmt"/>
        <line num="151" count="0" type="stmt"/>
        <line num="152" count="0" type="stmt"/>
        <line num="153" count="0" type="stmt"/>
        <line num="158" count="0" type="stmt"/>
        <line num="167" count="0" type="stmt"/>
        <line num="168" count="0" type="stmt"/>
        <line num="172" count="0" type="stmt"/>
        <line num="174" count="0" type="stmt"/>
        <line num="175" count="0" type="stmt"/>
        <line num="176" count="0" type="stmt"/>
        <line num="177" count="0" type="stmt"/>
        <line num="178" count="0" type="stmt"/>
        <line num="179" count="0" type="stmt"/>
        <line num="181" count="0" type="stmt"/>
        <line num="182" count="0" type="stmt"/>
        <line num="185" count="3" type="stmt"/>
        <line num="189" count="3" type="stmt"/>
        <line num="193" count="0" type="stmt"/>
        <line num="196" count="5" type="stmt"/>
        <line num="197" count="5" type="cond" truecount="0" falsecount="1"/>
        <line num="198" count="0" type="stmt"/>
        <line num="201" count="5" type="cond" truecount="4" falsecount="1"/>
        <line num="202" count="5" type="stmt"/>
        <line num="204" count="0" type="stmt"/>
        <line num="209" count="6" type="stmt"/>
        <line num="214" count="0" type="stmt"/>
        <line num="219" count="8" type="cond" truecount="1" falsecount="0"/>
        <line num="220" count="8" type="stmt"/>
      </file>
      <file name="DetailDialog.vue" path="\\wsl$\Ubuntu-20.04\home\ubwsx\matpay\src\dialogs\DetailDialog.vue">
        <metrics statements="14" coveredstatements="9" conditionals="16" coveredconditionals="6" methods="6" coveredmethods="3"/>
        <line num="44" count="15" type="stmt"/>
        <line num="45" count="15" type="stmt"/>
        <line num="46" count="15" type="stmt"/>
        <line num="49" count="15" type="stmt"/>
        <line num="60" count="4" type="stmt"/>
        <line num="72" count="1" type="cond" truecount="3" falsecount="1"/>
        <line num="73" count="1" type="stmt"/>
        <line num="76" count="0" type="cond" truecount="0" falsecount="4"/>
        <line num="77" count="0" type="stmt"/>
        <line num="80" count="0" type="stmt"/>
        <line num="87" count="0" type="stmt"/>
        <line num="91" count="4" type="cond" truecount="3" falsecount="1"/>
        <line num="92" count="4" type="stmt"/>
        <line num="97" count="0" type="stmt"/>
      </file>
      <file name="ModificationDialog.vue" path="\\wsl$\Ubuntu-20.04\home\ubwsx\matpay\src\dialogs\ModificationDialog.vue">
        <metrics statements="63" coveredstatements="53" conditionals="23" coveredconditionals="17" methods="16" coveredmethods="11"/>
        <line num="37" count="13" type="stmt"/>
        <line num="38" count="13" type="stmt"/>
        <line num="39" count="13" type="stmt"/>
        <line num="42" count="13" type="stmt"/>
        <line num="44" count="13" type="stmt"/>
        <line num="45" count="13" type="stmt"/>
        <line num="47" count="13" type="stmt"/>
        <line num="61" count="9" type="stmt"/>
        <line num="82" count="1" type="cond" truecount="3" falsecount="1"/>
        <line num="83" count="1" type="stmt"/>
        <line num="86" count="1" type="cond" truecount="3" falsecount="1"/>
        <line num="87" count="1" type="stmt"/>
        <line num="90" count="3" type="cond" truecount="1" falsecount="0"/>
        <line num="91" count="2" type="stmt"/>
        <line num="95" count="2" type="stmt"/>
        <line num="96" count="2" type="stmt"/>
        <line num="100" count="7" type="stmt"/>
        <line num="101" count="7" type="cond" truecount="0" falsecount="1"/>
        <line num="102" count="0" type="stmt"/>
        <line num="107" count="7" type="cond" truecount="2" falsecount="0"/>
        <line num="108" count="2" type="stmt"/>
        <line num="110" count="5" type="cond" truecount="0" falsecount="1"/>
        <line num="111" count="0" type="stmt"/>
        <line num="113" count="5" type="stmt"/>
        <line num="117" count="3" type="cond" truecount="1" falsecount="0"/>
        <line num="118" count="1" type="stmt"/>
        <line num="122" count="1" type="stmt"/>
        <line num="123" count="1" type="stmt"/>
        <line num="127" count="0" type="stmt"/>
        <line num="130" count="9" type="cond" truecount="3" falsecount="0"/>
        <line num="131" count="3" type="stmt"/>
        <line num="133" count="3" type="cond" truecount="0" falsecount="1"/>
        <line num="134" count="3" type="stmt"/>
        <line num="135" count="3" type="stmt"/>
        <line num="138" count="3" type="stmt"/>
        <line num="139" count="3" type="stmt"/>
        <line num="140" count="3" type="stmt"/>
        <line num="141" count="0" type="stmt"/>
        <line num="144" count="3" type="stmt"/>
        <line num="145" count="3" type="stmt"/>
        <line num="150" count="0" type="stmt"/>
        <line num="151" count="0" type="stmt"/>
        <line num="157" count="0" type="stmt"/>
        <line num="158" count="0" type="stmt"/>
        <line num="159" count="0" type="stmt"/>
        <line num="161" count="3" type="stmt"/>
        <line num="162" count="3" type="stmt"/>
        <line num="166" count="3" type="stmt"/>
        <line num="167" count="3" type="stmt"/>
        <line num="168" count="3" type="stmt"/>
        <line num="172" count="0" type="stmt"/>
        <line num="176" count="9" type="stmt"/>
        <line num="181" count="1" type="stmt"/>
        <line num="186" count="9" type="cond" truecount="1" falsecount="0"/>
        <line num="187" count="9" type="cond" truecount="3" falsecount="1"/>
        <line num="188" count="9" type="stmt"/>
        <line num="189" count="9" type="stmt"/>
        <line num="191" count="9" type="stmt"/>
        <line num="192" count="9" type="stmt"/>
        <line num="193" count="9" type="stmt"/>
        <line num="194" count="18" type="stmt"/>
        <line num="195" count="9" type="stmt"/>
        <line num="197" count="9" type="stmt"/>
      </file>
      <file name="SettlementDialog.vue" path="\\wsl$\Ubuntu-20.04\home\ubwsx\matpay\src\dialogs\SettlementDialog.vue">
        <metrics statements="17" coveredstatements="16" conditionals="9" coveredconditionals="7" methods="6" coveredmethods="5"/>
        <line num="32" count="14" type="stmt"/>
        <line num="33" count="14" type="stmt"/>
        <line num="34" count="14" type="stmt"/>
        <line num="36" count="14" type="stmt"/>
        <line num="38" count="14" type="stmt"/>
        <line num="53" count="20" type="stmt"/>
        <line num="68" count="3" type="cond" truecount="3" falsecount="1"/>
        <line num="69" count="3" type="stmt"/>
        <line num="72" count="1" type="cond" truecount="3" falsecount="1"/>
        <line num="73" count="1" type="stmt"/>
        <line num="76" count="3" type="stmt"/>
        <line num="77" count="3" type="stmt"/>
        <line num="78" count="3" type="stmt"/>
        <line num="82" count="20" type="cond" truecount="1" falsecount="0"/>
        <line num="83" count="20" type="stmt"/>
        <line num="84" count="20" type="stmt"/>
        <line num="90" count="0" type="stmt"/>
      </file>
      <file name="SplitCreateDialog.vue" path="\\wsl$\Ubuntu-20.04\home\ubwsx\matpay\src\dialogs\SplitCreateDialog.vue">
        <metrics statements="48" coveredstatements="47" conditionals="18" coveredconditionals="16" methods="12" coveredmethods="10"/>
        <line num="47" count="14" type="stmt"/>
        <line num="49" count="14" type="stmt"/>
        <line num="52" count="14" type="stmt"/>
        <line num="54" count="14" type="stmt"/>
        <line num="71" count="11" type="stmt"/>
        <line num="84" count="1" type="cond" truecount="3" falsecount="1"/>
        <line num="85" count="1" type="stmt"/>
        <line num="88" count="1" type="cond" truecount="3" falsecount="1"/>
        <line num="89" count="1" type="stmt"/>
        <line num="92" count="4" type="cond" truecount="1" falsecount="0"/>
        <line num="93" count="3" type="stmt"/>
        <line num="95" count="4" type="cond" truecount="2" falsecount="0"/>
        <line num="99" count="4" type="stmt"/>
        <line num="100" count="4" type="stmt"/>
        <line num="103" count="5" type="cond" truecount="1" falsecount="0"/>
        <line num="104" count="1" type="stmt"/>
        <line num="105" count="1" type="stmt"/>
        <line num="107" count="4" type="stmt"/>
        <line num="108" count="10" type="stmt"/>
        <line num="109" count="10" type="cond" truecount="1" falsecount="0"/>
        <line num="110" count="1" type="stmt"/>
        <line num="111" count="1" type="stmt"/>
        <line num="113" count="9" type="stmt"/>
        <line num="114" count="9" type="cond" truecount="1" falsecount="0"/>
        <line num="115" count="1" type="stmt"/>
        <line num="116" count="1" type="stmt"/>
        <line num="118" count="8" type="stmt"/>
        <line num="120" count="6" type="cond" truecount="1" falsecount="0"/>
        <line num="121" count="1" type="stmt"/>
        <line num="122" count="1" type="stmt"/>
        <line num="124" count="1" type="stmt"/>
        <line num="125" count="1" type="stmt"/>
        <line num="128" count="1" type="cond" truecount="1" falsecount="0"/>
        <line num="129" count="1" type="stmt"/>
        <line num="130" count="1" type="stmt"/>
        <line num="131" count="1" type="stmt"/>
        <line num="132" count="3" type="stmt"/>
        <line num="133" count="3" type="stmt"/>
        <line num="139" count="11" type="stmt"/>
        <line num="144" count="0" type="stmt"/>
        <line num="149" count="13" type="cond" truecount="1" falsecount="0"/>
        <line num="150" count="13" type="stmt"/>
        <line num="157" count="11" type="cond" truecount="1" falsecount="0"/>
        <line num="158" count="3" type="stmt"/>
        <line num="159" count="3" type="stmt"/>
        <line num="160" count="6" type="stmt"/>
        <line num="161" count="3" type="stmt"/>
        <line num="162" count="3" type="stmt"/>
      </file>
      <file name="SplitModifyDialog.vue" path="\\wsl$\Ubuntu-20.04\home\ubwsx\matpay\src\dialogs\SplitModifyDialog.vue">
        <metrics statements="31" coveredstatements="29" conditionals="12" coveredconditionals="7" methods="10" coveredmethods="8"/>
        <line num="34" count="13" type="stmt"/>
        <line num="36" count="13" type="stmt"/>
        <line num="40" count="13" type="stmt"/>
        <line num="54" count="9" type="stmt"/>
        <line num="66" count="0" type="cond" truecount="0" falsecount="4"/>
        <line num="67" count="0" type="stmt"/>
        <line num="70" count="2" type="cond" truecount="3" falsecount="1"/>
        <line num="71" count="2" type="stmt"/>
        <line num="74" count="3" type="stmt"/>
        <line num="78" count="3" type="stmt"/>
        <line num="79" count="3" type="stmt"/>
        <line num="82" count="4" type="stmt"/>
        <line num="83" count="8" type="stmt"/>
        <line num="84" count="5" type="cond" truecount="1" falsecount="0"/>
        <line num="85" count="1" type="stmt"/>
        <line num="86" count="1" type="stmt"/>
        <line num="88" count="4" type="stmt"/>
        <line num="89" count="4" type="cond" truecount="1" falsecount="0"/>
        <line num="90" count="1" type="stmt"/>
        <line num="91" count="1" type="stmt"/>
        <line num="93" count="3" type="stmt"/>
        <line num="95" count="3" type="cond" truecount="1" falsecount="0"/>
        <line num="96" count="1" type="stmt"/>
        <line num="97" count="1" type="stmt"/>
        <line num="99" count="1" type="stmt"/>
        <line num="100" count="1" type="stmt"/>
        <line num="104" count="9" type="stmt"/>
        <line num="109" count="1" type="stmt"/>
        <line num="114" count="9" type="cond" truecount="1" falsecount="0"/>
        <line num="115" count="18" type="stmt"/>
        <line num="116" count="11" type="stmt"/>
      </file>
      <file name="UserInviteDialog.vue" path="\\wsl$\Ubuntu-20.04\home\ubwsx\matpay\src\dialogs\UserInviteDialog.vue">
        <metrics statements="23" coveredstatements="22" conditionals="12" coveredconditionals="10" methods="8" coveredmethods="6"/>
        <line num="30" count="14" type="stmt"/>
        <line num="31" count="14" type="stmt"/>
        <line num="32" count="14" type="stmt"/>
        <line num="34" count="14" type="stmt"/>
        <line num="42" count="11" type="stmt"/>
        <line num="62" count="1" type="cond" truecount="3" falsecount="1"/>
        <line num="63" count="1" type="stmt"/>
        <line num="66" count="1" type="cond" truecount="3" falsecount="1"/>
        <line num="67" count="1" type="stmt"/>
        <line num="70" count="3" type="stmt"/>
        <line num="74" count="3" type="stmt"/>
        <line num="75" count="3" type="stmt"/>
        <line num="78" count="7" type="cond" truecount="3" falsecount="0"/>
        <line num="79" count="1" type="stmt"/>
        <line num="80" count="5" type="cond" truecount="1" falsecount="0"/>
        <line num="81" count="1" type="stmt"/>
        <line num="84" count="3" type="stmt"/>
        <line num="89" count="1" type="stmt"/>
        <line num="90" count="1" type="stmt"/>
        <line num="91" count="1" type="stmt"/>
        <line num="93" count="1" type="stmt"/>
        <line num="99" count="11" type="stmt"/>
        <line num="104" count="0" type="stmt"/>
      </file>
    </package>
    <package name="src.interface">
      <metrics statements="2" coveredstatements="2" conditionals="0" coveredconditionals="0" methods="0" coveredmethods="0"/>
      <file name="tx_event.interface.ts" path="\\wsl$\Ubuntu-20.04\home\ubwsx\matpay\src\interface\tx_event.interface.ts">
        <metrics statements="2" coveredstatements="2" conditionals="0" coveredconditionals="0" methods="0" coveredmethods="0"/>
        <line num="71" count="13" type="stmt"/>
        <line num="79" count="13" type="stmt"/>
      </file>
    </package>
    <package name="src.router">
      <metrics statements="14" coveredstatements="14" conditionals="4" coveredconditionals="4" methods="1" coveredmethods="1"/>
      <file name="index.ts" path="\\wsl$\Ubuntu-20.04\home\ubwsx\matpay\src\router\index.ts">
        <metrics statements="14" coveredstatements="14" conditionals="4" coveredconditionals="4" methods="1" coveredmethods="1"/>
        <line num="1" count="13" type="stmt"/>
        <line num="2" count="13" type="stmt"/>
        <line num="3" count="13" type="stmt"/>
        <line num="4" count="13" type="stmt"/>
        <line num="5" count="13" type="stmt"/>
        <line num="6" count="13" type="stmt"/>
        <line num="8" count="13" type="stmt"/>
        <line num="42" count="13" type="stmt"/>
        <line num="46" count="13" type="stmt"/>
        <line num="47" count="2" type="cond" truecount="3" falsecount="0"/>
        <line num="48" count="1" type="stmt"/>
        <line num="50" count="1" type="cond" truecount="1" falsecount="0"/>
        <line num="51" count="1" type="stmt"/>
        <line num="54" count="13" type="stmt"/>
      </file>
    </package>
    <package name="src.store">
      <metrics statements="1025" coveredstatements="948" conditionals="301" coveredconditionals="257" methods="261" coveredmethods="232"/>
      <file name="auth.ts" path="\\wsl$\Ubuntu-20.04\home\ubwsx\matpay\src\store\auth.ts">
        <metrics statements="30" coveredstatements="20" conditionals="14" coveredconditionals="10" methods="11" coveredmethods="8"/>
        <line num="2" count="13" type="stmt"/>
        <line num="13" count="13" type="stmt"/>
        <line num="16" count="117" type="stmt"/>
        <line num="25" count="1" type="stmt"/>
        <line num="26" count="1" type="stmt"/>
        <line num="27" count="1" type="stmt"/>
        <line num="28" count="1" type="stmt"/>
        <line num="29" count="1" type="stmt"/>
        <line num="30" count="1" type="stmt"/>
        <line num="31" count="1" type="stmt"/>
        <line num="32" count="1" type="stmt"/>
        <line num="35" count="2" type="stmt"/>
        <line num="36" count="2" type="stmt"/>
        <line num="37" count="2" type="stmt"/>
        <line num="49" count="3" type="stmt"/>
        <line num="50" count="0" type="cond" truecount="0" falsecount="2"/>
        <line num="51" count="0" type="stmt"/>
        <line num="53" count="0" type="stmt"/>
        <line num="62" count="0" type="stmt"/>
        <line num="64" count="0" type="cond" truecount="0" falsecount="2"/>
        <line num="65" count="0" type="stmt"/>
        <line num="72" count="0" type="stmt"/>
        <line num="73" count="0" type="stmt"/>
        <line num="81" count="0" type="stmt"/>
        <line num="82" count="0" type="stmt"/>
        <line num="87" count="1" type="stmt"/>
        <line num="90" count="1" type="cond" truecount="2" falsecount="0"/>
        <line num="93" count="7" type="stmt"/>
        <line num="96" count="1" type="stmt"/>
        <line num="102" count="13" type="stmt"/>
      </file>
      <file name="chat.ts" path="\\wsl$\Ubuntu-20.04\home\ubwsx\matpay\src\store\chat.ts">
        <metrics statements="64" coveredstatements="62" conditionals="15" coveredconditionals="13" methods="21" coveredmethods="20"/>
        <line num="1" count="13" type="stmt"/>
        <line num="9" count="13" type="stmt"/>
        <line num="18" count="13" type="stmt"/>
        <line num="21" count="117" type="stmt"/>
        <line num="28" count="7" type="stmt"/>
        <line num="31" count="7" type="stmt"/>
        <line num="34" count="2" type="stmt"/>
        <line num="35" count="2" type="stmt"/>
        <line num="41" count="1" type="stmt"/>
        <line num="47" count="5" type="stmt"/>
        <line num="49" count="5" type="cond" truecount="1" falsecount="0"/>
        <line num="51" count="4" type="cond" truecount="2" falsecount="0"/>
        <line num="53" count="2" type="stmt"/>
        <line num="54" count="2" type="cond" truecount="2" falsecount="0"/>
        <line num="55" count="2" type="cond" truecount="1" falsecount="1"/>
        <line num="56" count="2" type="stmt"/>
        <line num="57" count="1" type="stmt"/>
        <line num="58" count="1" type="stmt"/>
        <line num="62" count="2" type="stmt"/>
        <line num="65" count="5" type="stmt"/>
        <line num="67" count="5" type="stmt"/>
        <line num="68" count="6" type="stmt"/>
        <line num="72" count="2" type="stmt"/>
        <line num="88" count="1" type="stmt"/>
        <line num="89" count="1" type="stmt"/>
        <line num="90" count="1" type="stmt"/>
        <line num="91" count="1" type="stmt"/>
        <line num="105" count="1" type="stmt"/>
        <line num="106" count="1" type="stmt"/>
        <line num="107" count="3" type="stmt"/>
        <line num="108" count="1" type="stmt"/>
        <line num="113" count="1" type="stmt"/>
        <line num="127" count="2" type="stmt"/>
        <line num="128" count="2" type="stmt"/>
        <line num="129" count="2" type="cond" truecount="1" falsecount="0"/>
        <line num="130" count="1" type="stmt"/>
        <line num="132" count="1" type="stmt"/>
        <line num="137" count="1" type="stmt"/>
        <line num="151" count="1" type="stmt"/>
        <line num="152" count="1" type="stmt"/>
        <line num="153" count="1" type="stmt"/>
        <line num="158" count="1" type="stmt"/>
        <line num="172" count="2" type="stmt"/>
        <line num="173" count="2" type="stmt"/>
        <line num="174" count="2" type="cond" truecount="1" falsecount="0"/>
        <line num="175" count="1" type="stmt"/>
        <line num="177" count="1" type="stmt"/>
        <line num="178" count="1" type="stmt"/>
        <line num="182" count="0" type="stmt"/>
        <line num="184" count="1" type="cond" truecount="1" falsecount="0"/>
        <line num="185" count="1" type="stmt"/>
        <line num="190" count="8" type="stmt"/>
        <line num="191" count="2" type="cond" truecount="1" falsecount="0"/>
        <line num="192" count="1" type="stmt"/>
        <line num="196" count="1" type="stmt"/>
        <line num="197" count="2" type="cond" truecount="2" falsecount="0"/>
        <line num="198" count="1" type="cond" truecount="1" falsecount="1"/>
        <line num="199" count="0" type="stmt"/>
        <line num="201" count="1" type="stmt"/>
        <line num="204" count="1" type="stmt"/>
        <line num="207" count="1" type="stmt"/>
        <line num="211" count="1" type="stmt"/>
        <line num="212" count="1" type="stmt"/>
        <line num="218" count="13" type="stmt"/>
      </file>
      <file name="index.ts" path="\\wsl$\Ubuntu-20.04\home\ubwsx\matpay\src\store\index.ts">
        <metrics statements="46" coveredstatements="46" conditionals="15" coveredconditionals="15" methods="4" coveredmethods="4"/>
        <line num="1" count="12" type="stmt"/>
        <line num="2" count="12" type="stmt"/>
        <line num="3" count="12" type="stmt"/>
        <line num="4" count="12" type="stmt"/>
        <line num="5" count="12" type="stmt"/>
        <line num="6" count="12" type="stmt"/>
        <line num="7" count="12" type="stmt"/>
        <line num="10" count="12" type="stmt"/>
        <line num="12" count="12" type="stmt"/>
        <line num="13" count="12" type="stmt"/>
        <line num="14" count="117" type="stmt"/>
        <line num="25" count="117" type="stmt"/>
        <line num="26" count="49" type="stmt"/>
        <line num="27" count="49" type="cond" truecount="5" falsecount="0"/>
        <line num="30" count="1" type="stmt"/>
        <line num="32" count="1" type="stmt"/>
        <line num="33" count="5" type="stmt"/>
        <line num="35" count="1" type="stmt"/>
        <line num="38" count="6" type="stmt"/>
        <line num="39" count="6" type="stmt"/>
        <line num="40" count="24" type="stmt"/>
        <line num="42" count="6" type="stmt"/>
        <line num="45" count="1" type="stmt"/>
        <line num="46" count="1" type="stmt"/>
        <line num="47" count="4" type="stmt"/>
        <line num="49" count="1" type="stmt"/>
        <line num="55" count="5" type="stmt"/>
        <line num="60" count="5" type="cond" truecount="1" falsecount="0"/>
        <line num="61" count="1" type="stmt"/>
        <line num="66" count="5" type="cond" truecount="1" falsecount="0"/>
        <line num="67" count="2" type="cond" truecount="2" falsecount="0"/>
        <line num="68" count="1" type="stmt"/>
        <line num="73" count="1" type="stmt"/>
        <line num="79" count="5" type="cond" truecount="1" falsecount="0"/>
        <line num="80" count="1" type="cond" truecount="1" falsecount="0"/>
        <line num="81" count="1" type="stmt"/>
        <line num="87" count="5" type="cond" truecount="1" falsecount="0"/>
        <line num="88" count="1" type="cond" truecount="1" falsecount="0"/>
        <line num="89" count="1" type="stmt"/>
        <line num="95" count="5" type="stmt"/>
        <line num="98" count="1" type="stmt"/>
        <line num="99" count="1" type="stmt"/>
        <line num="100" count="2" type="stmt"/>
        <line num="101" count="1" type="stmt"/>
        <line num="105" count="1" type="stmt"/>
        <line num="115" count="12" type="stmt"/>
      </file>
      <file name="rooms.ts" path="\\wsl$\Ubuntu-20.04\home\ubwsx\matpay\src\store\rooms.ts">
        <metrics statements="160" coveredstatements="149" conditionals="51" coveredconditionals="41" methods="60" coveredmethods="55"/>
        <line num="2" count="13" type="stmt"/>
        <line num="14" count="13" type="stmt"/>
        <line num="21" count="13" type="stmt"/>
        <line num="24" count="117" type="stmt"/>
        <line num="31" count="8" type="stmt"/>
        <line num="37" count="8" type="stmt"/>
        <line num="38" count="8" type="cond" truecount="1" falsecount="0"/>
        <line num="39" count="1" type="stmt"/>
        <line num="41" count="8" type="stmt"/>
        <line num="44" count="2" type="stmt"/>
        <line num="45" count="2" type="stmt"/>
        <line num="51" count="1" type="stmt"/>
        <line num="56" count="1" type="stmt"/>
        <line num="60" count="2" type="stmt"/>
        <line num="61" count="2" type="stmt"/>
        <line num="62" count="1" type="cond" truecount="3" falsecount="0"/>
        <line num="66" count="2" type="cond" truecount="1" falsecount="0"/>
        <line num="67" count="1" type="stmt"/>
        <line num="68" count="1" type="stmt"/>
        <line num="69" count="1" type="stmt"/>
        <line num="72" count="2" type="stmt"/>
        <line num="75" count="1" type="stmt"/>
        <line num="76" count="1" type="stmt"/>
        <line num="79" count="1" type="stmt"/>
        <line num="82" count="2" type="stmt"/>
        <line num="96" count="2" type="stmt"/>
        <line num="97" count="6" type="stmt"/>
        <line num="98" count="6" type="cond" truecount="1" falsecount="0"/>
        <line num="99" count="1" type="stmt"/>
        <line num="104" count="6" type="stmt"/>
        <line num="108" count="6" type="stmt"/>
        <line num="123" count="1" type="stmt"/>
        <line num="124" count="1" type="stmt"/>
        <line num="125" count="1" type="cond" truecount="0" falsecount="1"/>
        <line num="126" count="0" type="stmt"/>
        <line num="131" count="1" type="stmt"/>
        <line num="135" count="1" type="stmt"/>
        <line num="150" count="4" type="stmt"/>
        <line num="151" count="4" type="stmt"/>
        <line num="153" count="4" type="stmt"/>
        <line num="154" count="4" type="stmt"/>
        <line num="155" count="4" type="stmt"/>
        <line num="156" count="1" type="cond" truecount="2" falsecount="0"/>
        <line num="159" count="4" type="cond" truecount="2" falsecount="0"/>
        <line num="161" count="3" type="stmt"/>
        <line num="163" count="1" type="cond" truecount="1" falsecount="0"/>
        <line num="165" count="1" type="stmt"/>
        <line num="168" count="4" type="cond" truecount="1" falsecount="0"/>
        <line num="169" count="4" type="stmt"/>
        <line num="173" count="4" type="cond" truecount="2" falsecount="0"/>
        <line num="174" count="2" type="stmt"/>
        <line num="178" count="2" type="cond" truecount="2" falsecount="0"/>
        <line num="179" count="1" type="stmt"/>
        <line num="183" count="1" type="cond" truecount="1" falsecount="0"/>
        <line num="184" count="1" type="stmt"/>
        <line num="199" count="1" type="stmt"/>
        <line num="200" count="1" type="stmt"/>
        <line num="201" count="1" type="cond" truecount="0" falsecount="1"/>
        <line num="203" count="0" type="cond" truecount="0" falsecount="1"/>
        <line num="204" count="0" type="stmt"/>
        <line num="207" count="1" type="stmt"/>
        <line num="208" count="1" type="stmt"/>
        <line num="209" count="1" type="cond" truecount="1" falsecount="0"/>
        <line num="210" count="1" type="stmt"/>
        <line num="212" count="1" type="stmt"/>
        <line num="229" count="3" type="cond" truecount="1" falsecount="0"/>
        <line num="230" count="1" type="stmt"/>
        <line num="232" count="2" type="stmt"/>
        <line num="234" count="2" type="stmt"/>
        <line num="235" count="2" type="stmt"/>
        <line num="247" count="0" type="stmt"/>
        <line num="248" count="2" type="cond" truecount="1" falsecount="0"/>
        <line num="249" count="1" type="stmt"/>
        <line num="252" count="1" type="stmt"/>
        <line num="255" count="1" type="stmt"/>
        <line num="266" count="2" type="stmt"/>
        <line num="268" count="2" type="stmt"/>
        <line num="269" count="2" type="stmt"/>
        <line num="271" count="0" type="stmt"/>
        <line num="272" count="2" type="cond" truecount="1" falsecount="0"/>
        <line num="273" count="1" type="stmt"/>
        <line num="276" count="1" type="stmt"/>
        <line num="280" count="1" type="stmt"/>
        <line num="291" count="2" type="stmt"/>
        <line num="292" count="2" type="stmt"/>
        <line num="294" count="0" type="stmt"/>
        <line num="295" count="2" type="cond" truecount="1" falsecount="0"/>
        <line num="296" count="1" type="stmt"/>
        <line num="299" count="1" type="stmt"/>
        <line num="310" count="2" type="stmt"/>
        <line num="312" count="2" type="stmt"/>
        <line num="313" count="2" type="stmt"/>
        <line num="314" count="2" type="stmt"/>
        <line num="316" count="0" type="stmt"/>
        <line num="317" count="2" type="cond" truecount="1" falsecount="0"/>
        <line num="318" count="1" type="stmt"/>
        <line num="321" count="1" type="stmt"/>
        <line num="332" count="1" type="stmt"/>
        <line num="334" count="1" type="cond" truecount="2" falsecount="2"/>
        <line num="337" count="0" type="stmt"/>
        <line num="345" count="1" type="stmt"/>
        <line num="349" count="1" type="stmt"/>
        <line num="350" count="1" type="stmt"/>
        <line num="352" count="1" type="stmt"/>
        <line num="353" count="1" type="stmt"/>
        <line num="357" count="3" type="stmt"/>
        <line num="358" count="3" type="stmt"/>
        <line num="359" count="3" type="stmt"/>
        <line num="360" count="3" type="stmt"/>
        <line num="367" count="3" type="stmt"/>
        <line num="368" count="3" type="stmt"/>
        <line num="370" count="3" type="stmt"/>
        <line num="371" count="3" type="cond" truecount="1" falsecount="1"/>
        <line num="373" count="3" type="stmt"/>
        <line num="374" count="0" type="cond" truecount="0" falsecount="2"/>
        <line num="376" count="3" type="stmt"/>
        <line num="378" count="3" type="stmt"/>
        <line num="379" count="3" type="cond" truecount="3" falsecount="1"/>
        <line num="380" count="3" type="stmt"/>
        <line num="381" count="3" type="cond" truecount="2" falsecount="0"/>
        <line num="382" count="1" type="stmt"/>
        <line num="383" count="2" type="cond" truecount="2" falsecount="0"/>
        <line num="384" count="1" type="stmt"/>
        <line num="386" count="1" type="stmt"/>
        <line num="389" count="0" type="stmt"/>
        <line num="393" count="3" type="stmt"/>
        <line num="395" count="2" type="stmt"/>
        <line num="396" count="2" type="stmt"/>
        <line num="397" count="2" type="cond" truecount="1" falsecount="0"/>
        <line num="398" count="1" type="stmt"/>
        <line num="400" count="1" type="stmt"/>
        <line num="401" count="1" type="stmt"/>
        <line num="403" count="2" type="stmt"/>
        <line num="404" count="2" type="stmt"/>
        <line num="405" count="2" type="cond" truecount="1" falsecount="0"/>
        <line num="406" count="1" type="stmt"/>
        <line num="408" count="1" type="stmt"/>
        <line num="409" count="1" type="stmt"/>
        <line num="411" count="5" type="stmt"/>
        <line num="412" count="20" type="stmt"/>
        <line num="413" count="9" type="cond" truecount="1" falsecount="0"/>
        <line num="414" count="1" type="stmt"/>
        <line num="416" count="8" type="stmt"/>
        <line num="417" count="8" type="cond" truecount="2" falsecount="0"/>
        <line num="419" count="2" type="stmt"/>
        <line num="420" count="2" type="stmt"/>
        <line num="421" count="2" type="cond" truecount="1" falsecount="0"/>
        <line num="422" count="1" type="stmt"/>
        <line num="424" count="1" type="stmt"/>
        <line num="425" count="1" type="stmt"/>
        <line num="427" count="2" type="stmt"/>
        <line num="428" count="2" type="stmt"/>
        <line num="429" count="2" type="cond" truecount="1" falsecount="0"/>
        <line num="430" count="1" type="stmt"/>
        <line num="432" count="1" type="cond" truecount="1" falsecount="1"/>
        <line num="433" count="1" type="stmt"/>
        <line num="435" count="0" type="stmt"/>
        <line num="438" count="1" type="stmt"/>
        <line num="439" count="1" type="stmt"/>
        <line num="445" count="13" type="stmt"/>
      </file>
      <file name="sync.ts" path="\\wsl$\Ubuntu-20.04\home\ubwsx\matpay\src\store\sync.ts">
        <metrics statements="233" coveredstatements="214" conditionals="73" coveredconditionals="63" methods="46" coveredmethods="36"/>
        <line num="3" count="13" type="stmt"/>
        <line num="9" count="13" type="stmt"/>
        <line num="26" count="13" type="stmt"/>
        <line num="29" count="141" type="stmt"/>
        <line num="46" count="5" type="stmt"/>
        <line num="49" count="11" type="stmt"/>
        <line num="50" count="11" type="stmt"/>
        <line num="51" count="11" type="stmt"/>
        <line num="52" count="11" type="stmt"/>
        <line num="53" count="11" type="stmt"/>
        <line num="56" count="2" type="cond" truecount="2" falsecount="0"/>
        <line num="57" count="1" type="stmt"/>
        <line num="59" count="1" type="stmt"/>
        <line num="60" count="1" type="stmt"/>
        <line num="61" count="1" type="stmt"/>
        <line num="62" count="1" type="stmt"/>
        <line num="63" count="0" type="stmt"/>
        <line num="65" count="1" type="stmt"/>
        <line num="66" count="0" type="stmt"/>
        <line num="68" count="1" type="stmt"/>
        <line num="69" count="0" type="stmt"/>
        <line num="71" count="1" type="stmt"/>
        <line num="72" count="1" type="stmt"/>
        <line num="73" count="1" type="stmt"/>
        <line num="74" count="1" type="stmt"/>
        <line num="75" count="1" type="stmt"/>
        <line num="76" count="1" type="stmt"/>
        <line num="78" count="1" type="stmt"/>
        <line num="85" count="73" type="stmt"/>
        <line num="86" count="27" type="cond" truecount="1" falsecount="0"/>
        <line num="88" count="27" type="stmt"/>
        <line num="95" count="11" type="stmt"/>
        <line num="96" count="11" type="cond" truecount="1" falsecount="0"/>
        <line num="97" count="11" type="stmt"/>
        <line num="104" count="210" type="stmt"/>
        <line num="105" count="210" type="cond" truecount="1" falsecount="0"/>
        <line num="106" count="81" type="stmt"/>
        <line num="108" count="210" type="cond" truecount="2" falsecount="0"/>
        <line num="109" count="59" type="stmt"/>
        <line num="111" count="151" type="stmt"/>
        <line num="113" count="210" type="cond" truecount="1" falsecount="0"/>
        <line num="114" count="205" type="stmt"/>
        <line num="118" count="5" type="stmt"/>
        <line num="119" count="5" type="stmt"/>
        <line num="120" count="5" type="stmt"/>
        <line num="123" count="3" type="stmt"/>
        <line num="124" count="3" type="stmt"/>
        <line num="126" count="3" type="stmt"/>
        <line num="127" count="3" type="stmt"/>
        <line num="133" count="5" type="stmt"/>
        <line num="139" count="9" type="stmt"/>
        <line num="142" count="3" type="stmt"/>
        <line num="145" count="4" type="stmt"/>
        <line num="148" count="2" type="stmt"/>
        <line num="151" count="2" type="stmt"/>
        <line num="181" count="4" type="cond" truecount="1" falsecount="0"/>
        <line num="182" count="3" type="stmt"/>
        <line num="183" count="3" type="stmt"/>
        <line num="185" count="3" type="stmt"/>
        <line num="213" count="3" type="stmt"/>
        <line num="214" count="3" type="stmt"/>
        <line num="220" count="3" type="stmt"/>
        <line num="221" count="3" type="cond" truecount="2" falsecount="0"/>
        <line num="224" count="2" type="cond" truecount="0" falsecount="1"/>
        <line num="225" count="0" type="stmt"/>
        <line num="227" count="2" type="cond" truecount="2" falsecount="0"/>
        <line num="229" count="1" type="stmt"/>
        <line num="230" count="1" type="stmt"/>
        <line num="231" count="4" type="stmt"/>
        <line num="232" count="4" type="cond" truecount="1" falsecount="1"/>
        <line num="233" count="0" type="stmt"/>
        <line num="234" count="0" type="cond" truecount="0" falsecount="1"/>
        <line num="235" count="0" type="stmt"/>
        <line num="238" count="4" type="stmt"/>
        <line num="240" count="4" type="cond" truecount="3" falsecount="0"/>
        <line num="241" count="1" type="stmt"/>
        <line num="247" count="1" type="stmt"/>
        <line num="248" count="1" type="stmt"/>
        <line num="249" count="1" type="stmt"/>
        <line num="250" count="4" type="stmt"/>
        <line num="251" count="3" type="stmt"/>
        <line num="254" count="3" type="stmt"/>
        <line num="257" count="3" type="stmt"/>
        <line num="258" count="27" type="cond" truecount="1" falsecount="0"/>
        <line num="259" count="27" type="stmt"/>
        <line num="268" count="1" type="stmt"/>
        <line num="270" count="1" type="stmt"/>
        <line num="272" count="1" type="stmt"/>
        <line num="276" count="1" type="stmt"/>
        <line num="277" count="4" type="stmt"/>
        <line num="278" count="3" type="stmt"/>
        <line num="280" count="3" type="stmt"/>
        <line num="281" count="3" type="stmt"/>
        <line num="282" count="3" type="stmt"/>
        <line num="286" count="3" type="stmt"/>
        <line num="291" count="3" type="stmt"/>
        <line num="292" count="2" type="stmt"/>
        <line num="298" count="3" type="stmt"/>
        <line num="299" count="57" type="cond" truecount="1" falsecount="0"/>
        <line num="300" count="16" type="stmt"/>
        <line num="304" count="16" type="stmt"/>
        <line num="306" count="41" type="cond" truecount="1" falsecount="0"/>
        <line num="307" count="31" type="stmt"/>
        <line num="316" count="1" type="stmt"/>
        <line num="319" count="1" type="stmt"/>
        <line num="337" count="1" type="stmt"/>
        <line num="338" count="1" type="cond" truecount="3" falsecount="0"/>
        <line num="339" count="1" type="stmt"/>
        <line num="340" count="1" type="stmt"/>
        <line num="343" count="1" type="stmt"/>
        <line num="344" count="1" type="stmt"/>
        <line num="345" count="1" type="stmt"/>
        <line num="347" count="1" type="stmt"/>
        <line num="348" count="3" type="stmt"/>
        <line num="354" count="0" type="stmt"/>
        <line num="356" count="3" type="cond" truecount="0" falsecount="1"/>
        <line num="357" count="0" type="stmt"/>
        <line num="359" count="3" type="cond" truecount="2" falsecount="0"/>
        <line num="360" count="2" type="stmt"/>
        <line num="361" count="2" type="stmt"/>
        <line num="362" count="2" type="stmt"/>
        <line num="363" count="15" type="stmt"/>
        <line num="366" count="1" type="stmt"/>
        <line num="370" count="1" type="stmt"/>
        <line num="371" count="1" type="stmt"/>
        <line num="372" count="1" type="stmt"/>
        <line num="373" count="10" type="stmt"/>
        <line num="379" count="59" type="stmt"/>
        <line num="380" count="1" type="stmt"/>
        <line num="381" count="1" type="stmt"/>
        <line num="382" count="25" type="stmt"/>
        <line num="383" count="25" type="cond" truecount="1" falsecount="0"/>
        <line num="384" count="25" type="stmt"/>
        <line num="385" count="25" type="stmt"/>
        <line num="386" count="25" type="stmt"/>
        <line num="393" count="1" type="stmt"/>
        <line num="410" count="3" type="stmt"/>
        <line num="411" count="3" type="cond" truecount="1" falsecount="0"/>
        <line num="412" count="3" type="cond" truecount="0" falsecount="1"/>
        <line num="414" count="0" type="stmt"/>
        <line num="416" count="3" type="stmt"/>
        <line num="417" count="3" type="stmt"/>
        <line num="422" count="3" type="stmt"/>
        <line num="424" count="3" type="stmt"/>
        <line num="431" count="0" type="stmt"/>
        <line num="433" count="3" type="cond" truecount="0" falsecount="1"/>
        <line num="434" count="0" type="stmt"/>
        <line num="436" count="3" type="cond" truecount="2" falsecount="0"/>
        <line num="437" count="2" type="stmt"/>
        <line num="441" count="2" type="stmt"/>
        <line num="442" count="60" type="cond" truecount="1" falsecount="0"/>
        <line num="443" count="60" type="stmt"/>
        <line num="451" count="1" type="stmt"/>
        <line num="480" count="1" type="stmt"/>
        <line num="481" count="1" type="cond" truecount="1" falsecount="0"/>
        <line num="482" count="1" type="stmt"/>
        <line num="483" count="1" type="stmt"/>
        <line num="484" count="1" type="stmt"/>
        <line num="485" count="1" type="stmt"/>
        <line num="494" count="1" type="stmt"/>
        <line num="495" count="1" type="cond" truecount="3" falsecount="0"/>
        <line num="497" count="2" type="stmt"/>
        <line num="498" count="2" type="cond" truecount="1" falsecount="0"/>
        <line num="500" count="1" type="stmt"/>
        <line num="501" count="1" type="cond" truecount="2" falsecount="1"/>
        <line num="502" count="0" type="stmt"/>
        <line num="503" count="0" type="stmt"/>
        <line num="506" count="1" type="stmt"/>
        <line num="512" count="2" type="stmt"/>
        <line num="513" count="2" type="stmt"/>
        <line num="514" count="2" type="stmt"/>
        <line num="515" count="2" type="stmt"/>
        <line num="516" count="2" type="stmt"/>
        <line num="517" count="1" type="stmt"/>
        <line num="523" count="2" type="stmt"/>
        <line num="524" count="2" type="cond" truecount="3" falsecount="0"/>
        <line num="525" count="1" type="stmt"/>
        <line num="526" count="1" type="cond" truecount="1" falsecount="0"/>
        <line num="527" count="1" type="stmt"/>
        <line num="531" count="1" type="stmt"/>
        <line num="539" count="2" type="stmt"/>
        <line num="540" count="37" type="stmt"/>
        <line num="541" count="37" type="cond" truecount="2" falsecount="0"/>
        <line num="544" count="8" type="cond" truecount="2" falsecount="0"/>
        <line num="546" count="6" type="cond" truecount="1" falsecount="0"/>
        <line num="547" count="6" type="stmt"/>
        <line num="555" count="2" type="stmt"/>
        <line num="561" count="29" type="cond" truecount="1" falsecount="0"/>
        <line num="563" count="29" type="stmt"/>
        <line num="574" count="1" type="cond" truecount="3" falsecount="0"/>
        <line num="575" count="1" type="stmt"/>
        <line num="579" count="1" type="cond" truecount="3" falsecount="0"/>
        <line num="580" count="1" type="stmt"/>
        <line num="582" count="1" type="cond" truecount="1" falsecount="0"/>
        <line num="583" count="1" type="stmt"/>
        <line num="590" count="0" type="cond" truecount="0" falsecount="2"/>
        <line num="591" count="0" type="stmt"/>
        <line num="593" count="0" type="stmt"/>
        <line num="597" count="1" type="stmt"/>
        <line num="598" count="0" type="stmt"/>
        <line num="599" count="0" type="stmt"/>
        <line num="603" count="1" type="stmt"/>
        <line num="616" count="1" type="cond" truecount="1" falsecount="0"/>
        <line num="618" count="1" type="stmt"/>
        <line num="620" count="1" type="stmt"/>
        <line num="621" count="1" type="stmt"/>
        <line num="623" count="1" type="stmt"/>
        <line num="657" count="1" type="stmt"/>
        <line num="658" count="1" type="stmt"/>
        <line num="659" count="9" type="cond" truecount="1" falsecount="0"/>
        <line num="660" count="9" type="stmt"/>
        <line num="666" count="1" type="stmt"/>
        <line num="667" count="1" type="stmt"/>
        <line num="668" count="1" type="cond" truecount="3" falsecount="0"/>
        <line num="669" count="1" type="stmt"/>
        <line num="670" count="1" type="stmt"/>
        <line num="674" count="1" type="stmt"/>
        <line num="678" count="1" type="stmt"/>
        <line num="679" count="1" type="stmt"/>
        <line num="680" count="1" type="stmt"/>
        <line num="685" count="1" type="stmt"/>
        <line num="686" count="20" type="stmt"/>
        <line num="687" count="20" type="cond" truecount="2" falsecount="0"/>
        <line num="690" count="8" type="stmt"/>
        <line num="695" count="12" type="cond" truecount="1" falsecount="0"/>
        <line num="697" count="11" type="stmt"/>
        <line num="709" count="1" type="stmt"/>
        <line num="712" count="1" type="stmt"/>
        <line num="714" count="1" type="stmt"/>
        <line num="715" count="1" type="stmt"/>
        <line num="718" count="1" type="stmt"/>
        <line num="719" count="2" type="stmt"/>
        <line num="724" count="13" type="stmt"/>
      </file>
      <file name="tx.ts" path="\\wsl$\Ubuntu-20.04\home\ubwsx\matpay\src\store\tx.ts">
        <metrics statements="409" coveredstatements="377" conditionals="105" coveredconditionals="94" methods="92" coveredmethods="83"/>
        <line num="5" count="19" type="stmt"/>
        <line num="13" count="19" type="stmt"/>
        <line num="15" count="19" type="stmt"/>
        <line num="27" count="19" type="stmt"/>
        <line num="30" count="117" type="stmt"/>
        <line num="36" count="7" type="cond" truecount="1" falsecount="0"/>
        <line num="37" count="7" type="stmt"/>
        <line num="50" count="2" type="stmt"/>
        <line num="56" count="5" type="stmt"/>
        <line num="58" count="5" type="stmt"/>
        <line num="60" count="5" type="stmt"/>
        <line num="66" count="1" type="stmt"/>
        <line num="73" count="2" type="stmt"/>
        <line num="74" count="2" type="cond" truecount="1" falsecount="0"/>
        <line num="75" count="1" type="stmt"/>
        <line num="77" count="1" type="stmt"/>
        <line num="83" count="2" type="stmt"/>
        <line num="84" count="1" type="stmt"/>
        <line num="86" count="2" type="cond" truecount="2" falsecount="0"/>
        <line num="87" count="1" type="stmt"/>
        <line num="88" count="1" type="stmt"/>
        <line num="90" count="1" type="stmt"/>
        <line num="91" count="1" type="stmt"/>
        <line num="92" count="1" type="cond" truecount="1" falsecount="0"/>
        <line num="93" count="1" type="stmt"/>
        <line num="94" count="1" type="stmt"/>
        <line num="99" count="1" type="stmt"/>
        <line num="108" count="3" type="cond" truecount="3" falsecount="0"/>
        <line num="109" count="1" type="stmt"/>
        <line num="111" count="2" type="stmt"/>
        <line num="112" count="2" type="cond" truecount="1" falsecount="0"/>
        <line num="113" count="1" type="stmt"/>
        <line num="115" count="1" type="cond" truecount="1" falsecount="0"/>
        <line num="116" count="1" type="stmt"/>
        <line num="118" count="1" type="cond" truecount="1" falsecount="0"/>
        <line num="119" count="1" type="stmt"/>
        <line num="127" count="4" type="stmt"/>
        <line num="128" count="3" type="cond" truecount="1" falsecount="0"/>
        <line num="129" count="1" type="stmt"/>
        <line num="131" count="2" type="stmt"/>
        <line num="132" count="2" type="cond" truecount="2" falsecount="1"/>
        <line num="134" count="2" type="stmt"/>
        <line num="136" count="2" type="stmt"/>
        <line num="140" count="2" type="stmt"/>
        <line num="169" count="10" type="stmt"/>
        <line num="170" count="10" type="stmt"/>
        <line num="172" count="12" type="cond" truecount="3" falsecount="0"/>
        <line num="173" count="1" type="stmt"/>
        <line num="175" count="9" type="cond" truecount="1" falsecount="0"/>
        <line num="176" count="1" type="stmt"/>
        <line num="178" count="8" type="cond" truecount="1" falsecount="0"/>
        <line num="179" count="1" type="stmt"/>
        <line num="181" count="21" type="stmt"/>
        <line num="182" count="12" type="stmt"/>
        <line num="183" count="7" type="stmt"/>
        <line num="184" count="7" type="stmt"/>
        <line num="185" count="54" type="cond" truecount="1" falsecount="0"/>
        <line num="186" count="1" type="stmt"/>
        <line num="189" count="17" type="stmt"/>
        <line num="190" count="6" type="cond" truecount="1" falsecount="0"/>
        <line num="191" count="1" type="stmt"/>
        <line num="193" count="5" type="cond" truecount="1" falsecount="0"/>
        <line num="194" count="1" type="stmt"/>
        <line num="196" count="8" type="stmt"/>
        <line num="197" count="8" type="cond" truecount="1" falsecount="0"/>
        <line num="198" count="1" type="stmt"/>
        <line num="201" count="3" type="cond" truecount="1" falsecount="0"/>
        <line num="202" count="1" type="stmt"/>
        <line num="205" count="2" type="stmt"/>
        <line num="208" count="4" type="stmt"/>
        <line num="218" count="2" type="stmt"/>
        <line num="219" count="2" type="stmt"/>
        <line num="221" count="2" type="stmt"/>
        <line num="222" count="2" type="stmt"/>
        <line num="223" count="2" type="stmt"/>
        <line num="225" count="2" type="stmt"/>
        <line num="226" count="2" type="stmt"/>
        <line num="227" count="4" type="stmt"/>
        <line num="228" count="4" type="stmt"/>
        <line num="229" count="4" type="stmt"/>
        <line num="231" count="4" type="stmt"/>
        <line num="234" count="2" type="stmt"/>
        <line num="235" count="2" type="stmt"/>
        <line num="236" count="2" type="stmt"/>
        <line num="238" count="0" type="stmt"/>
        <line num="240" count="2" type="stmt"/>
        <line num="241" count="2" type="cond" truecount="1" falsecount="0"/>
        <line num="242" count="1" type="stmt"/>
        <line num="245" count="1" type="stmt"/>
        <line num="248" count="1" type="stmt"/>
        <line num="249" count="1" type="stmt"/>
        <line num="251" count="0" type="stmt"/>
        <line num="253" count="1" type="cond" truecount="1" falsecount="0"/>
        <line num="254" count="1" type="stmt"/>
        <line num="268" count="9" type="stmt"/>
        <line num="269" count="9" type="stmt"/>
        <line num="270" count="9" type="stmt"/>
        <line num="271" count="9" type="stmt"/>
        <line num="272" count="9" type="stmt"/>
        <line num="273" count="9" type="stmt"/>
        <line num="274" count="6" type="stmt"/>
        <line num="276" count="9" type="cond" truecount="1" falsecount="0"/>
        <line num="277" count="1" type="stmt"/>
        <line num="279" count="8" type="cond" truecount="3" falsecount="0"/>
        <line num="280" count="1" type="stmt"/>
        <line num="282" count="7" type="cond" truecount="1" falsecount="0"/>
        <line num="283" count="1" type="stmt"/>
        <line num="285" count="6" type="cond" truecount="1" falsecount="0"/>
        <line num="286" count="1" type="stmt"/>
        <line num="289" count="5" type="stmt"/>
        <line num="290" count="5" type="stmt"/>
        <line num="291" count="5" type="stmt"/>
        <line num="292" count="5" type="cond" truecount="1" falsecount="0"/>
        <line num="293" count="1" type="stmt"/>
        <line num="295" count="5" type="stmt"/>
        <line num="296" count="5" type="stmt"/>
        <line num="297" count="5" type="cond" truecount="0" falsecount="1"/>
        <line num="298" count="0" type="stmt"/>
        <line num="299" count="0" type="stmt"/>
        <line num="301" count="5" type="cond" truecount="1" falsecount="0"/>
        <line num="302" count="1" type="stmt"/>
        <line num="303" count="1" type="stmt"/>
        <line num="305" count="4" type="cond" truecount="1" falsecount="0"/>
        <line num="306" count="1" type="stmt"/>
        <line num="309" count="5" type="cond" truecount="0" falsecount="1"/>
        <line num="310" count="0" type="stmt"/>
        <line num="313" count="5" type="cond" truecount="3" falsecount="0"/>
        <line num="314" count="1" type="stmt"/>
        <line num="316" count="4" type="cond" truecount="1" falsecount="0"/>
        <line num="317" count="2" type="stmt"/>
        <line num="320" count="2" type="stmt"/>
        <line num="322" count="2" type="stmt"/>
        <line num="331" count="2" type="stmt"/>
        <line num="332" count="2" type="stmt"/>
        <line num="334" count="0" type="stmt"/>
        <line num="336" count="2" type="stmt"/>
        <line num="337" count="2" type="cond" truecount="1" falsecount="0"/>
        <line num="338" count="1" type="stmt"/>
        <line num="341" count="1" type="stmt"/>
        <line num="344" count="1" type="stmt"/>
        <line num="346" count="0" type="stmt"/>
        <line num="348" count="1" type="cond" truecount="0" falsecount="1"/>
        <line num="349" count="0" type="stmt"/>
        <line num="362" count="4" type="stmt"/>
        <line num="363" count="4" type="stmt"/>
        <line num="364" count="4" type="stmt"/>
        <line num="365" count="4" type="cond" truecount="1" falsecount="0"/>
        <line num="366" count="1" type="stmt"/>
        <line num="368" count="3" type="cond" truecount="1" falsecount="0"/>
        <line num="369" count="1" type="stmt"/>
        <line num="372" count="2" type="stmt"/>
        <line num="375" count="2" type="stmt"/>
        <line num="376" count="2" type="stmt"/>
        <line num="377" count="2" type="stmt"/>
        <line num="379" count="0" type="stmt"/>
        <line num="381" count="2" type="stmt"/>
        <line num="382" count="2" type="cond" truecount="1" falsecount="0"/>
        <line num="383" count="1" type="stmt"/>
        <line num="396" count="0" type="stmt"/>
        <line num="397" count="0" type="stmt"/>
        <line num="398" count="0" type="stmt"/>
        <line num="399" count="0" type="cond" truecount="0" falsecount="1"/>
        <line num="400" count="0" type="stmt"/>
        <line num="402" count="0" type="cond" truecount="0" falsecount="1"/>
        <line num="403" count="0" type="stmt"/>
        <line num="406" count="0" type="stmt"/>
        <line num="407" count="0" type="cond" truecount="0" falsecount="1"/>
        <line num="408" count="0" type="stmt"/>
        <line num="410" count="0" type="stmt"/>
        <line num="413" count="0" type="stmt"/>
        <line num="414" count="0" type="stmt"/>
        <line num="416" count="0" type="stmt"/>
        <line num="418" count="0" type="stmt"/>
        <line num="419" count="0" type="cond" truecount="0" falsecount="1"/>
        <line num="420" count="0" type="stmt"/>
        <line num="433" count="5" type="stmt"/>
        <line num="434" count="5" type="stmt"/>
        <line num="435" count="5" type="stmt"/>
        <line num="436" count="15" type="stmt"/>
        <line num="437" count="15" type="cond" truecount="1" falsecount="0"/>
        <line num="438" count="2" type="stmt"/>
        <line num="441" count="3" type="stmt"/>
        <line num="442" count="3" type="stmt"/>
        <line num="443" count="2" type="cond" truecount="1" falsecount="0"/>
        <line num="444" count="1" type="stmt"/>
        <line num="447" count="1" type="stmt"/>
        <line num="451" count="1" type="stmt"/>
        <line num="452" count="1" type="stmt"/>
        <line num="454" count="0" type="stmt"/>
        <line num="456" count="1" type="stmt"/>
        <line num="457" count="1" type="cond" truecount="0" falsecount="1"/>
        <line num="458" count="0" type="stmt"/>
        <line num="477" count="1" type="stmt"/>
        <line num="478" count="1" type="stmt"/>
        <line num="479" count="3" type="stmt"/>
        <line num="480" count="1" type="stmt"/>
        <line num="481" count="1" type="stmt"/>
        <line num="482" count="1" type="stmt"/>
        <line num="484" count="3" type="cond" truecount="1" falsecount="0"/>
        <line num="485" count="1" type="stmt"/>
        <line num="487" count="2" type="stmt"/>
        <line num="488" count="2" type="cond" truecount="1" falsecount="0"/>
        <line num="489" count="2" type="stmt"/>
        <line num="495" count="1" type="stmt"/>
        <line num="507" count="0" type="stmt"/>
        <line num="508" count="0" type="stmt"/>
        <line num="524" count="31" type="stmt"/>
        <line num="525" count="31" type="stmt"/>
        <line num="527" count="31" type="cond" truecount="4" falsecount="1"/>
        <line num="529" count="10" type="stmt"/>
        <line num="530" count="10" type="stmt"/>
        <line num="531" count="10" type="stmt"/>
        <line num="533" count="10" type="stmt"/>
        <line num="534" count="10" type="cond" truecount="1" falsecount="0"/>
        <line num="535" count="1" type="stmt"/>
        <line num="538" count="9" type="stmt"/>
        <line num="539" count="9" type="stmt"/>
        <line num="540" count="10" type="stmt"/>
        <line num="542" count="9" type="cond" truecount="1" falsecount="0"/>
        <line num="543" count="1" type="stmt"/>
        <line num="546" count="9" type="cond" truecount="1" falsecount="0"/>
        <line num="547" count="1" type="stmt"/>
        <line num="550" count="7" type="cond" truecount="1" falsecount="0"/>
        <line num="551" count="1" type="stmt"/>
        <line num="554" count="6" type="cond" truecount="1" falsecount="0"/>
        <line num="555" count="1" type="stmt"/>
        <line num="558" count="5" type="stmt"/>
        <line num="559" count="6" type="stmt"/>
        <line num="561" count="5" type="cond" truecount="1" falsecount="0"/>
        <line num="562" count="1" type="stmt"/>
        <line num="564" count="4" type="stmt"/>
        <line num="565" count="12" type="stmt"/>
        <line num="567" count="5" type="stmt"/>
        <line num="568" count="4" type="stmt"/>
        <line num="569" count="4" type="stmt"/>
        <line num="570" count="24" type="cond" truecount="1" falsecount="0"/>
        <line num="571" count="1" type="stmt"/>
        <line num="575" count="3" type="cond" truecount="1" falsecount="0"/>
        <line num="576" count="1" type="stmt"/>
        <line num="579" count="2" type="cond" truecount="1" falsecount="0"/>
        <line num="580" count="1" type="stmt"/>
        <line num="583" count="1" type="stmt"/>
        <line num="584" count="1" type="stmt"/>
        <line num="587" count="3" type="stmt"/>
        <line num="590" count="1" type="stmt"/>
        <line num="591" count="1" type="stmt"/>
        <line num="592" count="1" type="stmt"/>
        <line num="594" count="1" type="stmt"/>
        <line num="595" count="1" type="stmt"/>
        <line num="600" count="3" type="stmt"/>
        <line num="605" count="1" type="stmt"/>
        <line num="609" count="1" type="stmt"/>
        <line num="613" count="1" type="stmt"/>
        <line num="616" count="10" type="stmt"/>
        <line num="618" count="10" type="cond" truecount="1" falsecount="0"/>
        <line num="619" count="1" type="stmt"/>
        <line num="620" count="1" type="stmt"/>
        <line num="623" count="9" type="cond" truecount="1" falsecount="0"/>
        <line num="624" count="1" type="stmt"/>
        <line num="625" count="1" type="stmt"/>
        <line num="628" count="8" type="cond" truecount="1" falsecount="0"/>
        <line num="629" count="1" type="stmt"/>
        <line num="630" count="1" type="stmt"/>
        <line num="633" count="7" type="stmt"/>
        <line num="634" count="7" type="stmt"/>
        <line num="636" count="7" type="cond" truecount="1" falsecount="0"/>
        <line num="637" count="1" type="stmt"/>
        <line num="638" count="1" type="stmt"/>
        <line num="642" count="6" type="stmt"/>
        <line num="643" count="6" type="cond" truecount="1" falsecount="0"/>
        <line num="644" count="1" type="stmt"/>
        <line num="645" count="1" type="stmt"/>
        <line num="648" count="5" type="stmt"/>
        <line num="649" count="5" type="stmt"/>
        <line num="650" count="5" type="stmt"/>
        <line num="652" count="5" type="cond" truecount="1" falsecount="0"/>
        <line num="653" count="1" type="stmt"/>
        <line num="654" count="1" type="stmt"/>
        <line num="657" count="4" type="stmt"/>
[...]
        <line num="79" count="1" type="stmt"/>
        <line num="80" count="1" type="stmt"/>
        <line num="85" count="3" type="cond" truecount="0" falsecount="1"/>
        <line num="86" count="0" type="stmt"/>
      </file>
      <file name="Rooms.vue" path="\\wsl$\Ubuntu-20.04\home\ubwsx\matpay\src\tabs\Rooms.vue">
        <metrics statements="42" coveredstatements="40" conditionals="5" coveredconditionals="5" methods="13" coveredmethods="12"/>
        <line num="61" count="14" type="stmt"/>
        <line num="62" count="14" type="stmt"/>
        <line num="64" count="14" type="stmt"/>
        <line num="66" count="14" type="stmt"/>
        <line num="69" count="10" type="stmt"/>
        <line num="90" count="10" type="stmt"/>
        <line num="93" count="15" type="cond" truecount="2" falsecount="0"/>
        <line num="94" count="4" type="stmt"/>
        <line num="96" count="11" type="stmt"/>
        <line num="100" count="10" type="stmt"/>
        <line num="101" count="10" type="stmt"/>
        <line num="102" count="10" type="stmt"/>
        <line num="103" count="20" type="stmt"/>
        <line num="104" count="4" type="cond" truecount="1" falsecount="0"/>
        <line num="105" count="4" type="stmt"/>
        <line num="106" count="4" type="stmt"/>
        <line num="109" count="10" type="stmt"/>
        <line num="122" count="1" type="stmt"/>
        <line num="128" count="1" type="stmt"/>
        <line num="131" count="1" type="stmt"/>
        <line num="137" count="1" type="stmt"/>
        <line num="140" count="0" type="stmt"/>
        <line num="144" count="2" type="stmt"/>
        <line num="145" count="2" type="stmt"/>
        <line num="148" count="2" type="stmt"/>
        <line num="155" count="1" type="stmt"/>
        <line num="160" count="2" type="stmt"/>
        <line num="161" count="3" type="stmt"/>
        <line num="164" count="2" type="stmt"/>
        <line num="170" count="1" type="stmt"/>
        <line num="171" count="1" type="stmt"/>
        <line num="173" count="1" type="stmt"/>
        <line num="178" count="3" type="stmt"/>
        <line num="181" count="1" type="stmt"/>
        <line num="183" count="1" type="stmt"/>
        <line num="189" count="20" type="stmt"/>
        <line num="190" count="10" type="stmt"/>
        <line num="192" count="0" type="stmt"/>
        <line num="196" count="10" type="cond" truecount="1" falsecount="0"/>
        <line num="197" count="1" type="stmt"/>
        <line num="203" count="10" type="cond" truecount="1" falsecount="0"/>
        <line num="204" count="10" type="stmt"/>
      </file>
    </package>
    <package name="src.utils">
      <metrics statements="122" coveredstatements="110" conditionals="22" coveredconditionals="17" methods="26" coveredmethods="22"/>
      <file name="ContentRepository.ts" path="\\wsl$\Ubuntu-20.04\home\ubwsx\matpay\src\utils\ContentRepository.ts">
        <metrics statements="10" coveredstatements="2" conditionals="1" coveredconditionals="0" methods="3" coveredmethods="0"/>
        <line num="1" count="14" type="stmt"/>
        <line num="3" count="14" type="stmt"/>
        <line num="4" count="0" type="stmt"/>
        <line num="5" count="0" type="cond" truecount="0" falsecount="1"/>
        <line num="6" count="0" type="stmt"/>
        <line num="8" count="0" type="stmt"/>
        <line num="9" count="0" type="stmt"/>
        <line num="10" count="0" type="stmt"/>
        <line num="11" count="0" type="stmt"/>
        <line num="15" count="0" type="stmt"/>
      </file>
      <file name="consts.ts" path="\\wsl$\Ubuntu-20.04\home\ubwsx\matpay\src\utils\consts.ts">
        <metrics statements="1" coveredstatements="1" conditionals="0" coveredconditionals="0" methods="0" coveredmethods="0"/>
        <line num="1" count="14" type="stmt"/>
      </file>
      <file name="utils.ts" path="\\wsl$\Ubuntu-20.04\home\ubwsx\matpay\src\utils\utils.ts">
        <metrics statements="111" coveredstatements="107" conditionals="21" coveredconditionals="17" methods="23" coveredmethods="22"/>
        <line num="1" count="27" type="stmt"/>
        <line num="4" count="27" type="stmt"/>
        <line num="6" count="27" type="stmt"/>
        <line num="7" count="219" type="stmt"/>
        <line num="10" count="27" type="stmt"/>
        <line num="11" count="50" type="cond" truecount="1" falsecount="1"/>
        <line num="12" count="0" type="stmt"/>
        <line num="14" count="56" type="stmt"/>
        <line num="17" count="27" type="stmt"/>
        <line num="18" count="25" type="stmt"/>
        <line num="19" count="25" type="cond" truecount="2" falsecount="0"/>
        <line num="20" count="9" type="stmt"/>
        <line num="21" count="9" type="stmt"/>
        <line num="22" count="9" type="stmt"/>
        <line num="25" count="30" type="stmt"/>
        <line num="26" count="16" type="stmt"/>
        <line num="27" count="30" type="stmt"/>
        <line num="30" count="25" type="stmt"/>
        <line num="32" count="27" type="stmt"/>
        <line num="33" count="91" type="stmt"/>
        <line num="35" count="27" type="stmt"/>
        <line num="37" count="427" type="stmt"/>
        <line num="42" count="27" type="stmt"/>
        <line num="43" count="7" type="stmt"/>
        <line num="46" count="7" type="stmt"/>
        <line num="47" count="21" type="stmt"/>
        <line num="49" count="25" type="cond" truecount="1" falsecount="0"/>
        <line num="50" count="6" type="stmt"/>
        <line num="53" count="25" type="cond" truecount="1" falsecount="0"/>
        <line num="54" count="15" type="stmt"/>
        <line num="56" count="25" type="stmt"/>
        <line num="57" count="25" type="cond" truecount="1" falsecount="1"/>
        <line num="60" count="0" type="stmt"/>
        <line num="63" count="25" type="stmt"/>
        <line num="70" count="7" type="stmt"/>
        <line num="73" count="27" type="stmt"/>
        <line num="74" count="12" type="stmt"/>
        <line num="76" count="12" type="stmt"/>
        <line num="77" count="45" type="stmt"/>
        <line num="79" count="12" type="stmt"/>
        <line num="83" count="12" type="cond" truecount="1" falsecount="0"/>
        <line num="85" count="2" type="stmt"/>
        <line num="88" count="10" type="stmt"/>
        <line num="89" count="10" type="stmt"/>
        <line num="90" count="10" type="stmt"/>
        <line num="92" count="10" type="stmt"/>
        <line num="93" count="45" type="stmt"/>
        <line num="98" count="51" type="cond" truecount="1" falsecount="0"/>
        <line num="99" count="6" type="stmt"/>
        <line num="101" count="45" type="cond" truecount="0" falsecount="1"/>
        <line num="102" count="0" type="stmt"/>
        <line num="104" count="45" type="stmt"/>
        <line num="105" count="45" type="stmt"/>
        <line num="106" count="34" type="stmt"/>
        <line num="108" count="45" type="stmt"/>
        <line num="109" count="45" type="stmt"/>
        <line num="110" count="45" type="stmt"/>
        <line num="114" count="10" type="stmt"/>
        <line num="115" count="45" type="cond" truecount="1" falsecount="0"/>
        <line num="116" count="17" type="stmt"/>
        <line num="119" count="10" type="stmt"/>
        <line num="121" count="10" type="stmt"/>
        <line num="122" count="25" type="stmt"/>
        <line num="123" count="106" type="stmt"/>
        <line num="125" count="76" type="cond" truecount="1" falsecount="0"/>
        <line num="126" count="50" type="stmt"/>
        <line num="127" count="50" type="stmt"/>
        <line num="128" count="72" type="stmt"/>
        <line num="130" count="72" type="cond" truecount="1" falsecount="0"/>
        <line num="131" count="26" type="stmt"/>
        <line num="133" count="26" type="stmt"/>
        <line num="134" count="26" type="stmt"/>
        <line num="135" count="26" type="stmt"/>
        <line num="137" count="50" type="stmt"/>
        <line num="138" count="26" type="cond" truecount="2" falsecount="0"/>
        <line num="139" count="2" type="stmt"/>
        <line num="141" count="24" type="stmt"/>
        <line num="144" count="26" type="cond" truecount="1" falsecount="0"/>
        <line num="145" count="10" type="stmt"/>
        <line num="149" count="26" type="cond" truecount="1" falsecount="0"/>
        <line num="150" count="22" type="stmt"/>
        <line num="159" count="10" type="stmt"/>
        <line num="163" count="12" type="stmt"/>
        <line num="164" count="12" type="stmt"/>
        <line num="166" count="12" type="stmt"/>
        <line num="167" count="45" type="stmt"/>
        <line num="168" count="52" type="cond" truecount="0" falsecount="1"/>
        <line num="169" count="0" type="stmt"/>
        <line num="173" count="12" type="stmt"/>
        <line num="174" count="12" type="stmt"/>
        <line num="175" count="12" type="stmt"/>
        <line num="176" count="45" type="stmt"/>
        <line num="178" count="12" type="stmt"/>
        <line num="179" count="12" type="stmt"/>
        <line num="180" count="12" type="stmt"/>
        <line num="181" count="57" type="stmt"/>
        <line num="182" count="57" type="stmt"/>
        <line num="183" count="297" type="stmt"/>
        <line num="185" count="57" type="stmt"/>
        <line num="186" count="57" type="stmt"/>
        <line num="187" count="297" type="stmt"/>
        <line num="191" count="12" type="stmt"/>
        <line num="192" count="52" type="stmt"/>
        <line num="194" count="12" type="stmt"/>
        <line num="201" count="279" type="stmt"/>
        <line num="202" count="345" type="cond" truecount="1" falsecount="0"/>
        <line num="204" count="57" type="stmt"/>
        <line num="206" count="345" type="cond" truecount="1" falsecount="0"/>
        <line num="207" count="234" type="stmt"/>
        <line num="208" count="234" type="stmt"/>
        <line num="209" count="234" type="stmt"/>
      </file>
    </package>
    <package name="src.views">
      <metrics statements="80" coveredstatements="70" conditionals="20" coveredconditionals="19" methods="29" coveredmethods="25"/>
      <file name="Register.vue" path="\\wsl$\Ubuntu-20.04\home\ubwsx\matpay\src\views\Register.vue">
        <metrics statements="3" coveredstatements="2" conditionals="0" coveredconditionals="0" methods="1" coveredmethods="0"/>
        <line num="25" count="13" type="stmt"/>
        <line num="27" count="13" type="stmt"/>
        <line num="30" count="0" type="stmt"/>
      </file>
      <file name="RoomDetail.vue" path="\\wsl$\Ubuntu-20.04\home\ubwsx\matpay\src\views\RoomDetail.vue">
        <metrics statements="28" coveredstatements="22" conditionals="1" coveredconditionals="1" methods="10" coveredmethods="8"/>
        <line num="36" count="14" type="stmt"/>
        <line num="37" count="14" type="stmt"/>
        <line num="38" count="14" type="stmt"/>
        <line num="39" count="14" type="stmt"/>
        <line num="42" count="14" type="stmt"/>
        <line num="45" count="6" type="stmt"/>
        <line num="65" count="6" type="stmt"/>
        <line num="68" count="6" type="stmt"/>
        <line num="69" count="6" type="stmt"/>
        <line num="71" count="1" type="stmt"/>
        <line num="75" count="6" type="stmt"/>
        <line num="76" count="6" type="stmt"/>
        <line num="78" count="1" type="stmt"/>
        <line num="93" count="1" type="stmt"/>
        <line num="95" count="0" type="stmt"/>
        <line num="96" count="0" type="stmt"/>
        <line num="97" count="0" type="stmt"/>
        <line num="98" count="0" type="stmt"/>
        <line num="102" count="1" type="stmt"/>
        <line num="103" count="1" type="stmt"/>
        <line num="107" count="0" type="stmt"/>
        <line num="113" count="12" type="stmt"/>
        <line num="114" count="6" type="cond" truecount="1" falsecount="0"/>
        <line num="115" count="1" type="stmt"/>
        <line num="122" count="6" type="stmt"/>
        <line num="125" count="6" type="stmt"/>
        <line num="128" count="6" type="stmt"/>
        <line num="131" count="0" type="stmt"/>
      </file>
      <file name="RoomTxHistory.vue" path="\\wsl$\Ubuntu-20.04\home\ubwsx\matpay\src\views\RoomTxHistory.vue">
        <metrics statements="49" coveredstatements="46" conditionals="19" coveredconditionals="18" methods="18" coveredmethods="17"/>
        <line num="97" count="13" type="stmt"/>
        <line num="98" count="13" type="stmt"/>
        <line num="99" count="13" type="stmt"/>
        <line num="100" count="13" type="stmt"/>
        <line num="101" count="13" type="stmt"/>
        <line num="103" count="13" type="stmt"/>
        <line num="106" count="10" type="stmt"/>
        <line num="126" count="10" type="stmt"/>
        <line num="129" count="10" type="stmt"/>
        <line num="132" count="10" type="stmt"/>
        <line num="134" count="22" type="stmt"/>
        <line num="135" count="22" type="cond" truecount="4" falsecount="0"/>
        <line num="136" count="12" type="stmt"/>
        <line num="137" count="12" type="cond" truecount="1" falsecount="0"/>
        <line num="138" count="1" type="stmt"/>
        <line num="139" count="2" type="cond" truecount="2" falsecount="0"/>
        <line num="140" count="2" type="stmt"/>
        <line num="143" count="12" type="cond" truecount="1" falsecount="0"/>
        <line num="145" count="2" type="stmt"/>
        <line num="147" count="12" type="stmt"/>
        <line num="149" count="10" type="stmt"/>
        <line num="164" count="3" type="cond" truecount="8" falsecount="0"/>
        <line num="165" count="1" type="stmt"/>
        <line num="166" count="1" type="stmt"/>
        <line num="168" count="2" type="stmt"/>
        <line num="169" count="2" type="stmt"/>
        <line num="173" count="1" type="stmt"/>
        <line num="176" count="1" type="stmt"/>
        <line num="181" count="20" type="stmt"/>
        <line num="182" count="10" type="cond" truecount="0" falsecount="1"/>
        <line num="183" count="0" type="stmt"/>
        <line num="190" count="10" type="stmt"/>
        <line num="191" count="10" type="stmt"/>
        <line num="194" count="10" type="stmt"/>
        <line num="195" count="10" type="stmt"/>
        <line num="196" count="10" type="stmt"/>
        <line num="197" count="10" type="stmt"/>
        <line num="198" count="0" type="stmt"/>
        <line num="202" count="0" type="stmt"/>
        <line num="207" count="22" type="stmt"/>
        <line num="208" count="22" type="cond" truecount="1" falsecount="0"/>
        <line num="209" count="2" type="stmt"/>
        <line num="210" count="2" type="cond" truecount="1" falsecount="0"/>
        <line num="211" count="1" type="stmt"/>
        <line num="212" count="1" type="stmt"/>
        <line num="220" count="11" type="stmt"/>
        <line num="221" count="11" type="stmt"/>
        <line num="227" count="11" type="stmt"/>
        <line num="228" count="11" type="stmt"/>
      </file>
    </package>
    <package name="tests">
      <metrics statements="4" coveredstatements="4" conditionals="0" coveredconditionals="0" methods="0" coveredmethods="0"/>
      <file name="test_utils.ts" path="\\wsl$\Ubuntu-20.04\home\ubwsx\matpay\tests\test_utils.ts">
        <metrics statements="4" coveredstatements="4" conditionals="0" coveredconditionals="0" methods="0" coveredmethods="0"/>
        <line num="1" count="2" type="stmt"/>
        <line num="6" count="2" type="stmt"/>
        <line num="10" count="2" type="stmt"/>
        <line num="15" count="2" type="stmt"/>
      </file>
    </package>
    <package name="tests.unit.mocks">
      <metrics statements="48" coveredstatements="48" conditionals="0" coveredconditionals="0" methods="0" coveredmethods="0"/>
      <file name="mocked_batch_message_data.ts" path="\\wsl$\Ubuntu-20.04\home\ubwsx\matpay\tests\unit\mocks\mocked_batch_message_data.ts">
        <metrics statements="4" coveredstatements="4" conditionals="0" coveredconditionals="0" methods="0" coveredmethods="0"/>
        <line num="1" count="1" type="stmt"/>
        <line num="487" count="1" type="stmt"/>
        <line num="973" count="1" type="stmt"/>
        <line num="979" count="1" type="stmt"/>
      </file>
      <file name="mocked_full_tx_data.ts" path="\\wsl$\Ubuntu-20.04\home\ubwsx\matpay\tests\unit\mocks\mocked_full_tx_data.ts">
        <metrics statements="5" coveredstatements="5" conditionals="0" coveredconditionals="0" methods="0" coveredmethods="0"/>
        <line num="1" count="1" type="stmt"/>
        <line num="240" count="1" type="stmt"/>
        <line num="423" count="1" type="stmt"/>
        <line num="532" count="1" type="stmt"/>
        <line num="538" count="1" type="stmt"/>
      </file>
      <file name="mocked_graph.ts" path="\\wsl$\Ubuntu-20.04\home\ubwsx\matpay\tests\unit\mocks\mocked_graph.ts">
        <metrics statements="10" coveredstatements="10" conditionals="0" coveredconditionals="0" methods="0" coveredmethods="0"/>
        <line num="3" count="3" type="stmt"/>
        <line num="11" count="3" type="stmt"/>
        <line num="19" count="3" type="stmt"/>
        <line num="30" count="3" type="stmt"/>
        <line num="41" count="3" type="stmt"/>
        <line num="50" count="3" type="stmt"/>
        <line num="59" count="3" type="stmt"/>
        <line num="69" count="3" type="stmt"/>
        <line num="79" count="3" type="stmt"/>
        <line num="90" count="3" type="stmt"/>
      </file>
      <file name="mocked_long_poll_data.ts" path="\\wsl$\Ubuntu-20.04\home\ubwsx\matpay\tests\unit\mocks\mocked_long_poll_data.ts">
        <metrics statements="1" coveredstatements="1" conditionals="0" coveredconditionals="0" methods="0" coveredmethods="0"/>
        <line num="1" count="1" type="stmt"/>
      </file>
      <file name="mocked_resync_data.ts" path="\\wsl$\Ubuntu-20.04\home\ubwsx\matpay\tests\unit\mocks\mocked_resync_data.ts">
        <metrics statements="1" coveredstatements="1" conditionals="0" coveredconditionals="0" methods="0" coveredmethods="0"/>
        <line num="1" count="1" type="stmt"/>
      </file>
      <file name="mocked_sync_data.ts" path="\\wsl$\Ubuntu-20.04\home\ubwsx\matpay\tests\unit\mocks\mocked_sync_data.ts">
        <metrics statements="6" coveredstatements="6" conditionals="0" coveredconditionals="0" methods="0" coveredmethods="0"/>
        <line num="1" count="1" type="stmt"/>
        <line num="1515" count="1" type="stmt"/>
        <line num="1704" count="1" type="stmt"/>
        <line num="1893" count="1" type="stmt"/>
        <line num="2076" count="1" type="stmt"/>
        <line num="2080" count="1" type="stmt"/>
      </file>
      <file name="mocked_user.ts" path="\\wsl$\Ubuntu-20.04\home\ubwsx\matpay\tests\unit\mocks\mocked_user.ts">
        <metrics statements="21" coveredstatements="21" conditionals="0" coveredconditionals="0" methods="0" coveredmethods="0"/>
        <line num="4" count="27" type="stmt"/>
        <line num="8" count="27" type="stmt"/>
        <line num="12" count="27" type="stmt"/>
        <line num="16" count="27" type="stmt"/>
        <line num="20" count="27" type="stmt"/>
        <line num="24" count="27" type="stmt"/>
        <line num="28" count="27" type="stmt"/>
        <line num="32" count="27" type="stmt"/>
        <line num="36" count="27" type="stmt"/>
        <line num="40" count="27" type="stmt"/>
        <line num="44" count="27" type="stmt"/>
        <line num="48" count="27" type="stmt"/>
        <line num="52" count="27" type="stmt"/>
        <line num="53" count="27" type="stmt"/>
        <line num="71" count="27" type="stmt"/>
        <line num="84" count="27" type="stmt"/>
        <line num="90" count="27" type="stmt"/>
        <line num="103" count="27" type="stmt"/>
        <line num="116" count="27" type="stmt"/>
        <line num="130" count="27" type="stmt"/>
        <line num="148" count="27" type="stmt"/>
      </file>
    </package>
  </project>
</coverage>
