{"\\\\wsl$\\Ubuntu-20.04\\home\\ubwsx\\matpay\\src\\App.vue": {"path":"\\\\wsl$\\Ubuntu-20.04\\home\\ubwsx\\matpay\\src\\App.vue","statementMap":{"0":{"start":{"line":37,"column":0},"end":{"line":37,"column":null}},"1":{"start":{"line":38,"column":0},"end":{"line":38,"column":null}},"2":{"start":{"line":40,"column":0},"end":{"line":40,"column":15}},"3":{"start":{"line":43,"column":4},"end":{"line":43,"column":11}},"4":{"start":{"line":57,"column":6},"end":{"line":57,"column":11}},"5":{"start":{"line":58,"column":6},"end":{"line":58,"column":11}}},"fnMap":{"0":{"name":"(anonymous_0)","decl":{"start":{"line":42,"column":6},"end":{"line":42,"column":null}},"loc":{"start":{"line":42,"column":6},"end":{"line":44,"column":null}}},"1":{"name":"(anonymous_1)","decl":{"start":{"line":56,"column":10},"end":{"line":56,"column":null}},"loc":{"start":{"line":56,"column":10},"end":{"line":59,"column":null}}}},"branchMap":{},"s":{"0":1,"1":1,"2":1,"3":3,"4":0,"5":0},"f":{"0":3,"1":0},"b":{}}
,"\\\\wsl$\\Ubuntu-20.04\\home\\ubwsx\\matpay\\src\\assets\\CreateAccountTchncs.jpg": {"path":"\\\\wsl$\\Ubuntu-20.04\\home\\ubwsx\\matpay\\src\\assets\\CreateAccountTchncs.jpg","statementMap":{"0":{"start":{"line":1,"column":0},"end":{"line":1,"column":19}}},"fnMap":{},"branchMap":{},"s":{"0":13},"f":{},"b":{},"_coverageSchema":"1a1c01bbd47fc00a2c39e90264f33305004495a9","hash":"dd81250a8d07e6ecf378d7b229e339b8dbae739b"}
,"\\\\wsl$\\Ubuntu-20.04\\home\\ubwsx\\matpay\\src\\assets\\RegisterPageElement.jpg": {"path":"\\\\wsl$\\Ubuntu-20.04\\home\\ubwsx\\matpay\\src\\assets\\RegisterPageElement.jpg","statementMap":{"0":{"start":{"line":1,"column":0},"end":{"line":1,"column":19}}},"fnMap":{},"branchMap":{},"s":{"0":13},"f":{},"b":{},"_coverageSchema":"1a1c01bbd47fc00a2c39e90264f33305004495a9","hash":"4ca96d1a6c703d2e2aed07c5cc95c30b7a5f79e5"}
,"\\\\wsl$\\Ubuntu-20.04\\home\\ubwsx\\matpay\\src\\components\\ChatComponent.vue": {"path":"\\\\wsl$\\Ubuntu-20.04\\home\\ubwsx\\matpay\\src\\components\\ChatComponent.vue","statementMap":{"0":{"start":{"line":75,"column":0},"end":{"line":75,"column":null}},"1":{"start":{"line":76,"column":0},"end":{"line":76,"column":null}},"2":{"start":{"line":78,"column":0},"end":{"line":78,"column":null}},"3":{"start":{"line":79,"column":0},"end":{"line":79,"column":null}},"4":{"start":{"line":80,"column":0},"end":{"line":80,"column":null}},"5":{"start":{"line":81,"column":0},"end":{"line":81,"column":null}},"6":{"start":{"line":83,"column":0},"end":{"line":83,"column":null}},"7":{"start":{"line":85,"column":0},"end":{"line":85,"column":15}},"8":{"start":{"line":93,"column":4},"end":{"line":93,"column":11}},"9":{"start":{"line":113,"column":6},"end":{"line":113,"column":13}},"10":{"start":{"line":116,"column":24},"end":{"line":116,"column":null}},"11":{"start":{"line":117,"column":6},"end":{"line":117,"column":13}},"12":{"start":{"line":136,"column":6},"end":{"line":136,"column":11}},"13":{"start":{"line":137,"column":6},"end":{"line":137,"column":11}},"14":{"start":{"line":140,"column":6},"end":{"line":140,"column":11}},"15":{"start":{"line":147,"column":4},"end":{"line":147,"column":21}},"16":{"start":{"line":148,"column":6},"end":{"line":160,"column":null}},"17":{"start":{"line":149,"column":8},"end":{"line":149,"column":13}},"18":{"start":{"line":153,"column":8},"end":{"line":153,"column":13}},"19":{"start":{"line":154,"column":8},"end":{"line":154,"column":18}},"20":{"start":{"line":155,"column":10},"end":{"line":157,"column":null}},"21":{"start":{"line":156,"column":12},"end":{"line":156,"column":16}},"22":{"start":{"line":158,"column":10},"end":{"line":158,"column":14}},"23":{"start":{"line":163,"column":6},"end":{"line":163,"column":null}},"24":{"start":{"line":164,"column":6},"end":{"line":196,"column":null}},"25":{"start":{"line":165,"column":25},"end":{"line":165,"column":null}},"26":{"start":{"line":166,"column":8},"end":{"line":173,"column":null}},"27":{"start":{"line":167,"column":10},"end":{"line":167,"column":23}},"28":{"start":{"line":168,"column":22},"end":{"line":168,"column":23}},"29":{"start":{"line":171,"column":10},"end":{"line":171,"column":23}},"30":{"start":{"line":172,"column":22},"end":{"line":172,"column":23}},"31":{"start":{"line":175,"column":31},"end":{"line":175,"column":44}},"32":{"start":{"line":176,"column":23},"end":{"line":176,"column":24}},"33":{"start":{"line":177,"column":30},"end":{"line":177,"column":43}},"34":{"start":{"line":178,"column":23},"end":{"line":178,"column":24}},"35":{"start":{"line":180,"column":39},"end":{"line":180,"column":53}},"36":{"start":{"line":181,"column":23},"end":{"line":181,"column":24}},"37":{"start":{"line":182,"column":38},"end":{"line":182,"column":51}},"38":{"start":{"line":183,"column":23},"end":{"line":183,"column":24}},"39":{"start":{"line":185,"column":8},"end":{"line":185,"column":13}},"40":{"start":{"line":186,"column":8},"end":{"line":195,"column":null}},"41":{"start":{"line":187,"column":10},"end":{"line":187,"column":32}},"42":{"start":{"line":191,"column":10},"end":{"line":191,"column":32}},"43":{"start":{"line":192,"column":10},"end":{"line":192,"column":20}},"44":{"start":{"line":193,"column":12},"end":{"line":193,"column":34}},"45":{"start":{"line":199,"column":6},"end":{"line":199,"column":null}},"46":{"start":{"line":200,"column":10},"end":{"line":200,"column":15}},"47":{"start":{"line":202,"column":10},"end":{"line":202,"column":15}},"48":{"start":{"line":203,"column":10},"end":{"line":203,"column":16}},"49":{"start":{"line":207,"column":16},"end":{"line":207,"column":22}},"50":{"start":{"line":208,"column":10},"end":{"line":213,"column":null}},"51":{"start":{"line":209,"column":12},"end":{"line":209,"column":18}},"52":{"start":{"line":212,"column":12},"end":{"line":212,"column":17}},"53":{"start":{"line":214,"column":10},"end":{"line":214,"column":15}},"54":{"start":{"line":216,"column":10},"end":{"line":216,"column":15}},"55":{"start":{"line":221,"column":6},"end":{"line":221,"column":null}},"56":{"start":{"line":222,"column":21},"end":{"line":222,"column":29}},"57":{"start":{"line":223,"column":6},"end":{"line":228,"column":null}},"58":{"start":{"line":224,"column":8},"end":{"line":224,"column":14}},"59":{"start":{"line":227,"column":8},"end":{"line":227,"column":13}},"60":{"start":{"line":231,"column":6},"end":{"line":231,"column":11}},"61":{"start":{"line":237,"column":8},"end":{"line":237,"column":13}},"62":{"start":{"line":238,"column":8},"end":{"line":238,"column":13}}},"fnMap":{"0":{"name":"(anonymous_0)","decl":{"start":{"line":92,"column":2},"end":{"line":92,"column":6}},"loc":{"start":{"line":92,"column":2},"end":{"line":103,"column":null}}},"1":{"name":"(anonymous_1)","decl":{"start":{"line":112,"column":4},"end":{"line":112,"column":11}},"loc":{"start":{"line":112,"column":4},"end":{"line":114,"column":null}}},"2":{"name":"(anonymous_2)","decl":{"start":{"line":115,"column":4},"end":{"line":115,"column":12}},"loc":{"start":{"line":115,"column":4},"end":{"line":120,"column":null}}},"3":{"name":"(anonymous_3)","decl":{"start":{"line":135,"column":17},"end":{"line":135,"column":null}},"loc":{"start":{"line":135,"column":17},"end":{"line":138,"column":null}}},"4":{"name":"(anonymous_4)","decl":{"start":{"line":139,"column":20},"end":{"line":139,"column":null}},"loc":{"start":{"line":139,"column":20},"end":{"line":146,"column":null}}},"5":{"name":"(anonymous_5)","decl":{"start":{"line":147,"column":21},"end":{"line":147,"column":null}},"loc":{"start":{"line":147,"column":21},"end":{"line":161,"column":null}}},"6":{"name":"(anonymous_6)","decl":{"start":{"line":154,"column":19},"end":{"line":154,"column":null}},"loc":{"start":{"line":154,"column":19},"end":{"line":159,"column":11}}},"7":{"name":"(anonymous_7)","decl":{"start":{"line":162,"column":4},"end":{"line":162,"column":15}},"loc":{"start":{"line":162,"column":42},"end":{"line":197,"column":null}}},"8":{"name":"(anonymous_8)","decl":{"start":{"line":168,"column":17},"end":{"line":168,"column":18}},"loc":{"start":{"line":168,"column":18},"end":{"line":168,"column":null}}},"9":{"name":"(anonymous_9)","decl":{"start":{"line":172,"column":17},"end":{"line":172,"column":18}},"loc":{"start":{"line":172,"column":18},"end":{"line":172,"column":null}}},"10":{"name":"(anonymous_10)","decl":{"start":{"line":176,"column":18},"end":{"line":176,"column":19}},"loc":{"start":{"line":176,"column":19},"end":{"line":176,"column":null}}},"11":{"name":"(anonymous_11)","decl":{"start":{"line":178,"column":18},"end":{"line":178,"column":19}},"loc":{"start":{"line":178,"column":19},"end":{"line":178,"column":null}}},"12":{"name":"(anonymous_12)","decl":{"start":{"line":181,"column":18},"end":{"line":181,"column":19}},"loc":{"start":{"line":181,"column":19},"end":{"line":181,"column":77}}},"13":{"name":"(anonymous_13)","decl":{"start":{"line":183,"column":18},"end":{"line":183,"column":19}},"loc":{"start":{"line":183,"column":19},"end":{"line":183,"column":89}}},"14":{"name":"(anonymous_14)","decl":{"start":{"line":192,"column":21},"end":{"line":192,"column":null}},"loc":{"start":{"line":192,"column":21},"end":{"line":194,"column":13}}},"15":{"name":"(anonymous_15)","decl":{"start":{"line":198,"column":23},"end":{"line":198,"column":null}},"loc":{"start":{"line":198,"column":23},"end":{"line":219,"column":null}}},"16":{"name":"(anonymous_18)","decl":{"start":{"line":220,"column":21},"end":{"line":220,"column":null}},"loc":{"start":{"line":220,"column":21},"end":{"line":229,"column":null}}},"17":{"name":"(anonymous_19)","decl":{"start":{"line":230,"column":4},"end":{"line":230,"column":12}},"loc":{"start":{"line":230,"column":23},"end":{"line":232,"column":null}}},"18":{"name":"(anonymous_20)","decl":{"start":{"line":236,"column":13},"end":{"line":236,"column":null}},"loc":{"start":{"line":236,"column":13},"end":{"line":239,"column":null}}}},"branchMap":{"0":{"loc":{"start":{"line":148,"column":6},"end":{"line":160,"column":null}},"type":"if","locations":[{"start":{"line":148,"column":6},"end":{"line":160,"column":null}}]},"1":{"loc":{"start":{"line":155,"column":10},"end":{"line":157,"column":null}},"type":"if","locations":[{"start":{"line":155,"column":10},"end":{"line":157,"column":null}}]},"2":{"loc":{"start":{"line":164,"column":6},"end":{"line":196,"column":null}},"type":"if","locations":[{"start":{"line":164,"column":6},"end":{"line":196,"column":null}}]},"3":{"loc":{"start":{"line":166,"column":8},"end":{"line":173,"column":null}},"type":"if","locations":[{"start":{"line":166,"column":8},"end":{"line":173,"column":null}},{"start":{"line":169,"column":15},"end":{"line":173,"column":null}}]},"4":{"loc":{"start":{"line":186,"column":8},"end":{"line":195,"column":null}},"type":"if","locations":[{"start":{"line":186,"column":8},"end":{"line":195,"column":null}}]},"5":{"loc":{"start":{"line":200,"column":10},"end":{"line":200,"column":15}},"type":"if","locations":[{"start":{"line":200,"column":10},"end":{"line":200,"column":15}}]},"6":{"loc":{"start":{"line":208,"column":10},"end":{"line":213,"column":null}},"type":"if","locations":[{"start":{"line":208,"column":10},"end":{"line":213,"column":null}}]},"7":{"loc":{"start":{"line":223,"column":6},"end":{"line":228,"column":null}},"type":"if","locations":[{"start":{"line":223,"column":6},"end":{"line":228,"column":null}}]}},"s":{"0":14,"1":14,"2":14,"3":14,"4":14,"5":14,"6":14,"7":14,"8":9,"9":10,"10":10,"11":10,"12":1,"13":1,"14":0,"15":1,"16":1,"17":1,"18":1,"19":1,"20":1,"21":1,"22":1,"23":1,"24":1,"25":1,"26":1,"27":0,"28":0,"29":1,"30":2,"31":1,"32":2,"33":1,"34":2,"35":1,"36":1,"37":1,"38":1,"39":1,"40":1,"41":1,"42":1,"43":1,"44":1,"45":3,"46":3,"47":3,"48":4,"49":1,"50":1,"51":1,"52":1,"53":1,"54":2,"55":0,"56":0,"57":0,"58":0,"59":0,"60":0,"61":10,"62":10},"f":{"0":9,"1":10,"2":10,"3":1,"4":0,"5":1,"6":1,"7":1,"8":0,"9":2,"10":2,"11":2,"12":1,"13":1,"14":1,"15":3,"16":0,"17":0,"18":10},"b":{"0":[1],"1":[1],"2":[1],"3":[0,1],"4":[1],"5":[0],"6":[1],"7":[0]}}
,"\\\\wsl$\\Ubuntu-20.04\\home\\ubwsx\\matpay\\src\\components\\ChatMessageBox.vue": {"path":"\\\\wsl$\\Ubuntu-20.04\\home\\ubwsx\\matpay\\src\\components\\ChatMessageBox.vue","statementMap":{"0":{"start":{"line":13,"column":0},"end":{"line":13,"column":null}},"1":{"start":{"line":14,"column":0},"end":{"line":14,"column":null}},"2":{"start":{"line":18,"column":0},"end":{"line":18,"column":15}},"3":{"start":{"line":21,"column":4},"end":{"line":21,"column":11}}},"fnMap":{"0":{"name":"(anonymous_0)","decl":{"start":{"line":20,"column":2},"end":{"line":20,"column":6}},"loc":{"start":{"line":20,"column":2},"end":{"line":24,"column":null}}}},"branchMap":{},"s":{"0":14,"1":14,"2":14,"3":6},"f":{"0":6},"b":{}}
,"\\\\wsl$\\Ubuntu-20.04\\home\\ubwsx\\matpay\\src\\components\\MemberList.vue": {"path":"\\\\wsl$\\Ubuntu-20.04\\home\\ubwsx\\matpay\\src\\components\\MemberList.vue","statementMap":{"0":{"start":{"line":23,"column":0},"end":{"line":23,"column":null}},"1":{"start":{"line":24,"column":0},"end":{"line":24,"column":null}},"2":{"start":{"line":25,"column":0},"end":{"line":25,"column":null}},"3":{"start":{"line":27,"column":0},"end":{"line":27,"column":null}},"4":{"start":{"line":28,"column":0},"end":{"line":28,"column":null}},"5":{"start":{"line":29,"column":0},"end":{"line":29,"column":null}},"6":{"start":{"line":31,"column":0},"end":{"line":31,"column":15}},"7":{"start":{"line":43,"column":4},"end":{"line":43,"column":11}},"8":{"start":{"line":56,"column":4},"end":{"line":56,"column":19}},"9":{"start":{"line":57,"column":27},"end":{"line":57,"column":null}},"10":{"start":{"line":57,"column":55},"end":{"line":57,"column":61}},"11":{"start":{"line":58,"column":6},"end":{"line":58,"column":13}},"12":{"start":{"line":63,"column":4},"end":{"line":63,"column":19}},"13":{"start":{"line":64,"column":6},"end":{"line":64,"column":13}},"14":{"start":{"line":64,"column":39},"end":{"line":64,"column":43}},"15":{"start":{"line":82,"column":6},"end":{"line":82,"column":11}},"16":{"start":{"line":85,"column":24},"end":{"line":85,"column":34}},"17":{"start":{"line":86,"column":6},"end":{"line":101,"column":null}},"18":{"start":{"line":88,"column":8},"end":{"line":93,"column":null}},"19":{"start":{"line":88,"column":21},"end":{"line":88,"column":24}},"20":{"start":{"line":89,"column":10},"end":{"line":92,"column":null}},"21":{"start":{"line":90,"column":12},"end":{"line":90,"column":21}},"22":{"start":{"line":91,"column":12},"end":{"line":91,"column":null}},"23":{"start":{"line":95,"column":32},"end":{"line":95,"column":41}},"24":{"start":{"line":95,"column":54},"end":{"line":95,"column":55}},"25":{"start":{"line":96,"column":8},"end":{"line":99,"column":null}},"26":{"start":{"line":96,"column":32},"end":{"line":96,"column":49}},"27":{"start":{"line":96,"column":28},"end":{"line":96,"column":32}},"28":{"start":{"line":97,"column":10},"end":{"line":97,"column":19}},"29":{"start":{"line":98,"column":10},"end":{"line":98,"column":19}},"30":{"start":{"line":100,"column":8},"end":{"line":100,"column":13}},"31":{"start":{"line":104,"column":6},"end":{"line":104,"column":11}},"32":{"start":{"line":108,"column":25},"end":{"line":108,"column":30}},"33":{"start":{"line":109,"column":31},"end":{"line":109,"column":41}},"34":{"start":{"line":110,"column":6},"end":{"line":118,"column":null}},"35":{"start":{"line":111,"column":8},"end":{"line":114,"column":null}},"36":{"start":{"line":112,"column":10},"end":{"line":112,"column":15}},"37":{"start":{"line":113,"column":10},"end":{"line":113,"column":null}},"38":{"start":{"line":115,"column":13},"end":{"line":118,"column":null}},"39":{"start":{"line":116,"column":8},"end":{"line":116,"column":13}},"40":{"start":{"line":117,"column":8},"end":{"line":117,"column":null}},"41":{"start":{"line":119,"column":6},"end":{"line":119,"column":11}},"42":{"start":{"line":122,"column":6},"end":{"line":122,"column":11}},"43":{"start":{"line":123,"column":6},"end":{"line":123,"column":11}},"44":{"start":{"line":124,"column":21},"end":{"line":124,"column":null}},"45":{"start":{"line":125,"column":6},"end":{"line":125,"column":11}},"46":{"start":{"line":128,"column":6},"end":{"line":128,"column":11}},"47":{"start":{"line":129,"column":6},"end":{"line":129,"column":11}},"48":{"start":{"line":130,"column":21},"end":{"line":130,"column":null}},"49":{"start":{"line":131,"column":6},"end":{"line":131,"column":11}},"50":{"start":{"line":134,"column":21},"end":{"line":134,"column":null}},"51":{"start":{"line":136,"column":6},"end":{"line":136,"column":11}},"52":{"start":{"line":140,"column":8},"end":{"line":140,"column":14}},"53":{"start":{"line":146,"column":8},"end":{"line":146,"column":13}},"54":{"start":{"line":151,"column":8},"end":{"line":151,"column":14}},"55":{"start":{"line":154,"column":8},"end":{"line":154,"column":13}},"56":{"start":{"line":158,"column":8},"end":{"line":158,"column":13}},"57":{"start":{"line":165,"column":8},"end":{"line":165,"column":13}},"58":{"start":{"line":166,"column":8},"end":{"line":166,"column":13}}},"fnMap":{"0":{"name":"(anonymous_0)","decl":{"start":{"line":42,"column":2},"end":{"line":42,"column":6}},"loc":{"start":{"line":42,"column":2},"end":{"line":48,"column":null}}},"1":{"name":"(anonymous_1)","decl":{"start":{"line":56,"column":19},"end":{"line":56,"column":null}},"loc":{"start":{"line":56,"column":19},"end":{"line":59,"column":null}}},"2":{"name":"(anonymous_2)","decl":{"start":{"line":57,"column":45},"end":{"line":57,"column":51}},"loc":{"start":{"line":57,"column":51},"end":{"line":57,"column":93}}},"3":{"name":"(anonymous_3)","decl":{"start":{"line":63,"column":4},"end":{"line":63,"column":19}},"loc":{"start":{"line":63,"column":4},"end":{"line":67,"column":null}}},"4":{"name":"(anonymous_4)","decl":{"start":{"line":64,"column":31},"end":{"line":64,"column":35}},"loc":{"start":{"line":64,"column":35},"end":{"line":66,"column":null}}},"5":{"name":"(anonymous_5)","decl":{"start":{"line":81,"column":4},"end":{"line":81,"column":14}},"loc":{"start":{"line":81,"column":31},"end":{"line":83,"column":null}}},"6":{"name":"(anonymous_6)","decl":{"start":{"line":84,"column":22},"end":{"line":84,"column":null}},"loc":{"start":{"line":84,"column":22},"end":{"line":102,"column":null}}},"7":{"name":"(anonymous_7)","decl":{"start":{"line":95,"column":49},"end":{"line":95,"column":50}},"loc":{"start":{"line":95,"column":50},"end":{"line":95,"column":null}}},"8":{"name":"(anonymous_8)","decl":{"start":{"line":103,"column":4},"end":{"line":103,"column":12}},"loc":{"start":{"line":103,"column":27},"end":{"line":105,"column":null}}},"9":{"name":"(anonymous_9)","decl":{"start":{"line":106,"column":26},"end":{"line":106,"column":null}},"loc":{"start":{"line":106,"column":26},"end":{"line":120,"column":null}}},"10":{"name":"(anonymous_10)","decl":{"start":{"line":121,"column":4},"end":{"line":121,"column":11}},"loc":{"start":{"line":121,"column":28},"end":{"line":126,"column":null}}},"11":{"name":"(anonymous_11)","decl":{"start":{"line":127,"column":4},"end":{"line":127,"column":10}},"loc":{"start":{"line":127,"column":27},"end":{"line":132,"column":null}}},"12":{"name":"(anonymous_12)","decl":{"start":{"line":133,"column":12},"end":{"line":133,"column":null}},"loc":{"start":{"line":133,"column":12},"end":{"line":137,"column":null}}},"13":{"name":"(anonymous_13)","decl":{"start":{"line":138,"column":20},"end":{"line":138,"column":null}},"loc":{"start":{"line":138,"column":20},"end":{"line":148,"column":null}}},"14":{"name":"(anonymous_16)","decl":{"start":{"line":149,"column":26},"end":{"line":149,"column":null}},"loc":{"start":{"line":149,"column":26},"end":{"line":160,"column":null}}},"15":{"name":"(anonymous_19)","decl":{"start":{"line":164,"column":13},"end":{"line":164,"column":null}},"loc":{"start":{"line":164,"column":13},"end":{"line":167,"column":null}}}},"branchMap":{"0":{"loc":{"start":{"line":58,"column":13},"end":{"line":58,"column":null}},"type":"binary-expr","locations":[{"start":{"line":58,"column":13},"end":{"line":58,"column":41}},{"start":{"line":58,"column":41},"end":{"line":58,"column":null}}]},"1":{"loc":{"start":{"line":64,"column":39},"end":{"line":64,"column":43}},"type":"binary-expr","locations":[{"start":{"line":64,"column":39},"end":{"line":64,"column":null}},{"start":{"line":65,"column":9},"end":{"line":65,"column":null}},{"start":{"line":66,"column":10},"end":{"line":64,"column":43}}]},"2":{"loc":{"start":{"line":86,"column":6},"end":{"line":101,"column":null}},"type":"if","locations":[{"start":{"line":86,"column":6},"end":{"line":101,"column":null}}]},"3":{"loc":{"start":{"line":89,"column":10},"end":{"line":92,"column":null}},"type":"if","locations":[{"start":{"line":89,"column":10},"end":{"line":92,"column":null}}]},"4":{"loc":{"start":{"line":110,"column":6},"end":{"line":118,"column":null}},"type":"if","locations":[{"start":{"line":110,"column":6},"end":{"line":118,"column":null}},{"start":{"line":115,"column":13},"end":{"line":118,"column":null}}]},"5":{"loc":{"start":{"line":111,"column":8},"end":{"line":114,"column":null}},"type":"if","locations":[{"start":{"line":111,"column":8},"end":{"line":114,"column":null}}]},"6":{"loc":{"start":{"line":115,"column":13},"end":{"line":118,"column":null}},"type":"if","locations":[{"start":{"line":115,"column":13},"end":{"line":118,"column":null}}]}},"s":{"0":14,"1":14,"2":14,"3":14,"4":14,"5":14,"6":14,"7":8,"8":8,"9":8,"10":20,"11":8,"12":8,"13":8,"14":20,"15":0,"16":8,"17":8,"18":8,"19":8,"20":8,"21":8,"22":8,"23":8,"24":20,"25":8,"26":16,"27":1,"28":1,"29":1,"30":8,"31":0,"32":3,"33":3,"34":3,"35":2,"36":1,"37":1,"38":1,"39":1,"40":1,"41":1,"42":1,"43":1,"44":1,"45":1,"46":1,"47":1,"48":1,"49":1,"50":2,"51":2,"52":0,"53":0,"54":1,"55":0,"56":1,"57":8,"58":8},"f":{"0":8,"1":8,"2":20,"3":8,"4":20,"5":0,"6":8,"7":20,"8":0,"9":3,"10":1,"11":1,"12":2,"13":0,"14":1,"15":8},"b":{"0":[8,4],"1":[20,1,1],"2":[8],"3":[8],"4":[2,1],"5":[1],"6":[1]}}
,"\\\\wsl$\\Ubuntu-20.04\\home\\ubwsx\\matpay\\src\\components\\TxApprovedMessageBox.vue": {"path":"\\\\wsl$\\Ubuntu-20.04\\home\\ubwsx\\matpay\\src\\components\\TxApprovedMessageBox.vue","statementMap":{"0":{"start":{"line":31,"column":0},"end":{"line":31,"column":null}},"1":{"start":{"line":32,"column":0},"end":{"line":32,"column":null}},"2":{"start":{"line":36,"column":0},"end":{"line":36,"column":null}},"3":{"start":{"line":38,"column":0},"end":{"line":38,"column":15}},"4":{"start":{"line":49,"column":4},"end":{"line":49,"column":11}},"5":{"start":{"line":64,"column":6},"end":{"line":64,"column":11}}},"fnMap":{"0":{"name":"(anonymous_0)","decl":{"start":{"line":48,"column":2},"end":{"line":48,"column":6}},"loc":{"start":{"line":48,"column":2},"end":{"line":55,"column":null}}},"1":{"name":"(anonymous_1)","decl":{"start":{"line":63,"column":19},"end":{"line":63,"column":null}},"loc":{"start":{"line":63,"column":19},"end":{"line":65,"column":null}}}},"branchMap":{},"s":{"0":15,"1":15,"2":15,"3":15,"4":4,"5":1},"f":{"0":4,"1":1},"b":{}}
,"\\\\wsl$\\Ubuntu-20.04\\home\\ubwsx\\matpay\\src\\components\\TxDetail.vue": {"path":"\\\\wsl$\\Ubuntu-20.04\\home\\ubwsx\\matpay\\src\\components\\TxDetail.vue","statementMap":{"0":{"start":{"line":25,"column":0},"end":{"line":25,"column":null}},"1":{"start":{"line":26,"column":0},"end":{"line":26,"column":null}},"2":{"start":{"line":27,"column":0},"end":{"line":27,"column":null}},"3":{"start":{"line":29,"column":0},"end":{"line":29,"column":15}},"4":{"start":{"line":41,"column":4},"end":{"line":41,"column":11}},"5":{"start":{"line":52,"column":6},"end":{"line":57,"column":null}},"6":{"start":{"line":53,"column":33},"end":{"line":53,"column":38}},"7":{"start":{"line":53,"column":54},"end":{"line":53,"column":55}},"8":{"start":{"line":54,"column":8},"end":{"line":54,"column":15}},"9":{"start":{"line":56,"column":8},"end":{"line":56,"column":15}},"10":{"start":{"line":65,"column":6},"end":{"line":65,"column":11}},"11":{"start":{"line":68,"column":6},"end":{"line":68,"column":11}}},"fnMap":{"0":{"name":"(anonymous_0)","decl":{"start":{"line":40,"column":6},"end":{"line":40,"column":null}},"loc":{"start":{"line":40,"column":6},"end":{"line":43,"column":null}}},"1":{"name":"(anonymous_1)","decl":{"start":{"line":51,"column":4},"end":{"line":51,"column":14}},"loc":{"start":{"line":51,"column":4},"end":{"line":58,"column":null}}},"2":{"name":"(anonymous_2)","decl":{"start":{"line":53,"column":49},"end":{"line":53,"column":50}},"loc":{"start":{"line":53,"column":50},"end":{"line":53,"column":68}}},"3":{"name":"(anonymous_3)","decl":{"start":{"line":64,"column":22},"end":{"line":64,"column":null}},"loc":{"start":{"line":64,"column":22},"end":{"line":66,"column":null}}},"4":{"name":"(anonymous_4)","decl":{"start":{"line":67,"column":4},"end":{"line":67,"column":12}},"loc":{"start":{"line":67,"column":23},"end":{"line":69,"column":null}}}},"branchMap":{"0":{"loc":{"start":{"line":52,"column":6},"end":{"line":57,"column":null}},"type":"if","locations":[{"start":{"line":52,"column":6},"end":{"line":57,"column":null}},{"start":{"line":55,"column":13},"end":{"line":57,"column":null}}]}},"s":{"0":13,"1":13,"2":13,"3":13,"4":8,"5":7,"6":7,"7":7,"8":7,"9":0,"10":1,"11":2},"f":{"0":8,"1":7,"2":7,"3":1,"4":2},"b":{"0":[7,0]}}
,"\\\\wsl$\\Ubuntu-20.04\\home\\ubwsx\\matpay\\src\\components\\TxList.vue": {"path":"\\\\wsl$\\Ubuntu-20.04\\home\\ubwsx\\matpay\\src\\components\\TxList.vue","statementMap":{"0":{"start":{"line":11,"column":0},"end":{"line":11,"column":null}},"1":{"start":{"line":14,"column":0},"end":{"line":14,"column":15}},"2":{"start":{"line":18,"column":6},"end":{"line":18,"column":13}},"3":{"start":{"line":30,"column":4},"end":{"line":30,"column":11}},"4":{"start":{"line":37,"column":6},"end":{"line":37,"column":11}}},"fnMap":{"0":{"name":"(anonymous_0)","decl":{"start":{"line":17,"column":16},"end":{"line":17,"column":17}},"loc":{"start":{"line":17,"column":39},"end":{"line":19,"column":null}}},"1":{"name":"(anonymous_1)","decl":{"start":{"line":29,"column":6},"end":{"line":29,"column":null}},"loc":{"start":{"line":29,"column":6},"end":{"line":32,"column":null}}},"2":{"name":"(anonymous_2)","decl":{"start":{"line":36,"column":4},"end":{"line":36,"column":18}},"loc":{"start":{"line":36,"column":42},"end":{"line":38,"column":null}}}},"branchMap":{},"s":{"0":13,"1":13,"2":4,"3":7,"4":4},"f":{"0":4,"1":7,"2":4},"b":{}}
,"\\\\wsl$\\Ubuntu-20.04\\home\\ubwsx\\matpay\\src\\components\\TxPendingMessageBox.vue": {"path":"\\\\wsl$\\Ubuntu-20.04\\home\\ubwsx\\matpay\\src\\components\\TxPendingMessageBox.vue","statementMap":{"0":{"start":{"line":26,"column":0},"end":{"line":26,"column":null}},"1":{"start":{"line":27,"column":0},"end":{"line":27,"column":null}},"2":{"start":{"line":32,"column":0},"end":{"line":32,"column":null}},"3":{"start":{"line":34,"column":0},"end":{"line":34,"column":15}},"4":{"start":{"line":45,"column":4},"end":{"line":45,"column":11}},"5":{"start":{"line":70,"column":6},"end":{"line":70,"column":11}},"6":{"start":{"line":73,"column":6},"end":{"line":73,"column":11}},"7":{"start":{"line":77,"column":8},"end":{"line":77,"column":14}},"8":{"start":{"line":82,"column":8},"end":{"line":82,"column":13}},"9":{"start":{"line":84,"column":6},"end":{"line":84,"column":11}},"10":{"start":{"line":88,"column":8},"end":{"line":88,"column":14}},"11":{"start":{"line":93,"column":8},"end":{"line":93,"column":13}},"12":{"start":{"line":95,"column":6},"end":{"line":95,"column":11}}},"fnMap":{"0":{"name":"(anonymous_0)","decl":{"start":{"line":44,"column":2},"end":{"line":44,"column":6}},"loc":{"start":{"line":44,"column":2},"end":{"line":51,"column":null}}},"1":{"name":"(anonymous_1)","decl":{"start":{"line":69,"column":18},"end":{"line":69,"column":null}},"loc":{"start":{"line":69,"column":18},"end":{"line":71,"column":null}}},"2":{"name":"(anonymous_2)","decl":{"start":{"line":72,"column":18},"end":{"line":72,"column":null}},"loc":{"start":{"line":72,"column":18},"end":{"line":74,"column":null}}},"3":{"name":"(anonymous_3)","decl":{"start":{"line":75,"column":4},"end":{"line":75,"column":10}},"loc":{"start":{"line":75,"column":48},"end":{"line":85,"column":null}}},"4":{"name":"(anonymous_6)","decl":{"start":{"line":86,"column":4},"end":{"line":86,"column":10}},"loc":{"start":{"line":86,"column":46},"end":{"line":96,"column":null}}}},"branchMap":{"0":{"loc":{"start":{"line":73,"column":32},"end":{"line":73,"column":null}},"type":"cond-expr","locations":[{"start":{"line":73,"column":46},"end":{"line":73,"column":48}},{"start":{"line":73,"column":46},"end":{"line":73,"column":null}}]},"1":{"loc":{"start":{"line":73,"column":32},"end":{"line":73,"column":48}},"type":"binary-expr","locations":[{"start":{"line":73,"column":32},"end":{"line":73,"column":48}},{"start":{"line":73,"column":46},"end":{"line":73,"column":48}}]}},"s":{"0":15,"1":15,"2":15,"3":15,"4":7,"5":4,"6":2,"7":3,"8":1,"9":2,"10":3,"11":1,"12":2},"f":{"0":7,"1":4,"2":2,"3":2,"4":2},"b":{"0":[0,2],"1":[2,2]}}
,"\\\\wsl$\\Ubuntu-20.04\\home\\ubwsx\\matpay\\src\\components\\UserCard.vue": {"path":"\\\\wsl$\\Ubuntu-20.04\\home\\ubwsx\\matpay\\src\\components\\UserCard.vue","statementMap":{"0":{"start":{"line":34,"column":0},"end":{"line":34,"column":null}},"1":{"start":{"line":35,"column":0},"end":{"line":35,"column":null}},"2":{"start":{"line":36,"column":0},"end":{"line":36,"column":null}},"3":{"start":{"line":37,"column":0},"end":{"line":37,"column":null}},"4":{"start":{"line":38,"column":0},"end":{"line":38,"column":null}},"5":{"start":{"line":41,"column":0},"end":{"line":41,"column":15}},"6":{"start":{"line":65,"column":6},"end":{"line":65,"column":13}},"7":{"start":{"line":68,"column":6},"end":{"line":68,"column":13}},"8":{"start":{"line":78,"column":4},"end":{"line":78,"column":11}},"9":{"start":{"line":91,"column":4},"end":{"line":91,"column":20}},"10":{"start":{"line":92,"column":6},"end":{"line":109,"column":null}},"11":{"start":{"line":93,"column":8},"end":{"line":93,"column":13}},"12":{"start":{"line":94,"column":8},"end":{"line":94,"column":13}},"13":{"start":{"line":95,"column":8},"end":{"line":95,"column":13}},"14":{"start":{"line":96,"column":8},"end":{"line":96,"column":13}},"15":{"start":{"line":97,"column":8},"end":{"line":108,"column":null}},"16":{"start":{"line":98,"column":10},"end":{"line":98,"column":43}},"17":{"start":{"line":100,"column":25},"end":{"line":100,"column":29}},"18":{"start":{"line":101,"column":14},"end":{"line":101,"column":16}},"19":{"start":{"line":102,"column":16},"end":{"line":102,"column":20}},"20":{"start":{"line":104,"column":14},"end":{"line":104,"column":16}},"21":{"start":{"line":107,"column":10},"end":{"line":107,"column":15}},"22":{"start":{"line":112,"column":6},"end":{"line":112,"column":11}},"23":{"start":{"line":113,"column":6},"end":{"line":117,"column":null}},"24":{"start":{"line":114,"column":8},"end":{"line":114,"column":13}},"25":{"start":{"line":115,"column":13},"end":{"line":117,"column":null}},"26":{"start":{"line":116,"column":8},"end":{"line":116,"column":13}},"27":{"start":{"line":120,"column":6},"end":{"line":120,"column":11}},"28":{"start":{"line":123,"column":6},"end":{"line":125,"column":null}},"29":{"start":{"line":124,"column":8},"end":{"line":124,"column":13}},"30":{"start":{"line":129,"column":8},"end":{"line":129,"column":14}},"31":{"start":{"line":133,"column":8},"end":{"line":133,"column":13}},"32":{"start":{"line":135,"column":8},"end":{"line":135,"column":13}}},"fnMap":{"0":{"name":"(anonymous_0)","decl":{"start":{"line":64,"column":4},"end":{"line":64,"column":16}},"loc":{"start":{"line":64,"column":4},"end":{"line":66,"column":null}}},"1":{"name":"(anonymous_1)","decl":{"start":{"line":67,"column":4},"end":{"line":67,"column":12}},"loc":{"start":{"line":67,"column":4},"end":{"line":69,"column":null}}},"2":{"name":"(anonymous_2)","decl":{"start":{"line":77,"column":2},"end":{"line":77,"column":6}},"loc":{"start":{"line":77,"column":2},"end":{"line":86,"column":null}}},"3":{"name":"(anonymous_3)","decl":{"start":{"line":91,"column":4},"end":{"line":91,"column":20}},"loc":{"start":{"line":91,"column":4},"end":{"line":110,"column":null}}},"4":{"name":"(anonymous_4)","decl":{"start":{"line":99,"column":18},"end":{"line":99,"column":26}},"loc":{"start":{"line":99,"column":26},"end":{"line":105,"column":null}}},"5":{"name":"(anonymous_5)","decl":{"start":{"line":101,"column":29},"end":{"line":101,"column":null}},"loc":{"start":{"line":101,"column":29},"end":{"line":103,"column":null}}},"6":{"name":"(anonymous_6)","decl":{"start":{"line":111,"column":4},"end":{"line":111,"column":23}},"loc":{"start":{"line":111,"column":50},"end":{"line":118,"column":null}}},"7":{"name":"(anonymous_7)","decl":{"start":{"line":119,"column":18},"end":{"line":119,"column":null}},"loc":{"start":{"line":119,"column":18},"end":{"line":121,"column":null}}},"8":{"name":"(anonymous_8)","decl":{"start":{"line":122,"column":19},"end":{"line":122,"column":null}},"loc":{"start":{"line":122,"column":19},"end":{"line":126,"column":null}}},"9":{"name":"(anonymous_9)","decl":{"start":{"line":127,"column":19},"end":{"line":127,"column":null}},"loc":{"start":{"line":127,"column":19},"end":{"line":137,"column":null}}}},"branchMap":{"0":{"loc":{"start":{"line":92,"column":6},"end":{"line":109,"column":null}},"type":"if","locations":[{"start":{"line":92,"column":6},"end":{"line":109,"column":null}}]},"1":{"loc":{"start":{"line":97,"column":8},"end":{"line":108,"column":null}},"type":"if","locations":[{"start":{"line":97,"column":8},"end":{"line":108,"column":null}},{"start":{"line":106,"column":15},"end":{"line":108,"column":null}}]},"2":{"loc":{"start":{"line":113,"column":6},"end":{"line":117,"column":null}},"type":"if","locations":[{"start":{"line":113,"column":6},"end":{"line":117,"column":null}},{"start":{"line":115,"column":13},"end":{"line":117,"column":null}}]},"3":{"loc":{"start":{"line":115,"column":13},"end":{"line":117,"column":null}},"type":"if","locations":[{"start":{"line":115,"column":13},"end":{"line":117,"column":null}}]},"4":{"loc":{"start":{"line":123,"column":6},"end":{"line":125,"column":null}},"type":"if","locations":[{"start":{"line":123,"column":6},"end":{"line":125,"column":null}}]},"5":{"loc":{"start":{"line":131,"column":23},"end":{"line":131,"column":null}},"type":"cond-expr","locations":[{"start":{"line":131,"column":37},"end":{"line":131,"column":39}},{"start":{"line":131,"column":37},"end":{"line":131,"column":null}}]},"6":{"loc":{"start":{"line":131,"column":23},"end":{"line":131,"column":39}},"type":"binary-expr","locations":[{"start":{"line":131,"column":23},"end":{"line":131,"column":39}},{"start":{"line":131,"column":37},"end":{"line":131,"column":39}}]}},"s":{"0":14,"1":14,"2":14,"3":14,"4":14,"5":14,"6":21,"7":21,"8":21,"9":21,"10":21,"11":21,"12":21,"13":21,"14":21,"15":21,"16":0,"17":0,"18":0,"19":0,"20":0,"21":21,"22":2,"23":2,"24":1,"25":1,"26":1,"27":2,"28":3,"29":3,"30":3,"31":1,"32":1},"f":{"0":21,"1":21,"2":21,"3":21,"4":0,"5":0,"6":2,"7":2,"8":3,"9":2},"b":{"0":[21],"1":[0,21],"2":[1,1],"3":[1],"4":[3],"5":[0,2],"6":[2,2]}}
,"\\\\wsl$\\Ubuntu-20.04\\home\\ubwsx\\matpay\\src\\dialogs\\ApprovalDialog.vue": {"path":"\\\\wsl$\\Ubuntu-20.04\\home\\ubwsx\\matpay\\src\\dialogs\\ApprovalDialog.vue","statementMap":{"0":{"start":{"line":70,"column":0},"end":{"line":70,"column":null}},"1":{"start":{"line":71,"column":0},"end":{"line":71,"column":null}},"2":{"start":{"line":72,"column":0},"end":{"line":72,"column":null}},"3":{"start":{"line":75,"column":0},"end":{"line":75,"column":15}},"4":{"start":{"line":87,"column":4},"end":{"line":87,"column":11}},"5":{"start":{"line":97,"column":6},"end":{"line":97,"column":13}},"6":{"start":{"line":98,"column":47},"end":{"line":98,"column":48}},"7":{"start":{"line":105,"column":6},"end":{"line":105,"column":11}},"8":{"start":{"line":106,"column":6},"end":{"line":106,"column":11}},"9":{"start":{"line":109,"column":6},"end":{"line":109,"column":11}},"10":{"start":{"line":110,"column":6},"end":{"line":110,"column":11}},"11":{"start":{"line":113,"column":6},"end":{"line":113,"column":11}},"12":{"start":{"line":116,"column":6},"end":{"line":116,"column":11}},"13":{"start":{"line":120,"column":15},"end":{"line":120,"column":41}},"14":{"start":{"line":121,"column":4},"end":{"line":121,"column":9}},"15":{"start":{"line":126,"column":4},"end":{"line":126,"column":9}}},"fnMap":{"0":{"name":"(anonymous_0)","decl":{"start":{"line":86,"column":2},"end":{"line":86,"column":6}},"loc":{"start":{"line":86,"column":2},"end":{"line":91,"column":null}}},"1":{"name":"(anonymous_1)","decl":{"start":{"line":96,"column":31},"end":{"line":96,"column":null}},"loc":{"start":{"line":96,"column":31},"end":{"line":99,"column":null}}},"2":{"name":"(anonymous_2)","decl":{"start":{"line":98,"column":42},"end":{"line":98,"column":43}},"loc":{"start":{"line":98,"column":43},"end":{"line":98,"column":61}}},"3":{"name":"(anonymous_3)","decl":{"start":{"line":104,"column":8},"end":{"line":104,"column":null}},"loc":{"start":{"line":104,"column":8},"end":{"line":107,"column":null}}},"4":{"name":"(anonymous_4)","decl":{"start":{"line":108,"column":8},"end":{"line":108,"column":null}},"loc":{"start":{"line":108,"column":8},"end":{"line":111,"column":null}}},"5":{"name":"(anonymous_5)","decl":{"start":{"line":112,"column":20},"end":{"line":112,"column":null}},"loc":{"start":{"line":112,"column":20},"end":{"line":114,"column":null}}},"6":{"name":"(anonymous_6)","decl":{"start":{"line":115,"column":19},"end":{"line":115,"column":null}},"loc":{"start":{"line":115,"column":19},"end":{"line":117,"column":null}}},"7":{"name":"(anonymous_7)","decl":{"start":{"line":119,"column":2},"end":{"line":119,"column":9}},"loc":{"start":{"line":119,"column":2},"end":{"line":124,"column":null}}},"8":{"name":"(anonymous_8)","decl":{"start":{"line":125,"column":11},"end":{"line":125,"column":null}},"loc":{"start":{"line":125,"column":11},"end":{"line":127,"column":null}}}},"branchMap":{"0":{"loc":{"start":{"line":97,"column":13},"end":{"line":97,"column":18}},"type":"binary-expr","locations":[{"start":{"line":97,"column":13},"end":{"line":97,"column":null}},{"start":{"line":98,"column":9},"end":{"line":98,"column":25}}]},"1":{"loc":{"start":{"line":97,"column":13},"end":{"line":97,"column":55}},"type":"cond-expr","locations":[{"start":{"line":97,"column":27},"end":{"line":97,"column":29}},{"start":{"line":97,"column":27},"end":{"line":97,"column":55}}]},"2":{"loc":{"start":{"line":97,"column":13},"end":{"line":97,"column":29}},"type":"binary-expr","locations":[{"start":{"line":97,"column":13},"end":{"line":97,"column":29}},{"start":{"line":97,"column":27},"end":{"line":97,"column":29}}]},"3":{"loc":{"start":{"line":98,"column":9},"end":{"line":98,"column":25}},"type":"cond-expr","locations":[{"start":{"line":98,"column":23},"end":{"line":98,"column":25}},{"start":{"line":98,"column":23},"end":{"line":98,"column":25}}]},"4":{"loc":{"start":{"line":98,"column":9},"end":{"line":98,"column":25}},"type":"binary-expr","locations":[{"start":{"line":98,"column":9},"end":{"line":98,"column":25}},{"start":{"line":98,"column":23},"end":{"line":98,"column":25}}]},"5":{"loc":{"start":{"line":105,"column":6},"end":{"line":105,"column":26}},"type":"cond-expr","locations":[{"start":{"line":105,"column":24},"end":{"line":105,"column":26}},{"start":{"line":105,"column":24},"end":{"line":105,"column":26}}]},"6":{"loc":{"start":{"line":105,"column":6},"end":{"line":105,"column":26}},"type":"binary-expr","locations":[{"start":{"line":105,"column":6},"end":{"line":105,"column":26}},{"start":{"line":105,"column":24},"end":{"line":105,"column":26}}]},"7":{"loc":{"start":{"line":109,"column":6},"end":{"line":109,"column":26}},"type":"cond-expr","locations":[{"start":{"line":109,"column":24},"end":{"line":109,"column":26}},{"start":{"line":109,"column":24},"end":{"line":109,"column":26}}]},"8":{"loc":{"start":{"line":109,"column":6},"end":{"line":109,"column":26}},"type":"binary-expr","locations":[{"start":{"line":109,"column":6},"end":{"line":109,"column":26}},{"start":{"line":109,"column":24},"end":{"line":109,"column":26}}]},"9":{"loc":{"start":{"line":113,"column":32},"end":{"line":113,"column":null}},"type":"cond-expr","locations":[{"start":{"line":113,"column":46},"end":{"line":113,"column":48}},{"start":{"line":113,"column":46},"end":{"line":113,"column":null}}]},"10":{"loc":{"start":{"line":113,"column":32},"end":{"line":113,"column":48}},"type":"binary-expr","locations":[{"start":{"line":113,"column":32},"end":{"line":113,"column":48}},{"start":{"line":113,"column":46},"end":{"line":113,"column":48}}]},"11":{"loc":{"start":{"line":116,"column":30},"end":{"line":116,"column":null}},"type":"cond-expr","locations":[{"start":{"line":116,"column":44},"end":{"line":116,"column":46}},{"start":{"line":116,"column":44},"end":{"line":116,"column":null}}]},"12":{"loc":{"start":{"line":116,"column":30},"end":{"line":116,"column":46}},"type":"binary-expr","locations":[{"start":{"line":116,"column":30},"end":{"line":116,"column":46}},{"start":{"line":116,"column":44},"end":{"line":116,"column":46}}]},"13":{"loc":{"start":{"line":120,"column":41},"end":{"line":120,"column":57}},"type":"cond-expr","locations":[{"start":{"line":120,"column":55},"end":{"line":120,"column":57}},{"start":{"line":120,"column":55},"end":{"line":120,"column":57}}]},"14":{"loc":{"start":{"line":120,"column":41},"end":{"line":120,"column":57}},"type":"binary-expr","locations":[{"start":{"line":120,"column":41},"end":{"line":120,"column":57}},{"start":{"line":120,"column":55},"end":{"line":120,"column":57}}]}},"s":{"0":15,"1":15,"2":15,"3":15,"4":7,"5":7,"6":12,"7":4,"8":4,"9":4,"10":4,"11":2,"12":2,"13":7,"14":7,"15":0},"f":{"0":7,"1":7,"2":12,"3":4,"4":4,"5":2,"6":2,"7":7,"8":0},"b":{"0":[7,7],"1":[0,7],"2":[7,7],"3":[0,7],"4":[7,7],"5":[0,4],"6":[4,4],"7":[0,4],"8":[4,4],"9":[0,2],"10":[2,2],"11":[0,2],"12":[2,2],"13":[0,7],"14":[7,7]}}
,"\\\\wsl$\\Ubuntu-20.04\\home\\ubwsx\\matpay\\src\\dialogs\\ConfirmDialog.vue": {"path":"\\\\wsl$\\Ubuntu-20.04\\home\\ubwsx\\matpay\\src\\dialogs\\ConfirmDialog.vue","statementMap":{"0":{"start":{"line":23,"column":0},"end":{"line":23,"column":null}},"1":{"start":{"line":24,"column":0},"end":{"line":24,"column":null}},"2":{"start":{"line":26,"column":0},"end":{"line":26,"column":15}},"3":{"start":{"line":29,"column":4},"end":{"line":29,"column":11}},"4":{"start":{"line":42,"column":4},"end":{"line":42,"column":18}},"5":{"start":{"line":43,"column":6},"end":{"line":43,"column":11}},"6":{"start":{"line":44,"column":6},"end":{"line":44,"column":11}},"7":{"start":{"line":45,"column":8},"end":{"line":45,"column":null}},"8":{"start":{"line":46,"column":8},"end":{"line":46,"column":12}},"9":{"start":{"line":48,"column":6},"end":{"line":48,"column":11}},"10":{"start":{"line":49,"column":8},"end":{"line":51,"column":null}},"11":{"start":{"line":50,"column":10},"end":{"line":50,"column":null}},"12":{"start":{"line":52,"column":8},"end":{"line":52,"column":12}},"13":{"start":{"line":54,"column":6},"end":{"line":54,"column":11}},"14":{"start":{"line":57,"column":6},"end":{"line":57,"column":11}},"15":{"start":{"line":58,"column":6},"end":{"line":58,"column":11}},"16":{"start":{"line":61,"column":6},"end":{"line":61,"column":11}},"17":{"start":{"line":62,"column":6},"end":{"line":62,"column":11}},"18":{"start":{"line":66,"column":4},"end":{"line":66,"column":9}},"19":{"start":{"line":71,"column":4},"end":{"line":71,"column":9}}},"fnMap":{"0":{"name":"(anonymous_0)","decl":{"start":{"line":28,"column":2},"end":{"line":28,"column":6}},"loc":{"start":{"line":28,"column":2},"end":{"line":36,"column":null}}},"1":{"name":"(anonymous_1)","decl":{"start":{"line":42,"column":4},"end":{"line":42,"column":18}},"loc":{"start":{"line":42,"column":95},"end":{"line":55,"column":null}}},"2":{"name":"(anonymous_2)","decl":{"start":{"line":44,"column":24},"end":{"line":44,"column":null}},"loc":{"start":{"line":44,"column":24},"end":{"line":47,"column":null}}},"3":{"name":"(anonymous_3)","decl":{"start":{"line":48,"column":23},"end":{"line":48,"column":null}},"loc":{"start":{"line":48,"column":23},"end":{"line":53,"column":null}}},"4":{"name":"(anonymous_4)","decl":{"start":{"line":56,"column":8},"end":{"line":56,"column":null}},"loc":{"start":{"line":56,"column":8},"end":{"line":59,"column":null}}},"5":{"name":"(anonymous_5)","decl":{"start":{"line":60,"column":8},"end":{"line":60,"column":null}},"loc":{"start":{"line":60,"column":8},"end":{"line":63,"column":null}}},"6":{"name":"(anonymous_6)","decl":{"start":{"line":65,"column":2},"end":{"line":65,"column":9}},"loc":{"start":{"line":65,"column":2},"end":{"line":69,"column":null}}},"7":{"name":"(anonymous_7)","decl":{"start":{"line":70,"column":11},"end":{"line":70,"column":null}},"loc":{"start":{"line":70,"column":11},"end":{"line":72,"column":null}}}},"branchMap":{"0":{"loc":{"start":{"line":49,"column":8},"end":{"line":51,"column":null}},"type":"if","locations":[{"start":{"line":49,"column":8},"end":{"line":51,"column":null}}]},"1":{"loc":{"start":{"line":57,"column":6},"end":{"line":57,"column":26}},"type":"cond-expr","locations":[{"start":{"line":57,"column":24},"end":{"line":57,"column":26}},{"start":{"line":57,"column":24},"end":{"line":57,"column":26}}]},"2":{"loc":{"start":{"line":57,"column":6},"end":{"line":57,"column":26}},"type":"binary-expr","locations":[{"start":{"line":57,"column":6},"end":{"line":57,"column":26}},{"start":{"line":57,"column":24},"end":{"line":57,"column":26}}]},"3":{"loc":{"start":{"line":61,"column":6},"end":{"line":61,"column":26}},"type":"cond-expr","locations":[{"start":{"line":61,"column":24},"end":{"line":61,"column":26}},{"start":{"line":61,"column":24},"end":{"line":61,"column":26}}]},"4":{"loc":{"start":{"line":61,"column":6},"end":{"line":61,"column":26}},"type":"binary-expr","locations":[{"start":{"line":61,"column":6},"end":{"line":61,"column":26}},{"start":{"line":61,"column":24},"end":{"line":61,"column":26}}]}},"s":{"0":14,"1":14,"2":14,"3":4,"4":4,"5":4,"6":4,"7":1,"8":1,"9":4,"10":0,"11":0,"12":0,"13":4,"14":4,"15":4,"16":1,"17":1,"18":4,"19":0},"f":{"0":4,"1":4,"2":1,"3":0,"4":4,"5":1,"6":4,"7":0},"b":{"0":[0],"1":[0,4],"2":[4,4],"3":[0,1],"4":[1,1]}}
,"\\\\wsl$\\Ubuntu-20.04\\home\\ubwsx\\matpay\\src\\dialogs\\CreateRoomDialog.vue": {"path":"\\\\wsl$\\Ubuntu-20.04\\home\\ubwsx\\matpay\\src\\dialogs\\CreateRoomDialog.vue","statementMap":{"0":{"start":{"line":25,"column":0},"end":{"line":25,"column":null}},"1":{"start":{"line":26,"column":0},"end":{"line":26,"column":null}},"2":{"start":{"line":28,"column":0},"end":{"line":28,"column":15}},"3":{"start":{"line":31,"column":4},"end":{"line":31,"column":11}},"4":{"start":{"line":47,"column":6},"end":{"line":47,"column":11}},"5":{"start":{"line":48,"column":6},"end":{"line":48,"column":11}},"6":{"start":{"line":51,"column":6},"end":{"line":51,"column":11}},"7":{"start":{"line":52,"column":6},"end":{"line":52,"column":11}},"8":{"start":{"line":55,"column":22},"end":{"line":55,"column":26}},"9":{"start":{"line":59,"column":6},"end":{"line":59,"column":13}},"10":{"start":{"line":60,"column":6},"end":{"line":60,"column":16}},"11":{"start":{"line":60,"column":23},"end":{"line":60,"column":30}},"12":{"start":{"line":63,"column":6},"end":{"line":68,"column":null}},"13":{"start":{"line":64,"column":8},"end":{"line":64,"column":13}},"14":{"start":{"line":66,"column":8},"end":{"line":66,"column":13}},"15":{"start":{"line":67,"column":8},"end":{"line":67,"column":13}},"16":{"start":{"line":72,"column":4},"end":{"line":72,"column":9}},"17":{"start":{"line":77,"column":4},"end":{"line":77,"column":9}}},"fnMap":{"0":{"name":"(anonymous_0)","decl":{"start":{"line":30,"column":2},"end":{"line":30,"column":6}},"loc":{"start":{"line":30,"column":2},"end":{"line":37,"column":null}}},"1":{"name":"(anonymous_1)","decl":{"start":{"line":46,"column":8},"end":{"line":46,"column":null}},"loc":{"start":{"line":46,"column":8},"end":{"line":49,"column":null}}},"2":{"name":"(anonymous_2)","decl":{"start":{"line":50,"column":8},"end":{"line":50,"column":null}},"loc":{"start":{"line":50,"column":8},"end":{"line":53,"column":null}}},"3":{"name":"(anonymous_3)","decl":{"start":{"line":54,"column":4},"end":{"line":54,"column":16}},"loc":{"start":{"line":54,"column":33},"end":{"line":61,"column":null}}},"4":{"name":"(anonymous_4)","decl":{"start":{"line":60,"column":17},"end":{"line":60,"column":23}},"loc":{"start":{"line":60,"column":17},"end":{"line":60,"column":39}}},"5":{"name":"(anonymous_5)","decl":{"start":{"line":62,"column":13},"end":{"line":62,"column":null}},"loc":{"start":{"line":62,"column":13},"end":{"line":69,"column":null}}},"6":{"name":"(anonymous_6)","decl":{"start":{"line":71,"column":2},"end":{"line":71,"column":9}},"loc":{"start":{"line":71,"column":2},"end":{"line":75,"column":null}}},"7":{"name":"(anonymous_7)","decl":{"start":{"line":76,"column":11},"end":{"line":76,"column":null}},"loc":{"start":{"line":76,"column":11},"end":{"line":78,"column":null}}}},"branchMap":{"0":{"loc":{"start":{"line":47,"column":6},"end":{"line":47,"column":26}},"type":"cond-expr","locations":[{"start":{"line":47,"column":24},"end":{"line":47,"column":26}},{"start":{"line":47,"column":24},"end":{"line":47,"column":26}}]},"1":{"loc":{"start":{"line":47,"column":6},"end":{"line":47,"column":26}},"type":"binary-expr","locations":[{"start":{"line":47,"column":6},"end":{"line":47,"column":26}},{"start":{"line":47,"column":24},"end":{"line":47,"column":26}}]},"2":{"loc":{"start":{"line":51,"column":6},"end":{"line":51,"column":26}},"type":"cond-expr","locations":[{"start":{"line":51,"column":24},"end":{"line":51,"column":26}},{"start":{"line":51,"column":24},"end":{"line":51,"column":26}}]},"3":{"loc":{"start":{"line":51,"column":6},"end":{"line":51,"column":26}},"type":"binary-expr","locations":[{"start":{"line":51,"column":6},"end":{"line":51,"column":26}},{"start":{"line":51,"column":24},"end":{"line":51,"column":26}}]},"4":{"loc":{"start":{"line":63,"column":6},"end":{"line":68,"column":null}},"type":"if","locations":[{"start":{"line":63,"column":6},"end":{"line":68,"column":null}},{"start":{"line":65,"column":13},"end":{"line":68,"column":null}}]}},"s":{"0":14,"1":14,"2":14,"3":4,"4":0,"5":0,"6":3,"7":3,"8":1,"9":1,"10":1,"11":0,"12":4,"13":1,"14":3,"15":3,"16":4,"17":0},"f":{"0":4,"1":0,"2":3,"3":1,"4":0,"5":4,"6":4,"7":0},"b":{"0":[0,0],"1":[0,0],"2":[0,3],"3":[3,3],"4":[1,3]}}
,"\\\\wsl$\\Ubuntu-20.04\\home\\ubwsx\\matpay\\src\\dialogs\\CreateTxDialog.vue": {"path":"\\\\wsl$\\Ubuntu-20.04\\home\\ubwsx\\matpay\\src\\dialogs\\CreateTxDialog.vue","statementMap":{"0":{"start":{"line":51,"column":0},"end":{"line":51,"column":null}},"1":{"start":{"line":53,"column":0},"end":{"line":53,"column":null}},"2":{"start":{"line":54,"column":0},"end":{"line":54,"column":null}},"3":{"start":{"line":57,"column":0},"end":{"line":57,"column":null}},"4":{"start":{"line":58,"column":0},"end":{"line":58,"column":null}},"5":{"start":{"line":60,"column":0},"end":{"line":60,"column":15}},"6":{"start":{"line":71,"column":4},"end":{"line":71,"column":11}},"7":{"start":{"line":92,"column":6},"end":{"line":92,"column":11}},"8":{"start":{"line":93,"column":6},"end":{"line":93,"column":11}},"9":{"start":{"line":96,"column":6},"end":{"line":96,"column":11}},"10":{"start":{"line":97,"column":6},"end":{"line":97,"column":11}},"11":{"start":{"line":100,"column":6},"end":{"line":100,"column":11}},"12":{"start":{"line":103,"column":6},"end":{"line":110,"column":null}},"13":{"start":{"line":104,"column":24},"end":{"line":104,"column":28}},"14":{"start":{"line":108,"column":8},"end":{"line":108,"column":15}},"15":{"start":{"line":109,"column":8},"end":{"line":109,"column":18}},"16":{"start":{"line":109,"column":25},"end":{"line":109,"column":32}},"17":{"start":{"line":111,"column":6},"end":{"line":119,"column":null}},"18":{"start":{"line":112,"column":24},"end":{"line":112,"column":28}},"19":{"start":{"line":116,"column":8},"end":{"line":116,"column":13}},"20":{"start":{"line":117,"column":8},"end":{"line":117,"column":15}},"21":{"start":{"line":118,"column":8},"end":{"line":118,"column":18}},"22":{"start":{"line":118,"column":25},"end":{"line":118,"column":32}},"23":{"start":{"line":120,"column":6},"end":{"line":127,"column":null}},"24":{"start":{"line":121,"column":24},"end":{"line":121,"column":28}},"25":{"start":{"line":125,"column":8},"end":{"line":125,"column":15}},"26":{"start":{"line":126,"column":8},"end":{"line":126,"column":18}},"27":{"start":{"line":126,"column":25},"end":{"line":126,"column":32}},"28":{"start":{"line":128,"column":6},"end":{"line":135,"column":null}},"29":{"start":{"line":129,"column":24},"end":{"line":129,"column":28}},"30":{"start":{"line":133,"column":8},"end":{"line":133,"column":15}},"31":{"start":{"line":134,"column":8},"end":{"line":134,"column":18}},"32":{"start":{"line":134,"column":25},"end":{"line":134,"column":32}},"33":{"start":{"line":138,"column":10},"end":{"line":138,"column":15}},"34":{"start":{"line":142,"column":14},"end":{"line":142,"column":20}},"35":{"start":{"line":145,"column":16},"end":{"line":145,"column":25}},"36":{"start":{"line":145,"column":58},"end":{"line":145,"column":59}},"37":{"start":{"line":146,"column":16},"end":{"line":146,"column":19}},"38":{"start":{"line":149,"column":16},"end":{"line":149,"column":28}},"39":{"start":{"line":150,"column":16},"end":{"line":150,"column":28}},"40":{"start":{"line":152,"column":12},"end":{"line":152,"column":15}},"41":{"start":{"line":153,"column":48},"end":{"line":153,"column":49}},"42":{"start":{"line":151,"column":10},"end":{"line":157,"column":null}},"43":{"start":{"line":151,"column":21},"end":{"line":151,"column":22}},"44":{"start":{"line":151,"column":22},"end":{"line":151,"column":39}},"45":{"start":{"line":158,"column":16},"end":{"line":158,"column":22}},"46":{"start":{"line":167,"column":10},"end":{"line":167,"column":15}},"47":{"start":{"line":168,"column":10},"end":{"line":168,"column":16}},"48":{"start":{"line":172,"column":10},"end":{"line":172,"column":15}},"49":{"start":{"line":174,"column":10},"end":{"line":174,"column":15}},"50":{"start":{"line":175,"column":10},"end":{"line":175,"column":15}},"51":{"start":{"line":176,"column":10},"end":{"line":176,"column":15}},"52":{"start":{"line":177,"column":10},"end":{"line":177,"column":15}},"53":{"start":{"line":178,"column":10},"end":{"line":178,"column":15}},"54":{"start":{"line":179,"column":10},"end":{"line":179,"column":15}},"55":{"start":{"line":181,"column":10},"end":{"line":181,"column":15}},"56":{"start":{"line":182,"column":10},"end":{"line":182,"column":15}},"57":{"start":{"line":185,"column":8},"end":{"line":185,"column":13}},"58":{"start":{"line":189,"column":8},"end":{"line":189,"column":13}},"59":{"start":{"line":193,"column":6},"end":{"line":193,"column":11}},"60":{"start":{"line":196,"column":25},"end":{"line":196,"column":null}},"61":{"start":{"line":197,"column":6},"end":{"line":199,"column":null}},"62":{"start":{"line":198,"column":8},"end":{"line":198,"column":20}},"63":{"start":{"line":201,"column":6},"end":{"line":205,"column":null}},"64":{"start":{"line":202,"column":8},"end":{"line":202,"column":15}},"65":{"start":{"line":204,"column":8},"end":{"line":204,"column":15}},"66":{"start":{"line":209,"column":4},"end":{"line":209,"column":9}},"67":{"start":{"line":214,"column":4},"end":{"line":214,"column":9}},"68":{"start":{"line":219,"column":8},"end":{"line":221,"column":null}},"69":{"start":{"line":220,"column":10},"end":{"line":220,"column":15}}},"fnMap":{"0":{"name":"(anonymous_0)","decl":{"start":{"line":70,"column":2},"end":{"line":70,"column":6}},"loc":{"start":{"line":70,"column":2},"end":{"line":82,"column":null}}},"1":{"name":"(anonymous_1)","decl":{"start":{"line":91,"column":8},"end":{"line":91,"column":null}},"loc":{"start":{"line":91,"column":8},"end":{"line":94,"column":null}}},"2":{"name":"(anonymous_2)","decl":{"start":{"line":95,"column":8},"end":{"line":95,"column":null}},"loc":{"start":{"line":95,"column":8},"end":{"line":98,"column":null}}},"3":{"name":"(anonymous_3)","decl":{"start":{"line":99,"column":34},"end":{"line":99,"column":null}},"loc":{"start":{"line":99,"column":34},"end":{"line":101,"column":null}}},"4":{"name":"(anonymous_4)","decl":{"start":{"line":102,"column":4},"end":{"line":102,"column":16}},"loc":{"start":{"line":102,"column":90},"end":{"line":136,"column":null}}},"5":{"name":"(anonymous_5)","decl":{"start":{"line":109,"column":19},"end":{"line":109,"column":25}},"loc":{"start":{"line":109,"column":19},"end":{"line":109,"column":41}}},"6":{"name":"(anonymous_6)","decl":{"start":{"line":118,"column":19},"end":{"line":118,"column":25}},"loc":{"start":{"line":118,"column":19},"end":{"line":118,"column":41}}},"7":{"name":"(anonymous_7)","decl":{"start":{"line":126,"column":19},"end":{"line":126,"column":25}},"loc":{"start":{"line":126,"column":19},"end":{"line":126,"column":41}}},"8":{"name":"(anonymous_8)","decl":{"start":{"line":134,"column":19},"end":{"line":134,"column":25}},"loc":{"start":{"line":134,"column":19},"end":{"line":134,"column":41}}},"9":{"name":"(anonymous_9)","decl":{"start":{"line":137,"column":4},"end":{"line":137,"column":10}},"loc":{"start":{"line":137,"column":4},"end":{"line":191,"column":null}}},"10":{"name":"(anonymous_12)","decl":{"start":{"line":145,"column":53},"end":{"line":145,"column":54}},"loc":{"start":{"line":145,"column":54},"end":{"line":145,"column":97}}},"11":{"name":"(anonymous_14)","decl":{"start":{"line":153,"column":43},"end":{"line":153,"column":44}},"loc":{"start":{"line":153,"column":44},"end":{"line":153,"column":79}}},"12":{"name":"(anonymous_15)","decl":{"start":{"line":192,"column":4},"end":{"line":192,"column":17}},"loc":{"start":{"line":192,"column":54},"end":{"line":194,"column":null}}},"13":{"name":"(anonymous_16)","decl":{"start":{"line":195,"column":4},"end":{"line":195,"column":13}},"loc":{"start":{"line":195,"column":4},"end":{"line":206,"column":null}}},"14":{"name":"(anonymous_17)","decl":{"start":{"line":208,"column":2},"end":{"line":208,"column":9}},"loc":{"start":{"line":208,"column":2},"end":{"line":212,"column":null}}},"15":{"name":"(anonymous_18)","decl":{"start":{"line":213,"column":11},"end":{"line":213,"column":null}},"loc":{"start":{"line":213,"column":11},"end":{"line":215,"column":null}}},"16":{"name":"(anonymous_19)","decl":{"start":{"line":218,"column":13},"end":{"line":218,"column":null}},"loc":{"start":{"line":218,"column":13},"end":{"line":222,"column":null}}}},"branchMap":{"0":{"loc":{"start":{"line":92,"column":6},"end":{"line":92,"column":26}},"type":"cond-expr","locations":[{"start":{"line":92,"column":24},"end":{"line":92,"column":26}},{"start":{"line":92,"column":24},"end":{"line":92,"column":26}}]},"1":{"loc":{"start":{"line":92,"column":6},"end":{"line":92,"column":26}},"type":"binary-expr","locations":[{"start":{"line":92,"column":6},"end":{"line":92,"column":26}},{"start":{"line":92,"column":24},"end":{"line":92,"column":26}}]},"2":{"loc":{"start":{"line":96,"column":6},"end":{"line":96,"column":26}},"type":"cond-expr","locations":[{"start":{"line":96,"column":24},"end":{"line":96,"column":26}},{"start":{"line":96,"column":24},"end":{"line":96,"column":26}}]},"3":{"loc":{"start":{"line":96,"column":6},"end":{"line":96,"column":26}},"type":"binary-expr","locations":[{"start":{"line":96,"column":6},"end":{"line":96,"column":26}},{"start":{"line":96,"column":24},"end":{"line":96,"column":26}}]},"4":{"loc":{"start":{"line":103,"column":6},"end":{"line":110,"column":null}},"type":"if","locations":[{"start":{"line":103,"column":6},"end":{"line":110,"column":null}}]},"5":{"loc":{"start":{"line":111,"column":6},"end":{"line":119,"column":null}},"type":"if","locations":[{"start":{"line":111,"column":6},"end":{"line":119,"column":null}}]},"6":{"loc":{"start":{"line":120,"column":6},"end":{"line":127,"column":null}},"type":"if","locations":[{"start":{"line":120,"column":6},"end":{"line":127,"column":null}}]},"7":{"loc":{"start":{"line":128,"column":6},"end":{"line":135,"column":null}},"type":"if","locations":[{"start":{"line":128,"column":6},"end":{"line":135,"column":null}}]},"8":{"loc":{"start":{"line":138,"column":10},"end":{"line":138,"column":15}},"type":"if","locations":[{"start":{"line":138,"column":10},"end":{"line":138,"column":15}}]},"9":{"loc":{"start":{"line":138,"column":10},"end":{"line":141,"column":null}},"type":"binary-expr","locations":[{"start":{"line":138,"column":10},"end":{"line":138,"column":null}},{"start":{"line":139,"column":8},"end":{"line":139,"column":13}},{"start":{"line":140,"column":8},"end":{"line":140,"column":null}},{"start":{"line":141,"column":8},"end":{"line":141,"column":null}}]},"10":{"loc":{"start":{"line":197,"column":6},"end":{"line":199,"column":null}},"type":"if","locations":[{"start":{"line":197,"column":6},"end":{"line":199,"column":null}}]},"11":{"loc":{"start":{"line":201,"column":6},"end":{"line":205,"column":null}},"type":"if","locations":[{"start":{"line":201,"column":6},"end":{"line":205,"column":null}},{"start":{"line":203,"column":13},"end":{"line":205,"column":null}}]},"12":{"loc":{"start":{"line":201,"column":10},"end":{"line":201,"column":83}},"type":"binary-expr","locations":[{"start":{"line":201,"column":10},"end":{"line":201,"column":16}},{"start":{"line":201,"column":48},"end":{"line":201,"column":71}},{"start":{"line":201,"column":71},"end":{"line":201,"column":83}}]},"13":{"loc":{"start":{"line":219,"column":8},"end":{"line":221,"column":null}},"type":"if","locations":[{"start":{"line":219,"column":8},"end":{"line":221,"column":null}}]}},"s":{"0":14,"1":14,"2":14,"3":14,"4":14,"5":14,"6":6,"7":1,"8":1,"9":0,"10":0,"11":1,"12":3,"13":1,"14":1,"15":1,"16":0,"17":3,"18":3,"19":3,"20":3,"21":3,"22":0,"23":3,"24":3,"25":3,"26":3,"27":0,"28":3,"29":3,"30":3,"31":3,"32":0,"33":6,"34":0,"35":0,"36":0,"37":0,"38":0,"39":0,"40":0,"41":0,"42":0,"43":0,"44":0,"45":0,"46":0,"47":0,"48":0,"49":0,"50":0,"51":0,"52":0,"53":0,"54":0,"55":0,"56":0,"57":3,"58":3,"59":0,"60":5,"61":5,"62":0,"63":5,"64":5,"65":0,"66":6,"67":0,"68":8,"69":8},"f":{"0":6,"1":1,"2":0,"3":1,"4":3,"5":0,"6":0,"7":0,"8":0,"9":3,"10":0,"11":0,"12":0,"13":5,"14":6,"15":0,"16":8},"b":{"0":[0,1],"1":[1,1],"2":[0,0],"3":[0,0],"4":[1],"5":[3],"6":[3],"7":[3],"8":[3],"9":[3,2,0,0],"10":[0],"11":[5,0],"12":[5,5,2],"13":[8]}}
,"\\\\wsl$\\Ubuntu-20.04\\home\\ubwsx\\matpay\\src\\dialogs\\DetailDialog.vue": {"path":"\\\\wsl$\\Ubuntu-20.04\\home\\ubwsx\\matpay\\src\\dialogs\\DetailDialog.vue","statementMap":{"0":{"start":{"line":44,"column":0},"end":{"line":44,"column":null}},"1":{"start":{"line":45,"column":0},"end":{"line":45,"column":null}},"2":{"start":{"line":46,"column":0},"end":{"line":46,"column":null}},"3":{"start":{"line":49,"column":0},"end":{"line":49,"column":15}},"4":{"start":{"line":60,"column":4},"end":{"line":60,"column":11}},"5":{"start":{"line":72,"column":6},"end":{"line":72,"column":11}},"6":{"start":{"line":73,"column":6},"end":{"line":73,"column":11}},"7":{"start":{"line":76,"column":6},"end":{"line":76,"column":11}},"8":{"start":{"line":77,"column":6},"end":{"line":77,"column":11}},"9":{"start":{"line":80,"column":6},"end":{"line":80,"column":11}},"10":{"start":{"line":87,"column":6},"end":{"line":87,"column":11}},"11":{"start":{"line":91,"column":15},"end":{"line":91,"column":39}},"12":{"start":{"line":92,"column":4},"end":{"line":92,"column":9}},"13":{"start":{"line":97,"column":4},"end":{"line":97,"column":9}}},"fnMap":{"0":{"name":"(anonymous_0)","decl":{"start":{"line":59,"column":2},"end":{"line":59,"column":6}},"loc":{"start":{"line":59,"column":2},"end":{"line":64,"column":null}}},"1":{"name":"(anonymous_1)","decl":{"start":{"line":71,"column":8},"end":{"line":71,"column":null}},"loc":{"start":{"line":71,"column":8},"end":{"line":74,"column":null}}},"2":{"name":"(anonymous_2)","decl":{"start":{"line":75,"column":8},"end":{"line":75,"column":null}},"loc":{"start":{"line":75,"column":8},"end":{"line":78,"column":null}}},"3":{"name":"(anonymous_3)","decl":{"start":{"line":79,"column":20},"end":{"line":79,"column":null}},"loc":{"start":{"line":79,"column":20},"end":{"line":88,"column":null}}},"4":{"name":"(anonymous_4)","decl":{"start":{"line":90,"column":2},"end":{"line":90,"column":9}},"loc":{"start":{"line":90,"column":2},"end":{"line":95,"column":null}}},"5":{"name":"(anonymous_5)","decl":{"start":{"line":96,"column":11},"end":{"line":96,"column":null}},"loc":{"start":{"line":96,"column":11},"end":{"line":98,"column":null}}}},"branchMap":{"0":{"loc":{"start":{"line":72,"column":6},"end":{"line":72,"column":26}},"type":"cond-expr","locations":[{"start":{"line":72,"column":24},"end":{"line":72,"column":26}},{"start":{"line":72,"column":24},"end":{"line":72,"column":26}}]},"1":{"loc":{"start":{"line":72,"column":6},"end":{"line":72,"column":26}},"type":"binary-expr","locations":[{"start":{"line":72,"column":6},"end":{"line":72,"column":26}},{"start":{"line":72,"column":24},"end":{"line":72,"column":26}}]},"2":{"loc":{"start":{"line":76,"column":6},"end":{"line":76,"column":26}},"type":"cond-expr","locations":[{"start":{"line":76,"column":24},"end":{"line":76,"column":26}},{"start":{"line":76,"column":24},"end":{"line":76,"column":26}}]},"3":{"loc":{"start":{"line":76,"column":6},"end":{"line":76,"column":26}},"type":"binary-expr","locations":[{"start":{"line":76,"column":6},"end":{"line":76,"column":26}},{"start":{"line":76,"column":24},"end":{"line":76,"column":26}}]},"4":{"loc":{"start":{"line":84,"column":28},"end":{"line":84,"column":null}},"type":"cond-expr","locations":[{"start":{"line":84,"column":42},"end":{"line":84,"column":44}},{"start":{"line":84,"column":42},"end":{"line":84,"column":null}}]},"5":{"loc":{"start":{"line":84,"column":28},"end":{"line":84,"column":44}},"type":"binary-expr","locations":[{"start":{"line":84,"column":28},"end":{"line":84,"column":44}},{"start":{"line":84,"column":42},"end":{"line":84,"column":44}}]},"6":{"loc":{"start":{"line":91,"column":39},"end":{"line":91,"column":null}},"type":"cond-expr","locations":[{"start":{"line":91,"column":53},"end":{"line":91,"column":55}},{"start":{"line":91,"column":53},"end":{"line":91,"column":null}}]},"7":{"loc":{"start":{"line":91,"column":39},"end":{"line":91,"column":55}},"type":"binary-expr","locations":[{"start":{"line":91,"column":39},"end":{"line":91,"column":55}},{"start":{"line":91,"column":53},"end":{"line":91,"column":55}}]}},"s":{"0":15,"1":15,"2":15,"3":15,"4":4,"5":1,"6":1,"7":0,"8":0,"9":0,"10":0,"11":4,"12":4,"13":0},"f":{"0":4,"1":1,"2":0,"3":0,"4":4,"5":0},"b":{"0":[0,1],"1":[1,1],"2":[0,0],"3":[0,0],"4":[0,0],"5":[0,0],"6":[0,4],"7":[4,4]}}
,"\\\\wsl$\\Ubuntu-20.04\\home\\ubwsx\\matpay\\src\\dialogs\\ModificationDialog.vue": {"path":"\\\\wsl$\\Ubuntu-20.04\\home\\ubwsx\\matpay\\src\\dialogs\\ModificationDialog.vue","statementMap":{"0":{"start":{"line":37,"column":0},"end":{"line":37,"column":null}},"1":{"start":{"line":38,"column":0},"end":{"line":38,"column":null}},"2":{"start":{"line":39,"column":0},"end":{"line":39,"column":null}},"3":{"start":{"line":42,"column":0},"end":{"line":42,"column":null}},"4":{"start":{"line":44,"column":0},"end":{"line":44,"column":null}},"5":{"start":{"line":45,"column":0},"end":{"line":45,"column":null}},"6":{"start":{"line":47,"column":0},"end":{"line":47,"column":15}},"7":{"start":{"line":61,"column":4},"end":{"line":61,"column":11}},"8":{"start":{"line":82,"column":6},"end":{"line":82,"column":11}},"9":{"start":{"line":83,"column":6},"end":{"line":83,"column":11}},"10":{"start":{"line":86,"column":6},"end":{"line":86,"column":11}},"11":{"start":{"line":87,"column":6},"end":{"line":87,"column":11}},"12":{"start":{"line":90,"column":6},"end":{"line":97,"column":null}},"13":{"start":{"line":91,"column":24},"end":{"line":91,"column":28}},"14":{"start":{"line":95,"column":8},"end":{"line":95,"column":15}},"15":{"start":{"line":96,"column":8},"end":{"line":96,"column":18}},"16":{"start":{"line":96,"column":25},"end":{"line":96,"column":32}},"17":{"start":{"line":100,"column":25},"end":{"line":100,"column":null}},"18":{"start":{"line":101,"column":6},"end":{"line":103,"column":null}},"19":{"start":{"line":102,"column":8},"end":{"line":102,"column":20}},"20":{"start":{"line":107,"column":6},"end":{"line":114,"column":null}},"21":{"start":{"line":108,"column":8},"end":{"line":108,"column":15}},"22":{"start":{"line":110,"column":8},"end":{"line":112,"column":null}},"23":{"start":{"line":111,"column":10},"end":{"line":111,"column":17}},"24":{"start":{"line":113,"column":8},"end":{"line":113,"column":15}},"25":{"start":{"line":117,"column":6},"end":{"line":124,"column":null}},"26":{"start":{"line":118,"column":24},"end":{"line":118,"column":28}},"27":{"start":{"line":122,"column":8},"end":{"line":122,"column":15}},"28":{"start":{"line":123,"column":8},"end":{"line":123,"column":18}},"29":{"start":{"line":123,"column":25},"end":{"line":123,"column":32}},"30":{"start":{"line":127,"column":6},"end":{"line":127,"column":11}},"31":{"start":{"line":130,"column":10},"end":{"line":130,"column":15}},"32":{"start":{"line":131,"column":8},"end":{"line":131,"column":13}},"33":{"start":{"line":133,"column":12},"end":{"line":133,"column":17}},"34":{"start":{"line":134,"column":16},"end":{"line":134,"column":22}},"35":{"start":{"line":135,"column":10},"end":{"line":135,"column":16}},"36":{"start":{"line":138,"column":16},"end":{"line":138,"column":28}},"37":{"start":{"line":139,"column":16},"end":{"line":139,"column":28}},"38":{"start":{"line":141,"column":12},"end":{"line":141,"column":18}},"39":{"start":{"line":141,"column":35},"end":{"line":141,"column":36}},"40":{"start":{"line":140,"column":10},"end":{"line":142,"column":null}},"41":{"start":{"line":140,"column":21},"end":{"line":140,"column":22}},"42":{"start":{"line":140,"column":22},"end":{"line":140,"column":34}},"43":{"start":{"line":144,"column":12},"end":{"line":144,"column":17}},"44":{"start":{"line":145,"column":12},"end":{"line":145,"column":18}},"45":{"start":{"line":150,"column":12},"end":{"line":150,"column":17}},"46":{"start":{"line":151,"column":12},"end":{"line":151,"column":17}},"47":{"start":{"line":157,"column":12},"end":{"line":157,"column":17}},"48":{"start":{"line":158,"column":12},"end":{"line":158,"column":17}},"49":{"start":{"line":159,"column":12},"end":{"line":159,"column":17}},"50":{"start":{"line":161,"column":12},"end":{"line":161,"column":17}},"51":{"start":{"line":162,"column":12},"end":{"line":162,"column":17}},"52":{"start":{"line":166,"column":8},"end":{"line":166,"column":13}},"53":{"start":{"line":167,"column":8},"end":{"line":167,"column":13}},"54":{"start":{"line":168,"column":8},"end":{"line":168,"column":13}},"55":{"start":{"line":172,"column":6},"end":{"line":172,"column":11}},"56":{"start":{"line":176,"column":4},"end":{"line":176,"column":9}},"57":{"start":{"line":181,"column":4},"end":{"line":181,"column":9}},"58":{"start":{"line":186,"column":8},"end":{"line":199,"column":null}},"59":{"start":{"line":187,"column":10},"end":{"line":187,"column":15}},"60":{"start":{"line":188,"column":10},"end":{"line":188,"column":15}},"61":{"start":{"line":189,"column":10},"end":{"line":189,"column":15}},"62":{"start":{"line":191,"column":24},"end":{"line":191,"column":29}},"63":{"start":{"line":192,"column":10},"end":{"line":192,"column":15}},"64":{"start":{"line":193,"column":56},"end":{"line":193,"column":null}},"65":{"start":{"line":194,"column":12},"end":{"line":196,"column":null}},"66":{"start":{"line":194,"column":48},"end":{"line":194,"column":54}},"67":{"start":{"line":194,"column":23},"end":{"line":194,"column":24}},"68":{"start":{"line":194,"column":29},"end":{"line":194,"column":31}},"69":{"start":{"line":194,"column":43},"end":{"line":194,"column":48}},"70":{"start":{"line":195,"column":14},"end":{"line":195,"column":26}},"71":{"start":{"line":197,"column":12},"end":{"line":197,"column":19}}},"fnMap":{"0":{"name":"(anonymous_0)","decl":{"start":{"line":60,"column":2},"end":{"line":60,"column":6}},"loc":{"start":{"line":60,"column":2},"end":{"line":70,"column":null}}},"1":{"name":"(anonymous_1)","decl":{"start":{"line":81,"column":8},"end":{"line":81,"column":null}},"loc":{"start":{"line":81,"column":8},"end":{"line":84,"column":null}}},"2":{"name":"(anonymous_2)","decl":{"start":{"line":85,"column":8},"end":{"line":85,"column":null}},"loc":{"start":{"line":85,"column":8},"end":{"line":88,"column":null}}},"3":{"name":"(anonymous_3)","decl":{"start":{"line":89,"column":4},"end":{"line":89,"column":16}},"loc":{"start":{"line":89,"column":39},"end":{"line":98,"column":null}}},"4":{"name":"(anonymous_4)","decl":{"start":{"line":96,"column":19},"end":{"line":96,"column":25}},"loc":{"start":{"line":96,"column":19},"end":{"line":96,"column":41}}},"5":{"name":"(anonymous_5)","decl":{"start":{"line":99,"column":4},"end":{"line":99,"column":13}},"loc":{"start":{"line":99,"column":4},"end":{"line":115,"column":null}}},"6":{"name":"(anonymous_6)","decl":{"start":{"line":116,"column":4},"end":{"line":116,"column":21}},"loc":{"start":{"line":116,"column":38},"end":{"line":125,"column":null}}},"7":{"name":"(anonymous_7)","decl":{"start":{"line":123,"column":19},"end":{"line":123,"column":25}},"loc":{"start":{"line":123,"column":19},"end":{"line":123,"column":41}}},"8":{"name":"(anonymous_8)","decl":{"start":{"line":126,"column":4},"end":{"line":126,"column":17}},"loc":{"start":{"line":126,"column":46},"end":{"line":128,"column":null}}},"9":{"name":"(anonymous_9)","decl":{"start":{"line":129,"column":20},"end":{"line":129,"column":null}},"loc":{"start":{"line":129,"column":20},"end":{"line":170,"column":null}}},"10":{"name":"(anonymous_13)","decl":{"start":{"line":141,"column":30},"end":{"line":141,"column":31}},"loc":{"start":{"line":141,"column":31},"end":{"line":141,"column":54}}},"11":{"name":"(anonymous_14)","decl":{"start":{"line":171,"column":34},"end":{"line":171,"column":null}},"loc":{"start":{"line":171,"column":34},"end":{"line":173,"column":null}}},"12":{"name":"(anonymous_15)","decl":{"start":{"line":175,"column":2},"end":{"line":175,"column":9}},"loc":{"start":{"line":175,"column":2},"end":{"line":179,"column":null}}},"13":{"name":"(anonymous_16)","decl":{"start":{"line":180,"column":11},"end":{"line":180,"column":null}},"loc":{"start":{"line":180,"column":11},"end":{"line":182,"column":null}}},"14":{"name":"(anonymous_17)","decl":{"start":{"line":185,"column":6},"end":{"line":185,"column":13}},"loc":{"start":{"line":185,"column":6},"end":{"line":200,"column":null}}},"15":{"name":"(anonymous_18)","decl":{"start":{"line":192,"column":24},"end":{"line":192,"column":null}},"loc":{"start":{"line":192,"column":24},"end":{"line":198,"column":null}}}},"branchMap":{"0":{"loc":{"start":{"line":82,"column":6},"end":{"line":82,"column":26}},"type":"cond-expr","locations":[{"start":{"line":82,"column":24},"end":{"line":82,"column":26}},{"start":{"line":82,"column":24},"end":{"line":82,"column":26}}]},"1":{"loc":{"start":{"line":82,"column":6},"end":{"line":82,"column":26}},"type":"binary-expr","locations":[{"start":{"line":82,"column":6},"end":{"line":82,"column":26}},{"start":{"line":82,"column":24},"end":{"line":82,"column":26}}]},"2":{"loc":{"start":{"line":86,"column":6},"end":{"line":86,"column":26}},"type":"cond-expr","locations":[{"start":{"line":86,"column":24},"end":{"line":86,"column":26}},{"start":{"line":86,"column":24},"end":{"line":86,"column":26}}]},"3":{"loc":{"start":{"line":86,"column":6},"end":{"line":86,"column":26}},"type":"binary-expr","locations":[{"start":{"line":86,"column":6},"end":{"line":86,"column":26}},{"start":{"line":86,"column":24},"end":{"line":86,"column":26}}]},"4":{"loc":{"start":{"line":90,"column":6},"end":{"line":97,"column":null}},"type":"if","locations":[{"start":{"line":90,"column":6},"end":{"line":97,"column":null}}]},"5":{"loc":{"start":{"line":101,"column":6},"end":{"line":103,"column":null}},"type":"if","locations":[{"start":{"line":101,"column":6},"end":{"line":103,"column":null}}]},"6":{"loc":{"start":{"line":107,"column":6},"end":{"line":114,"column":null}},"type":"if","locations":[{"start":{"line":107,"column":6},"end":{"line":114,"column":null}},{"start":{"line":109,"column":13},"end":{"line":114,"column":null}}]},"7":{"loc":{"start":{"line":110,"column":8},"end":{"line":112,"column":null}},"type":"if","locations":[{"start":{"line":110,"column":8},"end":{"line":112,"column":null}}]},"8":{"loc":{"start":{"line":117,"column":6},"end":{"line":124,"column":null}},"type":"if","locations":[{"start":{"line":117,"column":6},"end":{"line":124,"column":null}}]},"9":{"loc":{"start":{"line":130,"column":10},"end":{"line":130,"column":15}},"type":"if","locations":[{"start":{"line":130,"column":10},"end":{"line":130,"column":15}}]},"10":{"loc":{"start":{"line":130,"column":10},"end":{"line":130,"column":47}},"type":"binary-expr","locations":[{"start":{"line":130,"column":10},"end":{"line":130,"column":42}},{"start":{"line":130,"column":42},"end":{"line":130,"column":47}}]},"11":{"loc":{"start":{"line":133,"column":12},"end":{"line":133,"column":17}},"type":"if","locations":[{"start":{"line":133,"column":12},"end":{"line":133,"column":17}}]},"12":{"loc":{"start":{"line":186,"column":8},"end":{"line":199,"column":null}},"type":"if","locations":[{"start":{"line":186,"column":8},"end":{"line":199,"column":null}}]},"13":{"loc":{"start":{"line":187,"column":29},"end":{"line":187,"column":null}},"type":"cond-expr","locations":[{"start":{"line":187,"column":36},"end":{"line":187,"column":38}},{"start":{"line":187,"column":36},"end":{"line":187,"column":null}}]},"14":{"loc":{"start":{"line":187,"column":29},"end":{"line":187,"column":38}},"type":"binary-expr","locations":[{"start":{"line":187,"column":29},"end":{"line":187,"column":38}},{"start":{"line":187,"column":36},"end":{"line":187,"column":38}}]}},"s":{"0":13,"1":13,"2":13,"3":13,"4":13,"5":13,"6":13,"7":9,"8":1,"9":1,"10":1,"11":1,"12":3,"13":2,"14":2,"15":2,"16":0,"17":7,"18":7,"19":0,"20":7,"21":2,"22":5,"23":0,"24":5,"25":3,"26":1,"27":1,"28":1,"29":0,"30":0,"31":9,"32":3,"33":3,"34":3,"35":3,"36":3,"37":3,"38":0,"39":0,"40":3,"41":0,"42":0,"43":3,"44":3,"45":0,"46":0,"47":0,"48":0,"49":0,"50":3,"51":3,"52":3,"53":3,"54":3,"55":0,"56":9,"57":1,"58":9,"59":9,"60":9,"61":9,"62":9,"63":9,"64":9,"65":9,"66":18,"67":9,"68":9,"69":9,"70":9,"71":9},"f":{"0":9,"1":1,"2":1,"3":3,"4":0,"5":7,"6":3,"7":0,"8":0,"9":6,"10":0,"11":0,"12":9,"13":1,"14":9,"15":9},"b":{"0":[0,1],"1":[1,1],"2":[0,1],"3":[1,1],"4":[2],"5":[0],"6":[2,5],"7":[0],"8":[1],"9":[3],"10":[6,4],"11":[0],"12":[9],"13":[0,9],"14":[9,9]}}
[...]
ull}},"3":{"start":{"line":39,"column":0},"end":{"line":39,"column":null}},"4":{"start":{"line":42,"column":0},"end":{"line":42,"column":15}},"5":{"start":{"line":45,"column":4},"end":{"line":45,"column":11}},"6":{"start":{"line":65,"column":6},"end":{"line":65,"column":13}},"7":{"start":{"line":68,"column":6},"end":{"line":72,"column":null}},"8":{"start":{"line":69,"column":8},"end":{"line":69,"column":15}},"9":{"start":{"line":71,"column":8},"end":{"line":71,"column":15}},"10":{"start":{"line":75,"column":6},"end":{"line":79,"column":null}},"11":{"start":{"line":76,"column":8},"end":{"line":76,"column":15}},"12":{"start":{"line":78,"column":8},"end":{"line":78,"column":15}},"13":{"start":{"line":93,"column":6},"end":{"line":93,"column":11}},"14":{"start":{"line":95,"column":4},"end":{"line":95,"column":14}},"15":{"start":{"line":96,"column":6},"end":{"line":96,"column":11}},"16":{"start":{"line":97,"column":6},"end":{"line":97,"column":16}},"17":{"start":{"line":98,"column":8},"end":{"line":98,"column":12}},"18":{"start":{"line":102,"column":6},"end":{"line":108,"column":null}},"19":{"start":{"line":103,"column":8},"end":{"line":103,"column":13}},"20":{"start":{"line":107,"column":8},"end":{"line":107,"column":13}},"21":{"start":{"line":113,"column":6},"end":{"line":113,"column":12}},"22":{"start":{"line":114,"column":6},"end":{"line":121,"column":null}},"23":{"start":{"line":115,"column":8},"end":{"line":115,"column":13}},"24":{"start":{"line":122,"column":6},"end":{"line":122,"column":11}},"25":{"start":{"line":125,"column":6},"end":{"line":125,"column":11}},"26":{"start":{"line":128,"column":8},"end":{"line":128,"column":12}},"27":{"start":{"line":131,"column":6},"end":{"line":131,"column":11}}},"fnMap":{"0":{"name":"(anonymous_0)","decl":{"start":{"line":44,"column":2},"end":{"line":44,"column":6}},"loc":{"start":{"line":44,"column":2},"end":{"line":50,"column":null}}},"1":{"name":"(anonymous_1)","decl":{"start":{"line":64,"column":4},"end":{"line":64,"column":11}},"loc":{"start":{"line":64,"column":4},"end":{"line":66,"column":null}}},"2":{"name":"(anonymous_2)","decl":{"start":{"line":67,"column":4},"end":{"line":67,"column":14}},"loc":{"start":{"line":67,"column":4},"end":{"line":73,"column":null}}},"3":{"name":"(anonymous_3)","decl":{"start":{"line":74,"column":4},"end":{"line":74,"column":13}},"loc":{"start":{"line":74,"column":4},"end":{"line":80,"column":null}}},"4":{"name":"(anonymous_4)","decl":{"start":{"line":92,"column":4},"end":{"line":92,"column":12}},"loc":{"start":{"line":92,"column":27},"end":{"line":94,"column":null}}},"5":{"name":"(anonymous_5)","decl":{"start":{"line":95,"column":4},"end":{"line":95,"column":14}},"loc":{"start":{"line":95,"column":31},"end":{"line":100,"column":null}}},"6":{"name":"(anonymous_6)","decl":{"start":{"line":97,"column":17},"end":{"line":97,"column":null}},"loc":{"start":{"line":97,"column":17},"end":{"line":99,"column":9}}},"7":{"name":"(anonymous_7)","decl":{"start":{"line":101,"column":4},"end":{"line":101,"column":16}},"loc":{"start":{"line":101,"column":4},"end":{"line":109,"column":null}}},"8":{"name":"(anonymous_8)","decl":{"start":{"line":111,"column":2},"end":{"line":111,"column":8}},"loc":{"start":{"line":111,"column":2},"end":{"line":133,"column":null}}},"9":{"name":"(anonymous_11)","decl":{"start":{"line":127,"column":14},"end":{"line":127,"column":null}},"loc":{"start":{"line":127,"column":14},"end":{"line":129,"column":null}}}},"branchMap":{"0":{"loc":{"start":{"line":114,"column":6},"end":{"line":121,"column":null}},"type":"if","locations":[{"start":{"line":114,"column":6},"end":{"line":121,"column":null}}]}},"s":{"0":14,"1":14,"2":14,"3":14,"4":14,"5":6,"6":6,"7":6,"8":6,"9":1,"10":6,"11":6,"12":1,"13":1,"14":0,"15":0,"16":0,"17":0,"18":1,"19":1,"20":0,"21":12,"22":6,"23":1,"24":6,"25":6,"26":6,"27":0},"f":{"0":6,"1":6,"2":6,"3":6,"4":1,"5":0,"6":0,"7":1,"8":6,"9":6},"b":{"0":[1]}}
,"\\\\wsl$\\Ubuntu-20.04\\home\\ubwsx\\matpay\\src\\views\\RoomTxHistory.vue": {"path":"\\\\wsl$\\Ubuntu-20.04\\home\\ubwsx\\matpay\\src\\views\\RoomTxHistory.vue","statementMap":{"0":{"start":{"line":97,"column":0},"end":{"line":97,"column":null}},"1":{"start":{"line":98,"column":0},"end":{"line":98,"column":null}},"2":{"start":{"line":99,"column":0},"end":{"line":99,"column":null}},"3":{"start":{"line":100,"column":0},"end":{"line":100,"column":null}},"4":{"start":{"line":101,"column":0},"end":{"line":101,"column":null}},"5":{"start":{"line":103,"column":0},"end":{"line":103,"column":15}},"6":{"start":{"line":106,"column":4},"end":{"line":106,"column":11}},"7":{"start":{"line":126,"column":6},"end":{"line":126,"column":13}},"8":{"start":{"line":129,"column":6},"end":{"line":129,"column":13}},"9":{"start":{"line":132,"column":6},"end":{"line":132,"column":13}},"10":{"start":{"line":134,"column":4},"end":{"line":134,"column":11}},"11":{"start":{"line":135,"column":6},"end":{"line":150,"column":null}},"12":{"start":{"line":136,"column":49},"end":{"line":136,"column":54}},"13":{"start":{"line":137,"column":8},"end":{"line":142,"column":null}},"14":{"start":{"line":138,"column":10},"end":{"line":138,"column":16}},"15":{"start":{"line":139,"column":17},"end":{"line":139,"column":18}},"16":{"start":{"line":140,"column":31},"end":{"line":140,"column":34}},"17":{"start":{"line":143,"column":8},"end":{"line":146,"column":null}},"18":{"start":{"line":145,"column":10},"end":{"line":145,"column":16}},"19":{"start":{"line":145,"column":38},"end":{"line":145,"column":39}},"20":{"start":{"line":147,"column":8},"end":{"line":147,"column":15}},"21":{"start":{"line":149,"column":8},"end":{"line":149,"column":15}},"22":{"start":{"line":164,"column":6},"end":{"line":170,"column":null}},"23":{"start":{"line":165,"column":8},"end":{"line":165,"column":13}},"24":{"start":{"line":166,"column":8},"end":{"line":166,"column":13}},"25":{"start":{"line":168,"column":8},"end":{"line":168,"column":13}},"26":{"start":{"line":169,"column":8},"end":{"line":169,"column":13}},"27":{"start":{"line":173,"column":6},"end":{"line":173,"column":11}},"28":{"start":{"line":176,"column":6},"end":{"line":176,"column":11}},"29":{"start":{"line":181,"column":6},"end":{"line":181,"column":12}},"30":{"start":{"line":182,"column":6},"end":{"line":189,"column":null}},"31":{"start":{"line":183,"column":8},"end":{"line":183,"column":13}},"32":{"start":{"line":190,"column":6},"end":{"line":190,"column":13}},"33":{"start":{"line":191,"column":6},"end":{"line":191,"column":11}},"34":{"start":{"line":194,"column":8},"end":{"line":194,"column":12}},"35":{"start":{"line":195,"column":8},"end":{"line":195,"column":12}},"36":{"start":{"line":196,"column":8},"end":{"line":196,"column":12}},"37":{"start":{"line":197,"column":8},"end":{"line":197,"column":14}},"38":{"start":{"line":198,"column":10},"end":{"line":198,"column":14}},"39":{"start":{"line":202,"column":6},"end":{"line":202,"column":11}},"40":{"start":{"line":207,"column":6},"end":{"line":207,"column":13}},"41":{"start":{"line":208,"column":8},"end":{"line":214,"column":null}},"42":{"start":{"line":209,"column":29},"end":{"line":209,"column":34}},"43":{"start":{"line":209,"column":54},"end":{"line":209,"column":55}},"44":{"start":{"line":210,"column":10},"end":{"line":213,"column":null}},"45":{"start":{"line":211,"column":12},"end":{"line":211,"column":17}},"46":{"start":{"line":212,"column":12},"end":{"line":212,"column":17}},"47":{"start":{"line":220,"column":8},"end":{"line":220,"column":13}},"48":{"start":{"line":221,"column":8},"end":{"line":221,"column":13}},"49":{"start":{"line":227,"column":8},"end":{"line":227,"column":13}},"50":{"start":{"line":228,"column":8},"end":{"line":228,"column":13}}},"fnMap":{"0":{"name":"(anonymous_0)","decl":{"start":{"line":105,"column":2},"end":{"line":105,"column":6}},"loc":{"start":{"line":105,"column":2},"end":{"line":116,"column":null}}},"1":{"name":"(anonymous_1)","decl":{"start":{"line":125,"column":4},"end":{"line":125,"column":11}},"loc":{"start":{"line":125,"column":4},"end":{"line":127,"column":null}}},"2":{"name":"(anonymous_2)","decl":{"start":{"line":128,"column":4},"end":{"line":128,"column":20}},"loc":{"start":{"line":128,"column":4},"end":{"line":130,"column":null}}},"3":{"name":"(anonymous_3)","decl":{"start":{"line":131,"column":4},"end":{"line":131,"column":11}},"loc":{"start":{"line":131,"column":4},"end":{"line":133,"column":null}}},"4":{"name":"(anonymous_4)","decl":{"start":{"line":134,"column":4},"end":{"line":134,"column":11}},"loc":{"start":{"line":134,"column":4},"end":{"line":151,"column":null}}},"5":{"name":"(anonymous_5)","decl":{"start":{"line":139,"column":12},"end":{"line":139,"column":13}},"loc":{"start":{"line":139,"column":13},"end":{"line":140,"column":null}}},"6":{"name":"(anonymous_6)","decl":{"start":{"line":140,"column":24},"end":{"line":140,"column":27}},"loc":{"start":{"line":140,"column":27},"end":{"line":140,"column":47}}},"7":{"name":"(anonymous_7)","decl":{"start":{"line":145,"column":33},"end":{"line":145,"column":34}},"loc":{"start":{"line":145,"column":34},"end":{"line":145,"column":null}}},"8":{"name":"(anonymous_8)","decl":{"start":{"line":163,"column":4},"end":{"line":163,"column":12}},"loc":{"start":{"line":163,"column":36},"end":{"line":171,"column":null}}},"9":{"name":"(anonymous_9)","decl":{"start":{"line":172,"column":19},"end":{"line":172,"column":null}},"loc":{"start":{"line":172,"column":19},"end":{"line":174,"column":null}}},"10":{"name":"(anonymous_10)","decl":{"start":{"line":175,"column":4},"end":{"line":175,"column":12}},"loc":{"start":{"line":175,"column":23},"end":{"line":177,"column":null}}},"11":{"name":"(anonymous_11)","decl":{"start":{"line":179,"column":2},"end":{"line":179,"column":8}},"loc":{"start":{"line":179,"column":2},"end":{"line":204,"column":null}}},"12":{"name":"(anonymous_14)","decl":{"start":{"line":193,"column":14},"end":{"line":193,"column":null}},"loc":{"start":{"line":193,"column":14},"end":{"line":200,"column":null}}},"13":{"name":"(anonymous_15)","decl":{"start":{"line":197,"column":42},"end":{"line":197,"column":null}},"loc":{"start":{"line":197,"column":42},"end":{"line":199,"column":null}}},"14":{"name":"(anonymous_16)","decl":{"start":{"line":207,"column":13},"end":{"line":207,"column":null}},"loc":{"start":{"line":207,"column":13},"end":{"line":215,"column":null}}},"15":{"name":"(anonymous_17)","decl":{"start":{"line":209,"column":49},"end":{"line":209,"column":50}},"loc":{"start":{"line":209,"column":50},"end":{"line":209,"column":null}}},"16":{"name":"(anonymous_18)","decl":{"start":{"line":219,"column":13},"end":{"line":219,"column":null}},"loc":{"start":{"line":219,"column":13},"end":{"line":222,"column":null}}},"17":{"name":"(anonymous_19)","decl":{"start":{"line":226,"column":13},"end":{"line":226,"column":null}},"loc":{"start":{"line":226,"column":13},"end":{"line":229,"column":null}}}},"branchMap":{"0":{"loc":{"start":{"line":135,"column":6},"end":{"line":150,"column":null}},"type":"if","locations":[{"start":{"line":135,"column":6},"end":{"line":150,"column":null}},{"start":{"line":148,"column":13},"end":{"line":150,"column":null}}]},"1":{"loc":{"start":{"line":135,"column":10},"end":{"line":135,"column":51}},"type":"binary-expr","locations":[{"start":{"line":135,"column":10},"end":{"line":135,"column":26}},{"start":{"line":135,"column":26},"end":{"line":135,"column":51}}]},"2":{"loc":{"start":{"line":137,"column":8},"end":{"line":142,"column":null}},"type":"if","locations":[{"start":{"line":137,"column":8},"end":{"line":142,"column":null}}]},"3":{"loc":{"start":{"line":139,"column":17},"end":{"line":140,"column":15}},"type":"binary-expr","locations":[{"start":{"line":139,"column":17},"end":{"line":139,"column":null}},{"start":{"line":140,"column":14},"end":{"line":140,"column":15}}]},"4":{"loc":{"start":{"line":143,"column":8},"end":{"line":146,"column":null}},"type":"if","locations":[{"start":{"line":143,"column":8},"end":{"line":146,"column":null}}]},"5":{"loc":{"start":{"line":164,"column":6},"end":{"line":170,"column":null}},"type":"if","locations":[{"start":{"line":164,"column":6},"end":{"line":170,"column":null}},{"start":{"line":167,"column":13},"end":{"line":170,"column":null}}]},"6":{"loc":{"start":{"line":164,"column":10},"end":{"line":164,"column":65}},"type":"binary-expr","locations":[{"start":{"line":164,"column":10},"end":{"line":164,"column":47}},{"start":{"line":164,"column":47},"end":{"line":164,"column":65}}]},"7":{"loc":{"start":{"line":164,"column":10},"end":{"line":164,"column":32}},"type":"cond-expr","locations":[{"start":{"line":164,"column":17},"end":{"line":164,"column":19}},{"start":{"line":164,"column":17},"end":{"line":164,"column":32}}]},"8":{"loc":{"start":{"line":164,"column":10},"end":{"line":164,"column":19}},"type":"binary-expr","locations":[{"start":{"line":164,"column":10},"end":{"line":164,"column":19}},{"start":{"line":164,"column":17},"end":{"line":164,"column":19}}]},"9":{"loc":{"start":{"line":182,"column":6},"end":{"line":189,"column":null}},"type":"if","locations":[{"start":{"line":182,"column":6},"end":{"line":189,"column":null}}]},"10":{"loc":{"start":{"line":208,"column":8},"end":{"line":214,"column":null}},"type":"if","locations":[{"start":{"line":208,"column":8},"end":{"line":214,"column":null}}]},"11":{"loc":{"start":{"line":210,"column":10},"end":{"line":213,"column":null}},"type":"if","locations":[{"start":{"line":210,"column":10},"end":{"line":213,"column":null}}]}},"s":{"0":13,"1":13,"2":13,"3":13,"4":13,"5":13,"6":10,"7":10,"8":10,"9":10,"10":22,"11":22,"12":12,"13":12,"14":1,"15":2,"16":2,"17":12,"18":1,"19":2,"20":12,"21":10,"22":3,"23":1,"24":1,"25":2,"26":2,"27":1,"28":1,"29":20,"30":10,"31":0,"32":10,"33":10,"34":10,"35":10,"36":10,"37":10,"38":0,"39":0,"40":22,"41":22,"42":2,"43":1,"44":2,"45":1,"46":1,"47":11,"48":11,"49":11,"50":11},"f":{"0":10,"1":10,"2":10,"3":10,"4":22,"5":2,"6":2,"7":2,"8":3,"9":1,"10":1,"11":10,"12":10,"13":0,"14":22,"15":1,"16":11,"17":11},"b":{"0":[12,10],"1":[22,22],"2":[1],"3":[2,2],"4":[1],"5":[1,2],"6":[3,1],"7":[2,1],"8":[3,1],"9":[0],"10":[2],"11":[1]}}
,"\\\\wsl$\\Ubuntu-20.04\\home\\ubwsx\\matpay\\tests\\test_utils.ts": {"path":"\\\\wsl$\\Ubuntu-20.04\\home\\ubwsx\\matpay\\tests\\test_utils.ts","statementMap":{"0":{"start":{"line":1,"column":13},"end":{"line":1,"column":29}},"1":{"start":{"line":6,"column":13},"end":{"line":6,"column":29}},"2":{"start":{"line":10,"column":13},"end":{"line":10,"column":29}},"3":{"start":{"line":15,"column":13},"end":{"line":15,"column":31}}},"fnMap":{},"branchMap":{},"s":{"0":2,"1":2,"2":2,"3":2},"f":{},"b":{}}
,"\\\\wsl$\\Ubuntu-20.04\\home\\ubwsx\\matpay\\tests\\unit\\mocks\\mocked_batch_message_data.ts": {"path":"\\\\wsl$\\Ubuntu-20.04\\home\\ubwsx\\matpay\\tests\\unit\\mocks\\mocked_batch_message_data.ts","statementMap":{"0":{"start":{"line":1,"column":24},"end":{"line":1,"column":null}},"1":{"start":{"line":487,"column":24},"end":{"line":487,"column":null}},"2":{"start":{"line":973,"column":24},"end":{"line":973,"column":null}},"3":{"start":{"line":979,"column":13},"end":{"line":979,"column":39}}},"fnMap":{},"branchMap":{},"s":{"0":1,"1":1,"2":1,"3":1},"f":{},"b":{}}
,"\\\\wsl$\\Ubuntu-20.04\\home\\ubwsx\\matpay\\tests\\unit\\mocks\\mocked_full_tx_data.ts": {"path":"\\\\wsl$\\Ubuntu-20.04\\home\\ubwsx\\matpay\\tests\\unit\\mocks\\mocked_full_tx_data.ts","statementMap":{"0":{"start":{"line":1,"column":29},"end":{"line":1,"column":null}},"1":{"start":{"line":240,"column":29},"end":{"line":240,"column":null}},"2":{"start":{"line":423,"column":29},"end":{"line":423,"column":null}},"3":{"start":{"line":532,"column":29},"end":{"line":532,"column":null}},"4":{"start":{"line":538,"column":13},"end":{"line":538,"column":34}}},"fnMap":{},"branchMap":{},"s":{"0":1,"1":1,"2":1,"3":1,"4":1},"f":{},"b":{}}
,"\\\\wsl$\\Ubuntu-20.04\\home\\ubwsx\\matpay\\tests\\unit\\mocks\\mocked_graph.ts": {"path":"\\\\wsl$\\Ubuntu-20.04\\home\\ubwsx\\matpay\\tests\\unit\\mocks\\mocked_graph.ts","statementMap":{"0":{"start":{"line":3,"column":13},"end":{"line":3,"column":43}},"1":{"start":{"line":11,"column":13},"end":{"line":11,"column":41}},"2":{"start":{"line":19,"column":13},"end":{"line":19,"column":43}},"3":{"start":{"line":30,"column":13},"end":{"line":30,"column":41}},"4":{"start":{"line":41,"column":13},"end":{"line":41,"column":43}},"5":{"start":{"line":50,"column":13},"end":{"line":50,"column":41}},"6":{"start":{"line":59,"column":13},"end":{"line":59,"column":43}},"7":{"start":{"line":69,"column":13},"end":{"line":69,"column":41}},"8":{"start":{"line":79,"column":13},"end":{"line":79,"column":43}},"9":{"start":{"line":90,"column":13},"end":{"line":90,"column":41}}},"fnMap":{},"branchMap":{},"s":{"0":3,"1":3,"2":3,"3":3,"4":3,"5":3,"6":3,"7":3,"8":3,"9":3},"f":{},"b":{}}
,"\\\\wsl$\\Ubuntu-20.04\\home\\ubwsx\\matpay\\tests\\unit\\mocks\\mocked_long_poll_data.ts": {"path":"\\\\wsl$\\Ubuntu-20.04\\home\\ubwsx\\matpay\\tests\\unit\\mocks\\mocked_long_poll_data.ts","statementMap":{"0":{"start":{"line":1,"column":13},"end":{"line":1,"column":30}}},"fnMap":{},"branchMap":{},"s":{"0":1},"f":{},"b":{}}
,"\\\\wsl$\\Ubuntu-20.04\\home\\ubwsx\\matpay\\tests\\unit\\mocks\\mocked_resync_data.ts": {"path":"\\\\wsl$\\Ubuntu-20.04\\home\\ubwsx\\matpay\\tests\\unit\\mocks\\mocked_resync_data.ts","statementMap":{"0":{"start":{"line":1,"column":13},"end":{"line":1,"column":27}}},"fnMap":{},"branchMap":{},"s":{"0":1},"f":{},"b":{}}
,"\\\\wsl$\\Ubuntu-20.04\\home\\ubwsx\\matpay\\tests\\unit\\mocks\\mocked_sync_data.ts": {"path":"\\\\wsl$\\Ubuntu-20.04\\home\\ubwsx\\matpay\\tests\\unit\\mocks\\mocked_sync_data.ts","statementMap":{"0":{"start":{"line":1,"column":13},"end":{"line":1,"column":37}},"1":{"start":{"line":1515,"column":13},"end":{"line":1515,"column":32}},"2":{"start":{"line":1704,"column":13},"end":{"line":1704,"column":32}},"3":{"start":{"line":1893,"column":13},"end":{"line":1893,"column":32}},"4":{"start":{"line":2076,"column":13},"end":{"line":2076,"column":46}},"5":{"start":{"line":2080,"column":13},"end":{"line":2080,"column":53}}},"fnMap":{},"branchMap":{},"s":{"0":1,"1":1,"2":1,"3":1,"4":1,"5":1},"f":{},"b":{}}
,"\\\\wsl$\\Ubuntu-20.04\\home\\ubwsx\\matpay\\tests\\unit\\mocks\\mocked_user.ts": {"path":"\\\\wsl$\\Ubuntu-20.04\\home\\ubwsx\\matpay\\tests\\unit\\mocks\\mocked_user.ts","statementMap":{"0":{"start":{"line":4,"column":13},"end":{"line":4,"column":22}},"1":{"start":{"line":8,"column":13},"end":{"line":8,"column":22}},"2":{"start":{"line":12,"column":13},"end":{"line":12,"column":22}},"3":{"start":{"line":16,"column":13},"end":{"line":16,"column":24}},"4":{"start":{"line":20,"column":13},"end":{"line":20,"column":24}},"5":{"start":{"line":24,"column":13},"end":{"line":24,"column":24}},"6":{"start":{"line":28,"column":13},"end":{"line":28,"column":22}},"7":{"start":{"line":32,"column":13},"end":{"line":32,"column":22}},"8":{"start":{"line":36,"column":13},"end":{"line":36,"column":22}},"9":{"start":{"line":40,"column":13},"end":{"line":40,"column":22}},"10":{"start":{"line":44,"column":13},"end":{"line":44,"column":22}},"11":{"start":{"line":48,"column":13},"end":{"line":48,"column":22}},"12":{"start":{"line":52,"column":13},"end":{"line":52,"column":31}},"13":{"start":{"line":53,"column":13},"end":{"line":53,"column":54}},"14":{"start":{"line":71,"column":13},"end":{"line":71,"column":54}},"15":{"start":{"line":84,"column":13},"end":{"line":84,"column":59}},"16":{"start":{"line":90,"column":13},"end":{"line":90,"column":69}},"17":{"start":{"line":103,"column":13},"end":{"line":103,"column":69}},"18":{"start":{"line":116,"column":13},"end":{"line":116,"column":69}},"19":{"start":{"line":130,"column":13},"end":{"line":130,"column":54}},"20":{"start":{"line":148,"column":13},"end":{"line":148,"column":54}}},"fnMap":{},"branchMap":{},"s":{"0":27,"1":27,"2":27,"3":27,"4":27,"5":27,"6":27,"7":27,"8":27,"9":27,"10":27,"11":27,"12":27,"13":27,"14":27,"15":27,"16":27,"17":27,"18":27,"19":27,"20":27},"f":{},"b":{}}
}
