TN:
SF:src\App.vue
FN:42,(anonymous_0)
FN:56,(anonymous_1)
FNF:2
FNH:1
FNDA:3,(anonymous_0)
FNDA:0,(anonymous_1)
DA:37,1
DA:38,1
DA:40,1
DA:43,3
DA:57,0
DA:58,0
LF:6
LH:4
BRF:0
BRH:0
end_of_record
TN:
SF:src\assets\CreateAccountTchncs.jpg
FNF:0
FNH:0
DA:1,13
LF:1
LH:1
BRF:0
BRH:0
end_of_record
TN:
SF:src\assets\RegisterPageElement.jpg
FNF:0
FNH:0
DA:1,13
LF:1
LH:1
BRF:0
BRH:0
end_of_record
TN:
SF:src\components\ChatComponent.vue
FN:92,(anonymous_0)
FN:112,(anonymous_1)
FN:115,(anonymous_2)
FN:135,(anonymous_3)
FN:139,(anonymous_4)
FN:147,(anonymous_5)
FN:154,(anonymous_6)
FN:162,(anonymous_7)
FN:168,(anonymous_8)
FN:172,(anonymous_9)
FN:176,(anonymous_10)
FN:178,(anonymous_11)
FN:181,(anonymous_12)
FN:183,(anonymous_13)
FN:192,(anonymous_14)
FN:198,(anonymous_15)
FN:220,(anonymous_18)
FN:230,(anonymous_19)
FN:236,(anonymous_20)
FNF:19
FNH:15
FNDA:9,(anonymous_0)
FNDA:10,(anonymous_1)
FNDA:10,(anonymous_2)
FNDA:1,(anonymous_3)
FNDA:0,(anonymous_4)
FNDA:1,(anonymous_5)
FNDA:1,(anonymous_6)
FNDA:1,(anonymous_7)
FNDA:0,(anonymous_8)
FNDA:2,(anonymous_9)
FNDA:2,(anonymous_10)
FNDA:2,(anonymous_11)
FNDA:1,(anonymous_12)
FNDA:1,(anonymous_13)
FNDA:1,(anonymous_14)
FNDA:3,(anonymous_15)
FNDA:0,(anonymous_18)
FNDA:0,(anonymous_19)
FNDA:10,(anonymous_20)
DA:75,14
DA:76,14
DA:78,14
DA:79,14
DA:80,14
DA:81,14
DA:83,14
DA:85,14
DA:93,9
DA:113,10
DA:116,10
DA:117,10
DA:136,1
DA:137,1
DA:140,0
DA:147,1
DA:148,1
DA:149,1
DA:153,1
DA:154,1
DA:155,1
DA:156,1
DA:158,1
DA:163,1
DA:164,1
DA:165,1
DA:166,1
DA:167,0
DA:168,0
DA:171,1
DA:172,2
DA:175,1
DA:176,2
DA:177,1
DA:178,2
DA:180,1
DA:181,1
DA:182,1
DA:183,1
DA:185,1
DA:186,1
DA:187,1
DA:191,1
DA:192,1
DA:193,1
DA:199,3
DA:200,3
DA:202,3
DA:203,4
DA:207,1
DA:208,1
DA:209,1
DA:212,1
DA:214,1
DA:216,2
DA:221,0
DA:222,0
DA:223,0
DA:224,0
DA:227,0
DA:231,0
DA:237,10
DA:238,10
LF:63
LH:54
BRDA:148,0,0,1
BRDA:155,1,0,1
BRDA:164,2,0,1
BRDA:166,3,0,0
BRDA:166,3,1,1
BRDA:186,4,0,1
BRDA:200,5,0,0
BRDA:208,6,0,1
BRDA:223,7,0,0
BRF:9
BRH:6
end_of_record
TN:
SF:src\components\ChatMessageBox.vue
FN:20,(anonymous_0)
FNF:1
FNH:1
FNDA:6,(anonymous_0)
DA:13,14
DA:14,14
DA:18,14
DA:21,6
LF:4
LH:4
BRF:0
BRH:0
end_of_record
TN:
SF:src\components\MemberList.vue
FN:42,(anonymous_0)
FN:56,(anonymous_1)
FN:57,(anonymous_2)
FN:63,(anonymous_3)
FN:64,(anonymous_4)
FN:81,(anonymous_5)
FN:84,(anonymous_6)
FN:95,(anonymous_7)
FN:103,(anonymous_8)
FN:106,(anonymous_9)
FN:121,(anonymous_10)
FN:127,(anonymous_11)
FN:133,(anonymous_12)
FN:138,(anonymous_13)
FN:149,(anonymous_16)
FN:164,(anonymous_19)
FNF:16
FNH:13
FNDA:8,(anonymous_0)
FNDA:8,(anonymous_1)
FNDA:20,(anonymous_2)
FNDA:8,(anonymous_3)
FNDA:20,(anonymous_4)
FNDA:0,(anonymous_5)
FNDA:8,(anonymous_6)
FNDA:20,(anonymous_7)
FNDA:0,(anonymous_8)
FNDA:3,(anonymous_9)
FNDA:1,(anonymous_10)
FNDA:1,(anonymous_11)
FNDA:2,(anonymous_12)
FNDA:0,(anonymous_13)
FNDA:1,(anonymous_16)
FNDA:8,(anonymous_19)
DA:23,14
DA:24,14
DA:25,14
DA:27,14
DA:28,14
DA:29,14
DA:31,14
DA:43,8
DA:56,8
DA:57,20
DA:58,8
DA:63,8
DA:64,20
DA:82,0
DA:85,8
DA:86,8
DA:88,8
DA:89,8
DA:90,8
DA:91,8
DA:95,20
DA:96,16
DA:97,1
DA:98,1
DA:100,8
DA:104,0
DA:108,3
DA:109,3
DA:110,3
DA:111,2
DA:112,1
DA:113,1
DA:115,1
DA:116,1
DA:117,1
DA:119,1
DA:122,1
DA:123,1
DA:124,1
DA:125,1
DA:128,1
DA:129,1
DA:130,1
DA:131,1
DA:134,2
DA:136,2
DA:140,0
DA:146,0
DA:151,1
DA:154,0
DA:158,1
DA:165,8
DA:166,8
LF:53
LH:48
BRDA:58,0,0,8
BRDA:58,0,1,4
BRDA:64,1,0,20
BRDA:64,1,1,1
BRDA:64,1,2,1
BRDA:86,2,0,8
BRDA:89,3,0,8
BRDA:110,4,0,2
BRDA:110,4,1,1
BRDA:111,5,0,1
BRDA:115,6,0,1
BRF:11
BRH:11
end_of_record
TN:
SF:src\components\TxApprovedMessageBox.vue
FN:48,(anonymous_0)
FN:63,(anonymous_1)
FNF:2
FNH:2
FNDA:4,(anonymous_0)
FNDA:1,(anonymous_1)
DA:31,15
DA:32,15
DA:36,15
DA:38,15
DA:49,4
DA:64,1
LF:6
LH:6
BRF:0
BRH:0
end_of_record
TN:
SF:src\components\TxDetail.vue
FN:40,(anonymous_0)
FN:51,(anonymous_1)
FN:53,(anonymous_2)
FN:64,(anonymous_3)
FN:67,(anonymous_4)
FNF:5
FNH:5
FNDA:8,(anonymous_0)
FNDA:7,(anonymous_1)
FNDA:7,(anonymous_2)
FNDA:1,(anonymous_3)
FNDA:2,(anonymous_4)
DA:25,13
DA:26,13
DA:27,13
DA:29,13
DA:41,8
DA:52,7
DA:53,7
DA:54,7
DA:56,0
DA:65,1
DA:68,2
LF:11
LH:10
BRDA:52,0,0,7
BRDA:52,0,1,0
BRF:2
BRH:1
end_of_record
TN:
SF:src\components\TxList.vue
FN:17,(anonymous_0)
FN:29,(anonymous_1)
FN:36,(anonymous_2)
FNF:3
FNH:3
FNDA:4,(anonymous_0)
FNDA:7,(anonymous_1)
FNDA:4,(anonymous_2)
DA:11,13
DA:14,13
DA:18,4
DA:30,7
DA:37,4
LF:5
LH:5
BRF:0
BRH:0
end_of_record
TN:
SF:src\components\TxPendingMessageBox.vue
FN:44,(anonymous_0)
FN:69,(anonymous_1)
FN:72,(anonymous_2)
FN:75,(anonymous_3)
FN:86,(anonymous_6)
FNF:5
FNH:5
FNDA:7,(anonymous_0)
FNDA:4,(anonymous_1)
FNDA:2,(anonymous_2)
FNDA:2,(anonymous_3)
FNDA:2,(anonymous_6)
DA:26,15
DA:27,15
DA:32,15
DA:34,15
DA:45,7
DA:70,4
DA:73,2
DA:77,3
DA:82,1
DA:84,2
DA:88,3
DA:93,1
DA:95,2
LF:13
LH:13
BRDA:73,0,0,0
BRDA:73,0,1,2
BRDA:73,1,0,2
BRDA:73,1,1,2
BRF:4
BRH:3
end_of_record
TN:
SF:src\components\UserCard.vue
FN:64,(anonymous_0)
FN:67,(anonymous_1)
FN:77,(anonymous_2)
FN:91,(anonymous_3)
FN:99,(anonymous_4)
FN:101,(anonymous_5)
FN:111,(anonymous_6)
FN:119,(anonymous_7)
FN:122,(anonymous_8)
FN:127,(anonymous_9)
FNF:10
FNH:8
FNDA:21,(anonymous_0)
FNDA:21,(anonymous_1)
FNDA:21,(anonymous_2)
FNDA:21,(anonymous_3)
FNDA:0,(anonymous_4)
FNDA:0,(anonymous_5)
FNDA:2,(anonymous_6)
FNDA:2,(anonymous_7)
FNDA:3,(anonymous_8)
FNDA:2,(anonymous_9)
DA:34,14
DA:35,14
DA:36,14
DA:37,14
DA:38,14
DA:41,14
DA:65,21
DA:68,21
DA:78,21
DA:91,21
DA:92,21
DA:93,21
DA:94,21
DA:95,21
DA:96,21
DA:97,21
DA:98,0
DA:100,0
DA:101,0
DA:102,0
DA:104,0
DA:107,21
DA:112,2
DA:113,2
DA:114,1
DA:115,1
DA:116,1
DA:120,2
DA:123,3
DA:124,3
DA:129,3
DA:133,1
DA:135,1
LF:33
LH:28
BRDA:92,0,0,21
BRDA:97,1,0,0
BRDA:97,1,1,21
BRDA:113,2,0,1
BRDA:113,2,1,1
BRDA:115,3,0,1
BRDA:123,4,0,3
BRDA:131,5,0,0
BRDA:131,5,1,2
BRDA:131,6,0,2
BRDA:131,6,1,2
BRF:11
BRH:9
end_of_record
TN:
SF:src\dialogs\ApprovalDialog.vue
FN:86,(anonymous_0)
FN:96,(anonymous_1)
FN:98,(anonymous_2)
FN:104,(anonymous_3)
FN:108,(anonymous_4)
FN:112,(anonymous_5)
FN:115,(anonymous_6)
FN:119,(anonymous_7)
FN:125,(anonymous_8)
FNF:9
FNH:8
FNDA:7,(anonymous_0)
FNDA:7,(anonymous_1)
FNDA:12,(anonymous_2)
FNDA:4,(anonymous_3)
FNDA:4,(anonymous_4)
FNDA:2,(anonymous_5)
FNDA:2,(anonymous_6)
FNDA:7,(anonymous_7)
FNDA:0,(anonymous_8)
DA:70,15
DA:71,15
DA:72,15
DA:75,15
DA:87,7
DA:97,7
DA:98,12
DA:105,4
DA:106,4
DA:109,4
DA:110,4
DA:113,2
DA:116,2
DA:120,7
DA:121,7
DA:126,0
LF:16
LH:15
BRDA:97,0,0,7
BRDA:97,0,1,7
BRDA:97,1,0,0
BRDA:97,1,1,7
BRDA:97,2,0,7
BRDA:97,2,1,7
BRDA:98,3,0,0
BRDA:98,3,1,7
BRDA:98,4,0,7
BRDA:98,4,1,7
BRDA:105,5,0,0
BRDA:105,5,1,4
BRDA:105,6,0,4
BRDA:105,6,1,4
BRDA:109,7,0,0
BRDA:109,7,1,4
BRDA:109,8,0,4
BRDA:109,8,1,4
BRDA:113,9,0,0
BRDA:113,9,1,2
BRDA:113,10,0,2
BRDA:113,10,1,2
BRDA:116,11,0,0
BRDA:116,11,1,2
BRDA:116,12,0,2
BRDA:116,12,1,2
BRDA:120,13,0,0
BRDA:120,13,1,7
BRDA:120,14,0,7
BRDA:120,14,1,7
BRF:30
BRH:23
end_of_record
TN:
SF:src\dialogs\ConfirmDialog.vue
FN:28,(anonymous_0)
FN:42,(anonymous_1)
FN:44,(anonymous_2)
FN:48,(anonymous_3)
FN:56,(anonymous_4)
FN:60,(anonymous_5)
FN:65,(anonymous_6)
FN:70,(anonymous_7)
FNF:8
FNH:6
FNDA:4,(anonymous_0)
FNDA:4,(anonymous_1)
FNDA:1,(anonymous_2)
FNDA:0,(anonymous_3)
FNDA:4,(anonymous_4)
FNDA:1,(anonymous_5)
FNDA:4,(anonymous_6)
FNDA:0,(anonymous_7)
DA:23,14
DA:24,14
DA:26,14
DA:29,4
DA:42,4
DA:43,4
DA:44,4
DA:45,1
DA:46,1
DA:48,4
DA:49,0
DA:50,0
DA:52,0
DA:54,4
DA:57,4
DA:58,4
DA:61,1
DA:62,1
DA:66,4
DA:71,0
LF:20
LH:16
BRDA:49,0,0,0
BRDA:57,1,0,0
BRDA:57,1,1,4
BRDA:57,2,0,4
BRDA:57,2,1,4
BRDA:61,3,0,0
BRDA:61,3,1,1
BRDA:61,4,0,1
BRDA:61,4,1,1
BRF:9
BRH:6
end_of_record
TN:
SF:src\dialogs\CreateRoomDialog.vue
FN:30,(anonymous_0)
FN:46,(anonymous_1)
FN:50,(anonymous_2)
FN:54,(anonymous_3)
FN:60,(anonymous_4)
FN:62,(anonymous_5)
FN:71,(anonymous_6)
FN:76,(anonymous_7)
FNF:8
FNH:5
FNDA:4,(anonymous_0)
FNDA:0,(anonymous_1)
FNDA:3,(anonymous_2)
FNDA:1,(anonymous_3)
FNDA:0,(anonymous_4)
FNDA:4,(anonymous_5)
FNDA:4,(anonymous_6)
FNDA:0,(anonymous_7)
DA:25,14
DA:26,14
DA:28,14
DA:31,4
DA:47,0
DA:48,0
DA:51,3
DA:52,3
DA:55,1
DA:59,1
DA:60,1
DA:63,4
DA:64,1
DA:66,3
DA:67,3
DA:72,4
DA:77,0
LF:17
LH:14
BRDA:47,0,0,0
BRDA:47,0,1,0
BRDA:47,1,0,0
BRDA:47,1,1,0
BRDA:51,2,0,0
BRDA:51,2,1,3
BRDA:51,3,0,3
BRDA:51,3,1,3
BRDA:63,4,0,1
BRDA:63,4,1,3
BRF:10
BRH:5
end_of_record
TN:
SF:src\dialogs\CreateTxDialog.vue
FN:70,(anonymous_0)
FN:91,(anonymous_1)
FN:95,(anonymous_2)
FN:99,(anonymous_3)
FN:102,(anonymous_4)
FN:109,(anonymous_5)
FN:118,(anonymous_6)
FN:126,(anonymous_7)
FN:134,(anonymous_8)
FN:137,(anonymous_9)
FN:145,(anonymous_12)
FN:153,(anonymous_14)
FN:192,(anonymous_15)
FN:195,(anonymous_16)
FN:208,(anonymous_17)
FN:213,(anonymous_18)
FN:218,(anonymous_19)
FNF:17
FNH:8
FNDA:6,(anonymous_0)
FNDA:1,(anonymous_1)
FNDA:0,(anonymous_2)
FNDA:1,(anonymous_3)
FNDA:3,(anonymous_4)
FNDA:0,(anonymous_5)
FNDA:0,(anonymous_6)
FNDA:0,(anonymous_7)
FNDA:0,(anonymous_8)
FNDA:3,(anonymous_9)
FNDA:0,(anonymous_12)
FNDA:0,(anonymous_14)
FNDA:0,(anonymous_15)
FNDA:5,(anonymous_16)
FNDA:6,(anonymous_17)
FNDA:0,(anonymous_18)
FNDA:8,(anonymous_19)
DA:51,14
DA:53,14
DA:54,14
DA:57,14
DA:58,14
DA:60,14
DA:71,6
DA:92,1
DA:93,1
DA:96,0
DA:97,0
DA:100,1
DA:103,3
DA:104,1
DA:108,1
DA:109,1
DA:111,3
DA:112,3
DA:116,3
DA:117,3
DA:118,3
DA:120,3
DA:121,3
DA:125,3
DA:126,3
DA:128,3
DA:129,3
DA:133,3
DA:134,3
DA:138,6
DA:142,0
DA:145,0
DA:146,0
DA:149,0
DA:150,0
DA:151,0
DA:152,0
DA:153,0
DA:158,0
DA:167,0
DA:168,0
DA:172,0
DA:174,0
DA:175,0
DA:176,0
DA:177,0
DA:178,0
DA:179,0
DA:181,0
DA:182,0
DA:185,3
DA:189,3
DA:193,0
DA:196,5
DA:197,5
DA:198,0
DA:201,5
DA:202,5
DA:204,0
DA:209,6
DA:214,0
DA:219,8
DA:220,8
LF:63
LH:37
BRDA:92,0,0,0
BRDA:92,0,1,1
BRDA:92,1,0,1
BRDA:92,1,1,1
BRDA:96,2,0,0
BRDA:96,2,1,0
BRDA:96,3,0,0
BRDA:96,3,1,0
BRDA:103,4,0,1
BRDA:111,5,0,3
BRDA:120,6,0,3
BRDA:128,7,0,3
BRDA:138,8,0,3
BRDA:138,9,0,3
BRDA:138,9,1,2
BRDA:138,9,2,0
BRDA:138,9,3,0
BRDA:197,10,0,0
BRDA:201,11,0,5
BRDA:201,11,1,0
BRDA:201,12,0,5
BRDA:201,12,1,5
BRDA:201,12,2,2
BRDA:219,13,0,8
BRF:24
BRH:15
end_of_record
TN:
SF:src\dialogs\DetailDialog.vue
FN:59,(anonymous_0)
FN:71,(anonymous_1)
FN:75,(anonymous_2)
FN:79,(anonymous_3)
FN:90,(anonymous_4)
FN:96,(anonymous_5)
FNF:6
FNH:3
FNDA:4,(anonymous_0)
FNDA:1,(anonymous_1)
FNDA:0,(anonymous_2)
FNDA:0,(anonymous_3)
FNDA:4,(anonymous_4)
FNDA:0,(anonymous_5)
DA:44,15
DA:45,15
DA:46,15
DA:49,15
DA:60,4
DA:72,1
DA:73,1
DA:76,0
DA:77,0
DA:80,0
DA:87,0
DA:91,4
DA:92,4
DA:97,0
LF:14
LH:9
BRDA:72,0,0,0
BRDA:72,0,1,1
BRDA:72,1,0,1
BRDA:72,1,1,1
BRDA:76,2,0,0
BRDA:76,2,1,0
BRDA:76,3,0,0
BRDA:76,3,1,0
BRDA:84,4,0,0
BRDA:84,4,1,0
BRDA:84,5,0,0
BRDA:84,5,1,0
BRDA:91,6,0,0
BRDA:91,6,1,4
BRDA:91,7,0,4
BRDA:91,7,1,4
BRF:16
BRH:6
end_of_record
TN:
SF:src\dialogs\ModificationDialog.vue
FN:60,(anonymous_0)
FN:81,(anonymous_1)
FN:85,(anonymous_2)
FN:89,(anonymous_3)
FN:96,(anonymous_4)
FN:99,(anonymous_5)
FN:116,(anonymous_6)
FN:123,(anonymous_7)
FN:126,(anonymous_8)
FN:129,(anonymous_9)
FN:141,(anonymous_13)
FN:171,(anonymous_14)
FN:175,(anonymous_15)
FN:180,(anonymous_16)
FN:185,(anonymous_17)
FN:192,(anonymous_18)
FNF:16
FNH:11
FNDA:9,(anonymous_0)
FNDA:1,(anonymous_1)
FNDA:1,(anonymous_2)
FNDA:3,(anonymous_3)
FNDA:0,(anonymous_4)
FNDA:7,(anonymous_5)
FNDA:3,(anonymous_6)
FNDA:0,(anonymous_7)
FNDA:0,(anonymous_8)
FNDA:6,(anonymous_9)
FNDA:0,(anonymous_13)
FNDA:0,(anonymous_14)
FNDA:9,(anonymous_15)
FNDA:1,(anonymous_16)
FNDA:9,(anonymous_17)
FNDA:9,(anonymous_18)
DA:37,13
DA:38,13
DA:39,13
DA:42,13
DA:44,13
DA:45,13
DA:47,13
DA:61,9
DA:82,1
DA:83,1
DA:86,1
DA:87,1
DA:90,3
DA:91,2
DA:95,2
DA:96,2
DA:100,7
DA:101,7
DA:102,0
DA:107,7
DA:108,2
DA:110,5
DA:111,0
DA:113,5
DA:117,3
DA:118,1
DA:122,1
DA:123,1
DA:127,0
DA:130,9
DA:131,3
DA:133,3
DA:134,3
DA:135,3
DA:138,3
DA:139,3
DA:140,3
DA:141,0
DA:144,3
DA:145,3
DA:150,0
DA:151,0
DA:157,0
DA:158,0
DA:159,0
DA:161,3
DA:162,3
DA:166,3
DA:167,3
DA:168,3
DA:172,0
DA:176,9
DA:181,1
DA:186,9
DA:187,9
DA:188,9
DA:189,9
DA:191,9
DA:192,9
DA:193,9
DA:194,18
DA:195,9
DA:197,9
LF:63
LH:53
BRDA:82,0,0,0
BRDA:82,0,1,1
BRDA:82,1,0,1
BRDA:82,1,1,1
BRDA:86,2,0,0
BRDA:86,2,1,1
BRDA:86,3,0,1
BRDA:86,3,1,1
BRDA:90,4,0,2
BRDA:101,5,0,0
BRDA:107,6,0,2
BRDA:107,6,1,5
BRDA:110,7,0,0
BRDA:117,8,0,1
BRDA:130,9,0,3
BRDA:130,10,0,6
BRDA:130,10,1,4
BRDA:133,11,0,0
BRDA:186,12,0,9
BRDA:187,13,0,0
BRDA:187,13,1,9
BRDA:187,14,0,9
BRDA:187,14,1,9
BRF:23
BRH:17
end_of_record
TN:
SF:src\dialogs\SettlementDialog.vue
FN:52,(anonymous_0)
FN:67,(anonymous_1)
FN:71,(anonymous_2)
FN:75,(anonymous_3)
FN:81,(anonymous_4)
FN:89,(anonymous_5)
FNF:6
FNH:5
FNDA:20,(anonymous_0)
FNDA:3,(anonymous_1)
FNDA:1,(anonymous_2)
FNDA:3,(anonymous_3)
FNDA:20,(anonymous_4)
FNDA:0,(anonymous_5)
DA:32,14
DA:33,14
DA:34,14
DA:36,14
DA:38,14
DA:53,20
DA:68,3
DA:69,3
DA:72,1
DA:73,1
DA:76,3
DA:77,3
DA:78,3
DA:82,20
DA:83,20
DA:84,20
DA:90,0
LF:17
LH:16
BRDA:68,0,0,0
BRDA:68,0,1,3
BRDA:68,1,0,3
BRDA:68,1,1,3
BRDA:72,2,0,0
BRDA:72,2,1,1
BRDA:72,3,0,1
BRDA:72,3,1,1
BRDA:82,4,0,20
BRF:9
BRH:7
end_of_record
TN:
SF:src\dialogs\SplitCreateDialog.vue
FN:70,(anonymous_0)
FN:83,(anonymous_1)
FN:87,(anonymous_2)
FN:91,(anonymous_3)
FN:100,(anonymous_4)
FN:102,(anonymous_5)
FN:120,(anonymous_6)
FN:127,(anonymous_7)
FN:138,(anonymous_8)
FN:143,(anonymous_9)
FN:148,(anonymous_10)
FN:156,(anonymous_11)
FNF:12
FNH:10
FNDA:11,(anonymous_0)
FNDA:1,(anonymous_1)
FNDA:1,(anonymous_2)
FNDA:4,(anonymous_3)
FNDA:0,(anonymous_4)
FNDA:5,(anonymous_5)
FNDA:6,(anonymous_6)
FNDA:1,(anonymous_7)
FNDA:11,(anonymous_8)
FNDA:0,(anonymous_9)
FNDA:13,(anonymous_10)
FNDA:11,(anonymous_11)
DA:47,14
DA:49,14
DA:52,14
DA:54,14
DA:71,11
DA:84,1
DA:85,1
DA:88,1
DA:89,1
DA:92,4
DA:93,3
DA:95,4
DA:99,4
DA:100,4
DA:103,5
DA:104,1
DA:105,1
DA:107,4
DA:108,10
DA:109,10
DA:110,1
DA:111,1
DA:113,9
DA:114,9
DA:115,1
DA:116,1
DA:118,8
DA:120,6
DA:121,1
DA:122,1
DA:124,1
DA:125,1
DA:128,1
DA:129,1
DA:130,1
DA:131,1
DA:132,3
DA:133,3
DA:139,11
DA:144,0
DA:149,13
DA:150,13
DA:157,11
DA:158,3
DA:159,3
DA:160,6
DA:161,3
DA:162,3
LF:48
LH:47
BRDA:84,0,0,0
BRDA:84,0,1,1
BRDA:84,1,0,1
BRDA:84,1,1,1
BRDA:88,2,0,0
BRDA:88,2,1,1
BRDA:88,3,0,1
BRDA:88,3,1,1
BRDA:92,4,0,3
BRDA:95,5,0,3
BRDA:95,5,1,1
BRDA:103,6,0,1
BRDA:109,7,0,1
BRDA:114,8,0,1
BRDA:120,9,0,1
BRDA:128,10,0,1
BRDA:149,11,0,13
BRDA:157,12,0,3
BRF:18
BRH:16
end_of_record
TN:
SF:src\dialogs\SplitModifyDialog.vue
FN:53,(anonymous_0)
FN:65,(anonymous_1)
FN:69,(anonymous_2)
FN:73,(anonymous_3)
FN:79,(anonymous_4)
FN:81,(anonymous_5)
FN:95,(anonymous_6)
FN:103,(anonymous_7)
FN:108,(anonymous_8)
FN:113,(anonymous_9)
FNF:10
FNH:8
FNDA:9,(anonymous_0)
FNDA:0,(anonymous_1)
FNDA:2,(anonymous_2)
FNDA:3,(anonymous_3)
FNDA:0,(anonymous_4)
FNDA:4,(anonymous_5)
FNDA:3,(anonymous_6)
FNDA:9,(anonymous_7)
FNDA:1,(anonymous_8)
FNDA:9,(anonymous_9)
DA:34,13
DA:36,13
DA:40,13
DA:54,9
DA:66,0
DA:67,0
DA:70,2
DA:71,2
DA:74,3
DA:78,3
DA:79,3
DA:82,4
DA:83,8
DA:84,5
DA:85,1
DA:86,1
DA:88,4
DA:89,4
DA:90,1
DA:91,1
DA:93,3
DA:95,3
DA:96,1
DA:97,1
DA:99,1
DA:100,1
DA:104,9
DA:109,1
DA:114,9
DA:115,18
DA:116,11
LF:31
LH:29
BRDA:66,0,0,0
BRDA:66,0,1,0
BRDA:66,1,0,0
BRDA:66,1,1,0
BRDA:70,2,0,0
BRDA:70,2,1,2
BRDA:70,3,0,2
BRDA:70,3,1,2
BRDA:84,4,0,1
BRDA:89,5,0,1
BRDA:95,6,0,1
BRDA:114,7,0,9
BRF:12
BRH:7
end_of_record
TN:
SF:src\dialogs\UserInviteDialog.vue
FN:41,(anonymous_0)
FN:61,(anonymous_1)
FN:65,(anonymous_2)
FN:69,(anonymous_3)
FN:75,(anonymous_4)
FN:77,(anonymous_5)
FN:98,(anonymous_8)
FN:103,(anonymous_9)
FNF:8
FNH:6
FNDA:11,(anonymous_0)
FNDA:1,(anonymous_1)
FNDA:1,(anonymous_2)
FNDA:3,(anonymous_3)
FNDA:0,(anonymous_4)
FNDA:4,(anonymous_5)
FNDA:11,(anonymous_8)
FNDA:0,(anonymous_9)
DA:30,14
DA:31,14
DA:32,14
DA:34,14
DA:42,11
DA:62,1
DA:63,1
DA:66,1
DA:67,1
DA:70,3
DA:74,3
DA:75,3
DA:78,7
DA:79,1
DA:80,5
DA:81,1
DA:84,3
DA:89,1
DA:90,1
DA:91,1
DA:93,1
DA:99,11
DA:104,0
LF:23
LH:22
BRDA:62,0,0,0
BRDA:62,0,1,1
BRDA:62,1,0,1
BRDA:62,1,1,1
BRDA:66,2,0,0
BRDA:66,2,1,1
BRDA:66,3,0,1
BRDA:66,3,1,1
BRDA:78,4,0,3
BRDA:78,5,0,4
BRDA:78,5,1,3
BRDA:80,6,0,2
BRF:12
BRH:10
end_of_record
TN:
SF:src\interface\tx_event.interface.ts
FNF:0
FNH:0
DA:71,13
DA:79,13
LF:2
LH:2
BRF:0
BRH:0
end_of_record
TN:
SF:src\router\index.ts
FN:46,(anonymous_0)
FNF:1
FNH:1
FNDA:2,(anonymous_0)
DA:1,13
DA:2,13
DA:3,13
DA:4,13
DA:5,13
DA:6,13
DA:8,13
DA:42,13
DA:46,13
DA:47,2
DA:48,1
DA:50,1
DA:51,1
DA:54,13
LF:14
LH:14
BRDA:47,0,0,1
BRDA:47,1,0,2
BRDA:47,1,1,1
BRDA:50,2,0,1
BRF:4
BRH:4
end_of_record
TN:
SF:src\store\auth.ts
FN:15,(anonymous_0)
FN:24,(anonymous_1)
FN:34,(anonymous_2)
FN:41,(anonymous_3)
FN:50,(anonymous_4)
FN:62,(anonymous_5)
FN:77,(anonymous_6)
FN:86,(anonymous_7)
FN:89,(anonymous_8)
FN:92,(anonymous_9)
FN:95,(anonymous_10)
FNF:11
FNH:8
FNDA:117,(anonymous_0)
FNDA:1,(anonymous_1)
FNDA:2,(anonymous_2)
FNDA:3,(anonymous_3)
FNDA:0,(anonymous_4)
FNDA:0,(anonymous_5)
FNDA:0,(anonymous_6)
FNDA:1,(anonymous_7)
FNDA:1,(anonymous_8)
FNDA:7,(anonymous_9)
FNDA:1,(anonymous_10)
DA:2,13
DA:13,13
DA:16,117
DA:25,1
DA:26,1
DA:27,1
DA:28,1
DA:29,1
DA:30,1
DA:31,1
DA:32,1
DA:35,2
DA:36,2
DA:37,2
DA:49,3
DA:50,0
DA:51,0
DA:53,0
DA:62,0
DA:64,0
DA:65,0
DA:72,0
DA:73,0
DA:81,0
DA:82,0
DA:87,1
DA:90,1
DA:93,7
DA:96,1
DA:102,13
LF:30
LH:20
BRDA:17,0,0,117
BRDA:17,0,1,117
BRDA:18,1,0,117
BRDA:18,1,1,117
BRDA:19,2,0,117
BRDA:19,2,1,117
BRDA:20,3,0,117
BRDA:20,3,1,117
BRDA:50,4,0,0
BRDA:50,4,1,0
BRDA:64,5,0,0
BRDA:64,5,1,0
BRDA:90,6,0,1
BRDA:90,6,1,1
BRF:14
BRH:10
end_of_record
TN:
SF:src\store\chat.ts
FN:20,(anonymous_0)
FN:27,(anonymous_1)
FN:33,(anonymous_2)
FN:37,(anonymous_3)
FN:43,(anonymous_4)
FN:54,(anonymous_5)
FN:55,(anonymous_6)
FN:68,(anonymous_7)
FN:71,(anonymous_8)
FN:79,(anonymous_9)
FN:96,(anonymous_10)
FN:107,(anonymous_11)
FN:118,(anonymous_12)
FN:142,(anonymous_13)
FN:163,(anonymous_14)
FN:182,(anonymous_15)
FN:190,(anonymous_16)
FN:190,(anonymous_17)
FN:196,(anonymous_18)
FN:211,(anonymous_19)
FN:211,(anonymous_20)
FNF:21
FNH:20
FNDA:117,(anonymous_0)
FNDA:7,(anonymous_1)
FNDA:2,(anonymous_2)
FNDA:1,(anonymous_3)
FNDA:5,(anonymous_4)
FNDA:2,(anonymous_5)
FNDA:2,(anonymous_6)
FNDA:6,(anonymous_7)
FNDA:2,(anonymous_8)
FNDA:1,(anonymous_9)
FNDA:1,(anonymous_10)
FNDA:3,(anonymous_11)
FNDA:2,(anonymous_12)
FNDA:1,(anonymous_13)
FNDA:2,(anonymous_14)
FNDA:0,(anonymous_15)
FNDA:8,(anonymous_16)
FNDA:2,(anonymous_17)
FNDA:2,(anonymous_18)
FNDA:1,(anonymous_19)
FNDA:1,(anonymous_20)
DA:1,13
DA:9,13
DA:18,13
DA:21,117
DA:28,7
DA:31,7
DA:34,2
DA:35,2
DA:41,1
DA:47,5
DA:49,5
DA:51,4
DA:53,2
DA:54,2
DA:55,2
DA:56,2
DA:57,1
DA:58,1
DA:62,2
DA:65,5
DA:67,5
DA:68,6
DA:72,2
DA:88,1
DA:89,1
DA:90,1
DA:91,1
DA:105,1
DA:106,1
DA:107,3
DA:108,1
DA:113,1
DA:127,2
DA:128,2
DA:129,2
DA:130,1
DA:132,1
DA:137,1
DA:151,1
DA:152,1
DA:153,1
DA:158,1
DA:172,2
DA:173,2
DA:174,2
DA:175,1
DA:177,1
DA:178,1
DA:182,0
DA:184,1
DA:185,1
DA:190,8
DA:191,2
DA:192,1
DA:196,1
DA:197,2
DA:198,1
DA:199,0
DA:201,1
DA:204,1
DA:207,1
DA:211,1
DA:212,1
DA:218,13
LF:64
LH:62
BRDA:49,0,0,4
BRDA:51,1,0,2
BRDA:51,1,1,2
BRDA:54,2,0,2
BRDA:54,2,1,1
BRDA:55,3,0,2
BRDA:55,3,1,0
BRDA:129,4,0,1
BRDA:174,5,0,1
BRDA:184,6,0,1
BRDA:191,7,0,1
BRDA:197,8,0,1
BRDA:197,8,1,1
BRDA:198,9,0,0
BRDA:198,9,1,1
BRF:15
BRH:13
end_of_record
TN:
SF:src\store\index.ts
FN:13,newStore
FN:24,(anonymous_1)
FN:25,(anonymous_2)
FN:100,(anonymous_3)
FNF:4
FNH:4
FNDA:117,newStore
FNDA:117,(anonymous_1)
FNDA:49,(anonymous_2)
FNDA:2,(anonymous_3)
DA:1,12
DA:2,12
DA:3,12
DA:4,12
DA:5,12
DA:6,12
DA:7,12
DA:10,12
DA:12,12
DA:13,12
DA:14,117
DA:25,117
DA:26,49
DA:27,49
DA:30,1
DA:32,1
DA:33,5
DA:35,1
DA:38,6
DA:39,6
DA:40,24
DA:42,6
DA:45,1
DA:46,1
DA:47,4
DA:49,1
DA:55,5
DA:60,5
DA:61,1
DA:66,5
DA:67,2
DA:68,1
DA:73,1
DA:79,5
DA:80,1
DA:81,1
DA:87,5
DA:88,1
DA:89,1
DA:95,5
DA:98,1
DA:99,1
DA:100,2
DA:101,1
DA:105,1
DA:115,12
LF:46
LH:46
BRDA:27,0,0,1
BRDA:27,0,1,6
BRDA:27,0,2,1
BRDA:27,0,3,5
BRDA:27,0,4,1
BRDA:60,1,0,1
BRDA:66,2,0,2
BRDA:67,3,0,1
BRDA:67,3,1,1
BRDA:79,4,0,1
BRDA:80,5,0,1
BRDA:87,6,0,1
BRDA:88,7,0,1
BRDA:111,8,0,117
BRDA:111,8,1,117
BRF:15
BRH:15
end_of_record
TN:
SF:src\store\rooms.ts
FN:23,(anonymous_0)
FN:30,(anonymous_1)
FN:37,(anonymous_2)
FN:43,(anonymous_3)
FN:44,(anonymous_4)
FN:47,(anonymous_5)
FN:58,(anonymous_6)
FN:60,(anonymous_7)
FN:62,(anonymous_8)
FN:74,(anonymous_9)
FN:75,(anonymous_10)
FN:78,(anonymous_11)
FN:79,(anonymous_12)
FN:81,(anonymous_13)
FN:89,(anonymous_14)
FN:114,(anonymous_15)
FN:140,(anonymous_16)
FN:154,(anonymous_17)
FN:156,(anonymous_18)
FN:192,(anonymous_19)
FN:200,(anonymous_20)
FN:208,(anonymous_21)
FN:220,(anonymous_22)
FN:247,(anonymous_23)
FN:257,(anonymous_24)
FN:271,(anonymous_25)
FN:282,(anonymous_26)
FN:294,(anonymous_27)
FN:301,(anonymous_28)
FN:316,(anonymous_29)
FN:323,(anonymous_30)
FN:349,(anonymous_31)
FN:349,(anonymous_32)
FN:352,(anonymous_33)
FN:352,(anonymous_34)
FN:355,(anonymous_35)
FN:368,(anonymous_36)
FN:374,(anonymous_37)
FN:395,(anonymous_38)
FN:395,(anonymous_39)
FN:396,(anonymous_40)
FN:401,(anonymous_41)
FN:403,(anonymous_42)
FN:403,(anonymous_43)
FN:404,(anonymous_44)
FN:409,(anonymous_45)
FN:411,(anonymous_46)
FN:411,(anonymous_47)
FN:412,(anonymous_48)
FN:417,(anonymous_49)
FN:419,(anonymous_50)
FN:419,(anonymous_51)
FN:420,(anonymous_52)
FN:425,(anonymous_53)
FN:427,(anonymous_54)
FN:427,(anonymous_55)
FN:428,(anonymous_56)
FN:438,(anonymous_57)
FN:438,(anonymous_58)
FN:439,(anonymous_59)
FNF:60
FNH:55
FNDA:117,(anonymous_0)
FNDA:8,(anonymous_1)
FNDA:1,(anonymous_2)
FNDA:2,(anonymous_3)
FNDA:1,(anonymous_4)
FNDA:1,(anonymous_5)
FNDA:2,(anonymous_6)
FNDA:2,(anonymous_7)
FNDA:1,(anonymous_8)
FNDA:1,(anonymous_9)
FNDA:1,(anonymous_10)
FNDA:1,(anonymous_11)
FNDA:1,(anonymous_12)
FNDA:2,(anonymous_13)
FNDA:2,(anonymous_14)
FNDA:1,(anonymous_15)
FNDA:4,(anonymous_16)
FNDA:4,(anonymous_17)
FNDA:1,(anonymous_18)
FNDA:1,(anonymous_19)
FNDA:1,(anonymous_20)
FNDA:1,(anonymous_21)
FNDA:3,(anonymous_22)
FNDA:0,(anonymous_23)
FNDA:2,(anonymous_24)
FNDA:0,(anonymous_25)
FNDA:2,(anonymous_26)
FNDA:0,(anonymous_27)
FNDA:2,(anonymous_28)
FNDA:0,(anonymous_29)
FNDA:1,(anonymous_30)
FNDA:1,(anonymous_31)
FNDA:1,(anonymous_32)
FNDA:1,(anonymous_33)
FNDA:1,(anonymous_34)
FNDA:3,(anonymous_35)
FNDA:3,(anonymous_36)
FNDA:0,(anonymous_37)
FNDA:2,(anonymous_38)
FNDA:2,(anonymous_39)
FNDA:1,(anonymous_40)
FNDA:1,(anonymous_41)
FNDA:2,(anonymous_42)
FNDA:2,(anonymous_43)
FNDA:1,(anonymous_44)
FNDA:1,(anonymous_45)
FNDA:5,(anonymous_46)
FNDA:9,(anonymous_47)
FNDA:20,(anonymous_48)
FNDA:2,(anonymous_49)
FNDA:2,(anonymous_50)
FNDA:2,(anonymous_51)
FNDA:1,(anonymous_52)
FNDA:1,(anonymous_53)
FNDA:2,(anonymous_54)
FNDA:2,(anonymous_55)
FNDA:1,(anonymous_56)
FNDA:1,(anonymous_57)
FNDA:1,(anonymous_58)
FNDA:1,(anonymous_59)
DA:2,13
DA:14,13
DA:21,13
DA:24,117
DA:31,8
DA:37,8
DA:38,8
DA:39,1
DA:41,8
DA:44,2
DA:45,2
DA:51,1
DA:56,1
DA:60,2
DA:61,2
DA:62,1
DA:66,2
DA:67,1
DA:68,1
DA:69,1
DA:72,2
DA:75,1
DA:76,1
DA:79,1
DA:82,2
DA:96,2
DA:97,6
DA:98,6
DA:99,1
DA:104,6
DA:108,6
DA:123,1
DA:124,1
DA:125,1
DA:126,0
DA:131,1
DA:135,1
DA:150,4
DA:151,4
DA:153,4
DA:154,4
DA:155,4
DA:156,1
DA:159,4
DA:161,3
DA:163,1
DA:165,1
DA:168,4
DA:169,4
DA:173,4
DA:174,2
DA:178,2
DA:179,1
DA:183,1
DA:184,1
DA:199,1
DA:200,1
DA:201,1
DA:203,0
DA:204,0
DA:207,1
DA:208,1
DA:209,1
DA:210,1
DA:212,1
DA:229,3
DA:230,1
DA:232,2
DA:234,2
DA:235,2
DA:247,0
DA:248,2
DA:249,1
DA:252,1
DA:255,1
DA:266,2
DA:268,2
DA:269,2
DA:271,0
DA:272,2
DA:273,1
DA:276,1
DA:280,1
DA:291,2
DA:292,2
DA:294,0
DA:295,2
DA:296,1
DA:299,1
DA:310,2
DA:312,2
DA:313,2
DA:314,2
DA:316,0
DA:317,2
DA:318,1
DA:321,1
DA:332,1
DA:334,1
DA:337,0
DA:345,1
DA:349,1
DA:350,1
DA:352,1
DA:353,1
DA:357,3
DA:358,3
DA:359,3
DA:360,3
DA:367,3
DA:368,3
DA:370,3
DA:371,3
DA:373,3
DA:374,0
DA:376,3
DA:378,3
DA:379,3
DA:380,3
DA:381,3
DA:382,1
DA:383,2
DA:384,1
DA:386,1
DA:389,0
DA:393,3
DA:395,2
DA:396,2
DA:397,2
DA:398,1
DA:400,1
DA:401,1
DA:403,2
DA:404,2
DA:405,2
DA:406,1
DA:408,1
DA:409,1
DA:411,5
DA:412,20
DA:413,9
DA:414,1
DA:416,8
DA:417,8
DA:419,2
DA:420,2
DA:421,2
DA:422,1
DA:424,1
DA:425,1
DA:427,2
DA:428,2
DA:429,2
DA:430,1
DA:432,1
DA:433,1
DA:435,0
DA:438,1
DA:439,1
DA:445,13
LF:160
LH:149
BRDA:38,0,0,1
BRDA:62,1,0,1
BRDA:62,1,1,1
BRDA:62,1,2,1
BRDA:66,2,0,1
BRDA:98,3,0,1
BRDA:125,4,0,0
BRDA:156,5,0,1
BRDA:156,5,1,1
BRDA:159,6,0,3
BRDA:159,6,1,1
BRDA:163,7,0,1
BRDA:168,8,0,4
BRDA:173,9,0,2
BRDA:173,9,1,2
BRDA:178,10,0,1
BRDA:178,10,1,1
BRDA:183,11,0,1
BRDA:201,12,0,0
BRDA:203,13,0,0
BRDA:209,14,0,1
BRDA:229,15,0,1
BRDA:248,16,0,1
BRDA:272,17,0,1
BRDA:295,18,0,1
BRDA:317,19,0,1
BRDA:334,20,0,0
BRDA:334,21,0,1
BRDA:334,21,1,1
BRDA:334,21,2,0
BRDA:371,22,0,3
BRDA:371,22,1,0
BRDA:374,23,0,0
BRDA:374,23,1,0
BRDA:379,24,0,3
BRDA:379,24,1,0
BRDA:379,25,0,3
BRDA:379,25,1,3
BRDA:381,26,0,1
BRDA:381,26,1,2
BRDA:383,27,0,1
BRDA:383,27,1,1
BRDA:397,28,0,1
BRDA:405,29,0,1
BRDA:413,30,0,1
BRDA:417,31,0,8
BRDA:417,31,1,6
BRDA:421,32,0,1
BRDA:429,33,0,1
BRDA:432,34,0,1
BRDA:432,34,1,0
BRF:51
BRH:41
end_of_record
TN:
SF:src\store\sync.ts
FN:28,(anonymous_0)
FN:45,(anonymous_1)
FN:48,(anonymous_2)
FN:55,(anonymous_3)
FN:59,(anonymous_4)
FN:59,(anonymous_5)
FN:60,(anonymous_6)
FN:60,(anonymous_7)
FN:61,(anonymous_8)
FN:61,(anonymous_9)
FN:81,(anonymous_10)
FN:85,(anonymous_11)
FN:91,(anonymous_12)
FN:95,(anonymous_13)
FN:100,(anonymous_14)
FN:117,(anonymous_15)
FN:122,(anonymous_16)
FN:129,(anonymous_17)
FN:135,(anonymous_18)
FN:141,(anonymous_19)
FN:144,(anonymous_20)
FN:147,(anonymous_21)
FN:150,(anonymous_22)
FN:175,(anonymous_23)
FN:231,(anonymous_24)
FN:239,(anonymous_25)
FN:250,(anonymous_26)
FN:252,(anonymous_27)
FN:277,(anonymous_28)
FN:278,(anonymous_29)
FN:329,(anonymous_30)
FN:354,(anonymous_31)
FN:379,(anonymous_32)
FN:402,(anonymous_33)
FN:431,(anonymous_34)
FN:472,(anonymous_35)
FN:497,(anonymous_36)
FN:512,(anonymous_37)
FN:597,(anonymous_38)
FN:605,(anonymous_39)
FN:708,(anonymous_40)
FN:711,(anonymous_41)
FN:714,(anonymous_42)
FN:714,(anonymous_43)
FN:718,(anonymous_44)
FN:718,(anonymous_45)
FNF:46
FNH:36
FNDA:141,(anonymous_0)
FNDA:5,(anonymous_1)
FNDA:11,(anonymous_2)
FNDA:2,(anonymous_3)
FNDA:0,(anonymous_4)
FNDA:0,(anonymous_5)
FNDA:0,(anonymous_6)
FNDA:0,(anonymous_7)
FNDA:0,(anonymous_8)
FNDA:0,(anonymous_9)
FNDA:27,(anonymous_10)
FNDA:73,(anonymous_11)
FNDA:11,(anonymous_12)
FNDA:11,(anonymous_13)
FNDA:210,(anonymous_14)
FNDA:5,(anonymous_15)
FNDA:3,(anonymous_16)
FNDA:5,(anonymous_17)
FNDA:9,(anonymous_18)
FNDA:3,(anonymous_19)
FNDA:4,(anonymous_20)
FNDA:2,(anonymous_21)
FNDA:2,(anonymous_22)
FNDA:4,(anonymous_23)
FNDA:0,(anonymous_24)
FNDA:4,(anonymous_25)
FNDA:4,(anonymous_26)
FNDA:3,(anonymous_27)
FNDA:4,(anonymous_28)
FNDA:3,(anonymous_29)
FNDA:1,(anonymous_30)
FNDA:0,(anonymous_31)
FNDA:59,(anonymous_32)
FNDA:3,(anonymous_33)
FNDA:0,(anonymous_34)
FNDA:1,(anonymous_35)
FNDA:2,(anonymous_36)
FNDA:2,(anonymous_37)
FNDA:0,(anonymous_38)
FNDA:1,(anonymous_39)
FNDA:1,(anonymous_40)
FNDA:1,(anonymous_41)
FNDA:1,(anonymous_42)
FNDA:1,(anonymous_43)
FNDA:1,(anonymous_44)
FNDA:2,(anonymous_45)
DA:3,13
DA:9,13
DA:26,13
DA:29,141
DA:46,5
DA:49,11
DA:50,11
DA:51,11
DA:52,11
DA:53,11
DA:56,2
DA:57,1
DA:59,1
DA:60,1
DA:61,1
DA:62,1
DA:63,0
DA:65,1
DA:66,0
DA:68,1
DA:69,0
DA:71,1
DA:72,1
DA:73,1
DA:74,1
DA:75,1
DA:76,1
DA:78,1
DA:85,73
DA:86,27
DA:88,27
DA:95,11
DA:96,11
DA:97,11
DA:104,210
DA:105,210
DA:106,81
DA:108,210
DA:109,59
DA:111,151
DA:113,210
DA:114,205
DA:118,5
DA:119,5
DA:120,5
DA:123,3
DA:124,3
DA:126,3
DA:127,3
DA:133,5
DA:139,9
DA:142,3
DA:145,4
DA:148,2
DA:151,2
DA:181,4
DA:182,3
DA:183,3
DA:185,3
DA:213,3
DA:214,3
DA:220,3
DA:221,3
DA:224,2
DA:225,0
DA:227,2
DA:229,1
DA:230,1
DA:231,4
DA:232,4
DA:233,0
DA:234,0
DA:235,0
DA:238,4
DA:240,4
DA:241,1
DA:247,1
DA:248,1
DA:249,1
DA:250,4
DA:251,3
DA:254,3
DA:257,3
DA:258,27
DA:259,27
DA:268,1
DA:270,1
DA:272,1
DA:276,1
DA:277,4
DA:278,3
DA:280,3
DA:281,3
DA:282,3
DA:286,3
DA:291,3
DA:292,2
DA:298,3
DA:299,57
DA:300,16
DA:304,16
DA:306,41
DA:307,31
DA:316,1
DA:319,1
DA:337,1
DA:338,1
DA:339,1
DA:340,1
DA:343,1
DA:344,1
DA:345,1
DA:347,1
DA:348,3
DA:354,0
DA:356,3
DA:357,0
DA:359,3
DA:360,2
DA:361,2
DA:362,2
DA:363,15
DA:366,1
DA:370,1
DA:371,1
DA:372,1
DA:373,10
DA:379,59
DA:380,1
DA:381,1
DA:382,25
DA:383,25
DA:384,25
DA:385,25
DA:386,25
DA:393,1
DA:410,3
DA:411,3
DA:412,3
DA:414,0
DA:416,3
DA:417,3
DA:422,3
DA:424,3
DA:431,0
DA:433,3
DA:434,0
DA:436,3
DA:437,2
DA:441,2
DA:442,60
DA:443,60
DA:451,1
DA:480,1
DA:481,1
DA:482,1
DA:483,1
DA:484,1
DA:485,1
DA:494,1
DA:495,1
DA:497,2
DA:498,2
DA:500,1
DA:501,1
DA:502,0
DA:503,0
DA:506,1
DA:512,2
DA:513,2
DA:514,2
DA:515,2
DA:516,2
DA:517,1
DA:523,2
DA:524,2
DA:525,1
DA:526,1
DA:527,1
DA:531,1
DA:539,2
DA:540,37
DA:541,37
DA:544,8
DA:546,6
DA:547,6
DA:555,2
DA:561,29
DA:563,29
DA:574,1
DA:575,1
DA:579,1
DA:580,1
DA:582,1
DA:583,1
DA:590,0
DA:591,0
DA:593,0
DA:597,1
DA:598,0
DA:599,0
DA:603,1
DA:616,1
DA:618,1
DA:620,1
DA:621,1
DA:623,1
DA:657,1
DA:658,1
DA:659,9
DA:660,9
DA:666,1
DA:667,1
DA:668,1
DA:669,1
DA:670,1
DA:674,1
DA:678,1
DA:679,1
DA:680,1
DA:685,1
DA:686,20
DA:687,20
DA:690,8
DA:695,12
DA:697,11
DA:709,1
DA:712,1
DA:714,1
DA:715,1
DA:718,1
DA:719,2
DA:724,13
LF:233
LH:214
BRDA:56,0,0,1
BRDA:56,0,1,1
BRDA:86,1,0,27
BRDA:96,2,0,11
BRDA:105,3,0,81
BRDA:108,4,0,59
BRDA:108,4,1,151
BRDA:113,5,0,205
BRDA:181,6,0,3
BRDA:221,7,0,2
BRDA:221,7,1,1
BRDA:224,8,0,0
BRDA:227,9,0,1
BRDA:227,9,1,1
BRDA:232,10,0,0
BRDA:232,10,1,4
BRDA:234,11,0,0
BRDA:240,12,0,1
BRDA:240,13,0,4
BRDA:240,13,1,4
BRDA:258,14,0,27
BRDA:299,15,0,16
BRDA:306,16,0,31
BRDA:338,17,0,1
BRDA:338,18,0,1
BRDA:338,18,1,1
BRDA:356,19,0,0
BRDA:359,20,0,2
BRDA:359,20,1,1
BRDA:383,21,0,25
BRDA:411,22,0,3
BRDA:412,23,0,0
BRDA:433,24,0,0
BRDA:436,25,0,2
BRDA:436,25,1,1
BRDA:442,26,0,60
BRDA:481,27,0,1
BRDA:488,28,0,1
BRDA:488,28,1,0
BRDA:495,29,0,1
BRDA:495,30,0,1
BRDA:495,30,1,1
BRDA:498,31,0,1
BRDA:501,32,0,0
BRDA:501,33,0,1
BRDA:501,33,1,1
BRDA:524,34,0,1
BRDA:524,35,0,2
BRDA:524,35,1,1
BRDA:526,36,0,1
BRDA:541,37,0,8
BRDA:541,37,1,29
BRDA:544,38,0,6
BRDA:544,38,1,2
BRDA:546,39,0,6
BRDA:561,40,0,29
BRDA:574,41,0,1
BRDA:574,42,0,1
BRDA:574,42,1,1
BRDA:579,43,0,1
BRDA:579,44,0,1
BRDA:579,44,1,1
BRDA:582,45,0,1
BRDA:590,46,0,0
BRDA:590,46,1,0
BRDA:616,47,0,1
BRDA:659,48,0,9
BRDA:668,49,0,1
BRDA:668,50,0,1
BRDA:668,50,1,1
BRDA:687,51,0,8
BRDA:687,51,1,12
BRDA:695,52,0,11
BRF:73
BRH:63
end_of_record
TN:
SF:src\store\tx.ts
FN:29,(anonymous_0)
FN:35,(anonymous_1)
FN:49,(anonymous_2)
FN:52,(anonymous_3)
FN:62,(anonymous_4)
FN:68,(anonymous_5)
FN:73,(anonymous_6)
FN:79,(anonymous_7)
FN:84,(anonymous_8)
FN:102,(anonymous_9)
FN:111,(anonymous_10)
FN:122,(anonymous_11)
FN:127,(anonymous_12)
FN:139,(anonymous_13)
FN:159,(anonymous_14)
FN:172,(anonymous_15)
FN:181,(anonymous_16)
FN:182,(anonymous_17)
FN:185,(anonymous_18)
FN:189,(anonymous_19)
FN:196,(anonymous_20)
FN:207,(anonymous_21)
FN:238,(anonymous_22)
FN:251,(anonymous_23)
FN:257,(anonymous_24)
FN:271,(anonymous_25)
FN:274,(anonymous_26)
FN:274,(anonymous_27)
FN:296,(anonymous_28)
FN:321,(anonymous_29)
FN:334,(anonymous_30)
FN:346,(anonymous_31)
FN:352,(anonymous_32)
FN:379,(anonymous_33)
FN:386,(anonymous_34)
FN:416,(anonymous_35)
FN:423,(anonymous_36)
FN:436,(anonymous_37)
FN:437,(anonymous_38)
FN:454,(anonymous_39)
FN:468,(anonymous_40)
FN:479,(anonymous_41)
FN:497,(anonymous_42)
FN:514,(anonymous_43)
FN:540,(anonymous_44)
FN:540,(anonymous_45)
FN:546,(anonymous_46)
FN:546,(anonymous_47)
FN:559,(anonymous_48)
FN:559,(anonymous_49)
FN:565,(anonymous_50)
FN:567,(anonymous_51)
FN:570,(anonymous_52)
FN:583,(anonymous_53)
FN:587,(anonymous_54)
FN:590,(anonymous_55)
FN:600,(anonymous_56)
FN:618,(anonymous_57)
FN:618,(anonymous_58)
FN:634,(anonymous_59)
FN:634,(anonymous_60)
FN:650,(anonymous_61)
FN:650,(anonymous_62)
FN:707,(anonymous_63)
FN:708,(anonymous_64)
FN:712,(anonymous_65)
FN:715,(anonymous_66)
FN:746,(anonymous_67)
FN:753,(anonymous_68)
FN:769,(anonymous_69)
FN:770,(anonymous_70)
FN:805,(anonymous_71)
FN:821,(anonymous_72)
FN:840,(anonymous_73)
FN:873,(anonymous_74)
FN:873,(anonymous_75)
FN:876,(anonymous_76)
FN:876,(anonymous_77)
FN:879,(anonymous_78)
FN:879,(anonymous_79)
FN:883,(anonymous_80)
FN:884,(anonymous_81)
FN:887,(anonymous_82)
FN:887,(anonymous_83)
FN:891,(anonymous_84)
FN:892,(anonymous_85)
FN:894,(anonymous_86)
FN:895,(anonymous_87)
FN:899,(anonymous_88)
FN:899,(anonymous_89)
FN:913,(anonymous_90)
FN:913,(anonymous_91)
FNF:92
FNH:83
FNDA:117,(anonymous_0)
FNDA:7,(anonymous_1)
FNDA:2,(anonymous_2)
FNDA:5,(anonymous_3)
FNDA:1,(anonymous_4)
FNDA:2,(anonymous_5)
FNDA:1,(anonymous_6)
FNDA:2,(anonymous_7)
FNDA:1,(anonymous_8)
FNDA:3,(anonymous_9)
FNDA:1,(anonymous_10)
FNDA:3,(anonymous_11)
FNDA:4,(anonymous_12)
FNDA:2,(anonymous_13)
FNDA:10,(anonymous_14)
FNDA:12,(anonymous_15)
FNDA:21,(anonymous_16)
FNDA:12,(anonymous_17)
FNDA:54,(anonymous_18)
FNDA:17,(anonymous_19)
FNDA:8,(anonymous_20)
FNDA:4,(anonymous_21)
FNDA:0,(anonymous_22)
FNDA:0,(anonymous_23)
FNDA:9,(anonymous_24)
FNDA:8,(anonymous_25)
FNDA:6,(anonymous_26)
FNDA:6,(anonymous_27)
FNDA:5,(anonymous_28)
FNDA:2,(anonymous_29)
FNDA:0,(anonymous_30)
FNDA:0,(anonymous_31)
FNDA:4,(anonymous_32)
FNDA:0,(anonymous_33)
FNDA:0,(anonymous_34)
FNDA:0,(anonymous_35)
FNDA:5,(anonymous_36)
FNDA:15,(anonymous_37)
FNDA:15,(anonymous_38)
FNDA:0,(anonymous_39)
FNDA:1,(anonymous_40)
FNDA:3,(anonymous_41)
FNDA:0,(anonymous_42)
FNDA:31,(anonymous_43)
FNDA:10,(anonymous_44)
FNDA:10,(anonymous_45)
FNDA:9,(anonymous_46)
FNDA:9,(anonymous_47)
FNDA:6,(anonymous_48)
FNDA:6,(anonymous_49)
FNDA:12,(anonymous_50)
FNDA:5,(anonymous_51)
FNDA:24,(anonymous_52)
FNDA:1,(anonymous_53)
FNDA:3,(anonymous_54)
FNDA:1,(anonymous_55)
FNDA:3,(anonymous_56)
FNDA:10,(anonymous_57)
FNDA:10,(anonymous_58)
FNDA:7,(anonymous_59)
FNDA:7,(anonymous_60)
FNDA:5,(anonymous_61)
FNDA:5,(anonymous_62)
FNDA:3,(anonymous_63)
FNDA:1,(anonymous_64)
FNDA:3,(anonymous_65)
FNDA:1,(anonymous_66)
FNDA:4,(anonymous_67)
FNDA:4,(anonymous_68)
FNDA:2,(anonymous_69)
FNDA:6,(anonymous_70)
FNDA:1,(anonymous_71)
FNDA:15,(anonymous_72)
FNDA:3,(anonymous_73)
FNDA:52,(anonymous_74)
FNDA:5,(anonymous_75)
FNDA:52,(anonymous_76)
FNDA:6,(anonymous_77)
FNDA:52,(anonymous_78)
FNDA:19,(anonymous_79)
FNDA:6,(anonymous_80)
FNDA:3,(anonymous_81)
FNDA:52,(anonymous_82)
FNDA:26,(anonymous_83)
FNDA:14,(anonymous_84)
FNDA:11,(anonymous_85)
FNDA:2,(anonymous_86)
FNDA:2,(anonymous_87)
FNDA:5,(anonymous_88)
FNDA:6,(anonymous_89)
FNDA:6,(anonymous_90)
FNDA:2,(anonymous_91)
DA:5,19
DA:13,19
DA:15,19
DA:27,19
DA:30,117
DA:36,7
DA:37,7
DA:50,2
DA:56,5
DA:58,5
DA:60,5
DA:66,1
DA:73,2
DA:74,2
DA:75,1
DA:77,1
DA:83,2
DA:84,1
DA:86,2
DA:87,1
DA:88,1
DA:90,1
DA:91,1
DA:92,1
DA:93,1
DA:94,1
DA:99,1
DA:108,3
DA:109,1
DA:111,2
DA:112,2
DA:113,1
DA:115,1
DA:116,1
DA:118,1
DA:119,1
DA:127,4
DA:128,3
DA:129,1
DA:131,2
DA:132,2
DA:134,2
DA:136,2
DA:140,2
DA:169,10
DA:170,10
DA:172,12
DA:173,1
DA:175,9
DA:176,1
DA:178,8
DA:179,1
DA:181,21
DA:182,12
DA:183,7
DA:184,7
DA:185,54
DA:186,1
DA:189,17
DA:190,6
DA:191,1
DA:193,5
DA:194,1
DA:196,8
DA:197,8
DA:198,1
DA:201,3
DA:202,1
DA:205,2
DA:208,4
DA:218,2
DA:219,2
DA:221,2
DA:222,2
DA:223,2
DA:225,2
DA:226,2
DA:227,4
DA:228,4
DA:229,4
DA:231,4
DA:234,2
DA:235,2
DA:236,2
DA:238,0
DA:240,2
DA:241,2
DA:242,1
DA:245,1
DA:248,1
DA:249,1
DA:251,0
DA:253,1
DA:254,1
DA:268,9
DA:269,9
DA:270,9
DA:271,9
DA:272,9
DA:273,9
DA:274,6
DA:276,9
DA:277,1
DA:279,8
DA:280,1
DA:282,7
DA:283,1
DA:285,6
DA:286,1
DA:289,5
DA:290,5
DA:291,5
DA:292,5
DA:293,1
DA:295,5
DA:296,5
DA:297,5
DA:298,0
DA:299,0
DA:301,5
DA:302,1
DA:303,1
DA:305,4
DA:306,1
DA:309,5
DA:310,0
DA:313,5
DA:314,1
DA:316,4
DA:317,2
DA:320,2
DA:322,2
DA:331,2
DA:332,2
DA:334,0
DA:336,2
DA:337,2
DA:338,1
DA:341,1
DA:344,1
DA:346,0
DA:348,1
DA:349,0
DA:362,4
DA:363,4
DA:364,4
DA:365,4
DA:366,1
DA:368,3
DA:369,1
DA:372,2
DA:375,2
DA:376,2
DA:377,2
DA:379,0
DA:381,2
DA:382,2
DA:383,1
DA:396,0
DA:397,0
DA:398,0
DA:399,0
DA:400,0
DA:402,0
DA:403,0
DA:406,0
DA:407,0
DA:408,0
DA:410,0
DA:413,0
DA:414,0
DA:416,0
DA:418,0
DA:419,0
DA:420,0
DA:433,5
DA:434,5
DA:435,5
DA:436,15
DA:437,15
DA:438,2
DA:441,3
DA:442,3
DA:443,2
DA:444,1
DA:447,1
DA:451,1
DA:452,1
DA:454,0
DA:456,1
DA:457,1
DA:458,0
DA:477,1
DA:478,1
DA:479,3
DA:480,1
DA:481,1
DA:482,1
DA:484,3
DA:485,1
DA:487,2
DA:488,2
DA:489,2
DA:495,1
DA:507,0
DA:508,0
DA:524,31
DA:525,31
DA:527,31
DA:529,10
DA:530,10
DA:531,10
DA:533,10
DA:534,10
DA:535,1
DA:538,9
DA:539,9
DA:540,10
DA:542,9
DA:543,1
DA:546,9
DA:547,1
DA:550,7
DA:551,1
DA:554,6
DA:555,1
DA:558,5
DA:559,6
DA:561,5
DA:562,1
DA:564,4
DA:565,12
DA:567,5
DA:568,4
DA:569,4
DA:570,24
DA:571,1
DA:575,3
DA:576,1
DA:579,2
DA:580,1
DA:583,1
DA:584,1
DA:587,3
DA:590,1
DA:591,1
DA:592,1
DA:594,1
DA:595,1
DA:600,3
DA:605,1
DA:609,1
DA:613,1
DA:616,10
DA:618,10
DA:619,1
DA:620,1
DA:623,9
DA:624,1
DA:625,1
DA:628,8
DA:629,1
DA:630,1
DA:633,7
DA:634,7
DA:636,7
DA:637,1
DA:638,1
DA:642,6
DA:643,6
DA:644,1
DA:645,1
DA:648,5
DA:649,5
DA:650,5
DA:652,5
DA:653,1
DA:654,1
DA:657,4
DA:659,4
DA:660,4
DA:661,4
DA:662,4
DA:666,4
DA:667,4
DA:668,4
DA:669,4
DA:670,2
DA:671,2
DA:674,4
DA:675,1
DA:676,1
DA:681,3
DA:682,3
DA:683,3
DA:684,3
DA:685,3
DA:686,3
DA:687,3
DA:688,1
DA:689,1
DA:690,1
DA:692,2
DA:693,1
DA:694,1
DA:699,2
DA:700,1
DA:701,1
DA:704,1
DA:706,1
DA:707,3
DA:708,1
DA:709,1
DA:712,3
DA:715,1
DA:716,1
DA:717,1
DA:719,1
DA:720,1
DA:730,1
DA:734,1
DA:738,1
DA:741,5
DA:742,5
DA:743,5
DA:744,5
DA:745,5
DA:746,4
DA:749,5
DA:750,1
DA:753,4
DA:754,4
DA:755,1
DA:757,3
DA:759,3
DA:760,3
DA:766,1
DA:769,2
DA:770,6
DA:772,2
DA:773,1
DA:779,1
DA:785,1
DA:794,1
DA:799,2
DA:803,2
DA:805,1
DA:808,2
DA:811,6
DA:812,6
DA:813,6
DA:815,6
DA:816,1
DA:817,1
DA:820,5
DA:821,15
DA:822,5
DA:823,1
DA:824,1
DA:827,4
DA:828,4
DA:829,2
DA:830,2
DA:833,2
DA:834,1
DA:835,1
DA:837,1
DA:839,1
DA:840,3
DA:841,1
DA:856,1
DA:860,1
DA:864,1
DA:867,0
DA:873,52
DA:874,5
DA:876,52
DA:877,6
DA:879,52
DA:880,19
DA:881,19
DA:882,19
DA:883,6
DA:884,3
DA:887,52
DA:888,26
DA:889,26
DA:890,26
DA:892,14
DA:895,2
DA:899,5
DA:900,6
DA:901,6
DA:902,14
DA:903,6
DA:904,3
DA:906,6
DA:907,1
DA:911,6
DA:913,6
DA:914,2
DA:915,2
DA:916,12
DA:917,8
DA:918,3
DA:920,8
DA:921,0
DA:925,2
DA:931,19
LF:409
LH:377
BRDA:36,0,0,7
BRDA:74,1,0,1
BRDA:86,2,0,1
BRDA:86,2,1,1
BRDA:92,3,0,1
BRDA:108,4,0,1
BRDA:108,5,0,3
BRDA:108,5,1,1
BRDA:112,6,0,1
BRDA:115,7,0,1
BRDA:118,8,0,1
BRDA:128,9,0,1
BRDA:132,10,0,2
BRDA:132,11,0,2
BRDA:132,11,1,0
BRDA:172,12,0,1
BRDA:172,13,0,10
BRDA:172,13,1,9
BRDA:175,14,0,1
BRDA:178,15,0,1
BRDA:185,16,0,1
BRDA:190,17,0,1
BRDA:193,18,0,1
BRDA:197,19,0,1
BRDA:201,20,0,1
BRDA:241,21,0,1
BRDA:253,22,0,1
BRDA:276,23,0,1
BRDA:279,24,0,1
BRDA:279,25,0,8
BRDA:279,25,1,7
BRDA:282,26,0,1
BRDA:285,27,0,1
BRDA:292,28,0,1
BRDA:297,29,0,0
BRDA:301,30,0,1
BRDA:305,31,0,1
BRDA:309,32,0,0
BRDA:313,33,0,1
BRDA:313,34,0,5
BRDA:313,34,1,4
BRDA:316,35,0,2
BRDA:337,36,0,1
BRDA:348,37,0,0
BRDA:365,38,0,1
BRDA:368,39,0,1
BRDA:382,40,0,1
BRDA:399,41,0,0
BRDA:402,42,0,0
BRDA:407,43,0,0
BRDA:419,44,0,0
BRDA:437,45,0,2
BRDA:443,46,0,1
BRDA:457,47,0,0
BRDA:484,48,0,1
BRDA:488,49,0,2
BRDA:527,50,0,10
BRDA:527,50,1,10
BRDA:527,50,2,5
BRDA:527,50,3,6
BRDA:527,50,4,0
BRDA:534,51,0,1
BRDA:542,52,0,1
BRDA:546,53,0,1
BRDA:550,54,0,1
BRDA:554,55,0,1
BRDA:561,56,0,1
BRDA:570,57,0,1
BRDA:575,58,0,1
BRDA:579,59,0,1
BRDA:618,60,0,1
BRDA:623,61,0,1
BRDA:628,62,0,1
BRDA:636,63,0,1
BRDA:643,64,0,1
BRDA:652,65,0,1
BRDA:660,66,0,4
BRDA:669,67,0,2
BRDA:674,68,0,1
BRDA:674,69,0,4
BRDA:674,69,1,2
BRDA:684,70,0,3
BRDA:686,71,0,3
BRDA:687,72,0,1
BRDA:692,73,0,1
BRDA:699,74,0,1
BRDA:699,75,0,2
BRDA:699,75,1,1
BRDA:749,76,0,1
BRDA:754,77,0,1
BRDA:770,78,0,2
BRDA:772,79,0,1
BRDA:772,79,1,1
BRDA:815,80,0,1
BRDA:822,81,0,1
BRDA:828,82,0,2
BRDA:833,83,0,1
BRDA:903,84,0,3
BRDA:903,85,0,6
BRDA:903,85,1,5
BRDA:906,86,0,1
BRDA:906,87,0,6
BRDA:906,87,1,1
BRDA:917,88,0,3
BRDA:920,89,0,0
BRF:105
BRH:94
end_of_record
TN:
SF:src\store\user.ts
FN:21,(anonymous_0)
FN:29,(anonymous_1)
FN:33,(anonymous_2)
FN:38,(anonymous_3)
FN:44,(anonymous_4)
FN:50,(anonymous_5)
FN:56,(anonymous_6)
FN:63,(anonymous_7)
FN:67,(anonymous_8)
FN:72,(anonymous_9)
FN:78,(anonymous_10)
FN:85,(anonymous_11)
FN:107,(anonymous_12)
FN:115,(anonymous_13)
FN:131,(anonymous_14)
FN:215,(anonymous_15)
FN:226,(anonymous_16)
FN:236,(anonymous_17)
FN:243,(anonymous_18)
FN:250,(anonymous_19)
FN:250,(anonymous_20)
FN:253,(anonymous_21)
FN:253,(anonymous_22)
FN:256,(anonymous_23)
FN:256,(anonymous_24)
FN:259,(anonymous_25)
FN:259,(anonymous_26)
FNF:27
FNH:26
FNDA:117,(anonymous_0)
FNDA:7,(anonymous_1)
FNDA:2,(anonymous_2)
FNDA:1,(anonymous_3)
FNDA:1,(anonymous_4)
FNDA:1,(anonymous_5)
FNDA:2,(anonymous_6)
FNDA:4,(anonymous_7)
FNDA:1,(anonymous_8)
FNDA:1,(anonymous_9)
FNDA:2,(anonymous_10)
FNDA:1,(anonymous_11)
FNDA:6,(anonymous_12)
FNDA:1,(anonymous_13)
FNDA:3,(anonymous_14)
FNDA:1,(anonymous_15)
FNDA:2,(anonymous_16)
FNDA:1,(anonymous_17)
FNDA:0,(anonymous_18)
FNDA:4,(anonymous_19)
FNDA:4,(anonymous_20)
FNDA:1,(anonymous_21)
FNDA:1,(anonymous_22)
FNDA:1,(anonymous_23)
FNDA:1,(anonymous_24)
FNDA:1,(anonymous_25)
FNDA:1,(anonymous_26)
DA:1,13
DA:11,13
DA:19,13
DA:22,117
DA:30,7
DA:31,7
DA:34,2
DA:35,2
DA:36,2
DA:42,1
DA:48,1
DA:54,1
DA:60,2
DA:61,2
DA:63,4
DA:64,2
DA:65,1
DA:67,2
DA:68,2
DA:69,1
DA:76,1
DA:79,2
DA:88,1
DA:89,1
DA:90,3
DA:91,1
DA:92,1
DA:94,1
DA:96,2
DA:97,1
DA:99,2
DA:103,1
DA:104,2
DA:105,1
DA:106,2
DA:107,6
DA:124,1
DA:128,1
DA:140,3
DA:141,3
DA:142,3
DA:143,3
DA:144,3
DA:146,3
DA:147,3
DA:148,1
DA:150,1
DA:151,1
DA:153,0
DA:155,1
DA:158,0
DA:160,1
DA:175,1
DA:179,1
DA:183,1
DA:184,2
DA:186,2
DA:187,2
DA:198,2
DA:202,2
DA:206,2
DA:208,3
DA:209,1
DA:211,3
DA:225,1
DA:226,1
DA:227,2
DA:233,1
DA:234,1
DA:240,1
DA:241,1
DA:243,0
DA:244,1
DA:245,1
DA:250,4
DA:251,4
DA:253,1
DA:254,1
DA:256,1
DA:257,1
DA:259,1
DA:260,1
DA:266,13
LF:83
LH:80
BRDA:64,0,0,1
BRDA:68,1,0,1
BRDA:90,2,0,1
BRDA:90,2,1,2
BRDA:91,3,0,1
BRDA:96,4,0,1
BRDA:104,5,0,1
BRDA:147,6,0,1
BRDA:147,6,1,2
BRDA:150,7,0,1
BRDA:150,7,1,0
BRDA:150,8,0,1
BRDA:150,8,1,1
BRDA:151,9,0,0
BRDA:151,9,1,1
BRDA:167,10,0,1
BRDA:167,10,1,0
BRDA:168,11,0,0
BRDA:168,11,1,1
BRDA:170,12,0,0
BRDA:170,12,1,1
BRDA:184,13,0,2
BRDA:190,14,0,2
BRDA:190,14,1,0
BRDA:192,15,0,2
BRDA:192,15,1,0
BRDA:208,16,0,1
BRDA:244,17,0,1
BRF:28
BRH:21
end_of_record
TN:
SF:src\tabs\Login.vue
FN:42,(anonymous_0)
FN:63,(anonymous_1)
FN:84,(anonymous_4)
FNF:3
FNH:3
FNDA:3,(anonymous_0)
FNDA:3,(anonymous_1)
FNDA:3,(anonymous_4)
DA:37,14
DA:38,14
DA:40,14
DA:43,3
DA:64,3
DA:65,1
DA:66,1
DA:69,2
DA:70,3
DA:75,2
DA:76,1
DA:77,1
DA:79,1
DA:80,1
DA:85,3
DA:86,0
LF:16
LH:15
BRDA:45,0,0,3
BRDA:45,0,1,3
BRDA:64,1,0,1
BRDA:64,2,0,3
BRDA:64,2,1,3
BRDA:64,2,2,3
BRDA:85,3,0,0
BRF:7
BRH:6
end_of_record
TN:
SF:src\tabs\Rooms.vue
FN:68,(anonymous_0)
FN:89,(anonymous_1)
FN:92,(anonymous_2)
FN:99,(anonymous_3)
FN:121,(anonymous_4)
FN:130,(anonymous_5)
FN:139,(anonymous_6)
FN:142,(anonymous_7)
FN:158,(anonymous_10)
FN:176,(anonymous_13)
FN:187,(anonymous_16)
FN:195,(anonymous_19)
FN:202,(anonymous_20)
FNF:13
FNH:12
FNDA:10,(anonymous_0)
FNDA:10,(anonymous_1)
FNDA:15,(anonymous_2)
FNDA:10,(anonymous_3)
FNDA:1,(anonymous_4)
FNDA:1,(anonymous_5)
FNDA:0,(anonymous_6)
FNDA:2,(anonymous_7)
FNDA:2,(anonymous_10)
FNDA:2,(anonymous_13)
FNDA:10,(anonymous_16)
FNDA:10,(anonymous_19)
FNDA:10,(anonymous_20)
DA:61,14
DA:62,14
DA:64,14
DA:66,14
DA:69,10
DA:90,10
DA:93,15
DA:94,4
DA:96,11
DA:100,10
DA:101,10
DA:102,10
DA:103,20
DA:104,4
DA:105,4
DA:106,4
DA:109,10
DA:122,1
DA:128,1
DA:131,1
DA:137,1
DA:140,0
DA:144,2
DA:145,2
DA:148,2
DA:155,1
DA:160,2
DA:161,3
DA:164,2
DA:170,1
DA:171,1
DA:173,1
DA:178,3
DA:181,1
DA:183,1
DA:189,20
DA:190,10
DA:192,0
DA:196,10
DA:197,1
DA:203,10
DA:204,10
LF:42
LH:40
BRDA:93,0,0,4
BRDA:93,0,1,11
BRDA:104,1,0,4
BRDA:196,2,0,1
BRDA:203,3,0,10
BRF:5
BRH:5
end_of_record
TN:
SF:src\utils\ContentRepository.ts
FN:3,get_file_from_content_repository
FN:4,(anonymous_1)
FN:14,(anonymous_2)
FNF:3
FNH:0
FNDA:0,get_file_from_content_repository
FNDA:0,(anonymous_1)
FNDA:0,(anonymous_2)
DA:1,14
DA:3,14
DA:4,0
DA:5,0
DA:6,0
DA:8,0
DA:9,0
DA:10,0
DA:11,0
DA:15,0
LF:10
LH:2
BRDA:5,0,0,0
BRF:1
BRH:0
end_of_record
TN:
SF:src\utils\consts.ts
FNF:0
FNH:0
DA:1,14
LF:1
LH:1
BRF:0
BRH:0
end_of_record
TN:
SF:src\utils\utils.ts
FN:6,uuidgen
FN:10,(anonymous_1)
FN:12,(anonymous_2)
FN:14,(anonymous_3)
FN:17,(anonymous_4)
FN:20,(anonymous_5)
FN:25,(anonymous_6)
FN:32,(anonymous_7)
FN:35,(anonymous_8)
FN:42,build_graph
FN:56,(anonymous_10)
FN:73,optimize_graph
FN:77,(anonymous_12)
FN:82,transform_path
FN:97,dfs_visit
FN:123,(anonymous_15)
FN:128,(anonymous_16)
FN:137,(anonymous_17)
FN:162,transform_to_dag
FN:183,(anonymous_19)
FN:187,(anonymous_20)
FN:192,(anonymous_21)
FN:197,dfs
FNF:23
FNH:22
FNDA:219,uuidgen
FNDA:50,(anonymous_1)
FNDA:0,(anonymous_2)
FNDA:56,(anonymous_3)
FNDA:25,(anonymous_4)
FNDA:9,(anonymous_5)
FNDA:30,(anonymous_6)
FNDA:91,(anonymous_7)
FNDA:427,(anonymous_8)
FNDA:7,build_graph
FNDA:6,(anonymous_10)
FNDA:12,optimize_graph
FNDA:21,(anonymous_12)
FNDA:12,transform_path
FNDA:51,dfs_visit
FNDA:106,(anonymous_15)
FNDA:47,(anonymous_16)
FNDA:50,(anonymous_17)
FNDA:12,transform_to_dag
FNDA:297,(anonymous_19)
FNDA:297,(anonymous_20)
FNDA:52,(anonymous_21)
FNDA:279,dfs
DA:1,27
DA:4,27
DA:6,27
DA:7,219
DA:10,27
DA:11,50
DA:12,0
DA:14,56
DA:17,27
DA:18,25
DA:19,25
DA:20,9
DA:21,9
DA:22,9
DA:25,30
DA:26,16
DA:27,30
DA:30,25
DA:32,27
DA:33,91
DA:35,27
DA:37,427
DA:42,27
DA:43,7
DA:46,7
DA:47,21
DA:49,25
DA:50,6
DA:53,25
DA:54,15
DA:56,25
DA:57,25
DA:60,0
DA:63,25
DA:70,7
DA:73,27
DA:74,12
DA:76,12
DA:77,45
DA:79,12
DA:83,12
DA:85,2
DA:88,10
DA:89,10
DA:90,10
DA:92,10
DA:93,45
DA:98,51
DA:99,6
DA:101,45
DA:102,0
DA:104,45
DA:105,45
DA:106,34
DA:108,45
DA:109,45
DA:110,45
DA:114,10
DA:115,45
DA:116,17
DA:119,10
DA:121,10
DA:122,25
DA:123,106
DA:125,76
DA:126,50
DA:127,50
DA:128,72
DA:130,72
DA:131,26
DA:133,26
DA:134,26
DA:135,26
DA:137,50
DA:138,26
DA:139,2
DA:141,24
DA:144,26
DA:145,10
DA:149,26
DA:150,22
DA:159,10
DA:163,12
DA:164,12
DA:166,12
DA:167,45
DA:168,52
DA:169,0
DA:173,12
DA:174,12
DA:175,12
DA:176,45
DA:178,12
DA:179,12
DA:180,12
DA:181,57
DA:182,57
DA:183,297
DA:185,57
DA:186,57
DA:187,297
DA:191,12
DA:192,52
DA:194,12
DA:201,279
DA:202,345
DA:204,57
DA:206,345
DA:207,234
DA:208,234
DA:209,234
LF:111
LH:107
BRDA:11,0,0,0
BRDA:11,0,1,50
BRDA:19,1,0,9
BRDA:19,1,1,16
BRDA:49,2,0,6
BRDA:53,3,0,15
BRDA:57,4,0,0
BRDA:57,4,1,25
BRDA:83,5,0,2
BRDA:98,6,0,6
BRDA:101,7,0,0
BRDA:115,8,0,17
BRDA:125,9,0,50
BRDA:130,10,0,26
BRDA:138,11,0,2
BRDA:138,11,1,24
BRDA:144,12,0,10
BRDA:149,13,0,22
BRDA:168,14,0,0
BRDA:202,15,0,57
BRDA:206,16,0,234
BRF:21
BRH:17
end_of_record
TN:
SF:src\views\Register.vue
FN:29,(anonymous_0)
FNF:1
FNH:0
FNDA:0,(anonymous_0)
DA:25,13
DA:27,13
DA:30,0
LF:3
LH:2
BRF:0
BRH:0
end_of_record
TN:
SF:src\views\RoomDetail.vue
FN:44,(anonymous_0)
FN:64,(anonymous_1)
FN:67,(anonymous_2)
FN:74,(anonymous_3)
FN:92,(anonymous_4)
FN:95,(anonymous_5)
FN:97,(anonymous_6)
FN:101,(anonymous_7)
FN:111,(anonymous_8)
FN:127,(anonymous_11)
FNF:10
FNH:8
FNDA:6,(anonymous_0)
FNDA:6,(anonymous_1)
FNDA:6,(anonymous_2)
FNDA:6,(anonymous_3)
FNDA:1,(anonymous_4)
FNDA:0,(anonymous_5)
FNDA:0,(anonymous_6)
FNDA:1,(anonymous_7)
FNDA:6,(anonymous_8)
FNDA:6,(anonymous_11)
DA:36,14
DA:37,14
DA:38,14
DA:39,14
DA:42,14
DA:45,6
DA:65,6
DA:68,6
DA:69,6
DA:71,1
DA:75,6
DA:76,6
DA:78,1
DA:93,1
DA:95,0
DA:96,0
DA:97,0
DA:98,0
DA:102,1
DA:103,1
DA:107,0
DA:113,12
DA:114,6
DA:115,1
DA:122,6
DA:125,6
DA:128,6
DA:131,0
LF:28
LH:22
BRDA:114,0,0,1
BRF:1
BRH:1
end_of_record
TN:
SF:src\views\RoomTxHistory.vue
FN:105,(anonymous_0)
FN:125,(anonymous_1)
FN:128,(anonymous_2)
FN:131,(anonymous_3)
FN:134,(anonymous_4)
FN:139,(anonymous_5)
FN:140,(anonymous_6)
FN:145,(anonymous_7)
FN:163,(anonymous_8)
FN:172,(anonymous_9)
FN:175,(anonymous_10)
FN:179,(anonymous_11)
FN:193,(anonymous_14)
FN:197,(anonymous_15)
FN:207,(anonymous_16)
FN:209,(anonymous_17)
FN:219,(anonymous_18)
FN:226,(anonymous_19)
FNF:18
FNH:17
FNDA:10,(anonymous_0)
FNDA:10,(anonymous_1)
FNDA:10,(anonymous_2)
FNDA:10,(anonymous_3)
FNDA:22,(anonymous_4)
FNDA:2,(anonymous_5)
FNDA:2,(anonymous_6)
FNDA:2,(anonymous_7)
FNDA:3,(anonymous_8)
FNDA:1,(anonymous_9)
FNDA:1,(anonymous_10)
FNDA:10,(anonymous_11)
FNDA:10,(anonymous_14)
FNDA:0,(anonymous_15)
FNDA:22,(anonymous_16)
FNDA:1,(anonymous_17)
FNDA:11,(anonymous_18)
FNDA:11,(anonymous_19)
DA:97,13
DA:98,13
DA:99,13
DA:100,13
DA:101,13
DA:103,13
DA:106,10
DA:126,10
DA:129,10
DA:132,10
DA:134,22
DA:135,22
DA:136,12
DA:137,12
DA:138,1
DA:139,2
DA:140,2
DA:143,12
DA:145,2
DA:147,12
DA:149,10
DA:164,3
DA:165,1
DA:166,1
DA:168,2
DA:169,2
DA:173,1
DA:176,1
DA:181,20
DA:182,10
DA:183,0
DA:190,10
DA:191,10
DA:194,10
DA:195,10
DA:196,10
DA:197,10
DA:198,0
DA:202,0
DA:207,22
DA:208,22
DA:209,2
DA:210,2
DA:211,1
DA:212,1
DA:220,11
DA:221,11
DA:227,11
DA:228,11
LF:49
LH:46
BRDA:135,0,0,12
BRDA:135,0,1,10
BRDA:135,1,0,22
BRDA:135,1,1,22
BRDA:137,2,0,1
BRDA:139,3,0,2
BRDA:139,3,1,2
BRDA:143,4,0,1
BRDA:164,5,0,1
BRDA:164,5,1,2
BRDA:164,6,0,3
BRDA:164,6,1,1
BRDA:164,7,0,2
BRDA:164,7,1,1
BRDA:164,8,0,3
BRDA:164,8,1,1
BRDA:182,9,0,0
BRDA:208,10,0,2
BRDA:210,11,0,1
BRF:19
BRH:18
end_of_record
TN:
SF:tests\test_utils.ts
FNF:0
FNH:0
DA:1,2
DA:6,2
DA:10,2
DA:15,2
LF:4
LH:4
BRF:0
BRH:0
end_of_record
TN:
SF:tests\unit\mocks\mocked_batch_message_data.ts
FNF:0
FNH:0
DA:1,1
DA:487,1
DA:973,1
DA:979,1
LF:4
LH:4
BRF:0
BRH:0
end_of_record
TN:
SF:tests\unit\mocks\mocked_full_tx_data.ts
FNF:0
FNH:0
DA:1,1
DA:240,1
DA:423,1
DA:532,1
DA:538,1
LF:5
LH:5
BRF:0
BRH:0
end_of_record
TN:
SF:tests\unit\mocks\mocked_graph.ts
FNF:0
FNH:0
DA:3,3
DA:11,3
DA:19,3
DA:30,3
DA:41,3
DA:50,3
DA:59,3
DA:69,3
DA:79,3
DA:90,3
LF:10
LH:10
BRF:0
BRH:0
end_of_record
TN:
SF:tests\unit\mocks\mocked_long_poll_data.ts
FNF:0
FNH:0
DA:1,1
LF:1
LH:1
BRF:0
BRH:0
end_of_record
TN:
SF:tests\unit\mocks\mocked_resync_data.ts
FNF:0
FNH:0
DA:1,1
LF:1
LH:1
BRF:0
BRH:0
end_of_record
TN:
SF:tests\unit\mocks\mocked_sync_data.ts
FNF:0
FNH:0
DA:1,1
DA:1515,1
DA:1704,1
DA:1893,1
DA:2076,1
DA:2080,1
LF:6
LH:6
BRF:0
BRH:0
end_of_record
TN:
SF:tests\unit\mocks\mocked_user.ts
FNF:0
FNH:0
DA:4,27
DA:8,27
DA:12,27
DA:16,27
DA:20,27
DA:24,27
DA:28,27
DA:32,27
DA:36,27
DA:40,27
DA:44,27
DA:48,27
DA:52,27
DA:53,27
DA:71,27
DA:84,27
DA:90,27
DA:103,27
DA:116,27
DA:130,27
DA:148,27
LF:21
LH:21
BRF:0
BRH:0
end_of_record
