{"D:\\王直\\大学学习资料\\第五学期\\TES\\Repository\\matpay\\src\\App.vue": {"path":"D:\\王直\\大学学习资料\\第五学期\\TES\\Repository\\matpay\\src\\App.vue","statementMap":{"0":{"start":{"line":41,"column":0},"end":{"line":41,"column":null}},"1":{"start":{"line":42,"column":0},"end":{"line":42,"column":null}},"2":{"start":{"line":44,"column":0},"end":{"line":44,"column":15}},"3":{"start":{"line":47,"column":4},"end":{"line":47,"column":11}},"4":{"start":{"line":61,"column":6},"end":{"line":61,"column":11}},"5":{"start":{"line":62,"column":6},"end":{"line":62,"column":11}}},"fnMap":{"0":{"name":"(anonymous_0)","decl":{"start":{"line":46,"column":6},"end":{"line":46,"column":null}},"loc":{"start":{"line":46,"column":6},"end":{"line":48,"column":null}}},"1":{"name":"(anonymous_1)","decl":{"start":{"line":60,"column":10},"end":{"line":60,"column":null}},"loc":{"start":{"line":60,"column":10},"end":{"line":63,"column":null}}}},"branchMap":{},"s":{"0":1,"1":1,"2":1,"3":3,"4":0,"5":0},"f":{"0":3,"1":0},"b":{}}
,"D:\\王直\\大学学习资料\\第五学期\\TES\\Repository\\matpay\\src\\assets\\CreateAccountTchncs.jpg": {"path":"D:\\王直\\大学学习资料\\第五学期\\TES\\Repository\\matpay\\src\\assets\\CreateAccountTchncs.jpg","statementMap":{"0":{"start":{"line":1,"column":0},"end":{"line":1,"column":19}}},"fnMap":{},"branchMap":{},"s":{"0":1},"f":{},"b":{},"_coverageSchema":"1a1c01bbd47fc00a2c39e90264f33305004495a9","hash":"54f271d9d0ecf94ee6d0f286d3f7a0da8beb2093"}
,"D:\\王直\\大学学习资料\\第五学期\\TES\\Repository\\matpay\\src\\assets\\RegisterPageElement.jpg": {"path":"D:\\王直\\大学学习资料\\第五学期\\TES\\Repository\\matpay\\src\\assets\\RegisterPageElement.jpg","statementMap":{"0":{"start":{"line":1,"column":0},"end":{"line":1,"column":19}}},"fnMap":{},"branchMap":{},"s":{"0":1},"f":{},"b":{},"_coverageSchema":"1a1c01bbd47fc00a2c39e90264f33305004495a9","hash":"7c0ca89bd2bf7b671767e108a4687afcdcb97d3a"}
,"D:\\王直\\大学学习资料\\第五学期\\TES\\Repository\\matpay\\src\\components\\ChatComponent.vue": {"path":"D:\\王直\\大学学习资料\\第五学期\\TES\\Repository\\matpay\\src\\components\\ChatComponent.vue","statementMap":{"0":{"start":{"line":36,"column":0},"end":{"line":36,"column":null}},"1":{"start":{"line":37,"column":0},"end":{"line":37,"column":null}},"2":{"start":{"line":39,"column":0},"end":{"line":39,"column":null}},"3":{"start":{"line":40,"column":0},"end":{"line":40,"column":null}},"4":{"start":{"line":41,"column":0},"end":{"line":41,"column":null}},"5":{"start":{"line":42,"column":0},"end":{"line":42,"column":null}},"6":{"start":{"line":44,"column":0},"end":{"line":44,"column":15}},"7":{"start":{"line":52,"column":4},"end":{"line":52,"column":11}},"8":{"start":{"line":69,"column":6},"end":{"line":69,"column":13}},"9":{"start":{"line":72,"column":24},"end":{"line":72,"column":null}},"10":{"start":{"line":73,"column":6},"end":{"line":73,"column":13}},"11":{"start":{"line":89,"column":6},"end":{"line":89,"column":11}},"12":{"start":{"line":90,"column":6},"end":{"line":90,"column":11}},"13":{"start":{"line":93,"column":10},"end":{"line":93,"column":15}},"14":{"start":{"line":95,"column":10},"end":{"line":95,"column":16}},"15":{"start":{"line":99,"column":10},"end":{"line":99,"column":15}},"16":{"start":{"line":101,"column":10},"end":{"line":101,"column":17}}},"fnMap":{"0":{"name":"(anonymous_0)","decl":{"start":{"line":51,"column":2},"end":{"line":51,"column":6}},"loc":{"start":{"line":51,"column":2},"end":{"line":59,"column":null}}},"1":{"name":"(anonymous_1)","decl":{"start":{"line":68,"column":4},"end":{"line":68,"column":11}},"loc":{"start":{"line":68,"column":4},"end":{"line":70,"column":null}}},"2":{"name":"(anonymous_2)","decl":{"start":{"line":71,"column":4},"end":{"line":71,"column":12}},"loc":{"start":{"line":71,"column":4},"end":{"line":76,"column":null}}},"3":{"name":"(anonymous_3)","decl":{"start":{"line":88,"column":17},"end":{"line":88,"column":null}},"loc":{"start":{"line":88,"column":17},"end":{"line":91,"column":null}}},"4":{"name":"(anonymous_4)","decl":{"start":{"line":92,"column":23},"end":{"line":92,"column":null}},"loc":{"start":{"line":92,"column":23},"end":{"line":104,"column":null}}}},"branchMap":{"0":{"loc":{"start":{"line":93,"column":10},"end":{"line":93,"column":15}},"type":"if","locations":[{"start":{"line":93,"column":10},"end":{"line":93,"column":15}}]}},"s":{"0":2,"1":2,"2":2,"3":2,"4":2,"5":2,"6":2,"7":6,"8":7,"9":7,"10":7,"11":0,"12":0,"13":2,"14":3,"15":1,"16":1},"f":{"0":6,"1":7,"2":7,"3":0,"4":2},"b":{"0":[0]}}
,"D:\\王直\\大学学习资料\\第五学期\\TES\\Repository\\matpay\\src\\components\\ChatMessageBox.vue": {"path":"D:\\王直\\大学学习资料\\第五学期\\TES\\Repository\\matpay\\src\\components\\ChatMessageBox.vue","statementMap":{"0":{"start":{"line":13,"column":0},"end":{"line":13,"column":null}},"1":{"start":{"line":14,"column":0},"end":{"line":14,"column":null}},"2":{"start":{"line":19,"column":0},"end":{"line":19,"column":15}},"3":{"start":{"line":22,"column":4},"end":{"line":22,"column":11}}},"fnMap":{"0":{"name":"(anonymous_0)","decl":{"start":{"line":21,"column":2},"end":{"line":21,"column":6}},"loc":{"start":{"line":21,"column":2},"end":{"line":25,"column":null}}}},"branchMap":{},"s":{"0":3,"1":3,"2":3,"3":4},"f":{"0":4},"b":{}}
,"D:\\王直\\大学学习资料\\第五学期\\TES\\Repository\\matpay\\src\\components\\MemberList.vue": {"path":"D:\\王直\\大学学习资料\\第五学期\\TES\\Repository\\matpay\\src\\components\\MemberList.vue","statementMap":{"0":{"start":{"line":23,"column":0},"end":{"line":23,"column":null}},"1":{"start":{"line":24,"column":0},"end":{"line":24,"column":null}},"2":{"start":{"line":25,"column":0},"end":{"line":25,"column":null}},"3":{"start":{"line":27,"column":0},"end":{"line":27,"column":null}},"4":{"start":{"line":28,"column":0},"end":{"line":28,"column":null}},"5":{"start":{"line":29,"column":0},"end":{"line":29,"column":null}},"6":{"start":{"line":31,"column":0},"end":{"line":31,"column":15}},"7":{"start":{"line":35,"column":6},"end":{"line":35,"column":13}},"8":{"start":{"line":47,"column":4},"end":{"line":47,"column":11}},"9":{"start":{"line":60,"column":4},"end":{"line":60,"column":19}},"10":{"start":{"line":61,"column":27},"end":{"line":61,"column":null}},"11":{"start":{"line":61,"column":55},"end":{"line":61,"column":61}},"12":{"start":{"line":62,"column":6},"end":{"line":62,"column":13}},"13":{"start":{"line":78,"column":24},"end":{"line":78,"column":34}},"14":{"start":{"line":79,"column":6},"end":{"line":88,"column":null}},"15":{"start":{"line":81,"column":8},"end":{"line":86,"column":null}},"16":{"start":{"line":81,"column":21},"end":{"line":81,"column":24}},"17":{"start":{"line":82,"column":10},"end":{"line":85,"column":null}},"18":{"start":{"line":83,"column":12},"end":{"line":83,"column":21}},"19":{"start":{"line":84,"column":12},"end":{"line":84,"column":null}},"20":{"start":{"line":87,"column":8},"end":{"line":87,"column":13}},"21":{"start":{"line":91,"column":6},"end":{"line":91,"column":11}},"22":{"start":{"line":95,"column":25},"end":{"line":95,"column":30}},"23":{"start":{"line":96,"column":31},"end":{"line":96,"column":41}},"24":{"start":{"line":97,"column":6},"end":{"line":105,"column":null}},"25":{"start":{"line":98,"column":8},"end":{"line":101,"column":null}},"26":{"start":{"line":99,"column":10},"end":{"line":99,"column":15}},"27":{"start":{"line":100,"column":10},"end":{"line":100,"column":null}},"28":{"start":{"line":102,"column":13},"end":{"line":105,"column":null}},"29":{"start":{"line":103,"column":8},"end":{"line":103,"column":13}},"30":{"start":{"line":104,"column":8},"end":{"line":104,"column":null}},"31":{"start":{"line":106,"column":6},"end":{"line":106,"column":11}},"32":{"start":{"line":109,"column":6},"end":{"line":109,"column":11}},"33":{"start":{"line":110,"column":6},"end":{"line":110,"column":11}},"34":{"start":{"line":111,"column":21},"end":{"line":111,"column":null}},"35":{"start":{"line":112,"column":6},"end":{"line":112,"column":11}},"36":{"start":{"line":115,"column":6},"end":{"line":115,"column":11}},"37":{"start":{"line":116,"column":6},"end":{"line":116,"column":11}},"38":{"start":{"line":117,"column":21},"end":{"line":117,"column":null}},"39":{"start":{"line":118,"column":6},"end":{"line":118,"column":11}},"40":{"start":{"line":121,"column":21},"end":{"line":121,"column":null}},"41":{"start":{"line":125,"column":6},"end":{"line":125,"column":11}},"42":{"start":{"line":129,"column":8},"end":{"line":129,"column":14}},"43":{"start":{"line":135,"column":8},"end":{"line":135,"column":13}},"44":{"start":{"line":140,"column":8},"end":{"line":140,"column":14}},"45":{"start":{"line":143,"column":8},"end":{"line":143,"column":13}},"46":{"start":{"line":147,"column":8},"end":{"line":147,"column":13}},"47":{"start":{"line":154,"column":8},"end":{"line":154,"column":13}},"48":{"start":{"line":155,"column":8},"end":{"line":155,"column":13}}},"fnMap":{"0":{"name":"(anonymous_0)","decl":{"start":{"line":34,"column":16},"end":{"line":34,"column":17}},"loc":{"start":{"line":34,"column":30},"end":{"line":36,"column":null}}},"1":{"name":"(anonymous_1)","decl":{"start":{"line":46,"column":2},"end":{"line":46,"column":6}},"loc":{"start":{"line":46,"column":2},"end":{"line":52,"column":null}}},"2":{"name":"(anonymous_2)","decl":{"start":{"line":60,"column":19},"end":{"line":60,"column":null}},"loc":{"start":{"line":60,"column":19},"end":{"line":63,"column":null}}},"3":{"name":"(anonymous_3)","decl":{"start":{"line":61,"column":45},"end":{"line":61,"column":51}},"loc":{"start":{"line":61,"column":51},"end":{"line":61,"column":93}}},"4":{"name":"(anonymous_4)","decl":{"start":{"line":77,"column":22},"end":{"line":77,"column":null}},"loc":{"start":{"line":77,"column":22},"end":{"line":89,"column":null}}},"5":{"name":"(anonymous_5)","decl":{"start":{"line":90,"column":4},"end":{"line":90,"column":12}},"loc":{"start":{"line":90,"column":27},"end":{"line":92,"column":null}}},"6":{"name":"(anonymous_6)","decl":{"start":{"line":93,"column":26},"end":{"line":93,"column":null}},"loc":{"start":{"line":93,"column":26},"end":{"line":107,"column":null}}},"7":{"name":"(anonymous_7)","decl":{"start":{"line":108,"column":4},"end":{"line":108,"column":11}},"loc":{"start":{"line":108,"column":28},"end":{"line":113,"column":null}}},"8":{"name":"(anonymous_8)","decl":{"start":{"line":114,"column":4},"end":{"line":114,"column":10}},"loc":{"start":{"line":114,"column":27},"end":{"line":119,"column":null}}},"9":{"name":"(anonymous_9)","decl":{"start":{"line":120,"column":12},"end":{"line":120,"column":null}},"loc":{"start":{"line":120,"column":12},"end":{"line":126,"column":null}}},"10":{"name":"(anonymous_10)","decl":{"start":{"line":127,"column":20},"end":{"line":127,"column":null}},"loc":{"start":{"line":127,"column":20},"end":{"line":137,"column":null}}},"11":{"name":"(anonymous_13)","decl":{"start":{"line":138,"column":26},"end":{"line":138,"column":null}},"loc":{"start":{"line":138,"column":26},"end":{"line":149,"column":null}}},"12":{"name":"(anonymous_16)","decl":{"start":{"line":153,"column":13},"end":{"line":153,"column":null}},"loc":{"start":{"line":153,"column":13},"end":{"line":156,"column":null}}}},"branchMap":{"0":{"loc":{"start":{"line":62,"column":13},"end":{"line":62,"column":null}},"type":"binary-expr","locations":[{"start":{"line":62,"column":13},"end":{"line":62,"column":41}},{"start":{"line":62,"column":41},"end":{"line":62,"column":null}}]},"1":{"loc":{"start":{"line":79,"column":6},"end":{"line":88,"column":null}},"type":"if","locations":[{"start":{"line":79,"column":6},"end":{"line":88,"column":null}}]},"2":{"loc":{"start":{"line":82,"column":10},"end":{"line":85,"column":null}},"type":"if","locations":[{"start":{"line":82,"column":10},"end":{"line":85,"column":null}}]},"3":{"loc":{"start":{"line":97,"column":6},"end":{"line":105,"column":null}},"type":"if","locations":[{"start":{"line":97,"column":6},"end":{"line":105,"column":null}},{"start":{"line":102,"column":13},"end":{"line":105,"column":null}}]},"4":{"loc":{"start":{"line":98,"column":8},"end":{"line":101,"column":null}},"type":"if","locations":[{"start":{"line":98,"column":8},"end":{"line":101,"column":null}}]},"5":{"loc":{"start":{"line":102,"column":13},"end":{"line":105,"column":null}},"type":"if","locations":[{"start":{"line":102,"column":13},"end":{"line":105,"column":null}}]}},"s":{"0":3,"1":3,"2":3,"3":3,"4":3,"5":3,"6":3,"7":0,"8":2,"9":2,"10":2,"11":3,"12":1,"13":2,"14":2,"15":2,"16":2,"17":2,"18":2,"19":2,"20":2,"21":0,"22":0,"23":0,"24":0,"25":0,"26":0,"27":0,"28":0,"29":0,"30":0,"31":0,"32":0,"33":0,"34":0,"35":0,"36":0,"37":0,"38":0,"39":0,"40":0,"41":0,"42":0,"43":0,"44":0,"45":0,"46":0,"47":2,"48":2},"f":{"0":0,"1":2,"2":2,"3":3,"4":2,"5":0,"6":0,"7":0,"8":0,"9":0,"10":0,"11":0,"12":2},"b":{"0":[1,1],"1":[2],"2":[2],"3":[0,0],"4":[0],"5":[0]}}
,"D:\\王直\\大学学习资料\\第五学期\\TES\\Repository\\matpay\\src\\components\\TxApprovedMessageBox.vue": {"path":"D:\\王直\\大学学习资料\\第五学期\\TES\\Repository\\matpay\\src\\components\\TxApprovedMessageBox.vue","statementMap":{"0":{"start":{"line":26,"column":0},"end":{"line":26,"column":null}},"1":{"start":{"line":27,"column":0},"end":{"line":27,"column":null}},"2":{"start":{"line":32,"column":0},"end":{"line":32,"column":15}},"3":{"start":{"line":43,"column":4},"end":{"line":43,"column":11}},"4":{"start":{"line":58,"column":6},"end":{"line":58,"column":11}}},"fnMap":{"0":{"name":"(anonymous_0)","decl":{"start":{"line":42,"column":2},"end":{"line":42,"column":6}},"loc":{"start":{"line":42,"column":2},"end":{"line":49,"column":null}}},"1":{"name":"(anonymous_1)","decl":{"start":{"line":57,"column":19},"end":{"line":57,"column":null}},"loc":{"start":{"line":57,"column":19},"end":{"line":65,"column":null}}}},"branchMap":{"0":{"loc":{"start":{"line":62,"column":26},"end":{"line":62,"column":null}},"type":"cond-expr","locations":[{"start":{"line":62,"column":42},"end":{"line":62,"column":44}},{"start":{"line":62,"column":42},"end":{"line":62,"column":null}}]},"1":{"loc":{"start":{"line":62,"column":26},"end":{"line":62,"column":44}},"type":"binary-expr","locations":[{"start":{"line":62,"column":26},"end":{"line":62,"column":44}},{"start":{"line":62,"column":42},"end":{"line":62,"column":44}}]}},"s":{"0":3,"1":3,"2":3,"3":3,"4":1},"f":{"0":3,"1":1},"b":{"0":[0,1],"1":[1,1]}}
,"D:\\王直\\大学学习资料\\第五学期\\TES\\Repository\\matpay\\src\\components\\TxDetail.vue": {"path":"D:\\王直\\大学学习资料\\第五学期\\TES\\Repository\\matpay\\src\\components\\TxDetail.vue","statementMap":{"0":{"start":{"line":25,"column":0},"end":{"line":25,"column":null}},"1":{"start":{"line":26,"column":0},"end":{"line":26,"column":null}},"2":{"start":{"line":28,"column":0},"end":{"line":28,"column":null}},"3":{"start":{"line":29,"column":0},"end":{"line":29,"column":15}},"4":{"start":{"line":41,"column":4},"end":{"line":41,"column":11}},"5":{"start":{"line":54,"column":6},"end":{"line":54,"column":11}},"6":{"start":{"line":57,"column":6},"end":{"line":57,"column":11}}},"fnMap":{"0":{"name":"(anonymous_0)","decl":{"start":{"line":40,"column":6},"end":{"line":40,"column":null}},"loc":{"start":{"line":40,"column":6},"end":{"line":43,"column":null}}},"1":{"name":"(anonymous_1)","decl":{"start":{"line":53,"column":22},"end":{"line":53,"column":null}},"loc":{"start":{"line":53,"column":22},"end":{"line":55,"column":null}}},"2":{"name":"(anonymous_2)","decl":{"start":{"line":56,"column":4},"end":{"line":56,"column":12}},"loc":{"start":{"line":56,"column":23},"end":{"line":58,"column":null}}}},"branchMap":{},"s":{"0":3,"1":3,"2":3,"3":3,"4":6,"5":0,"6":0},"f":{"0":6,"1":0,"2":0},"b":{}}
,"D:\\王直\\大学学习资料\\第五学期\\TES\\Repository\\matpay\\src\\components\\TxList.vue": {"path":"D:\\王直\\大学学习资料\\第五学期\\TES\\Repository\\matpay\\src\\components\\TxList.vue","statementMap":{"0":{"start":{"line":8,"column":0},"end":{"line":8,"column":null}},"1":{"start":{"line":11,"column":0},"end":{"line":11,"column":15}},"2":{"start":{"line":15,"column":6},"end":{"line":15,"column":13}},"3":{"start":{"line":24,"column":4},"end":{"line":24,"column":11}},"4":{"start":{"line":31,"column":6},"end":{"line":31,"column":11}}},"fnMap":{"0":{"name":"(anonymous_0)","decl":{"start":{"line":14,"column":16},"end":{"line":14,"column":17}},"loc":{"start":{"line":14,"column":39},"end":{"line":16,"column":null}}},"1":{"name":"(anonymous_1)","decl":{"start":{"line":23,"column":6},"end":{"line":23,"column":null}},"loc":{"start":{"line":23,"column":6},"end":{"line":26,"column":null}}},"2":{"name":"(anonymous_2)","decl":{"start":{"line":30,"column":4},"end":{"line":30,"column":18}},"loc":{"start":{"line":30,"column":42},"end":{"line":32,"column":null}}}},"branchMap":{},"s":{"0":3,"1":3,"2":2,"3":3,"4":2},"f":{"0":2,"1":3,"2":2},"b":{}}
,"D:\\王直\\大学学习资料\\第五学期\\TES\\Repository\\matpay\\src\\components\\TxPendingMessageBox.vue": {"path":"D:\\王直\\大学学习资料\\第五学期\\TES\\Repository\\matpay\\src\\components\\TxPendingMessageBox.vue","statementMap":{"0":{"start":{"line":24,"column":0},"end":{"line":24,"column":null}},"1":{"start":{"line":25,"column":0},"end":{"line":25,"column":null}},"2":{"start":{"line":33,"column":0},"end":{"line":33,"column":null}},"3":{"start":{"line":35,"column":0},"end":{"line":35,"column":15}},"4":{"start":{"line":46,"column":4},"end":{"line":46,"column":11}},"5":{"start":{"line":66,"column":6},"end":{"line":66,"column":11}},"6":{"start":{"line":70,"column":8},"end":{"line":70,"column":14}},"7":{"start":{"line":75,"column":8},"end":{"line":75,"column":15}},"8":{"start":{"line":77,"column":6},"end":{"line":77,"column":11}}},"fnMap":{"0":{"name":"(anonymous_0)","decl":{"start":{"line":45,"column":2},"end":{"line":45,"column":6}},"loc":{"start":{"line":45,"column":2},"end":{"line":52,"column":null}}},"1":{"name":"(anonymous_1)","decl":{"start":{"line":65,"column":18},"end":{"line":65,"column":null}},"loc":{"start":{"line":65,"column":18},"end":{"line":67,"column":null}}},"2":{"name":"(anonymous_2)","decl":{"start":{"line":68,"column":4},"end":{"line":68,"column":10}},"loc":{"start":{"line":68,"column":48},"end":{"line":78,"column":null}}}},"branchMap":{},"s":{"0":3,"1":3,"2":3,"3":3,"4":2,"5":0,"6":2,"7":0,"8":1},"f":{"0":2,"1":0,"2":1},"b":{}}
,"D:\\王直\\大学学习资料\\第五学期\\TES\\Repository\\matpay\\src\\components\\UserCard.vue": {"path":"D:\\王直\\大学学习资料\\第五学期\\TES\\Repository\\matpay\\src\\components\\UserCard.vue","statementMap":{"0":{"start":{"line":32,"column":0},"end":{"line":32,"column":null}},"1":{"start":{"line":33,"column":0},"end":{"line":33,"column":null}},"2":{"start":{"line":34,"column":0},"end":{"line":34,"column":null}},"3":{"start":{"line":35,"column":0},"end":{"line":35,"column":null}},"4":{"start":{"line":36,"column":0},"end":{"line":36,"column":null}},"5":{"start":{"line":41,"column":0},"end":{"line":41,"column":15}},"6":{"start":{"line":65,"column":6},"end":{"line":65,"column":13}},"7":{"start":{"line":75,"column":4},"end":{"line":75,"column":11}},"8":{"start":{"line":88,"column":4},"end":{"line":88,"column":20}},"9":{"start":{"line":89,"column":6},"end":{"line":106,"column":null}},"10":{"start":{"line":90,"column":8},"end":{"line":90,"column":13}},"11":{"start":{"line":91,"column":8},"end":{"line":91,"column":13}},"12":{"start":{"line":92,"column":8},"end":{"line":92,"column":13}},"13":{"start":{"line":93,"column":8},"end":{"line":93,"column":13}},"14":{"start":{"line":94,"column":8},"end":{"line":105,"column":null}},"15":{"start":{"line":95,"column":10},"end":{"line":95,"column":43}},"16":{"start":{"line":97,"column":25},"end":{"line":97,"column":29}},"17":{"start":{"line":98,"column":14},"end":{"line":98,"column":16}},"18":{"start":{"line":99,"column":16},"end":{"line":99,"column":20}},"19":{"start":{"line":101,"column":14},"end":{"line":101,"column":16}},"20":{"start":{"line":104,"column":10},"end":{"line":104,"column":15}},"21":{"start":{"line":109,"column":6},"end":{"line":109,"column":11}},"22":{"start":{"line":110,"column":6},"end":{"line":114,"column":null}},"23":{"start":{"line":111,"column":8},"end":{"line":111,"column":13}},"24":{"start":{"line":112,"column":13},"end":{"line":114,"column":null}},"25":{"start":{"line":113,"column":8},"end":{"line":113,"column":13}},"26":{"start":{"line":117,"column":6},"end":{"line":117,"column":11}},"27":{"start":{"line":120,"column":6},"end":{"line":122,"column":null}},"28":{"start":{"line":121,"column":8},"end":{"line":121,"column":13}},"29":{"start":{"line":126,"column":8},"end":{"line":126,"column":14}},"30":{"start":{"line":130,"column":8},"end":{"line":130,"column":13}},"31":{"start":{"line":132,"column":8},"end":{"line":132,"column":13}}},"fnMap":{"0":{"name":"(anonymous_0)","decl":{"start":{"line":64,"column":4},"end":{"line":64,"column":16}},"loc":{"start":{"line":64,"column":4},"end":{"line":66,"column":null}}},"1":{"name":"(anonymous_1)","decl":{"start":{"line":74,"column":2},"end":{"line":74,"column":6}},"loc":{"start":{"line":74,"column":2},"end":{"line":83,"column":null}}},"2":{"name":"(anonymous_2)","decl":{"start":{"line":88,"column":4},"end":{"line":88,"column":20}},"loc":{"start":{"line":88,"column":4},"end":{"line":107,"column":null}}},"3":{"name":"(anonymous_3)","decl":{"start":{"line":96,"column":18},"end":{"line":96,"column":26}},"loc":{"start":{"line":96,"column":26},"end":{"line":102,"column":null}}},"4":{"name":"(anonymous_4)","decl":{"start":{"line":98,"column":29},"end":{"line":98,"column":null}},"loc":{"start":{"line":98,"column":29},"end":{"line":100,"column":null}}},"5":{"name":"(anonymous_5)","decl":{"start":{"line":108,"column":4},"end":{"line":108,"column":23}},"loc":{"start":{"line":108,"column":50},"end":{"line":115,"column":null}}},"6":{"name":"(anonymous_6)","decl":{"start":{"line":116,"column":18},"end":{"line":116,"column":null}},"loc":{"start":{"line":116,"column":18},"end":{"line":118,"column":null}}},"7":{"name":"(anonymous_7)","decl":{"start":{"line":119,"column":25},"end":{"line":119,"column":null}},"loc":{"start":{"line":119,"column":25},"end":{"line":123,"column":null}}},"8":{"name":"(anonymous_10)","decl":{"start":{"line":124,"column":19},"end":{"line":124,"column":null}},"loc":{"start":{"line":124,"column":19},"end":{"line":134,"column":null}}}},"branchMap":{"0":{"loc":{"start":{"line":89,"column":6},"end":{"line":106,"column":null}},"type":"if","locations":[{"start":{"line":89,"column":6},"end":{"line":106,"column":null}}]},"1":{"loc":{"start":{"line":94,"column":8},"end":{"line":105,"column":null}},"type":"if","locations":[{"start":{"line":94,"column":8},"end":{"line":105,"column":null}},{"start":{"line":103,"column":15},"end":{"line":105,"column":null}}]},"2":{"loc":{"start":{"line":110,"column":6},"end":{"line":114,"column":null}},"type":"if","locations":[{"start":{"line":110,"column":6},"end":{"line":114,"column":null}},{"start":{"line":112,"column":13},"end":{"line":114,"column":null}}]},"3":{"loc":{"start":{"line":112,"column":13},"end":{"line":114,"column":null}},"type":"if","locations":[{"start":{"line":112,"column":13},"end":{"line":114,"column":null}}]},"4":{"loc":{"start":{"line":120,"column":6},"end":{"line":122,"column":null}},"type":"if","locations":[{"start":{"line":120,"column":6},"end":{"line":122,"column":null}}]},"5":{"loc":{"start":{"line":128,"column":21},"end":{"line":128,"column":null}},"type":"cond-expr","locations":[{"start":{"line":128,"column":37},"end":{"line":128,"column":39}},{"start":{"line":128,"column":37},"end":{"line":128,"column":null}}]},"6":{"loc":{"start":{"line":128,"column":21},"end":{"line":128,"column":39}},"type":"binary-expr","locations":[{"start":{"line":128,"column":21},"end":{"line":128,"column":39}},{"start":{"line":128,"column":37},"end":{"line":128,"column":39}}]}},"s":{"0":4,"1":4,"2":4,"3":4,"4":4,"5":4,"6":6,"7":6,"8":6,"9":6,"10":6,"11":6,"12":6,"13":6,"14":6,"15":0,"16":0,"17":0,"18":0,"19":0,"20":6,"21":0,"22":0,"23":0,"24":0,"25":0,"26":0,"27":0,"28":0,"29":0,"30":0,"31":0},"f":{"0":6,"1":6,"2":6,"3":0,"4":0,"5":0,"6":0,"7":0,"8":0},"b":{"0":[6],"1":[0,6],"2":[0,0],"3":[0],"4":[0],"5":[0,0],"6":[0,0]}}
,"D:\\王直\\大学学习资料\\第五学期\\TES\\Repository\\matpay\\src\\dialogs\\ApprovalDialog.vue": {"path":"D:\\王直\\大学学习资料\\第五学期\\TES\\Repository\\matpay\\src\\dialogs\\ApprovalDialog.vue","statementMap":{"0":{"start":{"line":70,"column":0},"end":{"line":70,"column":null}},"1":{"start":{"line":71,"column":0},"end":{"line":71,"column":null}},"2":{"start":{"line":72,"column":0},"end":{"line":72,"column":null}},"3":{"start":{"line":76,"column":0},"end":{"line":76,"column":15}},"4":{"start":{"line":88,"column":4},"end":{"line":88,"column":11}},"5":{"start":{"line":98,"column":6},"end":{"line":98,"column":13}},"6":{"start":{"line":99,"column":47},"end":{"line":99,"column":48}},"7":{"start":{"line":106,"column":6},"end":{"line":106,"column":11}},"8":{"start":{"line":107,"column":6},"end":{"line":107,"column":11}},"9":{"start":{"line":110,"column":6},"end":{"line":110,"column":11}},"10":{"start":{"line":111,"column":6},"end":{"line":111,"column":11}},"11":{"start":{"line":114,"column":6},"end":{"line":114,"column":11}},"12":{"start":{"line":117,"column":6},"end":{"line":117,"column":11}},"13":{"start":{"line":121,"column":15},"end":{"line":121,"column":38}},"14":{"start":{"line":122,"column":4},"end":{"line":122,"column":9}}},"fnMap":{"0":{"name":"(anonymous_0)","decl":{"start":{"line":87,"column":2},"end":{"line":87,"column":6}},"loc":{"start":{"line":87,"column":2},"end":{"line":92,"column":null}}},"1":{"name":"(anonymous_1)","decl":{"start":{"line":97,"column":31},"end":{"line":97,"column":null}},"loc":{"start":{"line":97,"column":31},"end":{"line":100,"column":null}}},"2":{"name":"(anonymous_2)","decl":{"start":{"line":99,"column":42},"end":{"line":99,"column":43}},"loc":{"start":{"line":99,"column":43},"end":{"line":99,"column":61}}},"3":{"name":"(anonymous_3)","decl":{"start":{"line":105,"column":8},"end":{"line":105,"column":null}},"loc":{"start":{"line":105,"column":8},"end":{"line":108,"column":null}}},"4":{"name":"(anonymous_4)","decl":{"start":{"line":109,"column":8},"end":{"line":109,"column":null}},"loc":{"start":{"line":109,"column":8},"end":{"line":112,"column":null}}},"5":{"name":"(anonymous_5)","decl":{"start":{"line":113,"column":20},"end":{"line":113,"column":null}},"loc":{"start":{"line":113,"column":20},"end":{"line":115,"column":null}}},"6":{"name":"(anonymous_6)","decl":{"start":{"line":116,"column":19},"end":{"line":116,"column":null}},"loc":{"start":{"line":116,"column":19},"end":{"line":118,"column":null}}},"7":{"name":"(anonymous_7)","decl":{"start":{"line":120,"column":2},"end":{"line":120,"column":9}},"loc":{"start":{"line":120,"column":2},"end":{"line":125,"column":null}}}},"branchMap":{"0":{"loc":{"start":{"line":98,"column":13},"end":{"line":98,"column":18}},"type":"binary-expr","locations":[{"start":{"line":98,"column":13},"end":{"line":98,"column":null}},{"start":{"line":99,"column":8},"end":{"line":99,"column":25}}]},"1":{"loc":{"start":{"line":98,"column":13},"end":{"line":98,"column":55}},"type":"cond-expr","locations":[{"start":{"line":98,"column":27},"end":{"line":98,"column":29}},{"start":{"line":98,"column":27},"end":{"line":98,"column":55}}]},"2":{"loc":{"start":{"line":98,"column":13},"end":{"line":98,"column":29}},"type":"binary-expr","locations":[{"start":{"line":98,"column":13},"end":{"line":98,"column":29}},{"start":{"line":98,"column":27},"end":{"line":98,"column":29}}]},"3":{"loc":{"start":{"line":99,"column":8},"end":{"line":99,"column":25}},"type":"cond-expr","locations":[{"start":{"line":99,"column":23},"end":{"line":99,"column":25}},{"start":{"line":99,"column":23},"end":{"line":99,"column":25}}]},"4":{"loc":{"start":{"line":99,"column":8},"end":{"line":99,"column":25}},"type":"binary-expr","locations":[{"start":{"line":99,"column":8},"end":{"line":99,"column":25}},{"start":{"line":99,"column":23},"end":{"line":99,"column":25}}]},"5":{"loc":{"start":{"line":106,"column":6},"end":{"line":106,"column":26}},"type":"cond-expr","locations":[{"start":{"line":106,"column":24},"end":{"line":106,"column":26}},{"start":{"line":106,"column":24},"end":{"line":106,"column":26}}]},"6":{"loc":{"start":{"line":106,"column":6},"end":{"line":106,"column":26}},"type":"binary-expr","locations":[{"start":{"line":106,"column":6},"end":{"line":106,"column":26}},{"start":{"line":106,"column":24},"end":{"line":106,"column":26}}]},"7":{"loc":{"start":{"line":110,"column":6},"end":{"line":110,"column":26}},"type":"cond-expr","locations":[{"start":{"line":110,"column":24},"end":{"line":110,"column":26}},{"start":{"line":110,"column":24},"end":{"line":110,"column":26}}]},"8":{"loc":{"start":{"line":110,"column":6},"end":{"line":110,"column":26}},"type":"binary-expr","locations":[{"start":{"line":110,"column":6},"end":{"line":110,"column":26}},{"start":{"line":110,"column":24},"end":{"line":110,"column":26}}]},"9":{"loc":{"start":{"line":114,"column":30},"end":{"line":114,"column":null}},"type":"cond-expr","locations":[{"start":{"line":114,"column":46},"end":{"line":114,"column":48}},{"start":{"line":114,"column":46},"end":{"line":114,"column":null}}]},"10":{"loc":{"start":{"line":114,"column":30},"end":{"line":114,"column":48}},"type":"binary-expr","locations":[{"start":{"line":114,"column":30},"end":{"line":114,"column":48}},{"start":{"line":114,"column":46},"end":{"line":114,"column":48}}]},"11":{"loc":{"start":{"line":121,"column":38},"end":{"line":121,"column":null}},"type":"cond-expr","locations":[{"start":{"line":121,"column":55},"end":{"line":121,"column":57}},{"start":{"line":121,"column":55},"end":{"line":121,"column":null}}]},"12":{"loc":{"start":{"line":121,"column":38},"end":{"line":121,"column":57}},"type":"binary-expr","locations":[{"start":{"line":121,"column":38},"end":{"line":121,"column":57}},{"start":{"line":121,"column":55},"end":{"line":121,"column":57}}]}},"s":{"0":3,"1":3,"2":3,"3":3,"4":3,"5":3,"6":6,"7":0,"8":0,"9":1,"10":1,"11":1,"12":0,"13":3,"14":3},"f":{"0":3,"1":3,"2":6,"3":0,"4":1,"5":1,"6":0,"7":3},"b":{"0":[3,3],"1":[0,3],"2":[3,3],"3":[0,3],"4":[3,3],"5":[0,0],"6":[0,0],"7":[0,1],"8":[1,1],"9":[0,1],"10":[1,1],"11":[0,3],"12":[3,3]}}
,"D:\\王直\\大学学习资料\\第五学期\\TES\\Repository\\matpay\\src\\dialogs\\ConfirmDialog.vue": {"path":"D:\\王直\\大学学习资料\\第五学期\\TES\\Repository\\matpay\\src\\dialogs\\ConfirmDialog.vue","statementMap":{"0":{"start":{"line":23,"column":0},"end":{"line":23,"column":null}},"1":{"start":{"line":25,"column":0},"end":{"line":25,"column":null}},"2":{"start":{"line":27,"column":0},"end":{"line":27,"column":15}},"3":{"start":{"line":30,"column":4},"end":{"line":30,"column":11}},"4":{"start":{"line":43,"column":4},"end":{"line":43,"column":18}},"5":{"start":{"line":44,"column":6},"end":{"line":44,"column":11}},"6":{"start":{"line":45,"column":6},"end":{"line":45,"column":11}},"7":{"start":{"line":46,"column":8},"end":{"line":46,"column":null}},"8":{"start":{"line":47,"column":8},"end":{"line":47,"column":12}},"9":{"start":{"line":49,"column":6},"end":{"line":49,"column":11}},"10":{"start":{"line":50,"column":8},"end":{"line":52,"column":null}},"11":{"start":{"line":51,"column":10},"end":{"line":51,"column":null}},"12":{"start":{"line":53,"column":8},"end":{"line":53,"column":12}},"13":{"start":{"line":55,"column":6},"end":{"line":55,"column":11}},"14":{"start":{"line":58,"column":6},"end":{"line":58,"column":11}},"15":{"start":{"line":59,"column":6},"end":{"line":59,"column":11}},"16":{"start":{"line":62,"column":6},"end":{"line":62,"column":11}},"17":{"start":{"line":63,"column":6},"end":{"line":63,"column":11}},"18":{"start":{"line":67,"column":4},"end":{"line":67,"column":9}}},"fnMap":{"0":{"name":"(anonymous_0)","decl":{"start":{"line":29,"column":2},"end":{"line":29,"column":6}},"loc":{"start":{"line":29,"column":2},"end":{"line":37,"column":null}}},"1":{"name":"(anonymous_1)","decl":{"start":{"line":43,"column":4},"end":{"line":43,"column":18}},"loc":{"start":{"line":43,"column":95},"end":{"line":56,"column":null}}},"2":{"name":"(anonymous_2)","decl":{"start":{"line":45,"column":24},"end":{"line":45,"column":null}},"loc":{"start":{"line":45,"column":24},"end":{"line":48,"column":null}}},"3":{"name":"(anonymous_3)","decl":{"start":{"line":49,"column":23},"end":{"line":49,"column":null}},"loc":{"start":{"line":49,"column":23},"end":{"line":54,"column":null}}},"4":{"name":"(anonymous_4)","decl":{"start":{"line":57,"column":8},"end":{"line":57,"column":null}},"loc":{"start":{"line":57,"column":8},"end":{"line":60,"column":null}}},"5":{"name":"(anonymous_5)","decl":{"start":{"line":61,"column":8},"end":{"line":61,"column":null}},"loc":{"start":{"line":61,"column":8},"end":{"line":64,"column":null}}},"6":{"name":"(anonymous_6)","decl":{"start":{"line":66,"column":2},"end":{"line":66,"column":9}},"loc":{"start":{"line":66,"column":2},"end":{"line":70,"column":null}}}},"branchMap":{"0":{"loc":{"start":{"line":50,"column":8},"end":{"line":52,"column":null}},"type":"if","locations":[{"start":{"line":50,"column":8},"end":{"line":52,"column":null}}]},"1":{"loc":{"start":{"line":58,"column":6},"end":{"line":58,"column":26}},"type":"cond-expr","locations":[{"start":{"line":58,"column":24},"end":{"line":58,"column":26}},{"start":{"line":58,"column":24},"end":{"line":58,"column":26}}]},"2":{"loc":{"start":{"line":58,"column":6},"end":{"line":58,"column":26}},"type":"binary-expr","locations":[{"start":{"line":58,"column":6},"end":{"line":58,"column":26}},{"start":{"line":58,"column":24},"end":{"line":58,"column":26}}]},"3":{"loc":{"start":{"line":62,"column":6},"end":{"line":62,"column":26}},"type":"cond-expr","locations":[{"start":{"line":62,"column":24},"end":{"line":62,"column":26}},{"start":{"line":62,"column":24},"end":{"line":62,"column":26}}]},"4":{"loc":{"start":{"line":62,"column":6},"end":{"line":62,"column":26}},"type":"binary-expr","locations":[{"start":{"line":62,"column":6},"end":{"line":62,"column":26}},{"start":{"line":62,"column":24},"end":{"line":62,"column":26}}]}},"s":{"0":3,"1":3,"2":3,"3":0,"4":0,"5":0,"6":0,"7":0,"8":0,"9":0,"10":0,"11":0,"12":0,"13":0,"14":0,"15":0,"16":0,"17":0,"18":0},"f":{"0":0,"1":0,"2":0,"3":0,"4":0,"5":0,"6":0},"b":{"0":[0],"1":[0,0],"2":[0,0],"3":[0,0],"4":[0,0]}}
,"D:\\王直\\大学学习资料\\第五学期\\TES\\Repository\\matpay\\src\\dialogs\\CreateRoomDialog.vue": {"path":"D:\\王直\\大学学习资料\\第五学期\\TES\\Repository\\matpay\\src\\dialogs\\CreateRoomDialog.vue","statementMap":{"0":{"start":{"line":25,"column":0},"end":{"line":25,"column":null}},"1":{"start":{"line":27,"column":0},"end":{"line":27,"column":null}},"2":{"start":{"line":29,"column":0},"end":{"line":29,"column":15}},"3":{"start":{"line":32,"column":4},"end":{"line":32,"column":11}},"4":{"start":{"line":48,"column":6},"end":{"line":48,"column":11}},"5":{"start":{"line":49,"column":6},"end":{"line":49,"column":11}},"6":{"start":{"line":52,"column":6},"end":{"line":52,"column":11}},"7":{"start":{"line":53,"column":6},"end":{"line":53,"column":11}},"8":{"start":{"line":56,"column":22},"end":{"line":56,"column":26}},"9":{"start":{"line":60,"column":6},"end":{"line":60,"column":13}},"10":{"start":{"line":61,"column":6},"end":{"line":61,"column":16}},"11":{"start":{"line":61,"column":23},"end":{"line":61,"column":30}},"12":{"start":{"line":64,"column":6},"end":{"line":69,"column":null}},"13":{"start":{"line":65,"column":8},"end":{"line":65,"column":13}},"14":{"start":{"line":67,"column":8},"end":{"line":67,"column":13}},"15":{"start":{"line":68,"column":8},"end":{"line":68,"column":13}},"16":{"start":{"line":73,"column":4},"end":{"line":73,"column":9}}},"fnMap":{"0":{"name":"(anonymous_0)","decl":{"start":{"line":31,"column":2},"end":{"line":31,"column":6}},"loc":{"start":{"line":31,"column":2},"end":{"line":38,"column":null}}},"1":{"name":"(anonymous_1)","decl":{"start":{"line":47,"column":8},"end":{"line":47,"column":null}},"loc":{"start":{"line":47,"column":8},"end":{"line":50,"column":null}}},"2":{"name":"(anonymous_2)","decl":{"start":{"line":51,"column":8},"end":{"line":51,"column":null}},"loc":{"start":{"line":51,"column":8},"end":{"line":54,"column":null}}},"3":{"name":"(anonymous_3)","decl":{"start":{"line":55,"column":4},"end":{"line":55,"column":16}},"loc":{"start":{"line":55,"column":33},"end":{"line":62,"column":null}}},"4":{"name":"(anonymous_4)","decl":{"start":{"line":61,"column":17},"end":{"line":61,"column":23}},"loc":{"start":{"line":61,"column":17},"end":{"line":61,"column":39}}},"5":{"name":"(anonymous_5)","decl":{"start":{"line":63,"column":13},"end":{"line":63,"column":null}},"loc":{"start":{"line":63,"column":13},"end":{"line":70,"column":null}}},"6":{"name":"(anonymous_6)","decl":{"start":{"line":72,"column":2},"end":{"line":72,"column":9}},"loc":{"start":{"line":72,"column":2},"end":{"line":76,"column":null}}}},"branchMap":{"0":{"loc":{"start":{"line":48,"column":6},"end":{"line":48,"column":26}},"type":"cond-expr","locations":[{"start":{"line":48,"column":24},"end":{"line":48,"column":26}},{"start":{"line":48,"column":24},"end":{"line":48,"column":26}}]},"1":{"loc":{"start":{"line":48,"column":6},"end":{"line":48,"column":26}},"type":"binary-expr","locations":[{"start":{"line":48,"column":6},"end":{"line":48,"column":26}},{"start":{"line":48,"column":24},"end":{"line":48,"column":26}}]},"2":{"loc":{"start":{"line":52,"column":6},"end":{"line":52,"column":26}},"type":"cond-expr","locations":[{"start":{"line":52,"column":24},"end":{"line":52,"column":26}},{"start":{"line":52,"column":24},"end":{"line":52,"column":26}}]},"3":{"loc":{"start":{"line":52,"column":6},"end":{"line":52,"column":26}},"type":"binary-expr","locations":[{"start":{"line":52,"column":6},"end":{"line":52,"column":26}},{"start":{"line":52,"column":24},"end":{"line":52,"column":26}}]},"4":{"loc":{"start":{"line":64,"column":6},"end":{"line":69,"column":null}},"type":"if","locations":[{"start":{"line":64,"column":6},"end":{"line":69,"column":null}},{"start":{"line":66,"column":13},"end":{"line":69,"column":null}}]}},"s":{"0":2,"1":2,"2":2,"3":0,"4":0,"5":0,"6":0,"7":0,"8":0,"9":0,"10":0,"11":0,"12":0,"13":0,"14":0,"15":0,"16":0},"f":{"0":0,"1":0,"2":0,"3":0,"4":0,"5":0,"6":0},"b":{"0":[0,0],"1":[0,0],"2":[0,0],"3":[0,0],"4":[0,0]}}
,"D:\\王直\\大学学习资料\\第五学期\\TES\\Repository\\matpay\\src\\dialogs\\CreateTxDialog.vue": {"path":"D:\\王直\\大学学习资料\\第五学期\\TES\\Repository\\matpay\\src\\dialogs\\CreateTxDialog.vue","statementMap":{"0":{"start":{"line":51,"column":0},"end":{"line":51,"column":null}},"1":{"start":{"line":53,"column":0},"end":{"line":53,"column":null}},"2":{"start":{"line":54,"column":0},"end":{"line":54,"column":null}},"3":{"start":{"line":57,"column":0},"end":{"line":57,"column":null}},"4":{"start":{"line":58,"column":0},"end":{"line":58,"column":null}},"5":{"start":{"line":60,"column":0},"end":{"line":60,"column":15}},"6":{"start":{"line":71,"column":4},"end":{"line":71,"column":11}},"7":{"start":{"line":91,"column":6},"end":{"line":91,"column":11}},"8":{"start":{"line":92,"column":6},"end":{"line":92,"column":11}},"9":{"start":{"line":95,"column":6},"end":{"line":95,"column":11}},"10":{"start":{"line":96,"column":6},"end":{"line":96,"column":11}},"11":{"start":{"line":99,"column":6},"end":{"line":99,"column":11}},"12":{"start":{"line":102,"column":6},"end":{"line":109,"column":null}},"13":{"start":{"line":103,"column":24},"end":{"line":103,"column":28}},"14":{"start":{"line":107,"column":8},"end":{"line":107,"column":15}},"15":{"start":{"line":108,"column":8},"end":{"line":108,"column":18}},"16":{"start":{"line":108,"column":25},"end":{"line":108,"column":32}},"17":{"start":{"line":110,"column":6},"end":{"line":118,"column":null}},"18":{"start":{"line":111,"column":24},"end":{"line":111,"column":28}},"19":{"start":{"line":115,"column":8},"end":{"line":115,"column":13}},"20":{"start":{"line":116,"column":8},"end":{"line":116,"column":15}},"21":{"start":{"line":117,"column":8},"end":{"line":117,"column":18}},"22":{"start":{"line":117,"column":25},"end":{"line":117,"column":32}},"23":{"start":{"line":119,"column":6},"end":{"line":126,"column":null}},"24":{"start":{"line":120,"column":24},"end":{"line":120,"column":28}},"25":{"start":{"line":124,"column":8},"end":{"line":124,"column":15}},"26":{"start":{"line":125,"column":8},"end":{"line":125,"column":18}},"27":{"start":{"line":125,"column":25},"end":{"line":125,"column":32}},"28":{"start":{"line":127,"column":6},"end":{"line":134,"column":null}},"29":{"start":{"line":128,"column":24},"end":{"line":128,"column":28}},"30":{"start":{"line":132,"column":8},"end":{"line":132,"column":15}},"31":{"start":{"line":133,"column":8},"end":{"line":133,"column":18}},"32":{"start":{"line":133,"column":25},"end":{"line":133,"column":32}},"33":{"start":{"line":137,"column":10},"end":{"line":137,"column":15}},"34":{"start":{"line":141,"column":14},"end":{"line":141,"column":20}},"35":{"start":{"line":144,"column":16},"end":{"line":144,"column":25}},"36":{"start":{"line":144,"column":58},"end":{"line":144,"column":59}},"37":{"start":{"line":145,"column":16},"end":{"line":145,"column":19}},"38":{"start":{"line":148,"column":16},"end":{"line":148,"column":28}},"39":{"start":{"line":149,"column":16},"end":{"line":149,"column":28}},"40":{"start":{"line":151,"column":12},"end":{"line":151,"column":15}},"41":{"start":{"line":152,"column":48},"end":{"line":152,"column":49}},"42":{"start":{"line":150,"column":10},"end":{"line":156,"column":null}},"43":{"start":{"line":150,"column":21},"end":{"line":150,"column":22}},"44":{"start":{"line":150,"column":22},"end":{"line":150,"column":39}},"45":{"start":{"line":157,"column":16},"end":{"line":157,"column":22}},"46":{"start":{"line":166,"column":10},"end":{"line":166,"column":16}},"47":{"start":{"line":171,"column":10},"end":{"line":171,"column":15}},"48":{"start":{"line":172,"column":10},"end":{"line":172,"column":15}},"49":{"start":{"line":173,"column":10},"end":{"line":173,"column":15}},"50":{"start":{"line":174,"column":10},"end":{"line":174,"column":15}},"51":{"start":{"line":175,"column":10},"end":{"line":175,"column":15}},"52":{"start":{"line":176,"column":10},"end":{"line":176,"column":15}},"53":{"start":{"line":178,"column":10},"end":{"line":178,"column":15}},"54":{"start":{"line":181,"column":8},"end":{"line":181,"column":13}},"55":{"start":{"line":188,"column":6},"end":{"line":188,"column":11}},"56":{"start":{"line":191,"column":25},"end":{"line":191,"column":null}},"57":{"start":{"line":192,"column":6},"end":{"line":194,"column":null}},"58":{"start":{"line":193,"column":8},"end":{"line":193,"column":20}},"59":{"start":{"line":196,"column":6},"end":{"line":200,"column":null}},"60":{"start":{"line":197,"column":8},"end":{"line":197,"column":15}},"61":{"start":{"line":199,"column":8},"end":{"line":199,"column":15}},"62":{"start":{"line":204,"column":4},"end":{"line":204,"column":9}},"63":{"start":{"line":211,"column":8},"end":{"line":213,"column":null}},"64":{"start":{"line":212,"column":10},"end":{"line":212,"column":15}}},"fnMap":{"0":{"name":"(anonymous_0)","decl":{"start":{"line":70,"column":2},"end":{"line":70,"column":6}},"loc":{"start":{"line":70,"column":2},"end":{"line":81,"column":null}}},"1":{"name":"(anonymous_1)","decl":{"start":{"line":90,"column":8},"end":{"line":90,"column":null}},"loc":{"start":{"line":90,"column":8},"end":{"line":93,"column":null}}},"2":{"name":"(anonymous_2)","decl":{"start":{"line":94,"column":8},"end":{"line":94,"column":null}},"loc":{"start":{"line":94,"column":8},"end":{"line":97,"column":null}}},"3":{"name":"(anonymous_3)","decl":{"start":{"line":98,"column":34},"end":{"line":98,"column":null}},"loc":{"start":{"line":98,"column":34},"end":{"line":100,"column":null}}},"4":{"name":"(anonymous_4)","decl":{"start":{"line":101,"column":4},"end":{"line":101,"column":16}},"loc":{"start":{"line":101,"column":90},"end":{"line":135,"column":null}}},"5":{"name":"(anonymous_5)","decl":{"start":{"line":108,"column":19},"end":{"line":108,"column":25}},"loc":{"start":{"line":108,"column":19},"end":{"line":108,"column":41}}},"6":{"name":"(anonymous_6)","decl":{"start":{"line":117,"column":19},"end":{"line":117,"column":25}},"loc":{"start":{"line":117,"column":19},"end":{"line":117,"column":41}}},"7":{"name":"(anonymous_7)","decl":{"start":{"line":125,"column":19},"end":{"line":125,"column":25}},"loc":{"start":{"line":125,"column":19},"end":{"line":125,"column":41}}},"8":{"name":"(anonymous_8)","decl":{"start":{"line":133,"column":19},"end":{"line":133,"column":25}},"loc":{"start":{"line":133,"column":19},"end":{"line":133,"column":41}}},"9":{"name":"(anonymous_9)","decl":{"start":{"line":136,"column":4},"end":{"line":136,"column":10}},"loc":{"start":{"line":136,"column":4},"end":{"line":186,"column":null}}},"10":{"name":"(anonymous_12)","decl":{"start":{"line":144,"column":53},"end":{"line":144,"column":54}},"loc":{"start":{"line":144,"column":54},"end":{"line":144,"column":97}}},"11":{"name":"(anonymous_14)","decl":{"start":{"line":152,"column":43},"end":{"line":152,"column":44}},"loc":{"start":{"line":152,"column":44},"end":{"line":152,"column":79}}},"12":{"name":"(anonymous_15)","decl":{"start":{"line":187,"column":4},"end":{"line":187,"column":17}},"loc":{"start":{"line":187,"column":54},"end":{"line":189,"column":null}}},"13":{"name":"(anonymous_16)","decl":{"start":{"line":190,"column":4},"end":{"line":190,"column":13}},"loc":{"start":{"line":190,"column":4},"end":{"line":201,"column":null}}},"14":{"name":"(anonymous_17)","decl":{"start":{"line":203,"column":2},"end":{"line":203,"column":9}},"loc":{"start":{"line":203,"column":2},"end":{"line":207,"column":null}}},"15":{"name":"(anonymous_18)","decl":{"start":{"line":210,"column":13},"end":{"line":210,"column":null}},"loc":{"start":{"line":210,"column":13},"end":{"line":214,"column":null}}}},"branchMap":{"0":{"loc":{"start":{"line":91,"column":6},"end":{"line":91,"column":26}},"type":"cond-expr","locations":[{"start":{"line":91,"column":24},"end":{"line":91,"column":26}},{"start":{"line":91,"column":24},"end":{"line":91,"column":26}}]},"1":{"loc":{"start":{"line":91,"column":6},"end":{"line":91,"column":26}},"type":"binary-expr","locations":[{"start":{"line":91,"column":6},"end":{"line":91,"column":26}},{"start":{"line":91,"column":24},"end":{"line":91,"column":26}}]},"2":{"loc":{"start":{"line":95,"column":6},"end":{"line":95,"column":26}},"type":"cond-expr","locations":[{"start":{"line":95,"column":24},"end":{"line":95,"column":26}},{"start":{"line":95,"column":24},"end":{"line":95,"column":26}}]},"3":{"loc":{"start":{"line":95,"column":6},"end":{"line":95,"column":26}},"type":"binary-expr","locations":[{"start":{"line":95,"column":6},"end":{"line":95,"column":26}},{"start":{"line":95,"column":24},"end":{"line":95,"column":26}}]},"4":{"loc":{"start":{"line":102,"column":6},"end":{"line":109,"column":null}},"type":"if","locations":[{"start":{"line":102,"column":6},"end":{"line":109,"column":null}}]},"5":{"loc":{"start":{"line":110,"column":6},"end":{"line":118,"column":null}},"type":"if","locations":[{"start":{"line":110,"column":6},"end":{"line":118,"column":null}}]},"6":{"loc":{"start":{"line":119,"column":6},"end":{"line":126,"column":null}},"type":"if","locations":[{"start":{"line":119,"column":6},"end":{"line":126,"column":null}}]},"7":{"loc":{"start":{"line":127,"column":6},"end":{"line":134,"column":null}},"type":"if","locations":[{"start":{"line":127,"column":6},"end":{"line":134,"column":null}}]},"8":{"loc":{"start":{"line":137,"column":10},"end":{"line":137,"column":15}},"type":"if","locations":[{"start":{"line":137,"column":10},"end":{"line":137,"column":15}}]},"9":{"loc":{"start":{"line":137,"column":10},"end":{"line":140,"column":null}},"type":"binary-expr","locations":[{"start":{"line":137,"column":10},"end":{"line":137,"column":null}},{"start":{"line":138,"column":8},"end":{"line":138,"column":13}},{"start":{"line":139,"column":8},"end":{"line":139,"column":null}},{"start":{"line":140,"column":8},"end":{"line":140,"column":null}}]},"10":{"loc":{"start":{"line":192,"column":6},"end":{"line":194,"column":null}},"type":"if","locations":[{"start":{"line":192,"column":6},"end":{"line":194,"column":null}}]},"11":{"loc":{"start":{"line":196,"column":6},"end":{"line":200,"column":null}},"type":"if","locations":[{"start":{"line":196,"column":6},"end":{"line":200,"column":null}},{"start":{"line":198,"column":13},"end":{"line":200,"column":null}}]},"12":{"loc":{"start":{"line":196,"column":10},"end":{"line":196,"column":83}},"type":"binary-expr","locations":[{"start":{"line":196,"column":10},"end":{"line":196,"column":16}},{"start":{"line":196,"column":48},"end":{"line":196,"column":71}},{"start":{"line":196,"column":71},"end":{"line":196,"column":83}}]},"13":{"loc":{"start":{"line":211,"column":8},"end":{"line":213,"column":null}},"type":"if","locations":[{"start":{"line":211,"column":8},"end":{"line":213,"column":null}}]}},"s":{"0":2,"1":2,"2":2,"3":2,"4":2,"5":2,"6":3,"7":0,"8":0,"9":0,"10":0,"11":0,"12":3,"13":1,"14":1,"15":1,"16":0,"17":3,"18":3,"19":3,"20":3,"21":3,"22":0,"23":3,"24":3,"25":3,"26":3,"27":0,"28":3,"29":3,"30":3,"31":3,"32":0,"33":6,"34":0,"35":0,"36":0,"37":0,"38":0,"39":0,"40":0,"41":0,"42":0,"43":0,"44":0,"45":0,"46":0,"47":0,"48":0,"49":0,"50":0,"51":0,"52":0,"53":0,"54":3,"55":0,"56":5,"57":5,"58":0,"59":5,"60":5,"61":0,"62":3,"63":3,"64":3},"f":{"0":3,"1":0,"2":0,"3":0,"4":3,"5":0,"6":0,"7":0,"8":0,"9":3,"10":0,"11":0,"12":0,"13":5,"14":3,"15":3},"b":{"0":[0,0],"1":[0,0],"2":[0,0],"3":[0,0],"4":[1],"5":[3],"6":[3],"7":[3],"8":[3],"9":[3,2,0,0],"10":[0],"11":[5,0],"12":[5,5,2],"13":[3]}}
,"D:\\王直\\大学学习资料\\第五学期\\TES\\Repository\\matpay\\src\\dialogs\\ModificationDialog.vue": {"path":"D:\\王直\\大学学习资料\\第五学期\\TES\\Repository\\matpay\\src\\dialogs\\ModificationDialog.vue","statementMap":{"0":{"start":{"line":37,"column":0},"end":{"line":37,"column":null}},"1":{"start":{"line":38,"column":0},"end":{"line":38,"column":null}},"2":{"start":{"line":39,"column":0},"end":{"line":39,"column":null}},"3":{"start":{"line":43,"column":0},"end":{"line":43,"column":null}},"4":{"start":{"line":45,"column":0},"end":{"line":45,"column":null}},"5":{"start":{"line":46,"column":0},"end":{"line":46,"column":null}},"6":{"start":{"line":48,"column":0},"end":{"line":48,"column":15}},"7":{"start":{"line":62,"column":4},"end":{"line":62,"column":11}},"8":{"start":{"line":82,"column":6},"end":{"line":82,"column":11}},"9":{"start":{"line":83,"column":6},"end":{"line":83,"column":11}},"10":{"start":{"line":86,"column":6},"end":{"line":86,"column":11}},"11":{"start":{"line":87,"column":6},"end":{"line":87,"column":11}},"12":{"start":{"line":90,"column":6},"end":{"line":97,"column":null}},"13":{"start":{"line":91,"column":24},"end":{"line":91,"column":28}},"14":{"start":{"line":95,"column":8},"end":{"line":95,"column":15}},"15":{"start":{"line":96,"column":8},"end":{"line":96,"column":18}},"16":{"start":{"line":96,"column":25},"end":{"line":96,"column":32}},"17":{"start":{"line":100,"column":25},"end":{"line":100,"column":null}},"18":{"start":{"line":101,"column":6},"end":{"line":103,"column":null}},"19":{"start":{"line":102,"column":8},"end":{"line":102,"column":20}},"20":{"start":{"line":107,"column":6},"end":{"line":114,"column":null}},"21":{"start":{"line":108,"column":8},"end":{"line":108,"column":15}},"22":{"start":{"line":110,"column":8},"end":{"line":112,"column":null}},"23":{"start":{"line":111,"column":10},"end":{"line":111,"column":17}},"24":{"start":{"line":113,"column":8},"end":{"line":113,"column":15}},"25":{"start":{"line":117,"column":6},"end":{"line":124,"column":null}},"26":{"start":{"line":118,"column":24},"end":{"line":118,"column":28}},"27":{"start":{"line":122,"column":8},"end":{"line":122,"column":15}},"28":{"start":{"line":123,"column":8},"end":{"line":123,"column":18}},"29":{"start":{"line":123,"column":25},"end":{"line":123,"column":32}},"30":{"start":{"line":127,"column":6},"end":{"line":127,"column":11}},"31":{"start":{"line":130,"column":10},"end":{"line":130,"column":15}},"32":{"start":{"line":131,"column":8},"end":{"line":131,"column":13}},"33":{"start":{"line":133,"column":12},"end":{"line":133,"column":17}},"34":{"start":{"line":134,"column":16},"end":{"line":134,"column":22}},"35":{"start":{"line":135,"column":10},"end":{"line":135,"column":16}},"36":{"start":{"line":138,"column":16},"end":{"line":138,"column":28}},"37":{"start":{"line":139,"column":16},"end":{"line":139,"column":28}},"38":{"start":{"line":141,"column":12},"end":{"line":141,"column":18}},"39":{"start":{"line":141,"column":35},"end":{"line":141,"column":36}},"40":{"start":{"line":140,"column":10},"end":{"line":142,"column":null}},"41":{"start":{"line":140,"column":21},"end":{"line":140,"column":22}},"42":{"start":{"line":140,"column":22},"end":{"line":140,"column":34}},"43":{"start":{"line":144,"column":12},"end":{"line":144,"column":18}},"44":{"start":{"line":150,"column":12},"end":{"line":150,"column":17}},"45":{"start":{"line":151,"column":12},"end":{"line":151,"column":null}},"46":{"start":{"line":154,"column":8},"end":{"line":154,"column":13}},"47":{"start":{"line":155,"column":8},"end":{"line":155,"column":13}},"48":{"start":{"line":156,"column":8},"end":{"line":156,"column":13}},"49":{"start":{"line":157,"column":8},"end":{"line":157,"column":13}},"50":{"start":{"line":159,"column":8},"end":{"line":159,"column":13}},"51":{"start":{"line":160,"column":8},"end":{"line":160,"column":13}},"52":{"start":{"line":164,"column":6},"end":{"line":164,"column":11}},"53":{"start":{"line":168,"column":4},"end":{"line":168,"column":9}},"54":{"start":{"line":175,"column":8},"end":{"line":188,"column":null}},"55":{"start":{"line":176,"column":10},"end":{"line":176,"column":15}},"56":{"start":{"line":177,"column":10},"end":{"line":177,"column":15}},"57":{"start":{"line":178,"column":10},"end":{"line":178,"column":15}},"58":{"start":{"line":180,"column":24},"end":{"line":180,"column":29}},"59":{"start":{"line":181,"column":10},"end":{"line":181,"column":15}},"60":{"start":{"line":182,"column":56},"end":{"line":182,"column":null}},"61":{"start":{"line":183,"column":12},"end":{"line":185,"column":null}},"62":{"start":{"line":183,"column":48},"end":{"line":183,"column":54}},"63":{"start":{"line":183,"column":23},"end":{"line":183,"column":24}},"64":{"start":{"line":183,"column":29},"end":{"line":183,"column":31}},"65":{"start":{"line":183,"column":43},"end":{"line":183,"column":48}},"66":{"start":{"line":184,"column":14},"end":{"line":184,"column":26}},"67":{"start":{"line":186,"column":12},"end":{"line":186,"column":19}}},"fnMap":{"0":{"name":"(anonymous_0)","decl":{"start":{"line":61,"column":2},"end":{"line":61,"column":6}},"loc":{"start":{"line":61,"column":2},"end":{"line":70,"column":null}}},"1":{"name":"(anonymous_1)","decl":{"start":{"line":81,"column":8},"end":{"line":81,"column":null}},"loc":{"start":{"line":81,"column":8},"end":{"line":84,"column":null}}},"2":{"name":"(anonymous_2)","decl":{"start":{"line":85,"column":8},"end":{"line":85,"column":null}},"loc":{"start":{"line":85,"column":8},"end":{"line":88,"column":null}}},"3":{"name":"(anonymous_3)","decl":{"start":{"line":89,"column":4},"end":{"line":89,"column":16}},"loc":{"start":{"line":89,"column":39},"end":{"line":98,"column":null}}},"4":{"name":"(anonymous_4)","decl":{"start":{"line":96,"column":19},"end":{"line":96,"column":25}},"loc":{"start":{"line":96,"column":19},"end":{"line":96,"column":41}}},"5":{"name":"(anonymous_5)","decl":{"start":{"line":99,"column":4},"end":{"line":99,"column":13}},"loc":{"start":{"line":99,"column":4},"end":{"line":115,"column":null}}},"6":{"name":"(anonymous_6)","decl":{"start":{"line":116,"column":4},"end":{"line":116,"column":21}},"loc":{"start":{"line":116,"column":38},"end":{"line":125,"column":null}}},"7":{"name":"(anonymous_7)","decl":{"start":{"line":123,"column":19},"end":{"line":123,"column":25}},"loc":{"start":{"line":123,"column":19},"end":{"line":123,"column":41}}},"8":{"name":"(anonymous_8)","decl":{"start":{"line":126,"column":4},"end":{"line":126,"column":17}},"loc":{"start":{"line":126,"column":46},"end":{"line":128,"column":null}}},"9":{"name":"(anonymous_9)","decl":{"start":{"line":129,"column":20},"end":{"line":129,"column":null}},"loc":{"start":{"line":129,"column":20},"end":{"line":162,"column":null}}},"10":{"name":"(anonymous_13)","decl":{"start":{"line":141,"column":30},"end":{"line":141,"column":31}},"loc":{"start":{"line":141,"column":31},"end":{"line":141,"column":54}}},"11":{"name":"(anonymous_14)","decl":{"start":{"line":163,"column":34},"end":{"line":163,"column":null}},"loc":{"start":{"line":163,"column":34},"end":{"line":165,"column":null}}},"12":{"name":"(anonymous_15)","decl":{"start":{"line":167,"column":2},"end":{"line":167,"column":9}},"loc":{"start":{"line":167,"column":2},"end":{"line":171,"column":null}}},"13":{"name":"(anonymous_16)","decl":{"start":{"line":174,"column":6},"end":{"line":174,"column":13}},"loc":{"start":{"line":174,"column":6},"end":{"line":189,"column":null}}},"14":{"name":"(anonymous_17)","decl":{"start":{"line":181,"column":24},"end":{"line":181,"column":null}},"loc":{"start":{"line":181,"column":24},"end":{"line":187,"column":null}}}},"branchMap":{"0":{"loc":{"start":{"line":82,"column":6},"end":{"line":82,"column":26}},"type":"cond-expr","locations":[{"start":{"line":82,"column":24},"end":{"line":82,"column":26}},{"start":{"line":82,"column":24},"end":{"line":82,"column":26}}]},"1":{"loc":{"start":{"line":82,"column":6},"end":{"line":82,"column":26}},"type":"binary-expr","locations":[{"start":{"line":82,"column":6},"end":{"line":82,"column":26}},{"start":{"line":82,"column":24},"end":{"line":82,"column":26}}]},"2":{"loc":{"start":{"line":86,"column":6},"end":{"line":86,"column":26}},"type":"cond-expr","locations":[{"start":{"line":86,"column":24},"end":{"line":86,"column":26}},{"start":{"line":86,"column":24},"end":{"line":86,"column":26}}]},"3":{"loc":{"start":{"line":86,"column":6},"end":{"line":86,"column":26}},"type":"binary-expr","locations":[{"start":{"line":86,"column":6},"end":{"line":86,"column":26}},{"start":{"line":86,"column":24},"end":{"line":86,"column":26}}]},"4":{"loc":{"start":{"line":90,"column":6},"end":{"line":97,"column":null}},"type":"if","locations":[{"start":{"line":90,"column":6},"end":{"line":97,"column":null}}]},"5":{"loc":{"start":{"line":101,"column":6},"end":{"line":103,"column":null}},"type":"if","locations":[{"start":{"line":101,"column":6},"end":{"line":103,"column":null}}]},"6":{"loc":{"start":{"line":107,"column":6},"end":{"line":114,"column":null}},"type":"if","locations":[{"start":{"line":107,"column":6},"end":{"line":114,"column":null}},{"start":{"line":109,"column":13},"end":{"line":114,"column":null}}]},"7":{"loc":{"start":{"line":110,"column":8},"end":{"line":112,"column":null}},"type":"if","locations":[{"start":{"line":110,"column":8},"end":{"line":112,"column":null}}]},"8":{"loc":{"start":{"line":117,"column":6},"end":{"line":124,"column":null}},"type":"if","locations":[{"start":{"line":117,"column":6},"end":{"line":124,"column":null}}]},"9":{"loc":{"start":{"line":130,"column":10},"end":{"line":130,"column":15}},"type":"if","locations":[{"start":{"line":130,"column":10},"end":{"line":130,"column":15}}]},"10":{"loc":{"start":{"line":130,"column":10},"end":{"line":130,"column":47}},"type":"binary-expr","locations":[{"start":{"line":130,"column":10},"end":{"line":130,"column":42}},{"start":{"line":130,"column":42},"end":{"line":130,"column":47}}]},"11":{"loc":{"start":{"line":133,"column":12},"end":{"line":133,"column":17}},"type":"if","locations":[{"start":{"line":133,"column":12},"end":{"line":133,"column":17}}]},"12":{"loc":{"start":{"line":175,"column":8},"end":{"line":188,"column":null}},"type":"if","locations":[{"start":{"line":175,"column":8},"end":{"line":188,"column":null}}]},"13":{"loc":{"start":{"line":176,"column":26},"end":{"line":176,"column":null}},"type":"cond-expr","locations":[{"start":{"line":176,"column":36},"end":{"line":176,"column":38}},{"start":{"line":176,"column":36},"end":{"line":176,"column":null}}]},"14":{"loc":{"start":{"line":176,"column":26},"end":{"line":176,"column":38}},"type":"binary-expr","locations":[{"start":{"line":176,"column":26},"end":{"line":176,"column":38}},{"start":{"line":176,"column":36},"end":{"line":176,"column":38}}]}},"s":{"0":3,"1":3,"2":3,"3":3,"4":3,"5":3,"6":3,"7":5,"8":0,"9":0,"10":0,"11":0,"12":2,"13":1,"14":1,"15":1,"16":0,"17":4,"18":4,"19":0,"20":4,"21":2,"22":2,"23":0,"24":2,"25":2,"26":1,"27":1,"28":1,"29":0,"30":0,"31":5,"32":1,"33":1,"34":1,"35":1,"36":1,"37":1,"38":0,"39":0,"40":1,"41":0,"42":0,"43":1,"44":1,"45":1,"46":0,"47":0,"48":0,"49":0,"50":2,"51":2,"52":0,"53":5,"54":5,"55":5,"56":5,"57":5,"58":5,"59":5,"60":5,"61":5,"62":10,"63":5,"64":5,"65":5,"66":5,"67":5},"f":{"0":5,"1":0,"2":0,"3":2,"4":0,"5":4,"6":2,"7":0,"8":0,"9":3,"10":0,"11":0,"12":5,"13":5,"14":5},"b":{"0":[0,0],"1":[0,0],"2":[0,0],"3":[0,0],"4":[1],"5":[0],"6":[2,2],"7":[0],"8":[1],"9":[2],"10":[3,2],"11":[0],"12":[5],"13":[0,5],"14":[5,5]}}
,"D:\\王直\\大学学习资料\\第五学期\\TES\\Repository\\matpay\\src\\dialogs\\SettlementDialog.vue": {"path":"D:\\王直\\大学学习资料\\第五学期\\TES\\Repository\\matpay\\src\\dialogs\\SettlementDialog.vue","statementMap":{"0":{"start":{"line":32,"column":0},"end":{"line":32,"column":null}},"1":{"start":{"line":33,"column":0},"end":{"line":33,"column":null}},"2":{"start":{"line":34,"column":0},"end":{"line":34,"column":null}},"3":{"start":{"line":37,"column":0},"end":{"line":37,"column":15}},"4":{"start":{"line":52,"column":4},"end":{"line":52,"column":11}},"5":{"start":{"line":66,"column":6},"end":{"line":66,"column":11}},"6":{"start":{"line":67,"column":6},"end":{"line":67,"column":11}},"7":{"start":{"line":70,"column":6},"end":{"line":70,"column":11}},"8":{"start":{"line":71,"column":6},"end":{"line":71,"column":11}},"9":{"start":{"line":74,"column":6},"end":{"line":74,"column":11}},"10":{"start":{"line":78,"column":15},"end":{"line":78,"column":34}},"11":{"start":{"line":79,"column":4},"end":{"line":79,"column":9}}},"fnMap":{"0":{"name":"(anonymous_0)","decl":{"start":{"line":51,"column":2},"end":{"line":51,"column":6}},"loc":{"start":{"line":51,"column":2},"end":{"line":56,"column":null}}},"1":{"name":"(anonymous_1)","decl":{"start":{"line":65,"column":8},"end":{"line":65,"column":null}},"loc":{"start":{"line":65,"column":8},"end":{"line":68,"column":null}}},"2":{"name":"(anonymous_2)","decl":{"start":{"line":69,"column":8},"end":{"line":69,"column":null}},"loc":{"start":{"line":69,"column":8},"end":{"line":72,"column":null}}},"3":{"name":"(anonymous_3)","decl":{"start":{"line":73,"column":19},"end":{"line":73,"column":null}},"loc":{"start":{"line":73,"column":19},"end":{"line":75,"column":null}}},"4":{"name":"(anonymous_4)","decl":{"start":{"line":77,"column":2},"end":{"line":77,"column":9}},"loc":{"start":{"line":77,"column":2},"end":{"line":82,"column":null}}}},"branchMap":{"0":{"loc":{"start":{"line":66,"column":6},"end":{"line":66,"column":26}},"type":"cond-expr","locations":[{"start":{"line":66,"column":24},"end":{"line":66,"column":26}},{"start":{"line":66,"column":24},"end":{"line":66,"column":26}}]},"1":{"loc":{"start":{"line":66,"column":6},"end":{"line":66,"column":26}},"type":"binary-expr","locations":[{"start":{"line":66,"column":6},"end":{"line":66,"column":26}},{"start":{"line":66,"column":24},"end":{"line":66,"column":26}}]},"2":{"loc":{"start":{"line":70,"column":6},"end":{"line":70,"column":26}},"type":"cond-expr","locations":[{"start":{"line":70,"column":24},"end":{"line":70,"column":26}},{"start":{"line":70,"column":24},"end":{"line":70,"column":26}}]},"3":{"loc":{"start":{"line":70,"column":6},"end":{"line":70,"column":26}},"type":"binary-expr","locations":[{"start":{"line":70,"column":6},"end":{"line":70,"column":26}},{"start":{"line":70,"column":24},"end":{"line":70,"column":26}}]},"4":{"loc":{"start":{"line":78,"column":34},"end":{"line":78,"column":null}},"type":"cond-expr","locations":[{"start":{"line":78,"column":54},"end":{"line":78,"column":56}},{"start":{"line":78,"column":54},"end":{"line":78,"column":null}}]},"5":{"loc":{"start":{"line":78,"column":34},"end":{"line":78,"column":56}},"type":"binary-expr","locations":[{"start":{"line":78,"column":34},"end":{"line":78,"column":56}},{"start":{"line":78,"column":54},"end":{"line":78,"column":56}}]}},"s":{"0":5,"1":5,"2":5,"3":5,"4":4,"5":0,"6":0,"7":0,"8":0,"9":1,"10":4,"11":4},"f":{"0":4,"1":0,"2":0,"3":1,"4":4},"b":{"0":[0,0],"1":[0,0],"2":[0,0],"3":[0,0],"4":[0,4],"5":[4,4]}}
,"D:\\王直\\大学学习资料\\第五学期\\TES\\Repository\\matpay\\src\\dialogs\\SplitCreateDialog.vue": {"path":"D:\\王直\\大学学习资料\\第五学期\\TES\\Repository\\matpay\\src\\dialogs\\SplitCreateDialog.vue","statementMap":{"0":{"start":{"line":41,"column":0},"end":{"line":41,"column":null}},"1":{"start":{"line":44,"column":0},"end":{"line":44,"column":null}},"2":{"start":{"line":48,"column":0},"end":{"line":48,"column":null}},"3":{"start":{"line":50,"column":0},"end":{"line":50,"column":15}},"4":{"start":{"line":67,"column":4},"end":{"line":67,"column":11}},"5":{"start":{"line":82,"column":6},"end":{"line":82,"column":11}},"6":{"start":{"line":83,"column":6},"end":{"line":83,"column":11}},"7":{"start":{"line":86,"column":6},"end":{"line":86,"column":11}},"8":{"start":{"line":87,"column":6},"end":{"line":87,"column":11}},"9":{"start":{"line":90,"column":6},"end":{"line":92,"column":null}},"10":{"start":{"line":91,"column":8},"end":{"line":91,"column":15}},"11":{"start":{"line":93,"column":22},"end":{"line":93,"column":26}},"12":{"start":{"line":97,"column":6},"end":{"line":97,"column":13}},"13":{"start":{"line":98,"column":6},"end":{"line":98,"column":16}},"14":{"start":{"line":98,"column":23},"end":{"line":98,"column":30}},"15":{"start":{"line":101,"column":6},"end":{"line":104,"column":null}},"16":{"start":{"line":102,"column":8},"end":{"line":102,"column":13}},"17":{"start":{"line":103,"column":8},"end":{"line":103,"column":null}},"18":{"start":{"line":105,"column":51},"end":{"line":105,"column":null}},"19":{"start":{"line":106,"column":6},"end":{"line":117,"column":null}},"20":{"start":{"line":106,"column":29},"end":{"line":106,"column":34}},"21":{"start":{"line":106,"column":29},"end":{"line":106,"column":52}},"22":{"start":{"line":106,"column":25},"end":{"line":106,"column":29}},"23":{"start":{"line":107,"column":8},"end":{"line":110,"column":null}},"24":{"start":{"line":108,"column":10},"end":{"line":108,"column":15}},"25":{"start":{"line":109,"column":10},"end":{"line":109,"column":null}},"26":{"start":{"line":111,"column":20},"end":{"line":111,"column":27}},"27":{"start":{"line":112,"column":8},"end":{"line":115,"column":null}},"28":{"start":{"line":113,"column":10},"end":{"line":113,"column":15}},"29":{"start":{"line":114,"column":10},"end":{"line":114,"column":null}},"30":{"start":{"line":116,"column":8},"end":{"line":116,"column":13}},"31":{"start":{"line":118,"column":6},"end":{"line":121,"column":null}},"32":{"start":{"line":118,"column":50},"end":{"line":118,"column":53}},"33":{"start":{"line":119,"column":8},"end":{"line":119,"column":13}},"34":{"start":{"line":120,"column":8},"end":{"line":120,"column":null}},"35":{"start":{"line":122,"column":6},"end":{"line":122,"column":11}},"36":{"start":{"line":123,"column":6},"end":{"line":123,"column":11}},"37":{"start":{"line":126,"column":6},"end":{"line":132,"column":null}},"38":{"start":{"line":127,"column":21},"end":{"line":127,"column":25}},"39":{"start":{"line":128,"column":32},"end":{"line":128,"column":39}},"40":{"start":{"line":129,"column":8},"end":{"line":131,"column":null}},"41":{"start":{"line":129,"column":40},"end":{"line":129,"column":45}},"42":{"start":{"line":129,"column":19},"end":{"line":129,"column":20}},"43":{"start":{"line":129,"column":25},"end":{"line":129,"column":27}},"44":{"start":{"line":129,"column":35},"end":{"line":129,"column":40}},"45":{"start":{"line":130,"column":10},"end":{"line":130,"column":15}},"46":{"start":{"line":136,"column":4},"end":{"line":136,"column":9}},"47":{"start":{"line":143,"column":8},"end":{"line":145,"column":null}},"48":{"start":{"line":144,"column":10},"end":{"line":144,"column":15}},"49":{"start":{"line":151,"column":8},"end":{"line":156,"column":null}},"50":{"start":{"line":152,"column":10},"end":{"line":155,"column":null}},"51":{"start":{"line":152,"column":47},"end":{"line":152,"column":53}},"52":{"start":{"line":152,"column":21},"end":{"line":152,"column":22}},"53":{"start":{"line":152,"column":29},"end":{"line":152,"column":31}},"54":{"start":{"line":152,"column":42},"end":{"line":152,"column":47}},"55":{"start":{"line":153,"column":12},"end":{"line":153,"column":17}},"56":{"start":{"line":154,"column":12},"end":{"line":154,"column":17}}},"fnMap":{"0":{"name":"(anonymous_0)","decl":{"start":{"line":66,"column":2},"end":{"line":66,"column":6}},"loc":{"start":{"line":66,"column":2},"end":{"line":74,"column":null}}},"1":{"name":"(anonymous_1)","decl":{"start":{"line":81,"column":8},"end":{"line":81,"column":null}},"loc":{"start":{"line":81,"column":8},"end":{"line":84,"column":null}}},"2":{"name":"(anonymous_2)","decl":{"start":{"line":85,"column":8},"end":{"line":85,"column":null}},"loc":{"start":{"line":85,"column":8},"end":{"line":88,"column":null}}},"3":{"name":"(anonymous_3)","decl":{"start":{"line":89,"column":4},"end":{"line":89,"column":16}},"loc":{"start":{"line":89,"column":59},"end":{"line":99,"column":null}}},"4":{"name":"(anonymous_4)","decl":{"start":{"line":98,"column":17},"end":{"line":98,"column":23}},"loc":{"start":{"line":98,"column":17},"end":{"line":98,"column":39}}},"5":{"name":"(anonymous_5)","decl":{"start":{"line":100,"column":4},"end":{"line":100,"column":17}},"loc":{"start":{"line":100,"column":4},"end":{"line":124,"column":null}}},"6":{"name":"(anonymous_6)","decl":{"start":{"line":118,"column":38},"end":{"line":118,"column":39}},"loc":{"start":{"line":118,"column":45},"end":{"line":118,"column":59}}},"7":{"name":"(anonymous_7)","decl":{"start":{"line":125,"column":20},"end":{"line":125,"column":null}},"loc":{"start":{"line":125,"column":20},"end":{"line":133,"column":null}}},"8":{"name":"(anonymous_8)","decl":{"start":{"line":135,"column":2},"end":{"line":135,"column":9}},"loc":{"start":{"line":135,"column":2},"end":{"line":139,"column":null}}},"9":{"name":"(anonymous_9)","decl":{"start":{"line":142,"column":13},"end":{"line":142,"column":null}},"loc":{"start":{"line":142,"column":13},"end":{"line":146,"column":null}}},"10":{"name":"(anonymous_10)","decl":{"start":{"line":150,"column":13},"end":{"line":150,"column":null}},"loc":{"start":{"line":150,"column":13},"end":{"line":157,"column":null}}}},"branchMap":{"0":{"loc":{"start":{"line":82,"column":6},"end":{"line":82,"column":26}},"type":"cond-expr","locations":[{"start":{"line":82,"column":24},"end":{"line":82,"column":26}},{"start":{"line":82,"column":24},"end":{"line":82,"column":26}}]},"1":{"loc":{"start":{"line":82,"column":6},"end":{"line":82,"column":26}},"type":"binary-expr","locations":[{"start":{"line":82,"column":6},"end":{"line":82,"column":26}},{"start":{"line":82,"column":24},"end":{"line":82,"column":26}}]},"2":{"loc":{"start":{"line":86,"column":6},"end":{"line":86,"column":26}},"type":"cond-expr","locations":[{"start":{"line":86,"column":24},"end":{"line":86,"column":26}},{"start":{"line":86,"column":24},"end":{"line":86,"column":26}}]},"3":{"loc":{"start":{"line":86,"column":6},"end":{"line":86,"column":26}},"type":"binary-expr","locations":[{"start":{"line":86,"column":6},"end":{"line":86,"column":26}},{"start":{"line":86,"column":24},"end":{"line":86,"column":26}}]},"4":{"loc":{"start":{"line":90,"column":6},"end":{"line":92,"column":null}},"type":"if","locations":[{"start":{"line":90,"column":6},"end":{"line":92,"column":null}}]},"5":{"loc":{"start":{"line":93,"column":34},"end":{"line":93,"column":105}},"type":"cond-expr","locations":[{"start":{"line":93,"column":44},"end":{"line":93,"column":63}},{"start":{"line":93,"column":88},"end":{"line":93,"column":105}}]},"6":{"loc":{"start":{"line":101,"column":6},"end":{"line":104,"column":null}},"type":"if","locations":[{"start":{"line":101,"column":6},"end":{"line":104,"column":null}}]},"7":{"loc":{"start":{"line":107,"column":8},"end":{"line":110,"column":null}},"type":"if","locations":[{"start":{"line":107,"column":8},"end":{"line":110,"column":null}}]},"8":{"loc":{"start":{"line":112,"column":8},"end":{"line":115,"column":null}},"type":"if","locations":[{"start":{"line":112,"column":8},"end":{"line":115,"column":null}}]},"9":{"loc":{"start":{"line":118,"column":6},"end":{"line":121,"column":null}},"type":"if","locations":[{"start":{"line":118,"column":6},"end":{"line":121,"column":null}}]},"10":{"loc":{"start":{"line":126,"column":6},"end":{"line":132,"column":null}},"type":"if","locations":[{"start":{"line":126,"column":6},"end":{"line":132,"column":null}}]},"11":{"loc":{"start":{"line":143,"column":8},"end":{"line":145,"column":null}},"type":"if","locations":[{"start":{"line":143,"column":8},"end":{"line":145,"column":null}}]},"12":{"loc":{"start":{"line":151,"column":8},"end":{"line":156,"column":null}},"type":"if","locations":[{"start":{"line":151,"column":8},"end":{"line":156,"column":null}}]}},"s":{"0":3,"1":3,"2":3,"3":3,"4":6,"5":0,"6":0,"7":1,"8":1,"9":3,"10":3,"11":3,"12":3,"13":3,"14":0,"15":4,"16":0,"17":0,"18":4,"19":4,"20":4,"21":4,"22":10,"23":10,"24":1,"25":1,"26":9,"27":9,"28":1,"29":1,"30":8,"31":2,"32":6,"33":1,"34":1,"35":1,"36":1,"37":0,"38":0,"39":0,"40":0,"41":0,"42":0,"43":0,"44":0,"45":0,"46":6,"47":6,"48":6,"49":6,"50":0,"51":0,"52":0,"53":0,"54":0,"55":0,"56":0},"f":{"0":6,"1":0,"2":1,"3":3,"4":0,"5":4,"6":6,"7":0,"8":6,"9":6,"10":6},"b":{"0":[0,0],"1":[0,0],"2":[0,1],"3":[1,1],"4":[3],"5":[3,0],"6":[0],"7":[1],"8":[1],"9":[1],"10":[0],"11":[6],"12":[0]}}
,"D:\\王直\\大学学习资料\\第五学期\\TES\\Repository\\matpay\\src\\dialogs\\SplitModifyDialog.vue": {"path":"D:\\王直\\大学学习资料\\第五学期\\TES\\Repository\\matpay\\src\\dialogs\\SplitModifyDialog.vue","statementMap":{"0":{"start":{"line":34,"column":0},"end":{"line":34,"column":null}},"1":{"start":{"line":37,"column":0},"end":{"line":37,"column":null}},"2":{"start":{"line":43,"column":0},"end":{"line":43,"column":15}},"3":{"start":{"line":57,"column":4},"end":{"line":57,"column":11}},"4":{"start":{"line":69,"column":6},"end":{"line":69,"column":11}},"5":{"start":{"line":70,"column":6},"end":{"line":70,"column":11}},"6":{"start":{"line":73,"column":6},"end":{"line":73,"column":11}},"7":{"start":{"line":74,"column":6},"end":{"line":74,"column":11}},"8":{"start":{"line":77,"column":22},"end":{"line":77,"column":26}},"9":{"start":{"line":81,"column":6},"end":{"line":81,"column":13}},"10":{"start":{"line":82,"column":6},"end":{"line":82,"column":16}},"11":{"start":{"line":82,"column":23},"end":{"line":82,"column":30}},"12":{"start":{"line":85,"column":51},"end":{"line":85,"column":null}},"13":{"start":{"line":86,"column":6},"end":{"line":97,"column":null}},"14":{"start":{"line":86,"column":42},"end":{"line":86,"column":48}},"15":{"start":{"line":86,"column":17},"end":{"line":86,"column":18}},"16":{"start":{"line":86,"column":23},"end":{"line":86,"column":25}},"17":{"start":{"line":86,"column":37},"end":{"line":86,"column":42}},"18":{"start":{"line":87,"column":8},"end":{"line":90,"column":null}},"19":{"start":{"line":88,"column":10},"end":{"line":88,"column":15}},"20":{"start":{"line":89,"column":10},"end":{"line":89,"column":null}},"21":{"start":{"line":91,"column":20},"end":{"line":91,"column":27}},"22":{"start":{"line":92,"column":8},"end":{"line":95,"column":null}},"23":{"start":{"line":93,"column":10},"end":{"line":93,"column":15}},"24":{"start":{"line":94,"column":10},"end":{"line":94,"column":null}},"25":{"start":{"line":96,"column":8},"end":{"line":96,"column":13}},"26":{"start":{"line":98,"column":6},"end":{"line":101,"column":null}},"27":{"start":{"line":98,"column":50},"end":{"line":98,"column":53}},"28":{"start":{"line":99,"column":8},"end":{"line":99,"column":13}},"29":{"start":{"line":100,"column":8},"end":{"line":100,"column":null}},"30":{"start":{"line":102,"column":6},"end":{"line":102,"column":11}},"31":{"start":{"line":103,"column":6},"end":{"line":103,"column":11}},"32":{"start":{"line":107,"column":4},"end":{"line":107,"column":9}},"33":{"start":{"line":114,"column":8},"end":{"line":118,"column":null}},"34":{"start":{"line":115,"column":10},"end":{"line":117,"column":null}},"35":{"start":{"line":115,"column":45},"end":{"line":115,"column":51}},"36":{"start":{"line":115,"column":21},"end":{"line":115,"column":22}},"37":{"start":{"line":115,"column":27},"end":{"line":115,"column":29}},"38":{"start":{"line":115,"column":40},"end":{"line":115,"column":45}},"39":{"start":{"line":116,"column":12},"end":{"line":116,"column":17}}},"fnMap":{"0":{"name":"(anonymous_0)","decl":{"start":{"line":56,"column":2},"end":{"line":56,"column":6}},"loc":{"start":{"line":56,"column":2},"end":{"line":63,"column":null}}},"1":{"name":"(anonymous_1)","decl":{"start":{"line":68,"column":8},"end":{"line":68,"column":null}},"loc":{"start":{"line":68,"column":8},"end":{"line":71,"column":null}}},"2":{"name":"(anonymous_2)","decl":{"start":{"line":72,"column":8},"end":{"line":72,"column":null}},"loc":{"start":{"line":72,"column":8},"end":{"line":75,"column":null}}},"3":{"name":"(anonymous_3)","decl":{"start":{"line":76,"column":4},"end":{"line":76,"column":16}},"loc":{"start":{"line":76,"column":48},"end":{"line":83,"column":null}}},"4":{"name":"(anonymous_4)","decl":{"start":{"line":82,"column":17},"end":{"line":82,"column":23}},"loc":{"start":{"line":82,"column":17},"end":{"line":82,"column":39}}},"5":{"name":"(anonymous_5)","decl":{"start":{"line":84,"column":4},"end":{"line":84,"column":17}},"loc":{"start":{"line":84,"column":4},"end":{"line":104,"column":null}}},"6":{"name":"(anonymous_6)","decl":{"start":{"line":98,"column":38},"end":{"line":98,"column":39}},"loc":{"start":{"line":98,"column":45},"end":{"line":98,"column":59}}},"7":{"name":"(anonymous_7)","decl":{"start":{"line":106,"column":2},"end":{"line":106,"column":9}},"loc":{"start":{"line":106,"column":2},"end":{"line":110,"column":null}}},"8":{"name":"(anonymous_8)","decl":{"start":{"line":113,"column":13},"end":{"line":113,"column":null}},"loc":{"start":{"line":113,"column":13},"end":{"line":119,"column":null}}}},"branchMap":{"0":{"loc":{"start":{"line":69,"column":6},"end":{"line":69,"column":26}},"type":"cond-expr","locations":[{"start":{"line":69,"column":24},"end":{"line":69,"column":26}},{"start":{"line":69,"column":24},"end":{"line":69,"column":26}}]},"1":{"loc":{"start":{"line":69,"column":6},"end":{"line":69,"column":26}},"type":"binary-expr","locations":[{"start":{"line":69,"column":6},"end":{"line":69,"column":26}},{"start":{"line":69,"column":24},"end":{"line":69,"column":26}}]},"2":{"loc":{"start":{"line":73,"column":6},"end":{"line":73,"column":26}},"type":"cond-expr","locations":[{"start":{"line":73,"column":24},"end":{"line":73,"column":26}},{"start":{"line":73,"column":24},"end":{"line":73,"column":26}}]},"3":{"loc":{"start":{"line":73,"column":6},"end":{"line":73,"column":26}},"type":"binary-expr","locations":[{"start":{"line":73,"column":6},"end":{"line":73,"column":26}},{"start":{"line":73,"column":24},"end":{"line":73,"column":26}}]},"4":{"loc":{"start":{"line":87,"column":8},"end":{"line":90,"column":null}},"type":"if","locations":[{"start":{"line":87,"column":8},"end":{"line":90,"column":null}}]},"5":{"loc":{"start":{"line":92,"column":8},"end":{"line":95,"column":null}},"type":"if","locations":[{"start":{"line":92,"column":8},"end":{"line":95,"column":null}}]},"6":{"loc":{"start":{"line":98,"column":6},"end":{"line":101,"column":null}},"type":"if","locations":[{"start":{"line":98,"column":6},"end":{"line":101,"column":null}}]},"7":{"loc":{"start":{"line":114,"column":8},"end":{"line":118,"column":null}},"type":"if","locations":[{"start":{"line":114,"column":8},"end":{"line":118,"column":null}}]}},"s":{"0":4,"1":4,"2":4,"3":6,"4":0,"5":0,"6":1,"7":1,"8":3,"9":3,"10":3,"11":0,"12":4,"13":4,"14":8,"15":5,"16":5,"17":5,"18":5,"19":1,"20":1,"21":4,"22":4,"23":1,"24":1,"25":3,"26":2,"27":3,"28":1,"29":1,"30":1,"31":1,"32":6,"33":6,"34":6
[...]
"end":{"line":68,"column":null}},"32":{"start":{"line":46,"column":4},"end":{"line":67,"column":null}},"33":{"start":{"line":48,"column":6},"end":{"line":50,"column":null}},"34":{"start":{"line":49,"column":8},"end":{"line":49,"column":14}},"35":{"start":{"line":52,"column":6},"end":{"line":54,"column":null}},"36":{"start":{"line":53,"column":8},"end":{"line":53,"column":14}},"37":{"start":{"line":55,"column":28},"end":{"line":55,"column":34}},"38":{"start":{"line":55,"column":78},"end":{"line":55,"column":null}},"39":{"start":{"line":56,"column":6},"end":{"line":66,"column":null}},"40":{"start":{"line":59,"column":8},"end":{"line":59,"column":21}},"41":{"start":{"line":62,"column":8},"end":{"line":62,"column":14}},"42":{"start":{"line":69,"column":2},"end":{"line":69,"column":9}},"43":{"start":{"line":41,"column":0},"end":{"line":41,"column":16}},"44":{"start":{"line":72,"column":22},"end":{"line":72,"column":32}},"45":{"start":{"line":73,"column":2},"end":{"line":73,"column":9}},"46":{"start":{"line":75,"column":2},"end":{"line":81,"column":null}},"47":{"start":{"line":76,"column":4},"end":{"line":80,"column":null}},"48":{"start":{"line":77,"column":6},"end":{"line":79,"column":null}},"49":{"start":{"line":78,"column":8},"end":{"line":78,"column":19}},"50":{"start":{"line":82,"column":2},"end":{"line":82,"column":9}},"51":{"start":{"line":83,"column":46},"end":{"line":83,"column":null}},"52":{"start":{"line":84,"column":2},"end":{"line":86,"column":null}},"53":{"start":{"line":85,"column":4},"end":{"line":85,"column":7}},"54":{"start":{"line":87,"column":2},"end":{"line":87,"column":9}},"55":{"start":{"line":88,"column":2},"end":{"line":88,"column":9}},"56":{"start":{"line":89,"column":2},"end":{"line":98,"column":null}},"57":{"start":{"line":90,"column":36},"end":{"line":90,"column":null}},"58":{"start":{"line":91,"column":4},"end":{"line":93,"column":null}},"59":{"start":{"line":91,"column":17},"end":{"line":91,"column":20}},"60":{"start":{"line":92,"column":6},"end":{"line":92,"column":13}},"61":{"start":{"line":92,"column":59},"end":{"line":92,"column":74}},"62":{"start":{"line":94,"column":23},"end":{"line":94,"column":27}},"63":{"start":{"line":95,"column":4},"end":{"line":97,"column":null}},"64":{"start":{"line":95,"column":17},"end":{"line":95,"column":20}},"65":{"start":{"line":96,"column":6},"end":{"line":96,"column":17}},"66":{"start":{"line":96,"column":46},"end":{"line":96,"column":61}},"67":{"start":{"line":100,"column":2},"end":{"line":106,"column":null}},"68":{"start":{"line":101,"column":4},"end":{"line":105,"column":null}},"69":{"start":{"line":101,"column":17},"end":{"line":101,"column":20}},"70":{"start":{"line":102,"column":6},"end":{"line":104,"column":null}},"71":{"start":{"line":103,"column":8},"end":{"line":103,"column":19}},"72":{"start":{"line":107,"column":2},"end":{"line":107,"column":9}},"73":{"start":{"line":71,"column":0},"end":{"line":71,"column":16}},"74":{"start":{"line":114,"column":2},"end":{"line":125,"column":null}},"75":{"start":{"line":115,"column":4},"end":{"line":118,"column":null}},"76":{"start":{"line":117,"column":6},"end":{"line":117,"column":12}},"77":{"start":{"line":119,"column":4},"end":{"line":124,"column":null}},"78":{"start":{"line":120,"column":6},"end":{"line":120,"column":13}},"79":{"start":{"line":121,"column":6},"end":{"line":121,"column":9}},"80":{"start":{"line":122,"column":6},"end":{"line":122,"column":13}}},"fnMap":{"0":{"name":"uuidgen","decl":{"start":{"line":6,"column":16},"end":{"line":6,"column":23}},"loc":{"start":{"line":6,"column":23},"end":{"line":8,"column":null}}},"1":{"name":"(anonymous_1)","decl":{"start":{"line":10,"column":27},"end":{"line":10,"column":104}},"loc":{"start":{"line":10,"column":104},"end":{"line":16,"column":null}}},"2":{"name":"(anonymous_2)","decl":{"start":{"line":12,"column":23},"end":{"line":12,"column":24}},"loc":{"start":{"line":12,"column":36},"end":{"line":12,"column":53}}},"3":{"name":"(anonymous_3)","decl":{"start":{"line":14,"column":27},"end":{"line":14,"column":28}},"loc":{"start":{"line":14,"column":40},"end":{"line":14,"column":57}}},"4":{"name":"(anonymous_4)","decl":{"start":{"line":17,"column":33},"end":{"line":17,"column":124}},"loc":{"start":{"line":17,"column":124},"end":{"line":31,"column":null}}},"5":{"name":"(anonymous_5)","decl":{"start":{"line":20,"column":28},"end":{"line":20,"column":29}},"loc":{"start":{"line":20,"column":41},"end":{"line":20,"column":58}}},"6":{"name":"(anonymous_6)","decl":{"start":{"line":25,"column":32},"end":{"line":25,"column":33}},"loc":{"start":{"line":25,"column":45},"end":{"line":25,"column":62}}},"7":{"name":"(anonymous_7)","decl":{"start":{"line":32,"column":36},"end":{"line":32,"column":60}},"loc":{"start":{"line":32,"column":60},"end":{"line":34,"column":null}}},"8":{"name":"(anonymous_8)","decl":{"start":{"line":35,"column":28},"end":{"line":35,"column":62}},"loc":{"start":{"line":35,"column":62},"end":{"line":40,"column":null}}},"9":{"name":"build_graph","decl":{"start":{"line":41,"column":16},"end":{"line":41,"column":29}},"loc":{"start":{"line":41,"column":62},"end":{"line":70,"column":null}}},"10":{"name":"(anonymous_10)","decl":{"start":{"line":55,"column":73},"end":{"line":55,"column":74}},"loc":{"start":{"line":55,"column":78},"end":{"line":55,"column":null}}},"11":{"name":"optimize_graph","decl":{"start":{"line":71,"column":16},"end":{"line":71,"column":32}},"loc":{"start":{"line":71,"column":46},"end":{"line":108,"column":null}}},"12":{"name":"(anonymous_12)","decl":{"start":{"line":92,"column":54},"end":{"line":92,"column":55}},"loc":{"start":{"line":92,"column":59},"end":{"line":92,"column":74}}},"13":{"name":"(anonymous_13)","decl":{"start":{"line":96,"column":41},"end":{"line":96,"column":42}},"loc":{"start":{"line":96,"column":46},"end":{"line":96,"column":61}}},"14":{"name":"dfs","decl":{"start":{"line":110,"column":9},"end":{"line":110,"column":14}},"loc":{"start":{"line":113,"column":36},"end":{"line":126,"column":null}}}},"branchMap":{"0":{"loc":{"start":{"line":11,"column":2},"end":{"line":15,"column":null}},"type":"if","locations":[{"start":{"line":11,"column":2},"end":{"line":15,"column":null}},{"start":{"line":13,"column":9},"end":{"line":15,"column":null}}]},"1":{"loc":{"start":{"line":19,"column":2},"end":{"line":29,"column":null}},"type":"if","locations":[{"start":{"line":19,"column":2},"end":{"line":29,"column":null}},{"start":{"line":24,"column":9},"end":{"line":29,"column":null}}]},"2":{"loc":{"start":{"line":48,"column":6},"end":{"line":50,"column":null}},"type":"if","locations":[{"start":{"line":48,"column":6},"end":{"line":50,"column":null}}]},"3":{"loc":{"start":{"line":52,"column":6},"end":{"line":54,"column":null}},"type":"if","locations":[{"start":{"line":52,"column":6},"end":{"line":54,"column":null}}]},"4":{"loc":{"start":{"line":56,"column":6},"end":{"line":66,"column":null}},"type":"if","locations":[{"start":{"line":56,"column":6},"end":{"line":66,"column":null}},{"start":{"line":60,"column":13},"end":{"line":66,"column":null}}]},"5":{"loc":{"start":{"line":77,"column":6},"end":{"line":79,"column":null}},"type":"if","locations":[{"start":{"line":77,"column":6},"end":{"line":79,"column":null}}]},"6":{"loc":{"start":{"line":102,"column":6},"end":{"line":104,"column":null}},"type":"if","locations":[{"start":{"line":102,"column":6},"end":{"line":104,"column":null}}]},"7":{"loc":{"start":{"line":115,"column":4},"end":{"line":118,"column":null}},"type":"if","locations":[{"start":{"line":115,"column":4},"end":{"line":118,"column":null}}]},"8":{"loc":{"start":{"line":119,"column":4},"end":{"line":124,"column":null}},"type":"if","locations":[{"start":{"line":119,"column":4},"end":{"line":124,"column":null}}]}},"s":{"0":18,"1":18,"2":133,"3":18,"4":18,"5":22,"6":0,"7":0,"8":22,"9":25,"10":18,"11":18,"12":11,"13":11,"14":5,"15":5,"16":5,"17":5,"18":6,"19":12,"20":6,"21":12,"22":11,"23":18,"24":18,"25":24,"26":18,"27":18,"28":234,"29":18,"30":6,"31":6,"32":16,"33":17,"34":4,"35":17,"36":12,"37":17,"38":3,"39":17,"40":0,"41":17,"42":6,"43":18,"44":8,"45":8,"46":8,"47":25,"48":26,"49":0,"50":8,"51":8,"52":8,"53":25,"54":8,"55":8,"56":8,"57":21,"58":21,"59":21,"60":63,"61":81,"62":21,"63":21,"64":21,"65":63,"66":81,"67":8,"68":25,"69":25,"70":24,"71":10,"72":8,"73":18,"74":117,"75":117,"76":21,"77":117,"78":92,"79":92,"80":92},"f":{"0":133,"1":22,"2":0,"3":25,"4":11,"5":5,"6":12,"7":24,"8":234,"9":6,"10":3,"11":8,"12":81,"13":81,"14":117},"b":{"0":[0,22],"1":[5,6],"2":[4],"3":[12],"4":[0,17],"5":[0],"6":[10],"7":[21],"8":[92]}}
,"D:\\王直\\大学学习资料\\第五学期\\TES\\Repository\\matpay\\src\\views\\Register.vue": {"path":"D:\\王直\\大学学习资料\\第五学期\\TES\\Repository\\matpay\\src\\views\\Register.vue","statementMap":{"0":{"start":{"line":25,"column":0},"end":{"line":25,"column":null}},"1":{"start":{"line":27,"column":0},"end":{"line":27,"column":15}},"2":{"start":{"line":30,"column":4},"end":{"line":30,"column":11}}},"fnMap":{"0":{"name":"(anonymous_0)","decl":{"start":{"line":29,"column":6},"end":{"line":29,"column":null}},"loc":{"start":{"line":29,"column":6},"end":{"line":32,"column":null}}}},"branchMap":{},"s":{"0":1,"1":1,"2":0},"f":{"0":0},"b":{}}
,"D:\\王直\\大学学习资料\\第五学期\\TES\\Repository\\matpay\\src\\views\\RoomDetail.vue": {"path":"D:\\王直\\大学学习资料\\第五学期\\TES\\Repository\\matpay\\src\\views\\RoomDetail.vue","statementMap":{"0":{"start":{"line":33,"column":0},"end":{"line":33,"column":null}},"1":{"start":{"line":34,"column":0},"end":{"line":34,"column":null}},"2":{"start":{"line":35,"column":0},"end":{"line":35,"column":null}},"3":{"start":{"line":37,"column":0},"end":{"line":37,"column":null}},"4":{"start":{"line":40,"column":0},"end":{"line":40,"column":15}},"5":{"start":{"line":43,"column":4},"end":{"line":43,"column":11}},"6":{"start":{"line":61,"column":6},"end":{"line":61,"column":13}},"7":{"start":{"line":64,"column":6},"end":{"line":68,"column":null}},"8":{"start":{"line":65,"column":8},"end":{"line":65,"column":15}},"9":{"start":{"line":67,"column":8},"end":{"line":67,"column":15}},"10":{"start":{"line":71,"column":6},"end":{"line":75,"column":null}},"11":{"start":{"line":72,"column":8},"end":{"line":72,"column":15}},"12":{"start":{"line":74,"column":8},"end":{"line":74,"column":15}},"13":{"start":{"line":89,"column":6},"end":{"line":89,"column":11}},"14":{"start":{"line":92,"column":6},"end":{"line":92,"column":11}},"15":{"start":{"line":98,"column":4},"end":{"line":98,"column":10}},"16":{"start":{"line":99,"column":4},"end":{"line":99,"column":9}},"17":{"start":{"line":102,"column":4},"end":{"line":102,"column":9}},"18":{"start":{"line":105,"column":6},"end":{"line":105,"column":10}}},"fnMap":{"0":{"name":"(anonymous_0)","decl":{"start":{"line":42,"column":2},"end":{"line":42,"column":6}},"loc":{"start":{"line":42,"column":2},"end":{"line":47,"column":null}}},"1":{"name":"(anonymous_1)","decl":{"start":{"line":60,"column":4},"end":{"line":60,"column":11}},"loc":{"start":{"line":60,"column":4},"end":{"line":62,"column":null}}},"2":{"name":"(anonymous_2)","decl":{"start":{"line":63,"column":4},"end":{"line":63,"column":14}},"loc":{"start":{"line":63,"column":4},"end":{"line":69,"column":null}}},"3":{"name":"(anonymous_3)","decl":{"start":{"line":70,"column":4},"end":{"line":70,"column":13}},"loc":{"start":{"line":70,"column":4},"end":{"line":76,"column":null}}},"4":{"name":"(anonymous_4)","decl":{"start":{"line":88,"column":4},"end":{"line":88,"column":12}},"loc":{"start":{"line":88,"column":27},"end":{"line":90,"column":null}}},"5":{"name":"(anonymous_5)","decl":{"start":{"line":91,"column":16},"end":{"line":91,"column":null}},"loc":{"start":{"line":91,"column":16},"end":{"line":95,"column":null}}},"6":{"name":"(anonymous_6)","decl":{"start":{"line":97,"column":15},"end":{"line":97,"column":null}},"loc":{"start":{"line":97,"column":15},"end":{"line":107,"column":null}}},"7":{"name":"(anonymous_9)","decl":{"start":{"line":104,"column":12},"end":{"line":104,"column":null}},"loc":{"start":{"line":104,"column":12},"end":{"line":106,"column":null}}}},"branchMap":{},"s":{"0":2,"1":2,"2":2,"3":2,"4":2,"5":1,"6":1,"7":1,"8":1,"9":0,"10":1,"11":1,"12":0,"13":0,"14":0,"15":0,"16":0,"17":0,"18":0},"f":{"0":1,"1":1,"2":1,"3":1,"4":0,"5":0,"6":0,"7":0},"b":{}}
,"D:\\王直\\大学学习资料\\第五学期\\TES\\Repository\\matpay\\src\\views\\RoomTxHistory.vue": {"path":"D:\\王直\\大学学习资料\\第五学期\\TES\\Repository\\matpay\\src\\views\\RoomTxHistory.vue","statementMap":{"0":{"start":{"line":34,"column":0},"end":{"line":34,"column":null}},"1":{"start":{"line":35,"column":0},"end":{"line":35,"column":null}},"2":{"start":{"line":36,"column":0},"end":{"line":36,"column":null}},"3":{"start":{"line":37,"column":0},"end":{"line":37,"column":null}},"4":{"start":{"line":38,"column":0},"end":{"line":38,"column":null}},"5":{"start":{"line":40,"column":0},"end":{"line":40,"column":15}},"6":{"start":{"line":43,"column":4},"end":{"line":43,"column":11}},"7":{"start":{"line":60,"column":6},"end":{"line":60,"column":13}},"8":{"start":{"line":63,"column":6},"end":{"line":63,"column":13}},"9":{"start":{"line":66,"column":6},"end":{"line":66,"column":13}},"10":{"start":{"line":80,"column":6},"end":{"line":85,"column":null}},"11":{"start":{"line":81,"column":8},"end":{"line":81,"column":13}},"12":{"start":{"line":83,"column":8},"end":{"line":83,"column":13}},"13":{"start":{"line":84,"column":8},"end":{"line":84,"column":13}},"14":{"start":{"line":88,"column":6},"end":{"line":88,"column":11}},"15":{"start":{"line":92,"column":4},"end":{"line":92,"column":10}},"16":{"start":{"line":93,"column":4},"end":{"line":93,"column":11}},"17":{"start":{"line":94,"column":4},"end":{"line":94,"column":9}},"18":{"start":{"line":97,"column":6},"end":{"line":97,"column":13}},"19":{"start":{"line":98,"column":6},"end":{"line":98,"column":10}},"20":{"start":{"line":99,"column":6},"end":{"line":99,"column":13}},"21":{"start":{"line":100,"column":6},"end":{"line":100,"column":10}},"22":{"start":{"line":101,"column":6},"end":{"line":101,"column":13}},"23":{"start":{"line":102,"column":6},"end":{"line":108,"column":null}},"24":{"start":{"line":103,"column":27},"end":{"line":103,"column":31}},"25":{"start":{"line":103,"column":52},"end":{"line":103,"column":53}},"26":{"start":{"line":104,"column":8},"end":{"line":107,"column":null}},"27":{"start":{"line":105,"column":10},"end":{"line":105,"column":14}},"28":{"start":{"line":106,"column":10},"end":{"line":106,"column":14}},"29":{"start":{"line":109,"column":6},"end":{"line":109,"column":13}},"30":{"start":{"line":110,"column":6},"end":{"line":110,"column":10}}},"fnMap":{"0":{"name":"(anonymous_0)","decl":{"start":{"line":42,"column":2},"end":{"line":42,"column":6}},"loc":{"start":{"line":42,"column":2},"end":{"line":51,"column":null}}},"1":{"name":"(anonymous_1)","decl":{"start":{"line":59,"column":4},"end":{"line":59,"column":11}},"loc":{"start":{"line":59,"column":4},"end":{"line":61,"column":null}}},"2":{"name":"(anonymous_2)","decl":{"start":{"line":62,"column":4},"end":{"line":62,"column":20}},"loc":{"start":{"line":62,"column":4},"end":{"line":64,"column":null}}},"3":{"name":"(anonymous_3)","decl":{"start":{"line":65,"column":4},"end":{"line":65,"column":11}},"loc":{"start":{"line":65,"column":4},"end":{"line":67,"column":null}}},"4":{"name":"(anonymous_4)","decl":{"start":{"line":79,"column":4},"end":{"line":79,"column":12}},"loc":{"start":{"line":79,"column":36},"end":{"line":86,"column":null}}},"5":{"name":"(anonymous_5)","decl":{"start":{"line":87,"column":4},"end":{"line":87,"column":12}},"loc":{"start":{"line":87,"column":23},"end":{"line":89,"column":null}}},"6":{"name":"(anonymous_6)","decl":{"start":{"line":91,"column":15},"end":{"line":91,"column":null}},"loc":{"start":{"line":91,"column":15},"end":{"line":112,"column":null}}},"7":{"name":"(anonymous_9)","decl":{"start":{"line":96,"column":12},"end":{"line":96,"column":null}},"loc":{"start":{"line":96,"column":12},"end":{"line":111,"column":null}}},"8":{"name":"(anonymous_10)","decl":{"start":{"line":103,"column":47},"end":{"line":103,"column":48}},"loc":{"start":{"line":103,"column":48},"end":{"line":103,"column":null}}}},"branchMap":{"0":{"loc":{"start":{"line":80,"column":6},"end":{"line":85,"column":null}},"type":"if","locations":[{"start":{"line":80,"column":6},"end":{"line":85,"column":null}},{"start":{"line":82,"column":13},"end":{"line":85,"column":null}}]},"1":{"loc":{"start":{"line":80,"column":10},"end":{"line":80,"column":78}},"type":"binary-expr","locations":[{"start":{"line":80,"column":10},"end":{"line":80,"column":42}},{"start":{"line":80,"column":60},"end":{"line":80,"column":78}}]},"2":{"loc":{"start":{"line":102,"column":6},"end":{"line":108,"column":null}},"type":"if","locations":[{"start":{"line":102,"column":6},"end":{"line":108,"column":null}}]},"3":{"loc":{"start":{"line":104,"column":8},"end":{"line":107,"column":null}},"type":"if","locations":[{"start":{"line":104,"column":8},"end":{"line":107,"column":null}}]}},"s":{"0":2,"1":2,"2":2,"3":2,"4":2,"5":2,"6":5,"7":5,"8":5,"9":5,"10":1,"11":0,"12":1,"13":1,"14":0,"15":10,"16":5,"17":5,"18":5,"19":5,"20":5,"21":5,"22":5,"23":5,"24":0,"25":0,"26":0,"27":0,"28":0,"29":5,"30":5},"f":{"0":5,"1":5,"2":5,"3":5,"4":1,"5":0,"6":5,"7":5,"8":0},"b":{"0":[0,1],"1":[1,0],"2":[0],"3":[0]}}
,"D:\\王直\\大学学习资料\\第五学期\\TES\\Repository\\matpay\\tests\\test_utils.ts": {"path":"D:\\王直\\大学学习资料\\第五学期\\TES\\Repository\\matpay\\tests\\test_utils.ts","statementMap":{"0":{"start":{"line":1,"column":13},"end":{"line":1,"column":29}},"1":{"start":{"line":6,"column":13},"end":{"line":6,"column":29}},"2":{"start":{"line":10,"column":13},"end":{"line":10,"column":29}},"3":{"start":{"line":15,"column":13},"end":{"line":15,"column":31}}},"fnMap":{},"branchMap":{},"s":{"0":2,"1":2,"2":2,"3":2},"f":{},"b":{}}
,"D:\\王直\\大学学习资料\\第五学期\\TES\\Repository\\matpay\\tests\\unit\\mocks\\mocked_graph.ts": {"path":"D:\\王直\\大学学习资料\\第五学期\\TES\\Repository\\matpay\\tests\\unit\\mocks\\mocked_graph.ts","statementMap":{"0":{"start":{"line":3,"column":13},"end":{"line":3,"column":44}},"1":{"start":{"line":11,"column":13},"end":{"line":11,"column":42}},"2":{"start":{"line":19,"column":13},"end":{"line":19,"column":44}},"3":{"start":{"line":30,"column":13},"end":{"line":30,"column":42}},"4":{"start":{"line":41,"column":13},"end":{"line":41,"column":44}},"5":{"start":{"line":50,"column":13},"end":{"line":50,"column":42}},"6":{"start":{"line":59,"column":13},"end":{"line":59,"column":44}},"7":{"start":{"line":69,"column":13},"end":{"line":69,"column":42}}},"fnMap":{},"branchMap":{},"s":{"0":2,"1":2,"2":2,"3":2,"4":2,"5":2,"6":2,"7":2},"f":{},"b":{}}
,"D:\\王直\\大学学习资料\\第五学期\\TES\\Repository\\matpay\\tests\\unit\\mocks\\mocked_user.ts": {"path":"D:\\王直\\大学学习资料\\第五学期\\TES\\Repository\\matpay\\tests\\unit\\mocks\\mocked_user.ts","statementMap":{"0":{"start":{"line":4,"column":13},"end":{"line":4,"column":22}},"1":{"start":{"line":8,"column":13},"end":{"line":8,"column":22}},"2":{"start":{"line":12,"column":13},"end":{"line":12,"column":22}},"3":{"start":{"line":16,"column":13},"end":{"line":16,"column":24}},"4":{"start":{"line":20,"column":13},"end":{"line":20,"column":24}},"5":{"start":{"line":24,"column":13},"end":{"line":24,"column":24}},"6":{"start":{"line":28,"column":13},"end":{"line":28,"column":22}},"7":{"start":{"line":32,"column":13},"end":{"line":32,"column":22}},"8":{"start":{"line":36,"column":13},"end":{"line":36,"column":22}},"9":{"start":{"line":40,"column":13},"end":{"line":40,"column":22}},"10":{"start":{"line":44,"column":13},"end":{"line":44,"column":22}},"11":{"start":{"line":48,"column":13},"end":{"line":48,"column":22}},"12":{"start":{"line":52,"column":13},"end":{"line":52,"column":31}},"13":{"start":{"line":53,"column":13},"end":{"line":53,"column":54}},"14":{"start":{"line":71,"column":13},"end":{"line":71,"column":69}}},"fnMap":{},"branchMap":{},"s":{"0":18,"1":18,"2":18,"3":18,"4":18,"5":18,"6":18,"7":18,"8":18,"9":18,"10":18,"11":18,"12":18,"13":18,"14":18},"f":{},"b":{}}
}
