TN:
SF:src\App.vue
FN:46,(anonymous_0)
FN:60,(anonymous_1)
FNF:2
FNH:1
FNDA:3,(anonymous_0)
FNDA:0,(anonymous_1)
DA:41,1
DA:42,1
DA:44,1
DA:47,3
DA:61,0
DA:62,0
LF:6
LH:4
BRF:0
BRH:0
end_of_record
TN:
SF:src\assets\CreateAccountTchncs.jpg
FNF:0
FNH:0
DA:1,1
LF:1
LH:1
BRF:0
BRH:0
end_of_record
TN:
SF:src\assets\RegisterPageElement.jpg
FNF:0
FNH:0
DA:1,1
LF:1
LH:1
BRF:0
BRH:0
end_of_record
TN:
SF:src\components\ChatComponent.vue
FN:51,(anonymous_0)
FN:68,(anonymous_1)
FN:71,(anonymous_2)
FN:88,(anonymous_3)
FN:92,(anonymous_4)
FNF:5
FNH:4
FNDA:6,(anonymous_0)
FNDA:7,(anonymous_1)
FNDA:7,(anonymous_2)
FNDA:0,(anonymous_3)
FNDA:2,(anonymous_4)
DA:36,2
DA:37,2
DA:39,2
DA:40,2
DA:41,2
DA:42,2
DA:44,2
DA:52,6
DA:69,7
DA:72,7
DA:73,7
DA:89,0
DA:90,0
DA:93,2
DA:95,3
DA:99,1
DA:101,1
LF:17
LH:15
BRDA:93,0,0,0
BRF:1
BRH:0
end_of_record
TN:
SF:src\components\ChatMessageBox.vue
FN:21,(anonymous_0)
FNF:1
FNH:1
FNDA:4,(anonymous_0)
DA:13,3
DA:14,3
DA:19,3
DA:22,4
LF:4
LH:4
BRF:0
BRH:0
end_of_record
TN:
SF:src\components\MemberList.vue
FN:34,(anonymous_0)
FN:46,(anonymous_1)
FN:60,(anonymous_2)
FN:61,(anonymous_3)
FN:77,(anonymous_4)
FN:90,(anonymous_5)
FN:93,(anonymous_6)
FN:108,(anonymous_7)
FN:114,(anonymous_8)
FN:120,(anonymous_9)
FN:127,(anonymous_10)
FN:138,(anonymous_13)
FN:153,(anonymous_16)
FNF:13
FNH:5
FNDA:0,(anonymous_0)
FNDA:2,(anonymous_1)
FNDA:2,(anonymous_2)
FNDA:3,(anonymous_3)
FNDA:2,(anonymous_4)
FNDA:0,(anonymous_5)
FNDA:0,(anonymous_6)
FNDA:0,(anonymous_7)
FNDA:0,(anonymous_8)
FNDA:0,(anonymous_9)
FNDA:0,(anonymous_10)
FNDA:0,(anonymous_13)
FNDA:2,(anonymous_16)
DA:23,3
DA:24,3
DA:25,3
DA:27,3
DA:28,3
DA:29,3
DA:31,3
DA:35,0
DA:47,2
DA:60,2
DA:61,3
DA:62,1
DA:78,2
DA:79,2
DA:81,2
DA:82,2
DA:83,2
DA:84,2
DA:87,2
DA:91,0
DA:95,0
DA:96,0
DA:97,0
DA:98,0
DA:99,0
DA:100,0
DA:102,0
DA:103,0
DA:104,0
DA:106,0
DA:109,0
DA:110,0
DA:111,0
DA:112,0
DA:115,0
DA:116,0
DA:117,0
DA:118,0
DA:121,0
DA:125,0
DA:129,0
DA:135,0
DA:140,0
DA:143,0
DA:147,0
DA:154,2
DA:155,2
LF:47
LH:20
BRDA:62,0,0,1
BRDA:62,0,1,1
BRDA:79,1,0,2
BRDA:82,2,0,2
BRDA:97,3,0,0
BRDA:97,3,1,0
BRDA:98,4,0,0
BRDA:102,5,0,0
BRF:8
BRH:4
end_of_record
TN:
SF:src\components\TxApprovedMessageBox.vue
FN:42,(anonymous_0)
FN:57,(anonymous_1)
FNF:2
FNH:2
FNDA:3,(anonymous_0)
FNDA:1,(anonymous_1)
DA:26,3
DA:27,3
DA:32,3
DA:43,3
DA:58,1
LF:5
LH:5
BRDA:62,0,0,0
BRDA:62,0,1,1
BRDA:62,1,0,1
BRDA:62,1,1,1
BRF:4
BRH:3
end_of_record
TN:
SF:src\components\TxDetail.vue
FN:40,(anonymous_0)
FN:53,(anonymous_1)
FN:56,(anonymous_2)
FNF:3
FNH:1
FNDA:6,(anonymous_0)
FNDA:0,(anonymous_1)
FNDA:0,(anonymous_2)
DA:25,3
DA:26,3
DA:28,3
DA:29,3
DA:41,6
DA:54,0
DA:57,0
LF:7
LH:5
BRF:0
BRH:0
end_of_record
TN:
SF:src\components\TxList.vue
FN:14,(anonymous_0)
FN:23,(anonymous_1)
FN:30,(anonymous_2)
FNF:3
FNH:3
FNDA:2,(anonymous_0)
FNDA:3,(anonymous_1)
FNDA:2,(anonymous_2)
DA:8,3
DA:11,3
DA:15,2
DA:24,3
DA:31,2
LF:5
LH:5
BRF:0
BRH:0
end_of_record
TN:
SF:src\components\TxPendingMessageBox.vue
FN:45,(anonymous_0)
FN:65,(anonymous_1)
FN:68,(anonymous_2)
FNF:3
FNH:2
FNDA:2,(anonymous_0)
FNDA:0,(anonymous_1)
FNDA:1,(anonymous_2)
DA:24,3
DA:25,3
DA:33,3
DA:35,3
DA:46,2
DA:66,0
DA:70,2
DA:75,0
DA:77,1
LF:9
LH:7
BRF:0
BRH:0
end_of_record
TN:
SF:src\components\UserCard.vue
FN:64,(anonymous_0)
FN:74,(anonymous_1)
FN:88,(anonymous_2)
FN:96,(anonymous_3)
FN:98,(anonymous_4)
FN:108,(anonymous_5)
FN:116,(anonymous_6)
FN:119,(anonymous_7)
FN:124,(anonymous_10)
FNF:9
FNH:3
FNDA:6,(anonymous_0)
FNDA:6,(anonymous_1)
FNDA:6,(anonymous_2)
FNDA:0,(anonymous_3)
FNDA:0,(anonymous_4)
FNDA:0,(anonymous_5)
FNDA:0,(anonymous_6)
FNDA:0,(anonymous_7)
FNDA:0,(anonymous_10)
DA:32,4
DA:33,4
DA:34,4
DA:35,4
DA:36,4
DA:41,4
DA:65,6
DA:75,6
DA:88,6
DA:89,6
DA:90,6
DA:91,6
DA:92,6
DA:93,6
DA:94,6
DA:95,0
DA:97,0
DA:98,0
DA:99,0
DA:101,0
DA:104,6
DA:109,0
DA:110,0
DA:111,0
DA:112,0
DA:113,0
DA:117,0
DA:120,0
DA:121,0
DA:126,0
DA:130,0
DA:132,0
LF:32
LH:16
BRDA:89,0,0,6
BRDA:94,1,0,0
BRDA:94,1,1,6
BRDA:110,2,0,0
BRDA:110,2,1,0
BRDA:112,3,0,0
BRDA:120,4,0,0
BRDA:128,5,0,0
BRDA:128,5,1,0
BRDA:128,6,0,0
BRDA:128,6,1,0
BRF:11
BRH:2
end_of_record
TN:
SF:src\dialogs\ApprovalDialog.vue
FN:87,(anonymous_0)
FN:97,(anonymous_1)
FN:99,(anonymous_2)
FN:105,(anonymous_3)
FN:109,(anonymous_4)
FN:113,(anonymous_5)
FN:116,(anonymous_6)
FN:120,(anonymous_7)
FNF:8
FNH:6
FNDA:3,(anonymous_0)
FNDA:3,(anonymous_1)
FNDA:6,(anonymous_2)
FNDA:0,(anonymous_3)
FNDA:1,(anonymous_4)
FNDA:1,(anonymous_5)
FNDA:0,(anonymous_6)
FNDA:3,(anonymous_7)
DA:70,3
DA:71,3
DA:72,3
DA:76,3
DA:88,3
DA:98,3
DA:99,6
DA:106,0
DA:107,0
DA:110,1
DA:111,1
DA:114,1
DA:117,0
DA:121,3
DA:122,3
LF:15
LH:12
BRDA:98,0,0,3
BRDA:98,0,1,3
BRDA:98,1,0,0
BRDA:98,1,1,3
BRDA:98,2,0,3
BRDA:98,2,1,3
BRDA:99,3,0,0
BRDA:99,3,1,3
BRDA:99,4,0,3
BRDA:99,4,1,3
BRDA:106,5,0,0
BRDA:106,5,1,0
BRDA:106,6,0,0
BRDA:106,6,1,0
BRDA:110,7,0,0
BRDA:110,7,1,1
BRDA:110,8,0,1
BRDA:110,8,1,1
BRDA:114,9,0,0
BRDA:114,9,1,1
BRDA:114,10,0,1
BRDA:114,10,1,1
BRDA:121,11,0,0
BRDA:121,11,1,3
BRDA:121,12,0,3
BRDA:121,12,1,3
BRF:26
BRH:17
end_of_record
TN:
SF:src\dialogs\ConfirmDialog.vue
FN:29,(anonymous_0)
FN:43,(anonymous_1)
FN:45,(anonymous_2)
FN:49,(anonymous_3)
FN:57,(anonymous_4)
FN:61,(anonymous_5)
FN:66,(anonymous_6)
FNF:7
FNH:0
FNDA:0,(anonymous_0)
FNDA:0,(anonymous_1)
FNDA:0,(anonymous_2)
FNDA:0,(anonymous_3)
FNDA:0,(anonymous_4)
FNDA:0,(anonymous_5)
FNDA:0,(anonymous_6)
DA:23,3
DA:25,3
DA:27,3
DA:30,0
DA:43,0
DA:44,0
DA:45,0
DA:46,0
DA:47,0
DA:49,0
DA:50,0
DA:51,0
DA:53,0
DA:55,0
DA:58,0
DA:59,0
DA:62,0
DA:63,0
DA:67,0
LF:19
LH:3
BRDA:50,0,0,0
BRDA:58,1,0,0
BRDA:58,1,1,0
BRDA:58,2,0,0
BRDA:58,2,1,0
BRDA:62,3,0,0
BRDA:62,3,1,0
BRDA:62,4,0,0
BRDA:62,4,1,0
BRF:9
BRH:0
end_of_record
TN:
SF:src\dialogs\CreateRoomDialog.vue
FN:31,(anonymous_0)
FN:47,(anonymous_1)
FN:51,(anonymous_2)
FN:55,(anonymous_3)
FN:61,(anonymous_4)
FN:63,(anonymous_5)
FN:72,(anonymous_6)
FNF:7
FNH:0
FNDA:0,(anonymous_0)
FNDA:0,(anonymous_1)
FNDA:0,(anonymous_2)
FNDA:0,(anonymous_3)
FNDA:0,(anonymous_4)
FNDA:0,(anonymous_5)
FNDA:0,(anonymous_6)
DA:25,2
DA:27,2
DA:29,2
DA:32,0
DA:48,0
DA:49,0
DA:52,0
DA:53,0
DA:56,0
DA:60,0
DA:61,0
DA:64,0
DA:65,0
DA:67,0
DA:68,0
DA:73,0
LF:16
LH:3
BRDA:48,0,0,0
BRDA:48,0,1,0
BRDA:48,1,0,0
BRDA:48,1,1,0
BRDA:52,2,0,0
BRDA:52,2,1,0
BRDA:52,3,0,0
BRDA:52,3,1,0
BRDA:64,4,0,0
BRDA:64,4,1,0
BRF:10
BRH:0
end_of_record
TN:
SF:src\dialogs\CreateTxDialog.vue
FN:70,(anonymous_0)
FN:90,(anonymous_1)
FN:94,(anonymous_2)
FN:98,(anonymous_3)
FN:101,(anonymous_4)
FN:108,(anonymous_5)
FN:117,(anonymous_6)
FN:125,(anonymous_7)
FN:133,(anonymous_8)
FN:136,(anonymous_9)
FN:144,(anonymous_12)
FN:152,(anonymous_14)
FN:187,(anonymous_15)
FN:190,(anonymous_16)
FN:203,(anonymous_17)
FN:210,(anonymous_18)
FNF:16
FNH:6
FNDA:3,(anonymous_0)
FNDA:0,(anonymous_1)
FNDA:0,(anonymous_2)
FNDA:0,(anonymous_3)
FNDA:3,(anonymous_4)
FNDA:0,(anonymous_5)
FNDA:0,(anonymous_6)
FNDA:0,(anonymous_7)
FNDA:0,(anonymous_8)
FNDA:3,(anonymous_9)
FNDA:0,(anonymous_12)
FNDA:0,(anonymous_14)
FNDA:0,(anonymous_15)
FNDA:5,(anonymous_16)
FNDA:3,(anonymous_17)
FNDA:3,(anonymous_18)
DA:51,2
DA:53,2
DA:54,2
DA:57,2
DA:58,2
DA:60,2
DA:71,3
DA:91,0
DA:92,0
DA:95,0
DA:96,0
DA:99,0
DA:102,3
DA:103,1
DA:107,1
DA:108,1
DA:110,3
DA:111,3
DA:115,3
DA:116,3
DA:117,3
DA:119,3
DA:120,3
DA:124,3
DA:125,3
DA:127,3
DA:128,3
DA:132,3
DA:133,3
DA:137,6
DA:141,0
DA:144,0
DA:145,0
DA:148,0
DA:149,0
DA:150,0
DA:151,0
DA:152,0
DA:157,0
DA:166,0
DA:171,0
DA:172,0
DA:173,0
DA:174,0
DA:175,0
DA:176,0
DA:178,0
DA:181,3
DA:188,0
DA:191,5
DA:192,5
DA:193,0
DA:196,5
DA:197,5
DA:199,0
DA:204,3
DA:211,3
DA:212,3
LF:58
LH:33
BRDA:91,0,0,0
BRDA:91,0,1,0
BRDA:91,1,0,0
BRDA:91,1,1,0
BRDA:95,2,0,0
BRDA:95,2,1,0
BRDA:95,3,0,0
BRDA:95,3,1,0
BRDA:102,4,0,1
BRDA:110,5,0,3
BRDA:119,6,0,3
BRDA:127,7,0,3
BRDA:137,8,0,3
BRDA:137,9,0,3
BRDA:137,9,1,2
BRDA:137,9,2,0
BRDA:137,9,3,0
BRDA:192,10,0,0
BRDA:196,11,0,5
BRDA:196,11,1,0
BRDA:196,12,0,5
BRDA:196,12,1,5
BRDA:196,12,2,2
BRDA:211,13,0,3
BRF:24
BRH:12
end_of_record
TN:
SF:src\dialogs\ModificationDialog.vue
FN:61,(anonymous_0)
FN:81,(anonymous_1)
FN:85,(anonymous_2)
FN:89,(anonymous_3)
FN:96,(anonymous_4)
FN:99,(anonymous_5)
FN:116,(anonymous_6)
FN:123,(anonymous_7)
FN:126,(anonymous_8)
FN:129,(anonymous_9)
FN:141,(anonymous_13)
FN:163,(anonymous_14)
FN:167,(anonymous_15)
FN:174,(anonymous_16)
FN:181,(anonymous_17)
FNF:15
FNH:8
FNDA:5,(anonymous_0)
FNDA:0,(anonymous_1)
FNDA:0,(anonymous_2)
FNDA:2,(anonymous_3)
FNDA:0,(anonymous_4)
FNDA:4,(anonymous_5)
FNDA:2,(anonymous_6)
FNDA:0,(anonymous_7)
FNDA:0,(anonymous_8)
FNDA:3,(anonymous_9)
FNDA:0,(anonymous_13)
FNDA:0,(anonymous_14)
FNDA:5,(anonymous_15)
FNDA:5,(anonymous_16)
FNDA:5,(anonymous_17)
DA:37,3
DA:38,3
DA:39,3
DA:43,3
DA:45,3
DA:46,3
DA:48,3
DA:62,5
DA:82,0
DA:83,0
DA:86,0
DA:87,0
DA:90,2
DA:91,1
DA:95,1
DA:96,1
DA:100,4
DA:101,4
DA:102,0
DA:107,4
DA:108,2
DA:110,2
DA:111,0
DA:113,2
DA:117,2
DA:118,1
DA:122,1
DA:123,1
DA:127,0
DA:130,5
DA:131,1
DA:133,1
DA:134,1
DA:135,1
DA:138,1
DA:139,1
DA:140,1
DA:141,0
DA:144,1
DA:150,1
DA:151,1
DA:154,0
DA:155,0
DA:156,0
DA:157,0
DA:159,2
DA:160,2
DA:164,0
DA:168,5
DA:175,5
DA:176,5
DA:177,5
DA:178,5
DA:180,5
DA:181,5
DA:182,5
DA:183,10
DA:184,5
DA:186,5
LF:59
LH:46
BRDA:82,0,0,0
BRDA:82,0,1,0
BRDA:82,1,0,0
BRDA:82,1,1,0
BRDA:86,2,0,0
BRDA:86,2,1,0
BRDA:86,3,0,0
BRDA:86,3,1,0
BRDA:90,4,0,1
BRDA:101,5,0,0
BRDA:107,6,0,2
BRDA:107,6,1,2
BRDA:110,7,0,0
BRDA:117,8,0,1
BRDA:130,9,0,2
BRDA:130,10,0,3
BRDA:130,10,1,2
BRDA:133,11,0,0
BRDA:175,12,0,5
BRDA:176,13,0,0
BRDA:176,13,1,5
BRDA:176,14,0,5
BRDA:176,14,1,5
BRF:23
BRH:11
end_of_record
TN:
SF:src\dialogs\SettlementDialog.vue
FN:51,(anonymous_0)
FN:65,(anonymous_1)
FN:69,(anonymous_2)
FN:73,(anonymous_3)
FN:77,(anonymous_4)
FNF:5
FNH:3
FNDA:4,(anonymous_0)
FNDA:0,(anonymous_1)
FNDA:0,(anonymous_2)
FNDA:1,(anonymous_3)
FNDA:4,(anonymous_4)
DA:32,5
DA:33,5
DA:34,5
DA:37,5
DA:52,4
DA:66,0
DA:67,0
DA:70,0
DA:71,0
DA:74,1
DA:78,4
DA:79,4
LF:12
LH:8
BRDA:66,0,0,0
BRDA:66,0,1,0
BRDA:66,1,0,0
BRDA:66,1,1,0
BRDA:70,2,0,0
BRDA:70,2,1,0
BRDA:70,3,0,0
BRDA:70,3,1,0
BRDA:78,4,0,0
BRDA:78,4,1,4
BRDA:78,5,0,4
BRDA:78,5,1,4
BRF:12
BRH:3
end_of_record
TN:
SF:src\dialogs\SplitCreateDialog.vue
FN:66,(anonymous_0)
FN:81,(anonymous_1)
FN:85,(anonymous_2)
FN:89,(anonymous_3)
FN:98,(anonymous_4)
FN:100,(anonymous_5)
FN:118,(anonymous_6)
FN:125,(anonymous_7)
FN:135,(anonymous_8)
FN:142,(anonymous_9)
FN:150,(anonymous_10)
FNF:11
FNH:8
FNDA:6,(anonymous_0)
FNDA:0,(anonymous_1)
FNDA:1,(anonymous_2)
FNDA:3,(anonymous_3)
FNDA:0,(anonymous_4)
FNDA:4,(anonymous_5)
FNDA:6,(anonymous_6)
FNDA:0,(anonymous_7)
FNDA:6,(anonymous_8)
FNDA:6,(anonymous_9)
FNDA:6,(anonymous_10)
DA:41,3
DA:44,3
DA:48,3
DA:50,3
DA:67,6
DA:82,0
DA:83,0
DA:86,1
DA:87,1
DA:90,3
DA:91,3
DA:93,3
DA:97,3
DA:98,3
DA:101,4
DA:102,0
DA:103,0
DA:105,4
DA:106,10
DA:107,10
DA:108,1
DA:109,1
DA:111,9
DA:112,9
DA:113,1
DA:114,1
DA:116,8
DA:118,6
DA:119,1
DA:120,1
DA:122,1
DA:123,1
DA:126,0
DA:127,0
DA:128,0
DA:129,0
DA:130,0
DA:136,6
DA:143,6
DA:144,6
DA:151,6
DA:152,0
DA:153,0
DA:154,0
LF:44
LH:32
BRDA:82,0,0,0
BRDA:82,0,1,0
BRDA:82,1,0,0
BRDA:82,1,1,0
BRDA:86,2,0,0
BRDA:86,2,1,1
BRDA:86,3,0,1
BRDA:86,3,1,1
BRDA:90,4,0,3
BRDA:93,5,0,3
BRDA:93,5,1,0
BRDA:101,6,0,0
BRDA:107,7,0,1
BRDA:112,8,0,1
BRDA:118,9,0,1
BRDA:126,10,0,0
BRDA:143,11,0,6
BRDA:151,12,0,0
BRF:18
BRH:9
end_of_record
TN:
SF:src\dialogs\SplitModifyDialog.vue
FN:56,(anonymous_0)
FN:68,(anonymous_1)
FN:72,(anonymous_2)
FN:76,(anonymous_3)
FN:82,(anonymous_4)
FN:84,(anonymous_5)
FN:98,(anonymous_6)
FN:106,(anonymous_7)
FN:113,(anonymous_8)
FNF:9
FNH:7
FNDA:6,(anonymous_0)
FNDA:0,(anonymous_1)
FNDA:1,(anonymous_2)
FNDA:3,(anonymous_3)
FNDA:0,(anonymous_4)
FNDA:4,(anonymous_5)
FNDA:3,(anonymous_6)
FNDA:6,(anonymous_7)
FNDA:6,(anonymous_8)
DA:34,4
DA:37,4
DA:43,4
DA:57,6
DA:69,0
DA:70,0
DA:73,1
DA:74,1
DA:77,3
DA:81,3
DA:82,3
DA:85,4
DA:86,8
DA:87,5
DA:88,1
DA:89,1
DA:91,4
DA:92,4
DA:93,1
DA:94,1
DA:96,3
DA:98,3
DA:99,1
DA:100,1
DA:102,1
DA:103,1
DA:107,6
DA:114,6
DA:115,12
DA:116,8
LF:30
LH:28
BRDA:69,0,0,0
BRDA:69,0,1,0
BRDA:69,1,0,0
BRDA:69,1,1,0
BRDA:73,2,0,0
BRDA:73,2,1,1
BRDA:73,3,0,1
BRDA:73,3,1,1
BRDA:87,4,0,1
BRDA:92,5,0,1
BRDA:98,6,0,1
BRDA:114,7,0,6
BRF:12
BRH:7
end_of_record
TN:
SF:src\dialogs\UserInviteDialog.vue
FN:41,(anonymous_0)
FN:62,(anonymous_1)
FN:66,(anonymous_2)
FN:70,(anonymous_3)
FN:76,(anonymous_4)
FN:78,(anonymous_5)
FN:98,(anonymous_8)
FNF:7
FNH:4
FNDA:3,(anonymous_0)
FNDA:0,(anonymous_1)
FNDA:0,(anonymous_2)
FNDA:3,(anonymous_3)
FNDA:0,(anonymous_4)
FNDA:3,(anonymous_5)
FNDA:3,(anonymous_8)
DA:30,3
DA:31,3
DA:32,3
DA:34,3
DA:42,3
DA:63,0
DA:64,0
DA:67,0
DA:68,0
DA:71,3
DA:75,3
DA:76,3
DA:79,5
DA:80,1
DA:81,3
DA:82,1
DA:85,1
DA:90,0
DA:91,0
DA:93,1
DA:99,3
LF:21
LH:15
BRDA:63,0,0,0
BRDA:63,0,1,0
BRDA:63,1,0,0
BRDA:63,1,1,0
BRDA:67,2,0,0
BRDA:67,2,1,0
BRDA:67,3,0,0
BRDA:67,3,1,0
BRDA:79,4,0,2
BRDA:79,5,0,3
BRDA:79,5,1,2
BRDA:81,6,0,1
BRF:12
BRH:4
end_of_record
TN:
SF:src\interface\tx_event.interface.ts
FNF:0
FNH:0
DA:73,10
DA:81,10
LF:2
LH:2
BRF:0
BRH:0
end_of_record
TN:
SF:src\router\index.ts
FN:46,(anonymous_0)
FNF:1
FNH:1
FNDA:1,(anonymous_0)
DA:1,1
DA:2,1
DA:3,1
DA:4,1
DA:5,1
DA:6,1
DA:7,1
DA:9,1
DA:42,1
DA:46,1
DA:47,1
DA:48,1
DA:50,0
DA:51,0
DA:54,1
LF:15
LH:13
BRDA:47,0,0,1
BRDA:47,1,0,1
BRDA:47,1,1,1
BRDA:47,1,2,0
BRDA:50,2,0,0
BRF:5
BRH:3
end_of_record
TN:
SF:src\store\auth.ts
FN:15,(anonymous_0)
FN:24,(anonymous_1)
FN:34,(anonymous_2)
FN:41,(anonymous_3)
FN:50,(anonymous_4)
FN:62,(anonymous_5)
FN:77,(anonymous_6)
FN:86,(anonymous_7)
FN:89,(anonymous_8)
FN:92,(anonymous_9)
FN:95,(anonymous_10)
FNF:11
FNH:8
FNDA:71,(anonymous_0)
FNDA:1,(anonymous_1)
FNDA:1,(anonymous_2)
FNDA:3,(anonymous_3)
FNDA:9,(anonymous_4)
FNDA:3,(anonymous_5)
FNDA:1,(anonymous_6)
FNDA:0,(anonymous_7)
FNDA:0,(anonymous_8)
FNDA:10,(anonymous_9)
FNDA:0,(anonymous_10)
DA:2,11
DA:13,11
DA:16,71
DA:25,1
DA:26,1
DA:27,1
DA:28,1
DA:29,1
DA:30,1
DA:31,1
DA:32,1
DA:35,1
DA:36,1
DA:37,1
DA:49,3
DA:50,9
DA:51,0
DA:53,3
DA:62,3
DA:64,3
DA:65,2
DA:72,1
DA:73,1
DA:81,1
DA:82,1
DA:87,0
DA:90,0
DA:93,10
DA:96,0
DA:102,11
LF:30
LH:26
BRDA:17,0,0,71
BRDA:17,0,1,71
BRDA:18,1,0,71
BRDA:18,1,1,71
BRDA:19,2,0,71
BRDA:19,2,1,71
BRDA:20,3,0,71
BRDA:20,3,1,71
BRDA:50,4,0,0
BRDA:50,4,1,3
BRDA:64,5,0,2
BRDA:64,5,1,1
BRDA:90,6,0,0
BRDA:90,6,1,0
BRF:14
BRH:11
end_of_record
TN:
SF:src\store\chat.ts
FN:17,(anonymous_0)
FN:23,(anonymous_1)
FN:28,(anonymous_2)
FN:31,(anonymous_3)
FN:44,(anonymous_4)
FN:45,(anonymous_5)
FN:54,(anonymous_6)
FN:57,(anonymous_7)
FN:64,(anonymous_8)
FN:75,(anonymous_9)
FN:86,(anonymous_10)
FN:107,(anonymous_11)
FN:128,(anonymous_12)
FN:147,(anonymous_13)
FN:156,(anonymous_14)
FN:156,(anonymous_15)
FNF:16
FNH:15
FNDA:71,(anonymous_0)
FNDA:1,(anonymous_1)
FNDA:1,(anonymous_2)
FNDA:5,(anonymous_3)
FNDA:5,(anonymous_4)
FNDA:5,(anonymous_5)
FNDA:5,(anonymous_6)
FNDA:1,(anonymous_7)
FNDA:1,(anonymous_8)
FNDA:3,(anonymous_9)
FNDA:1,(anonymous_10)
FNDA:1,(anonymous_11)
FNDA:2,(anonymous_12)
FNDA:0,(anonymous_13)
FNDA:6,(anonymous_14)
FNDA:1,(anonymous_15)
DA:1,11
DA:9,11
DA:15,11
DA:18,71
DA:24,1
DA:29,1
DA:35,5
DA:37,5
DA:39,4
DA:40,2
DA:42,2
DA:44,5
DA:45,5
DA:46,4
DA:47,2
DA:48,2
DA:51,5
DA:53,5
DA:54,5
DA:58,1
DA:73,1
DA:74,1
DA:75,3
DA:76,1
DA:81,1
DA:95,1
DA:96,1
DA:97,1
DA:102,1
DA:116,1
DA:117,1
DA:118,1
DA:123,1
DA:137,2
DA:138,2
DA:139,2
DA:140,1
DA:142,1
DA:143,1
DA:147,0
DA:149,1
DA:150,0
DA:156,6
DA:157,1
DA:163,11
LF:45
LH:43
BRDA:37,0,0,4
BRDA:39,1,0,2
BRDA:39,1,1,2
BRDA:44,2,0,5
BRDA:44,2,1,2
BRDA:45,3,0,5
BRDA:45,3,1,1
BRDA:139,4,0,1
BRDA:149,5,0,0
BRDA:157,6,0,1
BRDA:157,6,1,0
BRF:11
BRH:9
end_of_record
TN:
SF:src\store\index.ts
FN:13,newStore
FN:24,(anonymous_1)
FN:25,(anonymous_2)
FN:103,(anonymous_3)
FNF:4
FNH:2
FNDA:71,newStore
FNDA:71,(anonymous_1)
FNDA:0,(anonymous_2)
FNDA:0,(anonymous_3)
DA:1,10
DA:2,10
DA:3,10
DA:4,10
DA:5,10
DA:6,10
DA:7,10
DA:10,10
DA:12,10
DA:13,10
DA:14,71
DA:25,71
DA:26,0
DA:27,0
DA:30,0
DA:32,0
DA:33,0
DA:35,0
DA:38,0
DA:41,0
DA:42,0
DA:43,0
DA:45,0
DA:48,0
DA:49,0
DA:50,0
DA:52,0
DA:58,0
DA:63,0
DA:64,0
DA:65,0
DA:70,0
DA:76,0
DA:77,0
DA:78,0
DA:84,0
DA:85,0
DA:87,0
DA:88,0
DA:89,0
DA:95,0
DA:98,0
DA:101,0
DA:102,0
DA:103,0
DA:104,0
DA:108,0
DA:118,10
LF:48
LH:13
BRDA:27,0,0,0
BRDA:27,0,1,0
BRDA:27,0,2,0
BRDA:27,0,3,0
BRDA:27,0,4,0
BRDA:27,0,5,0
BRDA:27,0,6,0
BRDA:63,1,0,0
BRDA:64,2,0,0
BRDA:64,2,1,0
BRDA:76,3,0,0
BRDA:77,4,0,0
BRDA:84,5,0,0
BRDA:87,6,0,0
BRDA:88,7,0,0
BRDA:114,8,0,71
BRDA:114,8,1,71
BRF:17
BRH:2
end_of_record
TN:
SF:src\store\rooms.ts
FN:18,(anonymous_0)
FN:25,(anonymous_1)
FN:33,(anonymous_2)
FN:34,(anonymous_3)
FN:37,(anonymous_4)
FN:48,(anonymous_5)
FN:50,(anonymous_6)
FN:52,(anonymous_7)
FN:64,(anonymous_8)
FN:65,(anonymous_9)
FN:68,(anonymous_10)
FN:69,(anonymous_11)
FN:71,(anonymous_12)
FN:79,(anonymous_13)
FN:104,(anonymous_14)
FN:118,(anonymous_15)
FN:120,(anonymous_16)
FN:156,(anonymous_17)
FN:165,(anonymous_18)
FN:177,(anonymous_19)
FN:204,(anonymous_20)
FN:214,(anonymous_21)
FN:228,(anonymous_22)
FN:239,(anonymous_23)
FN:251,(anonymous_24)
FN:258,(anonymous_25)
FN:273,(anonymous_26)
FN:282,(anonymous_27)
FN:282,(anonymous_28)
FN:285,(anonymous_29)
FN:285,(anonymous_30)
FN:288,(anonymous_31)
FN:300,(anonymous_32)
FN:306,(anonymous_33)
FN:322,(anonymous_34)
FN:322,(anonymous_35)
FN:323,(anonymous_36)
FN:328,(anonymous_37)
FN:330,(anonymous_38)
FN:330,(anonymous_39)
FN:331,(anonymous_40)
FN:336,(anonymous_41)
FN:338,(anonymous_42)
FN:338,(anonymous_43)
FN:339,(anonymous_44)
FN:344,(anonymous_45)
FN:346,(anonymous_46)
FN:346,(anonymous_47)
FN:347,(anonymous_48)
FN:352,(anonymous_49)
FN:354,(anonymous_50)
FN:354,(anonymous_51)
FN:355,(anonymous_52)
FNF:53
FNH:39
FNDA:71,(anonymous_0)
FNDA:1,(anonymous_1)
FNDA:0,(anonymous_2)
FNDA:0,(anonymous_3)
FNDA:1,(anonymous_4)
FNDA:1,(anonymous_5)
FNDA:1,(anonymous_6)
FNDA:1,(anonymous_7)
FNDA:1,(anonymous_8)
FNDA:1,(anonymous_9)
FNDA:1,(anonymous_10)
FNDA:1,(anonymous_11)
FNDA:1,(anonymous_12)
FNDA:2,(anonymous_13)
FNDA:0,(anonymous_14)
FNDA:0,(anonymous_15)
FNDA:0,(anonymous_16)
FNDA:1,(anonymous_17)
FNDA:0,(anonymous_18)
FNDA:3,(anonymous_19)
FNDA:0,(anonymous_20)
FNDA:2,(anonymous_21)
FNDA:0,(anonymous_22)
FNDA:2,(anonymous_23)
FNDA:0,(anonymous_24)
FNDA:0,(anonymous_25)
FNDA:0,(anonymous_26)
FNDA:1,(anonymous_27)
FNDA:1,(anonymous_28)
FNDA:1,(anonymous_29)
FNDA:1,(anonymous_30)
FNDA:0,(anonymous_31)
FNDA:0,(anonymous_32)
FNDA:0,(anonymous_33)
FNDA:1,(anonymous_34)
FNDA:1,(anonymous_35)
FNDA:1,(anonymous_36)
FNDA:1,(anonymous_37)
FNDA:1,(anonymous_38)
FNDA:1,(anonymous_39)
FNDA:1,(anonymous_40)
FNDA:1,(anonymous_41)
FNDA:3,(anonymous_42)
FNDA:7,(anonymous_43)
FNDA:19,(anonymous_44)
FNDA:2,(anonymous_45)
FNDA:1,(anonymous_46)
FNDA:1,(anonymous_47)
FNDA:1,(anonymous_48)
FNDA:1,(anonymous_49)
FNDA:1,(anonymous_50)
FNDA:1,(anonymous_51)
FNDA:1,(anonymous_52)
DA:2,11
DA:16,11
DA:19,71
DA:26,1
DA:31,1
DA:34,0
DA:35,0
DA:41,1
DA:46,1
DA:50,1
DA:51,1
DA:52,1
DA:56,1
DA:57,1
DA:58,1
DA:59,1
DA:62,1
DA:65,1
DA:66,1
DA:69,1
DA:72,1
DA:86,2
DA:87,6
DA:88,6
DA:89,1
DA:94,6
DA:98,6
DA:114,0
DA:115,0
DA:117,0
DA:118,0
DA:119,0
DA:120,0
DA:123,0
DA:125,0
DA:127,0
DA:129,0
DA:132,0
DA:133,0
DA:137,0
DA:138,0
DA:142,0
DA:143,0
DA:147,0
DA:148,0
DA:163,1
DA:164,1
DA:165,1
DA:166,0
DA:167,0
DA:169,0
DA:186,3
DA:187,1
DA:189,2
DA:191,2
DA:192,2
DA:204,0
DA:205,2
DA:206,1
DA:209,1
DA:212,1
DA:223,2
DA:225,2
DA:226,2
DA:228,0
DA:229,2
DA:230,1
DA:233,1
DA:237,1
DA:248,2
DA:249,2
DA:251,0
DA:252,2
DA:253,1
DA:256,1
DA:267,0
DA:269,0
DA:270,0
DA:271,0
DA:273,0
DA:274,0
DA:275,0
DA:278,0
DA:282,1
DA:283,1
DA:285,1
DA:286,1
DA:290,0
DA:291,0
DA:292,0
DA:293,0
DA:300,0
DA:302,0
DA:303,0
DA:305,0
DA:306,0
DA:308,0
DA:310,0
DA:311,0
DA:312,0
DA:313,0
DA:314,0
DA:315,0
DA:317,0
DA:320,0
DA:322,1
DA:323,1
DA:324,1
DA:325,0
DA:327,1
DA:328,1
DA:330,1
DA:331,1
DA:332,1
DA:333,0
DA:335,1
DA:336,1
DA:338,3
DA:339,19
DA:340,7
DA:341,0
DA:343,7
DA:344,7
DA:346,1
DA:347,1
DA:348,1
DA:349,0
DA:351,1
DA:352,1
DA:354,1
DA:355,1
DA:356,1
DA:357,0
DA:359,1
DA:360,1
DA:362,0
DA:369,11
LF:137
LH:79
BRDA:52,0,0,1
BRDA:52,0,1,1
BRDA:52,0,2,1
BRDA:56,1,0,1
BRDA:88,2,0,1
BRDA:120,3,0,0
BRDA:120,3,1,0
BRDA:123,4,0,0
BRDA:123,4,1,0
BRDA:127,5,0,0
BRDA:132,6,0,0
BRDA:137,7,0,0
BRDA:137,7,1,0
BRDA:142,8,0,0
BRDA:142,8,1,0
BRDA:147,9,0,0
BRDA:166,10,0,0
BRDA:186,11,0,1
BRDA:205,12,0,1
BRDA:229,13,0,1
BRDA:252,14,0,1
BRDA:274,15,0,0
BRDA:303,16,0,0
BRDA:303,16,1,0
BRDA:306,17,0,0
BRDA:306,17,1,0
BRDA:312,18,0,0
BRDA:312,18,1,0
BRDA:314,19,0,0
BRDA:314,19,1,0
BRDA:324,20,0,0
BRDA:332,21,0,0
BRDA:340,22,0,0
BRDA:344,23,0,7
BRDA:344,23,1,5
BRDA:348,24,0,0
BRDA:356,25,0,0
BRDA:359,26,0,1
BRDA:359,26,1,0
BRF:39
BRH:12
end_of_record
TN:
SF:src\store\sync.ts
FN:28,(anonymous_0)
FN:45,(anonymous_1)
FN:48,(anonymous_2)
FN:51,(anonymous_3)
FN:59,(anonymous_4)
FN:68,(anonymous_5)
FN:74,(anonymous_6)
FN:84,(anonymous_7)
FN:89,(anonymous_8)
FN:96,(anonymous_9)
FN:102,(anonymous_10)
FN:108,(anonymous_11)
FN:111,(anonymous_12)
FN:114,(anonymous_13)
FN:135,(anonymous_14)
FN:243,(anonymous_15)
FN:268,(anonymous_16)
FN:286,(anonymous_17)
FN:309,(anonymous_18)
FN:338,(anonymous_19)
FN:379,(anonymous_20)
FN:464,(anonymous_21)
FN:472,(anonymous_22)
FN:548,(anonymous_23)
FN:551,(anonymous_24)
FN:554,(anonymous_25)
FN:554,(anonymous_26)
FN:558,(anonymous_27)
FN:558,(anonymous_28)
FNF:29
FNH:1
FNDA:71,(anonymous_0)
FNDA:0,(anonymous_1)
FNDA:0,(anonymous_2)
FNDA:0,(anonymous_3)
FNDA:0,(anonymous_4)
FNDA:0,(anonymous_5)
FNDA:0,(anonymous_6)
FNDA:0,(anonymous_7)
FNDA:0,(anonymous_8)
FNDA:0,(anonymous_9)
FNDA:0,(anonymous_10)
FNDA:0,(anonymous_11)
FNDA:0,(anonymous_12)
FNDA:0,(anonymous_13)
FNDA:0,(anonymous_14)
FNDA:0,(anonymous_15)
FNDA:0,(anonymous_16)
FNDA:0,(anonymous_17)
FNDA:0,(anonymous_18)
FNDA:0,(anonymous_19)
FNDA:0,(anonymous_20)
FNDA:0,(anonymous_21)
FNDA:0,(anonymous_22)
FNDA:0,(anonymous_23)
FNDA:0,(anonymous_24)
FNDA:0,(anonymous_25)
FNDA:0,(anonymous_26)
FNDA:0,(anonymous_27)
FNDA:0,(anonymous_28)
DA:3,10
DA:9,10
DA:26,10
DA:29,71
DA:46,0
DA:52,0
DA:53,0
DA:54,0
DA:55,0
DA:56,0
DA:57,0
DA:60,0
DA:61,0
DA:62,0
DA:63,0
DA:64,0
DA:65,0
DA:66,0
DA:72,0
DA:78,0
DA:79,0
DA:81,0
DA:85,0
DA:86,0
DA:87,0
DA:90,0
DA:91,0
DA:93,0
DA:94,0
DA:100,0
DA:106,0
DA:109,0
DA:112,0
DA:115,0
DA:141,0
DA:142,0
DA:143,0
DA:145,0
DA:161,0
DA:162,0
DA:167,0
DA:168,0
DA:169,0
DA:172,0
DA:173,0
DA:175,0
DA:177,0
DA:178,0
DA:181,0
DA:184,0
DA:185,0
DA:186,0
DA:187,0
DA:194,0
DA:196,0
DA:198,0
DA:202,0
DA:203,0
DA:204,0
DA:208,0
DA:213,0
DA:214,0
DA:215,0
DA:219,0
DA:221,0
DA:222,0
DA:230,0
DA:233,0
DA:251,0
DA:252,0
DA:253,0
DA:254,0
DA:257,0
DA:258,0
DA:259,0
DA:261,0
DA:262,0
DA:268,0
DA:270,0
DA:271,0
DA:273,0
DA:274,0
DA:275,0
DA:276,0
DA:277,0
DA:280,0
DA:284,0
DA:286,0
DA:287,0
DA:288,0
DA:289,0
DA:290,0
DA:291,0
DA:292,0
DA:293,0
DA:300,0
DA:317,0
DA:318,0
DA:319,0
DA:321,0
DA:323,0
DA:324,0
DA:329,0
DA:331,0
DA:338,0
DA:340,0
DA:341,0
DA:343,0
DA:344,0
DA:348,0
DA:349,0
DA:350,0
DA:358,0
DA:387,0
DA:388,0
DA:389,0
DA:390,0
DA:391,0
DA:392,0
DA:401,0
DA:402,0
DA:403,0
DA:405,0
DA:406,0
DA:407,0
DA:411,0
DA:412,0
DA:420,0
DA:421,0
DA:422,0
DA:425,0
DA:427,0
DA:428,0
DA:436,0
DA:442,0
DA:444,0
DA:455,0
DA:456,0
DA:459,0
DA:460,0
DA:464,0
DA:465,0
DA:466,0
DA:470,0
DA:483,0
DA:485,0
DA:487,0
DA:488,0
DA:490,0
DA:501,0
DA:502,0
DA:504,0
DA:505,0
DA:506,0
DA:507,0
DA:513,0
DA:514,0
DA:515,0
DA:516,0
DA:517,0
DA:521,0
DA:525,0
DA:526,0
DA:527,0
DA:530,0
DA:535,0
DA:537,0
DA:549,0
DA:552,0
DA:554,0
DA:555,0
DA:558,0
DA:559,0
LF:173
LH:4
BRDA:78,0,0,0
BRDA:78,0,1,0
BRDA:141,1,0,0
BRDA:169,2,0,0
BRDA:169,2,1,0
BRDA:172,3,0,0
BRDA:175,4,0,0
BRDA:175,4,1,0
BRDA:186,5,0,0
BRDA:214,6,0,0
BRDA:221,7,0,0
BRDA:252,8,0,0
BRDA:252,9,0,0
BRDA:252,9,1,0
BRDA:270,10,0,0
BRDA:273,11,0,0
BRDA:273,11,1,0
BRDA:290,12,0,0
BRDA:318,13,0,0
BRDA:319,14,0,0
BRDA:340,15,0,0
BRDA:343,16,0,0
BRDA:343,16,1,0
BRDA:349,17,0,0
BRDA:388,18,0,0
BRDA:395,19,0,0
BRDA:395,19,1,0
BRDA:403,20,0,0
BRDA:403,21,0,0
BRDA:403,21,1,0
BRDA:406,22,0,0
BRDA:422,23,0,0
BRDA:422,23,1,0
BRDA:425,24,0,0
BRDA:425,24,1,0
BRDA:427,25,0,0
BRDA:442,26,0,0
BRDA:455,27,0,0
BRDA:455,28,0,0
BRDA:455,28,1,0
BRDA:459,29,0,0
BRDA:483,30,0,0
BRDA:506,31,0,0
BRDA:515,32,0,0
BRDA:515,33,0,0
BRDA:515,33,1,0
BRDA:527,34,0,0
BRDA:527,34,1,0
BRDA:535,35,0,0
BRF:49
BRH:0
end_of_record
TN:
SF:src\store\tx.ts
FN:31,(anonymous_0)
FN:37,(anonymous_1)
FN:52,(anonymous_2)
FN:55,(anonymous_3)
FN:66,(anonymous_4)
FN:76,(anonymous_5)
FN:82,(anonymous_6)
FN:87,(anonymous_7)
FN:93,(anonymous_8)
FN:98,(anonymous_9)
FN:116,(anonymous_10)
FN:125,(anonymous_11)
FN:136,(anonymous_12)
FN:141,(anonymous_13)
FN:153,(anonymous_14)
FN:173,(anonymous_15)
FN:186,(anonymous_16)
FN:195,(anonymous_17)
FN:196,(anonymous_18)
FN:199,(anonymous_19)
FN:203,(anonymous_20)
FN:210,(anonymous_21)
FN:221,(anonymous_22)
FN:252,(anonymous_23)
FN:265,(anonymous_24)
FN:271,(anonymous_25)
FN:285,(anonymous_26)
FN:288,(anonymous_27)
FN:288,(anonymous_28)
FN:335,(anonymous_29)
FN:348,(anonymous_30)
FN:355,(anonymous_31)
FN:382,(anonymous_32)
FN:389,(anonymous_33)
FN:401,(anonymous_34)
FN:414,(anonymous_35)
FN:415,(anonymous_36)
FN:432,(anonymous_37)
FN:446,(anonymous_38)
FN:457,(anonymous_39)
FN:475,(anonymous_40)
FN:486,(anonymous_41)
FN:496,(anonymous_42)
FN:513,(anonymous_43)
FN:545,(anonymous_44)
FN:545,(anonymous_45)
FN:551,(anonymous_46)
FN:551,(anonymous_47)
FN:564,(anonymous_48)
FN:564,(anonymous_49)
FN:570,(anonymous_50)
FN:572,(anonymous_51)
FN:575,(anonymous_52)
FN:588,(anonymous_53)
FN:592,(anonymous_54)
FN:595,(anonymous_55)
FN:605,(anonymous_56)
FN:625,(anonymous_57)
FN:625,(anonymous_58)
FN:641,(anonymous_59)
FN:641,(anonymous_60)
FN:657,(anonymous_61)
FN:657,(anonymous_62)
FN:714,(anonymous_63)
FN:715,(anonymous_64)
FN:719,(anonymous_65)
FN:722,(anonymous_66)
FN:755,(anonymous_67)
FN:762,(anonymous_68)
FN:778,(anonymous_69)
FN:779,(anonymous_70)
FN:814,(anonymous_71)
FN:831,(anonymous_72)
FN:850,(anonymous_73)
FN:883,(anonymous_74)
FN:883,(anonymous_75)
FN:886,(anonymous_76)
FN:886,(anonymous_77)
FN:889,(anonymous_78)
FN:889,(anonymous_79)
FN:893,(anonymous_80)
FN:894,(anonymous_81)
FN:897,(anonymous_82)
FN:897,(anonymous_83)
FN:901,(anonymous_84)
FN:902,(anonymous_85)
FN:904,(anonymous_86)
FN:905,(anonymous_87)
FN:909,(anonymous_88)
FN:909,(anonymous_89)
FN:923,(anonymous_90)
FN:923,(anonymous_91)
FNF:92
FNH:47
FNDA:71,(anonymous_0)
FNDA:1,(anonymous_1)
FNDA:0,(anonymous_2)
FNDA:1,(anonymous_3)
FNDA:4,(anonymous_4)
FNDA:1,(anonymous_5)
FNDA:2,(anonymous_6)
FNDA:1,(anonymous_7)
FNDA:2,(anonymous_8)
FNDA:1,(anonymous_9)
FNDA:3,(anonymous_10)
FNDA:1,(anonymous_11)
FNDA:3,(anonymous_12)
FNDA:4,(anonymous_13)
FNDA:1,(anonymous_14)
FNDA:0,(anonymous_15)
FNDA:0,(anonymous_16)
FNDA:0,(anonymous_17)
FNDA:0,(anonymous_18)
FNDA:0,(anonymous_19)
FNDA:0,(anonymous_20)
FNDA:0,(anonymous_21)
FNDA:0,(anonymous_22)
FNDA:0,(anonymous_23)
FNDA:0,(anonymous_24)
FNDA:0,(anonymous_25)
FNDA:0,(anonymous_26)
FNDA:0,(anonymous_27)
FNDA:0,(anonymous_28)
FNDA:0,(anonymous_29)
FNDA:0,(anonymous_30)
FNDA:0,(anonymous_31)
FNDA:0,(anonymous_32)
FNDA:0,(anonymous_33)
FNDA:0,(anonymous_34)
FNDA:0,(anonymous_35)
FNDA:0,(anonymous_36)
FNDA:0,(anonymous_37)
FNDA:0,(anonymous_38)
FNDA:0,(anonymous_39)
FNDA:0,(anonymous_40)
FNDA:0,(anonymous_41)
FNDA:0,(anonymous_42)
FNDA:25,(anonymous_43)
FNDA:9,(anonymous_44)
FNDA:9,(anonymous_45)
FNDA:8,(anonymous_46)
FNDA:8,(anonymous_47)
FNDA:5,(anonymous_48)
FNDA:5,(anonymous_49)
FNDA:0,(anonymous_50)
FNDA:0,(anonymous_51)
FNDA:0,(anonymous_52)
FNDA:0,(anonymous_53)
FNDA:0,(anonymous_54)
FNDA:0,(anonymous_55)
FNDA:0,(anonymous_56)
FNDA:9,(anonymous_57)
FNDA:9,(anonymous_58)
FNDA:6,(anonymous_59)
FNDA:6,(anonymous_60)
FNDA:4,(anonymous_61)
FNDA:4,(anonymous_62)
FNDA:0,(anonymous_63)
FNDA:0,(anonymous_64)
FNDA:0,(anonymous_65)
FNDA:0,(anonymous_66)
FNDA:1,(anonymous_67)
FNDA:1,(anonymous_68)
FNDA:0,(anonymous_69)
FNDA:0,(anonymous_70)
FNDA:0,(anonymous_71)
FNDA:0,(anonymous_72)
FNDA:0,(anonymous_73)
FNDA:26,(anonymous_74)
FNDA:4,(anonymous_75)
FNDA:26,(anonymous_76)
FNDA:3,(anonymous_77)
FNDA:26,(anonymous_78)
FNDA:15,(anonymous_79)
FNDA:5,(anonymous_80)
FNDA:3,(anonymous_81)
FNDA:26,(anonymous_82)
FNDA:13,(anonymous_83)
FNDA:5,(anonymous_84)
FNDA:5,(anonymous_85)
FNDA:2,(anonymous_86)
FNDA:2,(anonymous_87)
FNDA:10,(anonymous_88)
FNDA:8,(anonymous_89)
FNDA:4,(anonymous_90)
FNDA:2,(anonymous_91)
DA:5,12
DA:14,12
DA:16,12
DA:29,12
DA:32,71
DA:38,1
DA:39,1
DA:53,0
DA:59,1
DA:60,2
DA:61,1
DA:63,2
DA:70,4
DA:72,4
DA:74,4
DA:80,1
DA:87,2
DA:88,2
DA:89,1
DA:91,1
DA:97,2
DA:98,1
DA:100,2
DA:101,1
DA:102,1
DA:104,1
DA:105,1
DA:106,1
DA:107,1
DA:108,1
DA:113,1
DA:122,3
DA:123,1
DA:125,2
DA:126,2
DA:127,1
DA:129,1
DA:130,1
DA:132,1
DA:133,1
DA:141,4
DA:142,3
DA:143,1
DA:145,2
DA:146,2
DA:148,2
DA:150,2
DA:154,1
DA:183,0
DA:184,0
DA:186,0
DA:187,0
DA:189,0
DA:190,0
DA:192,0
DA:193,0
DA:195,0
DA:196,0
DA:197,0
DA:198,0
DA:199,0
DA:200,0
DA:203,0
DA:204,0
DA:205,0
DA:207,0
DA:208,0
DA:210,0
DA:211,0
DA:212,0
DA:215,0
DA:216,0
DA:219,0
DA:222,0
DA:232,0
DA:233,0
DA:235,0
DA:236,0
DA:237,0
DA:239,0
DA:240,0
DA:241,0
DA:242,0
DA:243,0
DA:245,0
DA:248,0
DA:249,0
DA:250,0
DA:252,0
DA:254,0
DA:255,0
DA:256,0
DA:259,0
DA:262,0
DA:263,0
DA:265,0
DA:267,0
DA:268,0
DA:282,0
DA:283,0
DA:284,0
DA:285,0
DA:286,0
DA:287,0
DA:288,0
DA:290,0
DA:291,0
DA:293,0
DA:294,0
DA:296,0
DA:297,0
DA:299,0
DA:300,0
DA:303,0
DA:304,0
DA:305,0
DA:306,0
DA:307,0
DA:308,0
DA:309,0
DA:310,0
DA:311,0
DA:313,0
DA:314,0
DA:315,0
DA:322,0
DA:323,0
DA:325,0
DA:326,0
DA:327,0
DA:330,0
DA:331,0
DA:334,0
DA:336,0
DA:345,0
DA:346,0
DA:348,0
DA:350,0
DA:351,0
DA:352,0
DA:365,0
DA:366,0
DA:367,0
DA:368,0
DA:369,0
DA:371,0
DA:372,0
DA:375,0
DA:378,0
DA:379,0
DA:380,0
DA:382,0
DA:384,0
DA:385,0
DA:386,0
DA:399,0
DA:411,0
DA:412,0
DA:413,0
DA:414,0
DA:415,0
DA:416,0
DA:419,0
DA:420,0
DA:421,0
DA:422,0
DA:425,0
DA:429,0
DA:430,0
DA:432,0
DA:434,0
DA:435,0
DA:436,0
DA:455,0
DA:456,0
DA:457,0
DA:458,0
DA:459,0
DA:460,0
DA:462,0
DA:463,0
DA:465,0
DA:466,0
DA:467,0
DA:473,0
DA:483,0
DA:484,0
DA:485,0
DA:486,0
DA:487,0
DA:488,0
DA:489,0
DA:493,0
DA:506,0
DA:507,0
DA:523,25
DA:524,25
DA:528,25
DA:529,1
DA:532,24
DA:534,9
DA:535,9
DA:536,9
DA:538,9
DA:539,9
DA:540,1
DA:543,8
DA:544,8
DA:545,9
DA:547,8
DA:548,1
DA:551,8
DA:552,1
DA:555,6
DA:556,1
DA:559,5
DA:560,1
DA:563,4
DA:564,5
DA:566,4
DA:567,1
DA:569,3
DA:570,0
DA:572,0
DA:573,0
DA:574,0
DA:575,0
DA:576,0
DA:580,0
DA:581,0
DA:584,0
DA:585,0
DA:588,0
DA:589,0
DA:592,0
DA:595,0
DA:596,0
DA:597,0
DA:599,0
DA:600,0
DA:605,0
DA:610,0
DA:614,0
DA:619,0
DA:620,0
DA:623,9
DA:625,9
DA:626,1
DA:627,1
DA:630,8
DA:631,1
DA:632,1
DA:635,7
DA:636,1
DA:637,1
DA:640,6
DA:641,6
DA:643,6
DA:644,1
DA:645,1
DA:649,5
DA:650,5
DA:651,1
DA:652,1
DA:655,4
DA:656,4
DA:657,4
DA:659,4
DA:660,1
DA:661,1
DA:664,3
DA:666,3
DA:667,3
DA:668,3
DA:669,3
DA:673,3
DA:674,3
DA:675,3
DA:676,3
DA:677,1
DA:678,1
DA:681,3
DA:682,1
DA:683,1
DA:688,2
DA:689,2
DA:690,2
DA:691,2
DA:692,2
DA:693,2
DA:694,2
DA:695,1
DA:696,1
DA:697,1
DA:699,1
DA:700,0
DA:701,0
DA:706,1
DA:707,1
DA:708,1
DA:711,0
DA:713,0
DA:714,0
DA:715,0
DA:716,0
DA:719,0
DA:722,0
DA:723,0
DA:724,0
DA:726,0
DA:727,0
DA:737,0
DA:741,0
DA:746,0
DA:747,0
DA:750,2
DA:751,2
DA:752,2
DA:753,2
DA:754,2
DA:755,1
DA:758,2
DA:759,1
DA:762,1
DA:763,1
DA:764,1
DA:766,0
DA:768,0
DA:769,0
DA:775,0
DA:778,0
DA:779,0
DA:781,0
DA:782,0
DA:788,0
DA:794,0
DA:803,0
DA:808,0
DA:812,0
DA:814,0
DA:817,0
DA:818,0
DA:821,4
DA:822,4
DA:823,4
DA:825,4
DA:826,1
DA:827,1
DA:830,3
DA:831,0
DA:832,0
DA:833,0
DA:834,0
DA:837,0
DA:838,0
DA:839,0
DA:840,0
DA:843,0
DA:844,0
DA:845,0
DA:847,0
DA:849,0
DA:850,0
DA:851,0
DA:866,0
DA:870,0
DA:874,0
DA:877,0
DA:883,26
DA:884,4
DA:886,26
DA:887,3
DA:889,26
DA:890,15
DA:891,15
DA:892,15
DA:893,5
DA:894,3
DA:897,26
DA:898,13
DA:899,13
DA:900,13
DA:902,5
DA:905,2
DA:909,10
DA:910,8
DA:911,8
DA:912,6
DA:913,2
DA:914,1
DA:916,2
DA:917,1
DA:921,2
DA:923,4
DA:924,2
DA:925,2
DA:926,12
DA:927,10
DA:928,3
DA:930,10
DA:931,1
DA:935,2
DA:941,12
LF:403
LH:180
BRDA:38,0,0,1
BRDA:60,1,0,1
BRDA:88,2,0,1
BRDA:100,3,0,1
BRDA:100,3,1,1
BRDA:106,4,0,1
BRDA:122,5,0,1
BRDA:122,6,0,3
BRDA:122,6,1,1
BRDA:126,7,0,1
BRDA:129,8,0,1
BRDA:132,9,0,1
BRDA:142,10,0,1
BRDA:146,11,0,2
BRDA:146,12,0,2
BRDA:146,12,1,0
BRDA:186,13,0,0
BRDA:186,14,0,0
BRDA:186,14,1,0
BRDA:189,15,0,0
BRDA:192,16,0,0
BRDA:199,17,0,0
BRDA:204,18,0,0
BRDA:207,19,0,0
BRDA:211,20,0,0
BRDA:215,21,0,0
BRDA:255,22,0,0
BRDA:267,23,0,0
BRDA:290,24,0,0
BRDA:293,25,0,0
BRDA:293,26,0,0
BRDA:293,26,1,0
BRDA:296,27,0,0
BRDA:299,28,0,0
BRDA:307,29,0,0
BRDA:309,30,0,0
BRDA:310,31,0,0
BRDA:313,32,0,0
BRDA:322,33,0,0
BRDA:322,34,0,0
BRDA:322,34,1,0
BRDA:326,35,0,0
BRDA:330,36,0,0
BRDA:351,37,0,0
BRDA:368,38,0,0
BRDA:371,39,0,0
BRDA:385,40,0,0
BRDA:415,41,0,0
BRDA:421,42,0,0
BRDA:435,43,0,0
BRDA:462,44,0,0
BRDA:466,45,0,0
BRDA:528,46,0,1
BRDA:532,47,0,9
BRDA:532,47,1,9
BRDA:532,47,2,2
BRDA:532,47,3,4
BRDA:532,47,4,0
BRDA:539,48,0,1
BRDA:547,49,0,1
BRDA:551,50,0,1
BRDA:555,51,0,1
BRDA:559,52,0,1
BRDA:566,53,0,1
BRDA:575,54,0,0
BRDA:580,55,0,0
BRDA:584,56,0,0
BRDA:625,57,0,1
BRDA:630,58,0,1
BRDA:635,59,0,1
BRDA:643,60,0,1
BRDA:650,61,0,1
BRDA:659,62,0,1
BRDA:667,63,0,3
BRDA:676,64,0,1
BRDA:681,65,0,1
BRDA:681,66,0,3
BRDA:681,66,1,2
BRDA:691,67,0,2
BRDA:693,68,0,2
BRDA:694,69,0,1
BRDA:699,70,0,0
BRDA:706,71,0,1
BRDA:706,72,0,1
BRDA:706,72,1,1
BRDA:758,73,0,1
BRDA:763,74,0,1
BRDA:779,75,0,0
BRDA:781,76,0,0
BRDA:781,76,1,0
BRDA:825,77,0,1
BRDA:832,78,0,0
BRDA:838,79,0,0
BRDA:843,80,0,0
BRDA:913,81,0,1
BRDA:913,82,0,2
BRDA:913,82,1,1
BRDA:916,83,0,1
BRDA:916,84,0,2
BRDA:916,84,1,1
BRDA:927,85,0,3
BRDA:930,86,0,1
BRF:102
BRH:54
end_of_record
TN:
SF:src\store\user.ts
FN:21,(anonymous_0)
FN:29,(anonymous_1)
FN:33,(anonymous_2)
FN:38,(anonymous_3)
FN:44,(anonymous_4)
FN:50,(anonymous_5)
FN:56,(anonymous_6)
FN:63,(anonymous_7)
FN:67,(anonymous_8)
FN:72,(anonymous_9)
FN:78,(anonymous_10)
FN:85,(anonymous_11)
FN:107,(anonymous_12)
FN:115,(anonymous_13)
FN:131,(anonymous_14)
FN:199,(anonymous_15)
FN:210,(anonymous_16)
FN:220,(anonymous_17)
FN:227,(anonymous_18)
FN:234,(anonymous_19)
FN:234,(anonymous_20)
FN:237,(anonymous_21)
FN:237,(anonymous_22)
FN:240,(anonymous_23)
FN:240,(anonymous_24)
FN:243,(anonymous_25)
FN:243,(anonymous_26)
FNF:27
FNH:12
FNDA:71,(anonymous_0)
FNDA:1,(anonymous_1)
FNDA:0,(anonymous_2)
FNDA:1,(anonymous_3)
FNDA:0,(anonymous_4)
FNDA:0,(anonymous_5)
FNDA:0,(anonymous_6)
FNDA:0,(anonymous_7)
FNDA:0,(anonymous_8)
FNDA:1,(anonymous_9)
FNDA:1,(anonymous_10)
FNDA:0,(anonymous_11)
FNDA:0,(anonymous_12)
FNDA:0,(anonymous_13)
FNDA:0,(anonymous_14)
FNDA:3,(anonymous_15)
FNDA:2,(anonymous_16)
FNDA:2,(anonymous_17)
FNDA:0,(anonymous_18)
FNDA:4,(anonymous_19)
FNDA:4,(anonymous_20)
FNDA:0,(anonymous_21)
FNDA:0,(anonymous_22)
FNDA:0,(anonymous_23)
FNDA:0,(anonymous_24)
FNDA:1,(anonymous_25)
FNDA:1,(anonymous_26)
DA:1,11
DA:11,11
DA:19,11
DA:22,71
DA:30,1
DA:31,1
DA:34,0
DA:35,0
DA:36,0
DA:42,1
DA:48,0
DA:54,0
DA:60,0
DA:61,0
DA:63,0
DA:64,0
DA:65,0
DA:67,0
DA:68,0
DA:69,0
DA:76,1
DA:79,1
DA:88,0
DA:89,0
DA:90,0
DA:91,0
DA:92,0
DA:94,0
DA:96,0
DA:97,0
DA:99,0
DA:103,0
DA:104,0
DA:105,0
DA:106,0
DA:107,0
DA:124,0
DA:128,0
DA:140,0
DA:141,0
DA:142,0
DA:143,0
DA:144,0
DA:146,0
DA:147,0
DA:160,0
DA:164,0
DA:168,0
DA:169,0
DA:171,0
DA:182,0
DA:186,0
DA:190,0
DA:192,0
DA:193,0
DA:195,0
DA:209,3
DA:210,3
DA:211,2
DA:217,1
DA:218,1
DA:224,2
DA:225,2
DA:227,0
DA:228,2
DA:229,1
DA:234,4
DA:235,4
DA:237,0
DA:238,0
DA:240,0
DA:241,0
DA:243,1
DA:244,1
DA:250,11
LF:75
LH:23
BRDA:64,0,0,0
BRDA:68,1,0,0
BRDA:90,2,0,0
BRDA:90,2,1,0
BRDA:91,3,0,0
BRDA:96,4,0,0
BRDA:104,5,0,0
BRDA:146,6,0,0
BRDA:146,6,1,0
BRDA:150,7,0,0
BRDA:150,7,1,0
BRDA:152,8,0,0
BRDA:152,8,1,0
BRDA:154,9,0,0
BRDA:154,9,1,0
BRDA:156,10,0,0
BRDA:156,10,1,0
BRDA:169,11,0,0
BRDA:174,12,0,0
BRDA:174,12,1,0
BRDA:176,13,0,0
BRDA:176,13,1,0
BRDA:192,14,0,0
BRDA:228,15,0,1
BRF:24
BRH:1
end_of_record
TN:
SF:src\tabs\Home.vue
FNF:0
FNH:0
DA:9,1
DA:10,1
LF:2
LH:2
BRF:0
BRH:0
end_of_record
TN:
SF:src\tabs\Login.vue
FN:34,(anonymous_0)
FN:54,(anonymous_1)
FN:72,(anonymous_4)
FNF:3
FNH:3
FNDA:3,(anonymous_0)
FNDA:3,(anonymous_1)
FNDA:3,(anonymous_4)
DA:29,2
DA:30,2
DA:32,2
DA:35,3
DA:55,3
DA:56,1
DA:57,1
DA:60,3
DA:65,2
DA:66,1
DA:68,1
DA:73,3
DA:74,0
LF:13
LH:12
BRDA:37,0,0,3
BRDA:37,0,1,3
BRDA:55,1,0,1
BRDA:55,2,0,3
BRDA:55,2,1,3
BRDA:55,2,2,3
BRDA:73,3,0,0
BRF:7
BRH:6
end_of_record
TN:
SF:src\tabs\Rooms.vue
FN:71,(anonymous_0)
FN:91,(anonymous_1)
FN:108,(anonymous_2)
FN:116,(anonymous_3)
FN:124,(anonymous_4)
FN:127,(anonymous_5)
FN:143,(anonymous_8)
FN:160,(anonymous_11)
FN:170,(anonymous_14)
FNF:9
FNH:3
FNDA:1,(anonymous_0)
FNDA:2,(anonymous_1)
FNDA:0,(anonymous_2)
FNDA:0,(anonymous_3)
FNDA:0,(anonymous_4)
FNDA:0,(anonymous_5)
FNDA:0,(anonymous_8)
FNDA:0,(anonymous_11)
FNDA:1,(anonymous_14)
DA:63,2
DA:65,2
DA:67,2
DA:69,2
DA:72,1
DA:92,2
DA:93,1
DA:95,1
DA:109,0
DA:117,0
DA:125,0
DA:129,0
DA:130,0
DA:133,0
DA:140,0
DA:145,0
DA:146,0
DA:149,0
DA:155,0
DA:157,0
DA:162,0
DA:166,0
DA:171,2
DA:172,1
LF:24
LH:10
BRDA:92,0,0,1
BRDA:92,0,1,1
BRF:2
BRH:2
end_of_record
TN:
SF:src\utils\ContentRepository.ts
FN:3,get_file_from_content_repository
FN:4,(anonymous_1)
FN:14,(anonymous_2)
FNF:3
FNH:0
FNDA:0,get_file_from_content_repository
FNDA:0,(anonymous_1)
FNDA:0,(anonymous_2)
DA:1,4
DA:3,4
DA:4,0
DA:5,0
DA:6,0
DA:8,0
DA:9,0
DA:10,0
DA:11,0
DA:15,0
LF:10
LH:2
BRDA:5,0,0,0
BRF:1
BRH:0
end_of_record
TN:
SF:src\utils\consts.ts
FNF:0
FNH:0
DA:1,4
LF:1
LH:1
BRF:0
BRH:0
end_of_record
TN:
SF:src\utils\utils.ts
FN:6,uuidgen
FN:10,(anonymous_1)
FN:12,(anonymous_2)
FN:14,(anonymous_3)
FN:17,(anonymous_4)
FN:20,(anonymous_5)
FN:25,(anonymous_6)
FN:32,(anonymous_7)
FN:35,(anonymous_8)
FN:41,build_graph
FN:55,(anonymous_10)
FN:71,optimize_graph
FN:92,(anonymous_12)
FN:96,(anonymous_13)
FN:110,dfs
FNF:15
FNH:14
FNDA:133,uuidgen
FNDA:22,(anonymous_1)
FNDA:0,(anonymous_2)
FNDA:25,(anonymous_3)
FNDA:11,(anonymous_4)
FNDA:5,(anonymous_5)
FNDA:12,(anonymous_6)
FNDA:24,(anonymous_7)
FNDA:234,(anonymous_8)
FNDA:6,build_graph
FNDA:3,(anonymous_10)
FNDA:8,optimize_graph
FNDA:81,(anonymous_12)
FNDA:81,(anonymous_13)
FNDA:117,dfs
DA:1,18
DA:4,18
DA:6,18
DA:7,133
DA:10,18
DA:11,22
DA:12,0
DA:14,25
DA:17,18
DA:18,11
DA:19,11
DA:20,5
DA:21,5
DA:22,5
DA:25,12
DA:26,6
DA:27,12
DA:30,11
DA:32,18
DA:33,24
DA:35,18
DA:37,234
DA:41,18
DA:42,6
DA:45,6
DA:46,16
DA:48,17
DA:49,4
DA:52,17
DA:53,12
DA:55,17
DA:56,17
DA:59,0
DA:62,17
DA:69,6
DA:71,18
DA:72,8
DA:73,8
DA:75,8
DA:76,25
DA:77,26
DA:78,0
DA:82,8
DA:83,8
DA:84,8
DA:85,25
DA:87,8
DA:88,8
DA:89,8
DA:90,21
DA:91,21
DA:92,81
DA:94,21
DA:95,21
DA:96,81
DA:100,8
DA:101,25
DA:102,24
DA:103,10
DA:107,8
DA:114,117
DA:115,117
DA:117,21
DA:119,117
DA:120,92
DA:121,92
DA:122,92
LF:67
LH:64
BRDA:11,0,0,0
BRDA:11,0,1,22
BRDA:19,1,0,5
BRDA:19,1,1,6
BRDA:48,2,0,4
BRDA:52,3,0,12
BRDA:56,4,0,0
BRDA:56,4,1,17
BRDA:77,5,0,0
BRDA:102,6,0,10
BRDA:115,7,0,21
BRDA:119,8,0,92
BRF:12
BRH:9
end_of_record
TN:
SF:src\views\Register.vue
FN:29,(anonymous_0)
FNF:1
FNH:0
FNDA:0,(anonymous_0)
DA:25,1
DA:27,1
DA:30,0
LF:3
LH:2
BRF:0
BRH:0
end_of_record
TN:
SF:src\views\RoomDetail.vue
FN:42,(anonymous_0)
FN:60,(anonymous_1)
FN:63,(anonymous_2)
FN:70,(anonymous_3)
FN:88,(anonymous_4)
FN:91,(anonymous_5)
FN:97,(anonymous_6)
FN:104,(anonymous_9)
FNF:8
FNH:4
FNDA:1,(anonymous_0)
FNDA:1,(anonymous_1)
FNDA:1,(anonymous_2)
FNDA:1,(anonymous_3)
FNDA:0,(anonymous_4)
FNDA:0,(anonymous_5)
FNDA:0,(anonymous_6)
FNDA:0,(anonymous_9)
DA:33,2
DA:34,2
DA:35,2
DA:37,2
DA:40,2
DA:43,1
DA:61,1
DA:64,1
DA:65,1
DA:67,0
DA:71,1
DA:72,1
DA:74,0
DA:89,0
DA:92,0
DA:98,0
DA:99,0
DA:102,0
DA:105,0
LF:19
LH:11
BRF:0
BRH:0
end_of_record
TN:
SF:src\views\RoomTxHistory.vue
FN:42,(anonymous_0)
FN:59,(anonymous_1)
FN:62,(anonymous_2)
FN:65,(anonymous_3)
FN:79,(anonymous_4)
FN:87,(anonymous_5)
FN:91,(anonymous_6)
FN:96,(anonymous_9)
FN:103,(anonymous_10)
FNF:9
FNH:7
FNDA:5,(anonymous_0)
FNDA:5,(anonymous_1)
FNDA:5,(anonymous_2)
FNDA:5,(anonymous_3)
FNDA:1,(anonymous_4)
FNDA:0,(anonymous_5)
FNDA:5,(anonymous_6)
FNDA:5,(anonymous_9)
FNDA:0,(anonymous_10)
DA:34,2
DA:35,2
DA:36,2
DA:37,2
DA:38,2
DA:40,2
DA:43,5
DA:60,5
DA:63,5
DA:66,5
DA:80,1
DA:81,0
DA:83,1
DA:84,1
DA:88,0
DA:92,10
DA:93,5
DA:94,5
DA:97,5
DA:98,5
DA:99,5
DA:100,5
DA:101,5
DA:102,5
DA:103,0
DA:104,0
DA:105,0
DA:106,0
DA:109,5
DA:110,5
LF:30
LH:24
BRDA:80,0,0,0
BRDA:80,0,1,1
BRDA:80,1,0,1
BRDA:80,1,1,0
BRDA:102,2,0,0
BRDA:104,3,0,0
BRF:6
BRH:2
end_of_record
TN:
SF:tests\test_utils.ts
FNF:0
FNH:0
DA:1,2
DA:6,2
DA:10,2
DA:15,2
LF:4
LH:4
BRF:0
BRH:0
end_of_record
TN:
SF:tests\unit\mocks\mocked_graph.ts
FNF:0
FNH:0
DA:3,2
DA:11,2
DA:19,2
DA:30,2
DA:41,2
DA:50,2
DA:59,2
DA:69,2
LF:8
LH:8
BRF:0
BRH:0
end_of_record
TN:
SF:tests\unit\mocks\mocked_user.ts
FNF:0
FNH:0
DA:4,18
DA:8,18
DA:12,18
DA:16,18
DA:20,18
DA:24,18
DA:28,18
DA:32,18
DA:36,18
DA:40,18
DA:44,18
DA:48,18
DA:52,18
DA:53,18
DA:71,18
LF:15
LH:15
BRF:0
BRH:0
end_of_record
